2025-07-30 09:25:48 INFO  o.h.validator.internal.util.Version - HV000001: Hibernate Validator 8.0.2.Final
2025-07-30 09:25:48 INFO  c.e.employee.EmployeeApplication - Starting EmployeeApplication using Java 21.0.6 with PID 18108 (C:\Users\ho 800g2\OneDrive\Desktop\Jani\nology\sessions\Spring\EmployeeCreator\Backend\employee\target\classes started by ho 800g2 in C:\Users\ho 800g2\OneDrive\Desktop\Jani\nology\sessions\Spring\EmployeeCreator\Backend\employee)
2025-07-30 09:25:48 DEBUG c.e.employee.EmployeeApplication - Running with Spring Boot v3.5.3, Spring v6.2.8
2025-07-30 09:25:48 INFO  c.e.employee.EmployeeApplication - No active profile set, falling back to 1 default profile: "default"
2025-07-30 09:25:48 INFO  o.s.b.d.e.DevToolsPropertyDefaultsPostProcessor - Devtools property defaults active! Set 'spring.devtools.add-properties' to 'false' to disable
2025-07-30 09:25:48 INFO  o.s.b.d.e.DevToolsPropertyDefaultsPostProcessor - For additional web related logging consider setting the 'logging.level.web' property to 'DEBUG'
2025-07-30 09:25:49 INFO  o.s.d.r.c.RepositoryConfigurationDelegate - Bootstrapping Spring Data JPA repositories in DEFAULT mode.
2025-07-30 09:25:49 INFO  o.s.d.r.c.RepositoryConfigurationDelegate - Finished Spring Data repository scanning in 90 ms. Found 4 JPA repository interfaces.
2025-07-30 09:25:50 INFO  o.s.b.w.e.tomcat.TomcatWebServer - Tomcat initialized with port 8080 (http)
2025-07-30 09:25:50 INFO  o.a.coyote.http11.Http11NioProtocol - Initializing ProtocolHandler ["http-nio-8080"]
2025-07-30 09:25:50 INFO  o.a.catalina.core.StandardService - Starting service [Tomcat]
2025-07-30 09:25:50 INFO  o.a.catalina.core.StandardEngine - Starting Servlet engine: [Apache Tomcat/10.1.42]
2025-07-30 09:25:50 INFO  o.a.c.c.C.[Tomcat].[localhost].[/] - Initializing Spring embedded WebApplicationContext
2025-07-30 09:25:50 INFO  o.s.b.w.s.c.ServletWebServerApplicationContext - Root WebApplicationContext: initialization completed in 2414 ms
2025-07-30 09:25:51 INFO  o.h.jpa.internal.util.LogHelper - HHH000204: Processing PersistenceUnitInfo [name: default]
2025-07-30 09:25:51 INFO  org.hibernate.Version - HHH000412: Hibernate ORM core version 6.6.18.Final
2025-07-30 09:25:51 INFO  o.h.c.i.RegionFactoryInitiator - HHH000026: Second-level cache disabled
2025-07-30 09:25:51 INFO  o.s.o.j.p.SpringPersistenceUnitInfo - No LoadTimeWeaver setup: ignoring JPA class transformer
2025-07-30 09:25:51 INFO  com.zaxxer.hikari.HikariDataSource - HikariPool-1 - Starting...
2025-07-30 09:25:52 INFO  com.zaxxer.hikari.pool.HikariPool - HikariPool-1 - Added connection com.mysql.cj.jdbc.ConnectionImpl@72dad6aa
2025-07-30 09:25:52 INFO  com.zaxxer.hikari.HikariDataSource - HikariPool-1 - Start completed.
2025-07-30 09:25:52 WARN  org.hibernate.orm.deprecation - HHH90000025: MySQL8Dialect does not need to be specified explicitly using 'hibernate.dialect' (remove the property setting and it will be selected by default)
2025-07-30 09:25:52 WARN  org.hibernate.orm.deprecation - HHH90000026: MySQL8Dialect has been deprecated; use org.hibernate.dialect.MySQLDialect instead
2025-07-30 09:25:52 INFO  o.hibernate.orm.connections.pooling - HHH10001005: Database info:
	Database JDBC URL [Connecting through datasource 'HikariDataSource (HikariPool-1)']
	Database driver: undefined/unknown
	Database version: 8.0
	Autocommit mode: undefined/unknown
	Isolation level: undefined/unknown
	Minimum pool size: undefined/unknown
	Maximum pool size: undefined/unknown
2025-07-30 09:25:53 INFO  o.h.e.t.j.p.i.JtaPlatformInitiator - HHH000489: No JTA platform available (set 'hibernate.transaction.jta.platform' to enable JTA platform integration)
2025-07-30 09:25:55 INFO  o.s.o.j.LocalContainerEntityManagerFactoryBean - Initialized JPA EntityManagerFactory for persistence unit 'default'
2025-07-30 09:25:55 INFO  o.s.d.j.r.query.QueryEnhancerFactory - Hibernate is in classpath; If applicable, HQL parser will be used.
2025-07-30 09:25:56 WARN  o.s.b.a.o.j.JpaBaseConfiguration$JpaWebConfiguration - spring.jpa.open-in-view is enabled by default. Therefore, database queries may be performed during view rendering. Explicitly configure spring.jpa.open-in-view to disable this warning
2025-07-30 09:25:56 INFO  o.s.b.d.a.OptionalLiveReloadServer - LiveReload server is running on port 35729
2025-07-30 09:25:56 INFO  o.a.coyote.http11.Http11NioProtocol - Starting ProtocolHandler ["http-nio-8080"]
2025-07-30 09:25:56 INFO  o.s.b.w.e.tomcat.TomcatWebServer - Tomcat started on port 8080 (http) with context path '/'
2025-07-30 09:25:56 INFO  c.e.employee.EmployeeApplication - Started EmployeeApplication in 8.948 seconds (process running for 9.613)
2025-07-30 09:26:23 INFO  o.a.c.c.C.[Tomcat].[localhost].[/] - Initializing Spring DispatcherServlet 'dispatcherServlet'
2025-07-30 09:26:23 INFO  o.s.web.servlet.DispatcherServlet - Initializing Servlet 'dispatcherServlet'
2025-07-30 09:26:23 INFO  o.s.web.servlet.DispatcherServlet - Completed initialization in 1 ms
2025-07-30 09:26:23 DEBUG c.e.e.e.EmployeeController - Fetching all employees
2025-07-30 09:26:23 DEBUG c.e.e.e.EmployeeService - Fetching all employees
2025-07-30 09:26:23 DEBUG c.e.e.e.EmployeeController - Fetched 10 employees
2025-07-30 09:26:23 DEBUG c.e.e.e.EmployeeController - Fetching all employees
2025-07-30 09:26:23 DEBUG c.e.e.e.EmployeeService - Fetching all employees
2025-07-30 09:26:23 DEBUG c.e.e.e.EmployeeController - Fetched 10 employees
2025-07-30 09:26:31 DEBUG c.e.e.e.EmployeeController - Archiving and deleting employee with ID: 4
2025-07-30 09:26:31 INFO  c.e.e.e.EmployeeService - Archiving employee with id: 4
2025-07-30 09:26:31 DEBUG c.e.e.e.EmployeeService - Archived employee with id: 4
2025-07-30 09:26:31 DEBUG c.e.e.e.EmployeeService - Archived 2 contracts for Employee id 4
2025-07-30 09:26:31 DEBUG c.e.e.e.EmployeeService - Deleted employee with id: 4
2025-07-30 09:26:31 INFO  c.e.e.e.EmployeeController - Archived and deleted employee with ID: 4
2025-07-30 09:26:31 DEBUG c.e.e.e.EmployeeController - Fetching all employees
2025-07-30 09:26:31 DEBUG c.e.e.e.EmployeeService - Fetching all employees
2025-07-30 09:26:31 DEBUG c.e.e.e.EmployeeController - Fetched 9 employees
2025-07-30 09:27:17 DEBUG c.e.e.e.EmployeeController - Archiving and deleting employee with ID: 2
2025-07-30 09:27:17 INFO  c.e.e.e.EmployeeService - Archiving employee with id: 2
2025-07-30 09:27:17 DEBUG c.e.e.e.EmployeeService - Archived employee with id: 2
2025-07-30 09:27:17 DEBUG c.e.e.e.EmployeeService - Archived 2 contracts for Employee id 2
2025-07-30 09:27:17 DEBUG c.e.e.e.EmployeeService - Deleted employee with id: 2
2025-07-30 09:27:17 INFO  c.e.e.e.EmployeeController - Archived and deleted employee with ID: 2
2025-07-30 09:27:17 DEBUG c.e.e.e.EmployeeController - Fetching all employees
2025-07-30 09:27:17 DEBUG c.e.e.e.EmployeeService - Fetching all employees
2025-07-30 09:27:17 DEBUG c.e.e.e.EmployeeController - Fetched 8 employees
2025-07-30 10:02:42 DEBUG c.e.e.e.EmployeeController - Fetching all employees
2025-07-30 10:02:42 DEBUG c.e.e.e.EmployeeService - Fetching all employees
2025-07-30 10:02:42 DEBUG c.e.e.e.EmployeeController - Fetched 8 employees
2025-07-30 10:02:42 DEBUG c.e.e.e.EmployeeController - Fetching all employees
2025-07-30 10:02:42 DEBUG c.e.e.e.EmployeeService - Fetching all employees
2025-07-30 10:02:42 DEBUG c.e.e.e.EmployeeController - Fetched 8 employees
2025-07-30 10:02:44 DEBUG c.e.e.e.EmployeeController - Fetching all employees
2025-07-30 10:02:44 DEBUG c.e.e.e.EmployeeService - Fetching all employees
2025-07-30 10:02:44 DEBUG c.e.e.e.EmployeeController - Fetched 8 employees
2025-07-30 10:02:44 DEBUG c.e.e.e.EmployeeController - Fetching all employees
2025-07-30 10:02:44 DEBUG c.e.e.e.EmployeeService - Fetching all employees
2025-07-30 10:02:44 DEBUG c.e.e.e.EmployeeController - Fetched 8 employees
2025-07-30 10:05:05 DEBUG c.e.e.e.EmployeeController - Fetching all employees
2025-07-30 10:05:05 DEBUG c.e.e.e.EmployeeService - Fetching all employees
2025-07-30 10:05:05 DEBUG c.e.e.e.EmployeeController - Fetched 8 employees
2025-07-30 10:05:05 DEBUG c.e.e.e.EmployeeController - Fetching all employees
2025-07-30 10:05:05 DEBUG c.e.e.e.EmployeeService - Fetching all employees
2025-07-30 10:05:05 DEBUG c.e.e.e.EmployeeController - Fetched 8 employees
2025-07-30 10:11:23 DEBUG c.e.e.e.EmployeeController - Fetching all employees
2025-07-30 10:11:23 DEBUG c.e.e.e.EmployeeService - Fetching all employees
2025-07-30 10:11:23 DEBUG c.e.e.e.EmployeeController - Fetched 8 employees
2025-07-30 10:11:23 DEBUG c.e.e.e.EmployeeController - Fetching all employees
2025-07-30 10:11:23 DEBUG c.e.e.e.EmployeeService - Fetching all employees
2025-07-30 10:11:23 DEBUG c.e.e.e.EmployeeController - Fetched 8 employees
2025-07-30 10:18:59 DEBUG c.e.e.e.EmployeeController - Replacing employee with ID: 1
2025-07-30 10:18:59 INFO  c.e.e.e.EmployeeService - Updating employee with id: 1
2025-07-30 10:18:59 DEBUG c.e.e.e.EmployeeService - Fetching employee with ID: 1
2025-07-30 10:18:59 INFO  c.e.e.e.EmployeeService - Updated details for employee with id: 1
2025-07-30 10:18:59 INFO  c.e.e.e.EmployeeController - Replaced employee with ID: 1
2025-07-30 10:18:59 DEBUG c.e.e.e.EmployeeController - Fetching all employees
2025-07-30 10:18:59 DEBUG c.e.e.e.EmployeeService - Fetching all employees
2025-07-30 10:18:59 DEBUG c.e.e.e.EmployeeController - Fetched 8 employees
2025-07-30 10:19:16 DEBUG c.e.e.e.EmployeeController - Replacing employee with ID: 1
2025-07-30 10:19:16 INFO  c.e.e.e.EmployeeService - Updating employee with id: 1
2025-07-30 10:19:16 DEBUG c.e.e.e.EmployeeService - Fetching employee with ID: 1
2025-07-30 10:19:16 INFO  c.e.e.e.EmployeeService - Updated details for employee with id: 1
2025-07-30 10:19:16 INFO  c.e.e.e.EmployeeController - Replaced employee with ID: 1
2025-07-30 10:19:16 DEBUG c.e.e.e.EmployeeController - Fetching all employees
2025-07-30 10:19:16 DEBUG c.e.e.e.EmployeeService - Fetching all employees
2025-07-30 10:19:16 DEBUG c.e.e.e.EmployeeController - Fetched 8 employees
2025-07-30 11:01:22 DEBUG c.e.e.e.EmployeeController - Fetching all employees
2025-07-30 11:01:22 DEBUG c.e.e.e.EmployeeService - Fetching all employees
2025-07-30 11:01:22 DEBUG c.e.e.e.EmployeeController - Fetched 8 employees
2025-07-30 11:02:09 DEBUG c.e.e.e.EmployeeController - Replacing employee with ID: 11
2025-07-30 11:02:09 INFO  c.e.e.e.EmployeeService - Updating employee with id: 11
2025-07-30 11:02:09 DEBUG c.e.e.e.EmployeeService - Fetching employee with ID: 11
2025-07-30 11:02:09 WARN  c.e.e.e.EmployeeService - Employee with id: 11 not found
2025-07-30 11:02:09 WARN  c.e.e.e.EmployeeController - Replace failed. Employee with ID: 11 not found
2025-07-30 11:02:09 WARN  o.s.w.s.m.m.a.ExceptionHandlerExceptionResolver - Resolved [com.example.employee.common.exceptions.NotFoundException: Employee with id 11 does not exist]
2025-07-30 11:02:16 DEBUG c.e.e.e.EmployeeController - Replacing employee with ID: 1
2025-07-30 11:02:16 INFO  c.e.e.e.EmployeeService - Updating employee with id: 1
2025-07-30 11:02:16 DEBUG c.e.e.e.EmployeeService - Fetching employee with ID: 1
2025-07-30 11:02:16 INFO  c.e.e.e.EmployeeService - Updated details for employee with id: 1
2025-07-30 11:02:16 INFO  c.e.e.e.EmployeeController - Replaced employee with ID: 1
2025-07-30 11:02:52 DEBUG c.e.e.e.EmployeeController - Replacing employee with ID: 1
2025-07-30 11:02:52 INFO  c.e.e.e.EmployeeService - Updating employee with id: 1
2025-07-30 11:02:52 DEBUG c.e.e.e.EmployeeService - Fetching employee with ID: 1
2025-07-30 11:02:52 ERROR o.a.c.c.C.[.[.[.[dispatcherServlet] - Servlet.service() for servlet [dispatcherServlet] in context with path [] threw exception [Request processing failed: java.lang.NullPointerException: Cannot invoke "java.lang.Integer.intValue()" because the return value of "com.example.employee.contract.dto.ContractUpdateDTO.getId()" is null] with root cause
java.lang.NullPointerException: Cannot invoke "java.lang.Integer.intValue()" because the return value of "com.example.employee.contract.dto.ContractUpdateDTO.getId()" is null
	at com.example.employee.employeedetails.EmployeeService.lambda$updateById$3(EmployeeService.java:260)
	at java.base/java.util.stream.ReferencePipeline$3$1.accept(ReferencePipeline.java:197)
	at java.base/java.util.ArrayList$ArrayListSpliterator.forEachRemaining(ArrayList.java:1708)
	at java.base/java.util.stream.AbstractPipeline.copyInto(AbstractPipeline.java:509)
	at java.base/java.util.stream.AbstractPipeline.wrapAndCopyInto(AbstractPipeline.java:499)
	at java.base/java.util.stream.AbstractPipeline.evaluate(AbstractPipeline.java:575)
	at java.base/java.util.stream.AbstractPipeline.evaluateToArrayNode(AbstractPipeline.java:260)
	at java.base/java.util.stream.ReferencePipeline.toArray(ReferencePipeline.java:616)
	at java.base/java.util.stream.ReferencePipeline.toArray(ReferencePipeline.java:622)
	at java.base/java.util.stream.ReferencePipeline.toList(ReferencePipeline.java:627)
	at com.example.employee.employeedetails.EmployeeService.updateById(EmployeeService.java:278)
	at java.base/jdk.internal.reflect.DirectMethodHandleAccessor.invoke(DirectMethodHandleAccessor.java:103)
	at java.base/java.lang.reflect.Method.invoke(Method.java:580)
	at org.springframework.aop.support.AopUtils.invokeJoinpointUsingReflection(AopUtils.java:359)
	at org.springframework.aop.framework.ReflectiveMethodInvocation.invokeJoinpoint(ReflectiveMethodInvocation.java:196)
	at org.springframework.aop.framework.ReflectiveMethodInvocation.proceed(ReflectiveMethodInvocation.java:163)
	at org.springframework.transaction.interceptor.TransactionAspectSupport.invokeWithinTransaction(TransactionAspectSupport.java:380)
	at org.springframework.transaction.interceptor.TransactionInterceptor.invoke(TransactionInterceptor.java:119)
	at org.springframework.aop.framework.ReflectiveMethodInvocation.proceed(ReflectiveMethodInvocation.java:184)
	at org.springframework.aop.framework.CglibAopProxy$DynamicAdvisedInterceptor.intercept(CglibAopProxy.java:728)
	at com.example.employee.employeedetails.EmployeeService$$SpringCGLIB$$0.updateById(<generated>)
	at com.example.employee.employeedetails.EmployeeController.replaceEmployee(EmployeeController.java:91)
	at java.base/jdk.internal.reflect.DirectMethodHandleAccessor.invoke(DirectMethodHandleAccessor.java:103)
	at java.base/java.lang.reflect.Method.invoke(Method.java:580)
	at org.springframework.web.method.support.InvocableHandlerMethod.doInvoke(InvocableHandlerMethod.java:258)
	at org.springframework.web.method.support.InvocableHandlerMethod.invokeForRequest(InvocableHandlerMethod.java:191)
	at org.springframework.web.servlet.mvc.method.annotation.ServletInvocableHandlerMethod.invokeAndHandle(ServletInvocableHandlerMethod.java:118)
	at org.springframework.web.servlet.mvc.method.annotation.RequestMappingHandlerAdapter.invokeHandlerMethod(RequestMappingHandlerAdapter.java:986)
	at org.springframework.web.servlet.mvc.method.annotation.RequestMappingHandlerAdapter.handleInternal(RequestMappingHandlerAdapter.java:891)
	at org.springframework.web.servlet.mvc.method.AbstractHandlerMethodAdapter.handle(AbstractHandlerMethodAdapter.java:87)
	at org.springframework.web.servlet.DispatcherServlet.doDispatch(DispatcherServlet.java:1089)
	at org.springframework.web.servlet.DispatcherServlet.doService(DispatcherServlet.java:979)
	at org.springframework.web.servlet.FrameworkServlet.processRequest(FrameworkServlet.java:1014)
	at org.springframework.web.servlet.FrameworkServlet.doPut(FrameworkServlet.java:925)
	at jakarta.servlet.http.HttpServlet.service(HttpServlet.java:593)
	at org.springframework.web.servlet.FrameworkServlet.service(FrameworkServlet.java:885)
	at jakarta.servlet.http.HttpServlet.service(HttpServlet.java:658)
	at org.apache.catalina.core.ApplicationFilterChain.internalDoFilter(ApplicationFilterChain.java:195)
	at org.apache.catalina.core.ApplicationFilterChain.doFilter(ApplicationFilterChain.java:140)
	at org.apache.tomcat.websocket.server.WsFilter.doFilter(WsFilter.java:51)
	at org.apache.catalina.core.ApplicationFilterChain.internalDoFilter(ApplicationFilterChain.java:164)
	at org.apache.catalina.core.ApplicationFilterChain.doFilter(ApplicationFilterChain.java:140)
	at org.springframework.web.filter.RequestContextFilter.doFilterInternal(RequestContextFilter.java:100)
	at org.springframework.web.filter.OncePerRequestFilter.doFilter(OncePerRequestFilter.java:116)
	at org.apache.catalina.core.ApplicationFilterChain.internalDoFilter(ApplicationFilterChain.java:164)
	at org.apache.catalina.core.ApplicationFilterChain.doFilter(ApplicationFilterChain.java:140)
	at org.springframework.web.filter.FormContentFilter.doFilterInternal(FormContentFilter.java:93)
	at org.springframework.web.filter.OncePerRequestFilter.doFilter(OncePerRequestFilter.java:116)
	at org.apache.catalina.core.ApplicationFilterChain.internalDoFilter(ApplicationFilterChain.java:164)
	at org.apache.catalina.core.ApplicationFilterChain.doFilter(ApplicationFilterChain.java:140)
	at org.springframework.web.filter.CharacterEncodingFilter.doFilterInternal(CharacterEncodingFilter.java:201)
	at org.springframework.web.filter.OncePerRequestFilter.doFilter(OncePerRequestFilter.java:116)
	at org.apache.catalina.core.ApplicationFilterChain.internalDoFilter(ApplicationFilterChain.java:164)
	at org.apache.catalina.core.ApplicationFilterChain.doFilter(ApplicationFilterChain.java:140)
	at org.apache.catalina.core.StandardWrapperValve.invoke(StandardWrapperValve.java:167)
	at org.apache.catalina.core.StandardContextValve.invoke(StandardContextValve.java:90)
	at org.apache.catalina.authenticator.AuthenticatorBase.invoke(AuthenticatorBase.java:483)
	at org.apache.catalina.core.StandardHostValve.invoke(StandardHostValve.java:116)
	at org.apache.catalina.valves.ErrorReportValve.invoke(ErrorReportValve.java:93)
	at org.apache.catalina.core.StandardEngineValve.invoke(StandardEngineValve.java:74)
	at org.apache.catalina.connector.CoyoteAdapter.service(CoyoteAdapter.java:344)
	at org.apache.coyote.http11.Http11Processor.service(Http11Processor.java:398)
	at org.apache.coyote.AbstractProcessorLight.process(AbstractProcessorLight.java:63)
	at org.apache.coyote.AbstractProtocol$ConnectionHandler.process(AbstractProtocol.java:903)
	at org.apache.tomcat.util.net.NioEndpoint$SocketProcessor.doRun(NioEndpoint.java:1769)
	at org.apache.tomcat.util.net.SocketProcessorBase.run(SocketProcessorBase.java:52)
	at org.apache.tomcat.util.threads.ThreadPoolExecutor.runWorker(ThreadPoolExecutor.java:1189)
	at org.apache.tomcat.util.threads.ThreadPoolExecutor$Worker.run(ThreadPoolExecutor.java:658)
	at org.apache.tomcat.util.threads.TaskThread$WrappingRunnable.run(TaskThread.java:63)
	at java.base/java.lang.Thread.run(Thread.java:1583)
2025-07-30 11:03:08 DEBUG c.e.e.e.EmployeeController - Replacing employee with ID: 1
2025-07-30 11:03:08 INFO  c.e.e.e.EmployeeService - Updating employee with id: 1
2025-07-30 11:03:08 DEBUG c.e.e.e.EmployeeService - Fetching employee with ID: 1
2025-07-30 11:03:08 INFO  c.e.e.e.EmployeeService - Updated details for employee with id: 1
2025-07-30 11:03:08 INFO  c.e.e.e.EmployeeController - Replaced employee with ID: 1
2025-07-30 13:48:53 WARN  com.zaxxer.hikari.pool.HikariPool - HikariPool-1 - Thread starvation or clock leap detected (housekeeper delta=28m58s27ms903µs200ns).
2025-07-30 13:49:05 DEBUG c.e.e.e.EmployeeController - Fetching all employees
2025-07-30 13:49:05 DEBUG c.e.e.e.EmployeeService - Fetching all employees
2025-07-30 13:49:05 DEBUG c.e.e.e.EmployeeController - Fetched 8 employees
2025-07-30 13:49:05 DEBUG c.e.e.e.EmployeeController - Fetching all employees
2025-07-30 13:49:05 DEBUG c.e.e.e.EmployeeService - Fetching all employees
2025-07-30 13:49:05 DEBUG c.e.e.e.EmployeeController - Fetched 8 employees
2025-07-30 14:22:53 DEBUG c.e.e.e.EmployeeController - Fetching all employees
2025-07-30 14:22:53 DEBUG c.e.e.e.EmployeeService - Fetching all employees
2025-07-30 14:22:53 DEBUG c.e.e.e.EmployeeController - Fetched 8 employees
2025-07-30 14:22:53 DEBUG c.e.e.e.EmployeeController - Fetching all employees
2025-07-30 14:22:53 DEBUG c.e.e.e.EmployeeService - Fetching all employees
2025-07-30 14:22:53 DEBUG c.e.e.e.EmployeeController - Fetched 8 employees
2025-07-30 15:55:00 DEBUG c.e.e.e.EmployeeController - Fetching all employees
2025-07-30 15:55:00 DEBUG c.e.e.e.EmployeeService - Fetching all employees
2025-07-30 15:55:00 DEBUG c.e.e.e.EmployeeController - Fetched 8 employees
2025-07-30 15:55:00 DEBUG c.e.e.e.EmployeeController - Fetching all employees
2025-07-30 15:55:00 DEBUG c.e.e.e.EmployeeService - Fetching all employees
2025-07-30 15:55:00 DEBUG c.e.e.e.EmployeeController - Fetched 8 employees
2025-07-30 15:55:01 WARN  com.zaxxer.hikari.pool.HikariPool - HikariPool-1 - Thread starvation or clock leap detected (housekeeper delta=26m36s447ms32µs500ns).
2025-07-30 19:24:50 WARN  com.zaxxer.hikari.pool.HikariPool - HikariPool-1 - Thread starvation or clock leap detected (housekeeper delta=1h8m47s159ms150µs100ns).
2025-07-30 19:52:40 DEBUG c.e.e.e.EmployeeController - Fetching all employees
2025-07-30 19:52:40 DEBUG c.e.e.e.EmployeeService - Fetching all employees
2025-07-30 19:52:40 DEBUG c.e.e.e.EmployeeController - Fetched 8 employees
2025-07-30 19:52:40 DEBUG c.e.e.e.EmployeeController - Fetching all employees
2025-07-30 19:52:40 DEBUG c.e.e.e.EmployeeService - Fetching all employees
2025-07-30 19:52:40 DEBUG c.e.e.e.EmployeeController - Fetched 8 employees
2025-07-30 21:25:06 DEBUG c.e.e.e.EmployeeController - Fetching all employees
2025-07-30 21:25:06 DEBUG c.e.e.e.EmployeeService - Fetching all employees
2025-07-30 21:25:06 DEBUG c.e.e.e.EmployeeController - Fetched 8 employees
2025-07-30 21:26:35 WARN  o.s.w.s.m.s.DefaultHandlerExceptionResolver - Resolved [org.springframework.web.HttpRequestMethodNotSupportedException: Request method 'PUT' is not supported]
2025-07-30 21:26:45 DEBUG c.e.e.contract.ContractService - Creating contract for employee ID: 1, DTO: com.example.employee.contract.dto.ContractCreateDTO@29e8c540
2025-07-30 21:26:45 DEBUG c.e.e.contract.ContractService - Created contract ID: 21 for employee ID: 1
2025-07-30 21:27:46 DEBUG c.e.e.e.EmployeeController - Fetching all employees
2025-07-30 21:27:46 DEBUG c.e.e.e.EmployeeService - Fetching all employees
2025-07-30 21:27:46 DEBUG c.e.e.e.EmployeeController - Fetched 8 employees
2025-07-30 21:27:46 DEBUG c.e.e.e.EmployeeController - Fetching all employees
2025-07-30 21:27:46 DEBUG c.e.e.e.EmployeeService - Fetching all employees
2025-07-30 21:27:46 DEBUG c.e.e.e.EmployeeController - Fetched 8 employees
2025-07-30 21:29:02 DEBUG c.e.e.e.EmployeeController - Fetching all employees
2025-07-30 21:29:02 DEBUG c.e.e.e.EmployeeService - Fetching all employees
2025-07-30 21:29:02 DEBUG c.e.e.e.EmployeeController - Fetched 8 employees
2025-07-30 21:29:02 DEBUG c.e.e.e.EmployeeController - Fetching all employees
2025-07-30 21:29:02 DEBUG c.e.e.e.EmployeeService - Fetching all employees
2025-07-30 21:29:02 DEBUG c.e.e.e.EmployeeController - Fetched 8 employees
2025-07-30 21:31:41 INFO  o.s.b.w.e.tomcat.GracefulShutdown - Commencing graceful shutdown. Waiting for active requests to complete
2025-07-30 21:31:41 INFO  o.s.b.w.e.tomcat.GracefulShutdown - Graceful shutdown complete
2025-07-30 21:31:41 INFO  o.s.o.j.LocalContainerEntityManagerFactoryBean - Closing JPA EntityManagerFactory for persistence unit 'default'
2025-07-30 21:31:41 INFO  com.zaxxer.hikari.HikariDataSource - HikariPool-1 - Shutdown initiated...
2025-07-30 21:31:41 INFO  com.zaxxer.hikari.HikariDataSource - HikariPool-1 - Shutdown completed.
