2025-08-12 08:44:58 INFO  o.h.validator.internal.util.Version - HV000001: Hibernate Validator 8.0.2.Final
2025-08-12 08:44:58 WARN  o.s.b.t.j.DuplicateJsonObjectContextCustomizerFactory$DuplicateJsonObjectContextCustomizer - 

Found multiple occurrences of org.json.JSONObject on the class path:

	jar:file:/C:/Users/ho%20800g2/.m2/repository/org/json/json/20240303/json-20240303.jar!/org/json/JSONObject.class
	jar:file:/C:/Users/ho%20800g2/.m2/repository/com/vaadin/external/google/android-json/0.0.20131108.vaadin1/android-json-0.0.20131108.vaadin1.jar!/org/json/JSONObject.class

You may wish to exclude one of them to ensure predictable runtime behavior

2025-08-12 08:44:58 INFO  c.e.e.EmployeeApplicationTests - Starting EmployeeApplicationTests using Java 21.0.6 with PID 15664 (started by ho 800g2 in C:\Users\ho 800g2\OneDrive\Desktop\Jani\nology\sessions\Spring\EmployeeCreator\Backend\employee)
2025-08-12 08:44:58 DEBUG c.e.e.EmployeeApplicationTests - Running with Spring Boot v3.5.3, Spring v6.2.8
2025-08-12 08:44:58 INFO  c.e.e.EmployeeApplicationTests - No active profile set, falling back to 1 default profile: "default"
2025-08-12 08:44:59 INFO  o.s.d.r.c.RepositoryConfigurationDelegate - Bootstrapping Spring Data JPA repositories in DEFAULT mode.
2025-08-12 08:44:59 INFO  o.s.d.r.c.RepositoryConfigurationDelegate - Finished Spring Data repository scanning in 93 ms. Found 4 JPA repository interfaces.
2025-08-12 08:45:00 INFO  o.h.jpa.internal.util.LogHelper - HHH000204: Processing PersistenceUnitInfo [name: default]
2025-08-12 08:45:00 INFO  org.hibernate.Version - HHH000412: Hibernate ORM core version 6.6.18.Final
2025-08-12 08:45:00 INFO  o.h.c.i.RegionFactoryInitiator - HHH000026: Second-level cache disabled
2025-08-12 08:45:01 INFO  o.s.o.j.p.SpringPersistenceUnitInfo - No LoadTimeWeaver setup: ignoring JPA class transformer
2025-08-12 08:45:01 INFO  com.zaxxer.hikari.HikariDataSource - HikariPool-1 - Starting...
2025-08-12 08:45:01 INFO  com.zaxxer.hikari.pool.HikariPool - HikariPool-1 - Added connection com.mysql.cj.jdbc.ConnectionImpl@54f373d4
2025-08-12 08:45:01 INFO  com.zaxxer.hikari.HikariDataSource - HikariPool-1 - Start completed.
2025-08-12 08:45:01 WARN  org.hibernate.orm.deprecation - HHH90000025: MySQL8Dialect does not need to be specified explicitly using 'hibernate.dialect' (remove the property setting and it will be selected by default)
2025-08-12 08:45:01 WARN  org.hibernate.orm.deprecation - HHH90000026: MySQL8Dialect has been deprecated; use org.hibernate.dialect.MySQLDialect instead
2025-08-12 08:45:01 INFO  o.hibernate.orm.connections.pooling - HHH10001005: Database info:
	Database JDBC URL [Connecting through datasource 'HikariDataSource (HikariPool-1)']
	Database driver: undefined/unknown
	Database version: 8.0
	Autocommit mode: undefined/unknown
	Isolation level: undefined/unknown
	Minimum pool size: undefined/unknown
	Maximum pool size: undefined/unknown
2025-08-12 08:45:03 INFO  o.h.e.t.j.p.i.JtaPlatformInitiator - HHH000489: No JTA platform available (set 'hibernate.transaction.jta.platform' to enable JTA platform integration)
2025-08-12 08:45:03 INFO  o.s.o.j.LocalContainerEntityManagerFactoryBean - Initialized JPA EntityManagerFactory for persistence unit 'default'
2025-08-12 08:45:04 INFO  o.s.d.j.r.query.QueryEnhancerFactory - Hibernate is in classpath; If applicable, HQL parser will be used.
2025-08-12 08:45:05 WARN  o.s.b.a.o.j.JpaBaseConfiguration$JpaWebConfiguration - spring.jpa.open-in-view is enabled by default. Therefore, database queries may be performed during view rendering. Explicitly configure spring.jpa.open-in-view to disable this warning
2025-08-12 08:45:06 INFO  c.e.e.EmployeeApplicationTests - Started EmployeeApplicationTests in 8.603 seconds (process running for 10.015)
2025-08-12 08:45:08 INFO  o.s.o.j.LocalContainerEntityManagerFactoryBean - Closing JPA EntityManagerFactory for persistence unit 'default'
2025-08-12 08:45:08 INFO  com.zaxxer.hikari.HikariDataSource - HikariPool-1 - Shutdown initiated...
2025-08-12 08:45:08 INFO  com.zaxxer.hikari.HikariDataSource - HikariPool-1 - Shutdown completed.
2025-08-12 08:46:00 INFO  o.h.validator.internal.util.Version - HV000001: Hibernate Validator 8.0.2.Final
2025-08-12 08:46:00 WARN  o.s.b.t.j.DuplicateJsonObjectContextCustomizerFactory$DuplicateJsonObjectContextCustomizer - 

Found multiple occurrences of org.json.JSONObject on the class path:

	jar:file:/C:/Users/ho%20800g2/.m2/repository/org/json/json/20240303/json-20240303.jar!/org/json/JSONObject.class
	jar:file:/C:/Users/ho%20800g2/.m2/repository/com/vaadin/external/google/android-json/0.0.20131108.vaadin1/android-json-0.0.20131108.vaadin1.jar!/org/json/JSONObject.class

You may wish to exclude one of them to ensure predictable runtime behavior

2025-08-12 08:46:00 INFO  c.e.e.EmployeeApplicationTests - Starting EmployeeApplicationTests using Java 21.0.6 with PID 17040 (started by ho 800g2 in C:\Users\ho 800g2\OneDrive\Desktop\Jani\nology\sessions\Spring\EmployeeCreator\Backend\employee)
2025-08-12 08:46:00 DEBUG c.e.e.EmployeeApplicationTests - Running with Spring Boot v3.5.3, Spring v6.2.8
2025-08-12 08:46:00 INFO  c.e.e.EmployeeApplicationTests - No active profile set, falling back to 1 default profile: "default"
2025-08-12 08:46:01 INFO  o.s.d.r.c.RepositoryConfigurationDelegate - Bootstrapping Spring Data JPA repositories in DEFAULT mode.
2025-08-12 08:46:01 INFO  o.s.d.r.c.RepositoryConfigurationDelegate - Finished Spring Data repository scanning in 125 ms. Found 4 JPA repository interfaces.
2025-08-12 08:46:02 INFO  o.h.jpa.internal.util.LogHelper - HHH000204: Processing PersistenceUnitInfo [name: default]
2025-08-12 08:46:02 INFO  org.hibernate.Version - HHH000412: Hibernate ORM core version 6.6.18.Final
2025-08-12 08:46:02 INFO  o.h.c.i.RegionFactoryInitiator - HHH000026: Second-level cache disabled
2025-08-12 08:46:03 INFO  o.s.o.j.p.SpringPersistenceUnitInfo - No LoadTimeWeaver setup: ignoring JPA class transformer
2025-08-12 08:46:03 INFO  com.zaxxer.hikari.HikariDataSource - HikariPool-1 - Starting...
2025-08-12 08:46:03 INFO  com.zaxxer.hikari.pool.HikariPool - HikariPool-1 - Added connection com.mysql.cj.jdbc.ConnectionImpl@3359c3f6
2025-08-12 08:46:03 INFO  com.zaxxer.hikari.HikariDataSource - HikariPool-1 - Start completed.
2025-08-12 08:46:03 WARN  org.hibernate.orm.deprecation - HHH90000025: MySQL8Dialect does not need to be specified explicitly using 'hibernate.dialect' (remove the property setting and it will be selected by default)
2025-08-12 08:46:03 WARN  org.hibernate.orm.deprecation - HHH90000026: MySQL8Dialect has been deprecated; use org.hibernate.dialect.MySQLDialect instead
2025-08-12 08:46:03 INFO  o.hibernate.orm.connections.pooling - HHH10001005: Database info:
	Database JDBC URL [Connecting through datasource 'HikariDataSource (HikariPool-1)']
	Database driver: undefined/unknown
	Database version: 8.0
	Autocommit mode: undefined/unknown
	Isolation level: undefined/unknown
	Minimum pool size: undefined/unknown
	Maximum pool size: undefined/unknown
2025-08-12 08:46:05 INFO  o.h.e.t.j.p.i.JtaPlatformInitiator - HHH000489: No JTA platform available (set 'hibernate.transaction.jta.platform' to enable JTA platform integration)
2025-08-12 08:46:05 INFO  o.s.o.j.LocalContainerEntityManagerFactoryBean - Initialized JPA EntityManagerFactory for persistence unit 'default'
2025-08-12 08:46:05 INFO  o.s.d.j.r.query.QueryEnhancerFactory - Hibernate is in classpath; If applicable, HQL parser will be used.
2025-08-12 08:46:06 WARN  o.s.b.a.o.j.JpaBaseConfiguration$JpaWebConfiguration - spring.jpa.open-in-view is enabled by default. Therefore, database queries may be performed during view rendering. Explicitly configure spring.jpa.open-in-view to disable this warning
2025-08-12 08:46:07 INFO  c.e.e.EmployeeApplicationTests - Started EmployeeApplicationTests in 7.818 seconds (process running for 9.201)
2025-08-12 08:46:09 INFO  o.s.o.j.LocalContainerEntityManagerFactoryBean - Closing JPA EntityManagerFactory for persistence unit 'default'
2025-08-12 08:46:09 INFO  com.zaxxer.hikari.HikariDataSource - HikariPool-1 - Shutdown initiated...
2025-08-12 08:46:09 INFO  com.zaxxer.hikari.HikariDataSource - HikariPool-1 - Shutdown completed.
2025-08-12 08:46:27 INFO  o.h.validator.internal.util.Version - HV000001: Hibernate Validator 8.0.2.Final
2025-08-12 08:46:27 INFO  c.e.employee.EmployeeApplication - Starting EmployeeApplication using Java 21.0.6 with PID 14844 (C:\Users\ho 800g2\OneDrive\Desktop\Jani\nology\sessions\Spring\EmployeeCreator\Backend\employee\target\classes started by ho 800g2 in C:\Users\ho 800g2\OneDrive\Desktop\Jani\nology\sessions\Spring\EmployeeCreator\Backend\employee)
2025-08-12 08:46:27 DEBUG c.e.employee.EmployeeApplication - Running with Spring Boot v3.5.3, Spring v6.2.8
2025-08-12 08:46:27 INFO  c.e.employee.EmployeeApplication - No active profile set, falling back to 1 default profile: "default"
2025-08-12 08:46:27 INFO  o.s.b.d.e.DevToolsPropertyDefaultsPostProcessor - Devtools property defaults active! Set 'spring.devtools.add-properties' to 'false' to disable
2025-08-12 08:46:27 INFO  o.s.b.d.e.DevToolsPropertyDefaultsPostProcessor - For additional web related logging consider setting the 'logging.level.web' property to 'DEBUG'
2025-08-12 08:46:28 INFO  o.s.d.r.c.RepositoryConfigurationDelegate - Bootstrapping Spring Data JPA repositories in DEFAULT mode.
2025-08-12 08:46:28 INFO  o.s.d.r.c.RepositoryConfigurationDelegate - Finished Spring Data repository scanning in 75 ms. Found 4 JPA repository interfaces.
2025-08-12 08:46:29 INFO  o.s.b.w.e.tomcat.TomcatWebServer - Tomcat initialized with port 8080 (http)
2025-08-12 08:46:29 INFO  o.a.coyote.http11.Http11NioProtocol - Initializing ProtocolHandler ["http-nio-8080"]
2025-08-12 08:46:29 INFO  o.a.catalina.core.StandardService - Starting service [Tomcat]
2025-08-12 08:46:29 INFO  o.a.catalina.core.StandardEngine - Starting Servlet engine: [Apache Tomcat/10.1.42]
2025-08-12 08:46:29 INFO  o.a.c.c.C.[Tomcat].[localhost].[/] - Initializing Spring embedded WebApplicationContext
2025-08-12 08:46:29 INFO  o.s.b.w.s.c.ServletWebServerApplicationContext - Root WebApplicationContext: initialization completed in 1690 ms
2025-08-12 08:46:29 INFO  o.h.jpa.internal.util.LogHelper - HHH000204: Processing PersistenceUnitInfo [name: default]
2025-08-12 08:46:29 INFO  org.hibernate.Version - HHH000412: Hibernate ORM core version 6.6.18.Final
2025-08-12 08:46:29 INFO  o.h.c.i.RegionFactoryInitiator - HHH000026: Second-level cache disabled
2025-08-12 08:46:30 INFO  o.s.o.j.p.SpringPersistenceUnitInfo - No LoadTimeWeaver setup: ignoring JPA class transformer
2025-08-12 08:46:30 INFO  com.zaxxer.hikari.HikariDataSource - HikariPool-1 - Starting...
2025-08-12 08:46:30 INFO  com.zaxxer.hikari.pool.HikariPool - HikariPool-1 - Added connection com.mysql.cj.jdbc.ConnectionImpl@3e822c9b
2025-08-12 08:46:30 INFO  com.zaxxer.hikari.HikariDataSource - HikariPool-1 - Start completed.
2025-08-12 08:46:30 WARN  org.hibernate.orm.deprecation - HHH90000025: MySQL8Dialect does not need to be specified explicitly using 'hibernate.dialect' (remove the property setting and it will be selected by default)
2025-08-12 08:46:30 WARN  org.hibernate.orm.deprecation - HHH90000026: MySQL8Dialect has been deprecated; use org.hibernate.dialect.MySQLDialect instead
2025-08-12 08:46:30 INFO  o.hibernate.orm.connections.pooling - HHH10001005: Database info:
	Database JDBC URL [Connecting through datasource 'HikariDataSource (HikariPool-1)']
	Database driver: undefined/unknown
	Database version: 8.0
	Autocommit mode: undefined/unknown
	Isolation level: undefined/unknown
	Minimum pool size: undefined/unknown
	Maximum pool size: undefined/unknown
2025-08-12 08:46:31 INFO  o.h.e.t.j.p.i.JtaPlatformInitiator - HHH000489: No JTA platform available (set 'hibernate.transaction.jta.platform' to enable JTA platform integration)
2025-08-12 08:46:32 INFO  o.s.o.j.LocalContainerEntityManagerFactoryBean - Initialized JPA EntityManagerFactory for persistence unit 'default'
2025-08-12 08:46:32 INFO  o.s.d.j.r.query.QueryEnhancerFactory - Hibernate is in classpath; If applicable, HQL parser will be used.
2025-08-12 08:46:33 WARN  o.s.b.a.o.j.JpaBaseConfiguration$JpaWebConfiguration - spring.jpa.open-in-view is enabled by default. Therefore, database queries may be performed during view rendering. Explicitly configure spring.jpa.open-in-view to disable this warning
2025-08-12 08:46:33 INFO  o.s.b.d.a.OptionalLiveReloadServer - LiveReload server is running on port 35729
2025-08-12 08:46:33 INFO  o.a.coyote.http11.Http11NioProtocol - Starting ProtocolHandler ["http-nio-8080"]
2025-08-12 08:46:33 INFO  o.s.b.w.e.tomcat.TomcatWebServer - Tomcat started on port 8080 (http) with context path '/'
2025-08-12 08:46:33 INFO  c.e.employee.EmployeeApplication - Started EmployeeApplication in 6.791 seconds (process running for 7.395)
2025-08-12 08:46:43 INFO  o.a.c.c.C.[Tomcat].[localhost].[/] - Initializing Spring DispatcherServlet 'dispatcherServlet'
2025-08-12 08:46:43 INFO  o.s.web.servlet.DispatcherServlet - Initializing Servlet 'dispatcherServlet'
2025-08-12 08:46:43 INFO  o.s.web.servlet.DispatcherServlet - Completed initialization in 1 ms
2025-08-12 08:46:43 DEBUG c.e.e.e.EmployeeController - Fetching all employees
2025-08-12 08:46:43 DEBUG c.e.e.e.EmployeeService - Fetching all employees
2025-08-12 08:46:43 DEBUG c.e.e.e.EmployeeController - Fetched 10 employees
2025-08-12 08:46:43 DEBUG c.e.e.e.EmployeeController - Fetching all employees
2025-08-12 08:46:43 DEBUG c.e.e.e.EmployeeService - Fetching all employees
2025-08-12 08:46:43 DEBUG c.e.e.e.EmployeeController - Fetched 10 employees
2025-08-12 09:09:35 DEBUG c.e.e.e.EmployeeController - Fetching all employees
2025-08-12 09:09:35 DEBUG c.e.e.e.EmployeeService - Fetching all employees
2025-08-12 09:09:35 DEBUG c.e.e.e.EmployeeController - Fetched 10 employees
2025-08-12 09:09:35 DEBUG c.e.e.e.EmployeeController - Fetching all employees
2025-08-12 09:09:35 DEBUG c.e.e.e.EmployeeService - Fetching all employees
2025-08-12 09:09:35 DEBUG c.e.e.e.EmployeeController - Fetched 10 employees
2025-08-12 09:10:19 DEBUG c.e.e.e.EmployeeController - Fetching all employees
2025-08-12 09:10:19 DEBUG c.e.e.e.EmployeeService - Fetching all employees
2025-08-12 09:10:19 DEBUG c.e.e.e.EmployeeController - Fetched 10 employees
2025-08-12 09:10:19 DEBUG c.e.e.e.EmployeeController - Fetching all employees
2025-08-12 09:10:19 DEBUG c.e.e.e.EmployeeService - Fetching all employees
2025-08-12 09:10:19 DEBUG c.e.e.e.EmployeeController - Fetched 10 employees
2025-08-12 09:10:21 DEBUG c.e.e.e.EmployeeController - Fetching all employees
2025-08-12 09:10:21 DEBUG c.e.e.e.EmployeeService - Fetching all employees
2025-08-12 09:10:21 DEBUG c.e.e.e.EmployeeController - Fetched 10 employees
2025-08-12 09:10:22 DEBUG c.e.e.e.EmployeeController - Fetching all employees
2025-08-12 09:10:22 DEBUG c.e.e.e.EmployeeService - Fetching all employees
2025-08-12 09:10:22 DEBUG c.e.e.e.EmployeeController - Fetched 10 employees
2025-08-12 09:10:45 DEBUG c.e.e.e.EmployeeController - Fetching all employees
2025-08-12 09:10:45 DEBUG c.e.e.e.EmployeeService - Fetching all employees
2025-08-12 09:10:45 DEBUG c.e.e.e.EmployeeController - Fetched 10 employees
2025-08-12 09:10:45 DEBUG c.e.e.e.EmployeeController - Fetching all employees
2025-08-12 09:10:45 DEBUG c.e.e.e.EmployeeService - Fetching all employees
2025-08-12 09:10:45 DEBUG c.e.e.e.EmployeeController - Fetched 10 employees
2025-08-12 09:10:46 DEBUG c.e.e.e.EmployeeController - Fetching all employees
2025-08-12 09:10:46 DEBUG c.e.e.e.EmployeeService - Fetching all employees
2025-08-12 09:10:46 DEBUG c.e.e.e.EmployeeController - Fetched 10 employees
2025-08-12 09:10:46 DEBUG c.e.e.e.EmployeeController - Fetching all employees
2025-08-12 09:10:46 DEBUG c.e.e.e.EmployeeService - Fetching all employees
2025-08-12 09:10:47 DEBUG c.e.e.e.EmployeeController - Fetched 10 employees
2025-08-12 09:10:49 DEBUG c.e.e.e.EmployeeController - Fetching all employees
2025-08-12 09:10:49 DEBUG c.e.e.e.EmployeeService - Fetching all employees
2025-08-12 09:10:49 DEBUG c.e.e.e.EmployeeController - Fetched 10 employees
2025-08-12 09:10:49 DEBUG c.e.e.e.EmployeeController - Fetching all employees
2025-08-12 09:10:49 DEBUG c.e.e.e.EmployeeService - Fetching all employees
2025-08-12 09:10:49 DEBUG c.e.e.e.EmployeeController - Fetched 10 employees
2025-08-12 09:10:55 DEBUG c.e.e.e.EmployeeController - Fetching all employees
2025-08-12 09:10:55 DEBUG c.e.e.e.EmployeeService - Fetching all employees
2025-08-12 09:10:55 DEBUG c.e.e.e.EmployeeController - Fetched 10 employees
2025-08-12 09:10:55 DEBUG c.e.e.e.EmployeeController - Fetching all employees
2025-08-12 09:10:55 DEBUG c.e.e.e.EmployeeService - Fetching all employees
2025-08-12 09:10:55 DEBUG c.e.e.e.EmployeeController - Fetched 10 employees
2025-08-12 09:10:58 DEBUG c.e.e.e.EmployeeController - Fetching all employees
2025-08-12 09:10:58 DEBUG c.e.e.e.EmployeeService - Fetching all employees
2025-08-12 09:10:58 DEBUG c.e.e.e.EmployeeController - Fetched 10 employees
2025-08-12 09:10:58 DEBUG c.e.e.e.EmployeeController - Fetching all employees
2025-08-12 09:10:58 DEBUG c.e.e.e.EmployeeService - Fetching all employees
2025-08-12 09:10:58 DEBUG c.e.e.e.EmployeeController - Fetched 10 employees
2025-08-12 09:12:38 DEBUG c.e.e.e.EmployeeController - Fetching all employees
2025-08-12 09:12:38 DEBUG c.e.e.e.EmployeeService - Fetching all employees
2025-08-12 09:12:38 DEBUG c.e.e.e.EmployeeController - Fetched 10 employees
2025-08-12 09:12:38 DEBUG c.e.e.e.EmployeeController - Fetching all employees
2025-08-12 09:12:38 DEBUG c.e.e.e.EmployeeService - Fetching all employees
2025-08-12 09:12:38 DEBUG c.e.e.e.EmployeeController - Fetched 10 employees
2025-08-12 09:12:42 DEBUG c.e.e.e.EmployeeController - Fetching all employees
2025-08-12 09:12:42 DEBUG c.e.e.e.EmployeeService - Fetching all employees
2025-08-12 09:12:42 DEBUG c.e.e.e.EmployeeController - Fetched 10 employees
2025-08-12 09:12:42 DEBUG c.e.e.e.EmployeeController - Fetching all employees
2025-08-12 09:12:42 DEBUG c.e.e.e.EmployeeService - Fetching all employees
2025-08-12 09:12:42 DEBUG c.e.e.e.EmployeeController - Fetched 10 employees
2025-08-12 09:12:45 DEBUG c.e.e.e.EmployeeController - Fetching all employees
2025-08-12 09:12:45 DEBUG c.e.e.e.EmployeeService - Fetching all employees
2025-08-12 09:12:45 DEBUG c.e.e.e.EmployeeController - Fetched 10 employees
2025-08-12 09:12:45 DEBUG c.e.e.e.EmployeeController - Fetching all employees
2025-08-12 09:12:45 DEBUG c.e.e.e.EmployeeService - Fetching all employees
2025-08-12 09:12:45 DEBUG c.e.e.e.EmployeeController - Fetched 10 employees
2025-08-12 09:12:48 DEBUG c.e.e.e.EmployeeController - Fetching all employees
2025-08-12 09:12:48 DEBUG c.e.e.e.EmployeeService - Fetching all employees
2025-08-12 09:12:48 DEBUG c.e.e.e.EmployeeController - Fetched 10 employees
2025-08-12 09:12:48 DEBUG c.e.e.e.EmployeeController - Fetching all employees
2025-08-12 09:12:48 DEBUG c.e.e.e.EmployeeService - Fetching all employees
2025-08-12 09:12:48 DEBUG c.e.e.e.EmployeeController - Fetched 10 employees
2025-08-12 09:13:37 DEBUG c.e.e.e.EmployeeController - Fetching all employees
2025-08-12 09:13:37 DEBUG c.e.e.e.EmployeeService - Fetching all employees
2025-08-12 09:13:37 DEBUG c.e.e.e.EmployeeController - Fetched 10 employees
2025-08-12 09:13:37 DEBUG c.e.e.e.EmployeeController - Fetching all employees
2025-08-12 09:13:37 DEBUG c.e.e.e.EmployeeService - Fetching all employees
2025-08-12 09:13:37 DEBUG c.e.e.e.EmployeeController - Fetched 10 employees
2025-08-12 09:13:40 DEBUG c.e.e.e.EmployeeController - Fetching all employees
2025-08-12 09:13:40 DEBUG c.e.e.e.EmployeeService - Fetching all employees
2025-08-12 09:13:40 DEBUG c.e.e.e.EmployeeController - Fetched 10 employees
2025-08-12 09:13:40 DEBUG c.e.e.e.EmployeeController - Fetching all employees
2025-08-12 09:13:40 DEBUG c.e.e.e.EmployeeService - Fetching all employees
2025-08-12 09:13:40 DEBUG c.e.e.e.EmployeeController - Fetched 10 employees
2025-08-12 09:13:46 DEBUG c.e.e.e.EmployeeController - Fetching all employees
2025-08-12 09:13:46 DEBUG c.e.e.e.EmployeeService - Fetching all employees
2025-08-12 09:13:46 DEBUG c.e.e.e.EmployeeController - Fetched 10 employees
2025-08-12 09:13:46 DEBUG c.e.e.e.EmployeeController - Fetching all employees
2025-08-12 09:13:46 DEBUG c.e.e.e.EmployeeService - Fetching all employees
2025-08-12 09:13:46 DEBUG c.e.e.e.EmployeeController - Fetched 10 employees
2025-08-12 09:13:50 DEBUG c.e.e.e.EmployeeController - Fetching all employees
2025-08-12 09:13:50 DEBUG c.e.e.e.EmployeeService - Fetching all employees
2025-08-12 09:13:50 DEBUG c.e.e.e.EmployeeController - Fetched 10 employees
2025-08-12 09:13:50 DEBUG c.e.e.e.EmployeeController - Fetching all employees
2025-08-12 09:13:50 DEBUG c.e.e.e.EmployeeService - Fetching all employees
2025-08-12 09:13:50 DEBUG c.e.e.e.EmployeeController - Fetched 10 employees
2025-08-12 09:13:57 DEBUG c.e.e.e.EmployeeController - Fetching all employees
2025-08-12 09:13:57 DEBUG c.e.e.e.EmployeeService - Fetching all employees
2025-08-12 09:13:57 DEBUG c.e.e.e.EmployeeController - Fetched 10 employees
2025-08-12 09:13:57 DEBUG c.e.e.e.EmployeeController - Fetching all employees
2025-08-12 09:13:57 DEBUG c.e.e.e.EmployeeService - Fetching all employees
2025-08-12 09:13:57 DEBUG c.e.e.e.EmployeeController - Fetched 10 employees
2025-08-12 09:14:00 DEBUG c.e.e.e.EmployeeController - Fetching all employees
2025-08-12 09:14:00 DEBUG c.e.e.e.EmployeeService - Fetching all employees
2025-08-12 09:14:00 DEBUG c.e.e.e.EmployeeController - Fetched 10 employees
2025-08-12 09:14:00 DEBUG c.e.e.e.EmployeeController - Fetching all employees
2025-08-12 09:14:00 DEBUG c.e.e.e.EmployeeService - Fetching all employees
2025-08-12 09:14:00 DEBUG c.e.e.e.EmployeeController - Fetched 10 employees
2025-08-12 09:18:20 DEBUG c.e.e.e.EmployeeController - Fetching all employees
2025-08-12 09:18:20 DEBUG c.e.e.e.EmployeeService - Fetching all employees
2025-08-12 09:18:20 DEBUG c.e.e.e.EmployeeController - Fetched 10 employees
2025-08-12 09:18:20 DEBUG c.e.e.e.EmployeeController - Fetching all employees
2025-08-12 09:18:20 DEBUG c.e.e.e.EmployeeService - Fetching all employees
2025-08-12 09:18:20 DEBUG c.e.e.e.EmployeeController - Fetched 10 employees
2025-08-12 09:18:27 DEBUG c.e.e.e.EmployeeController - Fetching all employees
2025-08-12 09:18:27 DEBUG c.e.e.e.EmployeeService - Fetching all employees
2025-08-12 09:18:27 DEBUG c.e.e.e.EmployeeController - Fetched 10 employees
2025-08-12 09:18:27 DEBUG c.e.e.e.EmployeeController - Fetching all employees
2025-08-12 09:18:27 DEBUG c.e.e.e.EmployeeService - Fetching all employees
2025-08-12 09:18:27 DEBUG c.e.e.e.EmployeeController - Fetched 10 employees
2025-08-12 09:18:38 DEBUG c.e.e.e.EmployeeController - Fetching all employees
2025-08-12 09:18:38 DEBUG c.e.e.e.EmployeeService - Fetching all employees
2025-08-12 09:18:38 DEBUG c.e.e.e.EmployeeController - Fetched 10 employees
2025-08-12 09:18:38 DEBUG c.e.e.e.EmployeeController - Fetching all employees
2025-08-12 09:18:38 DEBUG c.e.e.e.EmployeeService - Fetching all employees
2025-08-12 09:18:38 DEBUG c.e.e.e.EmployeeController - Fetched 10 employees
2025-08-12 09:18:51 DEBUG c.e.e.e.EmployeeController - Fetching all employees
2025-08-12 09:18:51 DEBUG c.e.e.e.EmployeeService - Fetching all employees
2025-08-12 09:18:51 DEBUG c.e.e.e.EmployeeController - Fetched 10 employees
2025-08-12 09:18:51 DEBUG c.e.e.e.EmployeeController - Fetching all employees
2025-08-12 09:18:51 DEBUG c.e.e.e.EmployeeService - Fetching all employees
2025-08-12 09:18:51 DEBUG c.e.e.e.EmployeeController - Fetched 10 employees
2025-08-12 09:18:54 DEBUG c.e.e.e.EmployeeController - Fetching all employees
2025-08-12 09:18:54 DEBUG c.e.e.e.EmployeeService - Fetching all employees
2025-08-12 09:18:54 DEBUG c.e.e.e.EmployeeController - Fetched 10 employees
2025-08-12 09:18:54 DEBUG c.e.e.e.EmployeeController - Fetching all employees
2025-08-12 09:18:54 DEBUG c.e.e.e.EmployeeService - Fetching all employees
2025-08-12 09:18:54 DEBUG c.e.e.e.EmployeeController - Fetched 10 employees
2025-08-12 09:18:56 DEBUG c.e.e.e.EmployeeController - Fetching all employees
2025-08-12 09:18:56 DEBUG c.e.e.e.EmployeeService - Fetching all employees
2025-08-12 09:18:56 DEBUG c.e.e.e.EmployeeController - Fetched 10 employees
2025-08-12 09:18:56 DEBUG c.e.e.e.EmployeeController - Fetching all employees
2025-08-12 09:18:56 DEBUG c.e.e.e.EmployeeService - Fetching all employees
2025-08-12 09:18:56 DEBUG c.e.e.e.EmployeeController - Fetched 10 employees
2025-08-12 09:34:37 DEBUG c.e.e.contract.ContractService - Creating contract for employee ID: 41, DTO: com.example.employee.contract.dto.ContractCreateDTO@6535925d
2025-08-12 09:34:37 DEBUG c.e.e.contract.ContractService - Created contract ID: 101 for employee ID: 41
2025-08-12 09:34:37 DEBUG c.e.e.e.EmployeeController - Fetching all employees
2025-08-12 09:34:37 DEBUG c.e.e.e.EmployeeService - Fetching all employees
2025-08-12 09:34:37 DEBUG c.e.e.e.EmployeeController - Fetched 10 employees
2025-08-12 09:34:37 DEBUG c.e.e.e.EmployeeController - Fetching all employees
2025-08-12 09:34:37 DEBUG c.e.e.e.EmployeeService - Fetching all employees
2025-08-12 09:34:37 DEBUG c.e.e.e.EmployeeController - Fetched 10 employees
2025-08-12 09:35:09 DEBUG c.e.e.e.EmployeeController - Fetching all employees
2025-08-12 09:35:09 DEBUG c.e.e.e.EmployeeService - Fetching all employees
2025-08-12 09:35:09 DEBUG c.e.e.e.EmployeeController - Fetched 10 employees
2025-08-12 09:35:09 DEBUG c.e.e.e.EmployeeController - Fetching all employees
2025-08-12 09:35:09 DEBUG c.e.e.e.EmployeeService - Fetching all employees
2025-08-12 09:35:09 DEBUG c.e.e.e.EmployeeController - Fetched 10 employees
2025-08-12 09:35:16 DEBUG c.e.e.e.EmployeeController - Fetching all employees
2025-08-12 09:35:16 DEBUG c.e.e.e.EmployeeService - Fetching all employees
2025-08-12 09:35:16 DEBUG c.e.e.e.EmployeeController - Fetched 10 employees
2025-08-12 09:35:16 DEBUG c.e.e.e.EmployeeController - Fetching all employees
2025-08-12 09:35:16 DEBUG c.e.e.e.EmployeeService - Fetching all employees
2025-08-12 09:35:16 DEBUG c.e.e.e.EmployeeController - Fetched 10 employees
2025-08-12 09:35:19 DEBUG c.e.e.e.EmployeeController - Fetching all employees
2025-08-12 09:35:19 DEBUG c.e.e.e.EmployeeService - Fetching all employees
2025-08-12 09:35:19 DEBUG c.e.e.e.EmployeeController - Fetched 10 employees
2025-08-12 09:35:19 DEBUG c.e.e.e.EmployeeController - Fetching all employees
2025-08-12 09:35:19 DEBUG c.e.e.e.EmployeeService - Fetching all employees
2025-08-12 09:35:19 DEBUG c.e.e.e.EmployeeController - Fetched 10 employees
2025-08-12 09:35:32 DEBUG c.e.e.e.EmployeeController - Fetching all employees
2025-08-12 09:35:32 DEBUG c.e.e.e.EmployeeService - Fetching all employees
2025-08-12 09:35:32 DEBUG c.e.e.e.EmployeeController - Fetched 10 employees
2025-08-12 09:35:32 DEBUG c.e.e.e.EmployeeController - Fetching all employees
2025-08-12 09:35:32 DEBUG c.e.e.e.EmployeeService - Fetching all employees
2025-08-12 09:35:32 DEBUG c.e.e.e.EmployeeController - Fetched 10 employees
2025-08-12 09:35:34 DEBUG c.e.e.e.EmployeeController - Fetching all employees
2025-08-12 09:35:34 DEBUG c.e.e.e.EmployeeService - Fetching all employees
2025-08-12 09:35:34 DEBUG c.e.e.e.EmployeeController - Fetched 10 employees
2025-08-12 09:35:34 DEBUG c.e.e.e.EmployeeController - Fetching all employees
2025-08-12 09:35:34 DEBUG c.e.e.e.EmployeeService - Fetching all employees
2025-08-12 09:35:34 DEBUG c.e.e.e.EmployeeController - Fetched 10 employees
2025-08-12 09:35:46 DEBUG c.e.e.e.EmployeeController - Fetching all employees
2025-08-12 09:35:46 DEBUG c.e.e.e.EmployeeService - Fetching all employees
2025-08-12 09:35:46 DEBUG c.e.e.e.EmployeeController - Fetched 10 employees
2025-08-12 09:35:46 DEBUG c.e.e.e.EmployeeController - Fetching all employees
2025-08-12 09:35:46 DEBUG c.e.e.e.EmployeeService - Fetching all employees
2025-08-12 09:35:46 DEBUG c.e.e.e.EmployeeController - Fetched 10 employees
2025-08-12 09:36:26 DEBUG c.e.e.e.EmployeeController - Fetching employee with ID: 14
2025-08-12 09:36:26 DEBUG c.e.e.e.EmployeeService - Fetching employee with ID: 14
2025-08-12 09:36:26 WARN  c.e.e.e.EmployeeController - Employee with ID: 14 not found
2025-08-12 09:36:26 WARN  o.s.w.s.m.m.a.ExceptionHandlerExceptionResolver - Resolved [com.example.employee.common.exceptions.NotFoundException: Employee with id 14 does not exist]
2025-08-12 09:36:35 DEBUG c.e.e.e.EmployeeController - Fetching all employees
2025-08-12 09:36:35 DEBUG c.e.e.e.EmployeeService - Fetching all employees
2025-08-12 09:36:35 DEBUG c.e.e.e.EmployeeController - Fetched 10 employees
2025-08-12 09:36:47 DEBUG c.e.e.contract.ContractService - Getting contracts for employee id: 41
2025-08-12 09:36:47 DEBUG c.e.e.contract.ContractService - Found 3 contracts for employee id: 41
2025-08-12 09:37:09 DEBUG c.e.e.e.EmployeeController - Fetching all employees
2025-08-12 09:37:09 DEBUG c.e.e.e.EmployeeService - Fetching all employees
2025-08-12 09:37:09 DEBUG c.e.e.e.EmployeeController - Fetched 10 employees
2025-08-12 09:37:09 DEBUG c.e.e.e.EmployeeController - Fetching all employees
2025-08-12 09:37:09 DEBUG c.e.e.e.EmployeeService - Fetching all employees
2025-08-12 09:37:09 DEBUG c.e.e.e.EmployeeController - Fetched 10 employees
2025-08-12 09:37:14 DEBUG c.e.e.e.EmployeeController - Fetching all employees
2025-08-12 09:37:14 DEBUG c.e.e.e.EmployeeService - Fetching all employees
2025-08-12 09:37:14 DEBUG c.e.e.e.EmployeeController - Fetched 10 employees
2025-08-12 09:37:14 DEBUG c.e.e.e.EmployeeController - Fetching all employees
2025-08-12 09:37:14 DEBUG c.e.e.e.EmployeeService - Fetching all employees
2025-08-12 09:37:14 DEBUG c.e.e.e.EmployeeController - Fetched 10 employees
2025-08-12 09:37:18 DEBUG c.e.e.e.EmployeeController - Fetching all employees
2025-08-12 09:37:18 DEBUG c.e.e.e.EmployeeService - Fetching all employees
2025-08-12 09:37:18 DEBUG c.e.e.e.EmployeeController - Fetched 10 employees
2025-08-12 09:37:18 DEBUG c.e.e.e.EmployeeController - Fetching all employees
2025-08-12 09:37:18 DEBUG c.e.e.e.EmployeeService - Fetching all employees
2025-08-12 09:37:18 DEBUG c.e.e.e.EmployeeController - Fetched 10 employees
2025-08-12 09:37:30 DEBUG c.e.e.e.EmployeeController - Fetching all employees
2025-08-12 09:37:30 DEBUG c.e.e.e.EmployeeService - Fetching all employees
2025-08-12 09:37:30 DEBUG c.e.e.e.EmployeeController - Fetched 10 employees
2025-08-12 09:37:30 DEBUG c.e.e.e.EmployeeController - Fetching all employees
2025-08-12 09:37:30 DEBUG c.e.e.e.EmployeeService - Fetching all employees
2025-08-12 09:37:30 DEBUG c.e.e.e.EmployeeController - Fetched 10 employees
2025-08-12 09:37:32 DEBUG c.e.e.e.EmployeeController - Fetching all employees
2025-08-12 09:37:32 DEBUG c.e.e.e.EmployeeService - Fetching all employees
2025-08-12 09:37:32 DEBUG c.e.e.e.EmployeeController - Fetched 10 employees
2025-08-12 09:37:32 DEBUG c.e.e.e.EmployeeController - Fetching all employees
2025-08-12 09:37:32 DEBUG c.e.e.e.EmployeeService - Fetching all employees
2025-08-12 09:37:32 DEBUG c.e.e.e.EmployeeController - Fetched 10 employees
2025-08-12 09:37:36 DEBUG c.e.e.e.EmployeeController - Fetching all employees
2025-08-12 09:37:36 DEBUG c.e.e.e.EmployeeService - Fetching all employees
2025-08-12 09:37:36 DEBUG c.e.e.e.EmployeeController - Fetched 10 employees
2025-08-12 09:37:36 DEBUG c.e.e.e.EmployeeController - Fetching all employees
2025-08-12 09:37:36 DEBUG c.e.e.e.EmployeeService - Fetching all employees
2025-08-12 09:37:36 DEBUG c.e.e.e.EmployeeController - Fetched 10 employees
2025-08-12 09:38:06 DEBUG c.e.e.e.EmployeeController - Fetching all employees
2025-08-12 09:38:06 DEBUG c.e.e.e.EmployeeService - Fetching all employees
2025-08-12 09:38:06 DEBUG c.e.e.e.EmployeeController - Fetched 10 employees
2025-08-12 09:38:06 DEBUG c.e.e.e.EmployeeController - Fetching all employees
2025-08-12 09:38:06 DEBUG c.e.e.e.EmployeeService - Fetching all employees
2025-08-12 09:38:06 DEBUG c.e.e.e.EmployeeController - Fetched 10 employees
2025-08-12 09:38:09 DEBUG c.e.e.e.EmployeeController - Fetching all employees
2025-08-12 09:38:09 DEBUG c.e.e.e.EmployeeService - Fetching all employees
2025-08-12 09:38:09 DEBUG c.e.e.e.EmployeeController - Fetched 10 employees
2025-08-12 09:38:09 DEBUG c.e.e.e.EmployeeController - Fetching all employees
2025-08-12 09:38:09 DEBUG c.e.e.e.EmployeeService - Fetching all employees
2025-08-12 09:38:09 DEBUG c.e.e.e.EmployeeController - Fetched 10 employees
2025-08-12 09:38:11 DEBUG c.e.e.e.EmployeeController - Fetching all employees
2025-08-12 09:38:11 DEBUG c.e.e.e.EmployeeService - Fetching all employees
2025-08-12 09:38:11 DEBUG c.e.e.e.EmployeeController - Fetched 10 employees
2025-08-12 09:38:11 DEBUG c.e.e.e.EmployeeController - Fetching all employees
2025-08-12 09:38:11 DEBUG c.e.e.e.EmployeeService - Fetching all employees
2025-08-12 09:38:11 DEBUG c.e.e.e.EmployeeController - Fetched 10 employees
2025-08-12 09:38:14 DEBUG c.e.e.e.EmployeeController - Fetching all employees
2025-08-12 09:38:14 DEBUG c.e.e.e.EmployeeService - Fetching all employees
2025-08-12 09:38:14 DEBUG c.e.e.e.EmployeeController - Fetched 10 employees
2025-08-12 09:38:14 DEBUG c.e.e.e.EmployeeController - Fetching all employees
2025-08-12 09:38:14 DEBUG c.e.e.e.EmployeeService - Fetching all employees
2025-08-12 09:38:14 DEBUG c.e.e.e.EmployeeController - Fetched 10 employees
2025-08-12 09:41:48 DEBUG c.e.e.e.EmployeeController - Replacing employee with ID: 41
2025-08-12 09:41:48 INFO  c.e.e.e.EmployeeService - Updating employee with id: 41
2025-08-12 09:41:48 DEBUG c.e.e.e.EmployeeService - Fetching employee with ID: 41
2025-08-12 09:41:48 INFO  c.e.e.e.EmployeeService - Updated details for employee with id: 41
2025-08-12 09:41:48 INFO  c.e.e.e.EmployeeController - Replaced employee with ID: 41
2025-08-12 09:41:48 DEBUG c.e.e.e.EmployeeController - Fetching all employees
2025-08-12 09:41:48 DEBUG c.e.e.e.EmployeeService - Fetching all employees
2025-08-12 09:41:48 DEBUG c.e.e.e.EmployeeController - Fetched 10 employees
2025-08-12 09:52:45 DEBUG c.e.e.e.EmployeeController - Fetching all employees
2025-08-12 09:52:45 DEBUG c.e.e.e.EmployeeService - Fetching all employees
2025-08-12 09:52:45 DEBUG c.e.e.e.EmployeeController - Fetched 10 employees
2025-08-12 09:52:47 DEBUG c.e.e.e.EmployeeController - Fetching all employees
2025-08-12 09:52:47 DEBUG c.e.e.e.EmployeeService - Fetching all employees
2025-08-12 09:52:47 DEBUG c.e.e.e.EmployeeController - Fetched 10 employees
2025-08-12 10:01:48 DEBUG c.e.e.e.EmployeeController - Fetching all employees
2025-08-12 10:01:48 DEBUG c.e.e.e.EmployeeService - Fetching all employees
2025-08-12 10:01:48 DEBUG c.e.e.e.EmployeeController - Fetched 10 employees
2025-08-12 11:13:15 WARN  com.zaxxer.hikari.pool.HikariPool - HikariPool-1 - Thread starvation or clock leap detected (housekeeper delta=21m13s740ms130µs700ns).
2025-08-12 11:13:50 DEBUG c.e.e.e.EmployeeController - Fetching all employees
2025-08-12 11:13:50 DEBUG c.e.e.e.EmployeeService - Fetching all employees
2025-08-12 11:13:50 DEBUG c.e.e.e.EmployeeController - Fetched 10 employees
2025-08-12 11:13:52 DEBUG c.e.e.e.EmployeeController - Fetching all employees
2025-08-12 11:13:52 DEBUG c.e.e.e.EmployeeService - Fetching all employees
2025-08-12 11:13:52 DEBUG c.e.e.e.EmployeeController - Fetched 10 employees
2025-08-12 12:06:35 WARN  com.zaxxer.hikari.pool.HikariPool - HikariPool-1 - Thread starvation or clock leap detected (housekeeper delta=11m19s461ms97µs200ns).
2025-08-12 12:07:27 DEBUG c.e.e.e.EmployeeController - Fetching all employees
2025-08-12 12:07:27 DEBUG c.e.e.e.EmployeeService - Fetching all employees
2025-08-12 12:07:27 DEBUG c.e.e.e.EmployeeController - Fetched 10 employees
2025-08-12 12:07:29 DEBUG c.e.e.e.EmployeeController - Fetching all employees
2025-08-12 12:07:29 DEBUG c.e.e.e.EmployeeService - Fetching all employees
2025-08-12 12:07:29 DEBUG c.e.e.e.EmployeeController - Fetched 10 employees
2025-08-12 12:18:40 DEBUG c.e.e.contract.ContractService - Creating contract for employee ID: 41, DTO: com.example.employee.contract.dto.ContractCreateDTO@3bea5abb
2025-08-12 12:18:40 DEBUG c.e.e.contract.ContractService - Created contract ID: 102 for employee ID: 41
2025-08-12 12:18:42 DEBUG c.e.e.e.EmployeeController - Fetching all employees
2025-08-12 12:18:42 DEBUG c.e.e.e.EmployeeService - Fetching all employees
2025-08-12 12:18:42 DEBUG c.e.e.e.EmployeeController - Fetched 10 employees
2025-08-12 12:18:44 DEBUG c.e.e.e.EmployeeController - Fetching all employees
2025-08-12 12:18:44 DEBUG c.e.e.e.EmployeeService - Fetching all employees
2025-08-12 12:18:44 DEBUG c.e.e.e.EmployeeController - Fetched 10 employees
2025-08-12 12:33:14 DEBUG c.e.e.contract.ContractService - Creating contract for employee ID: 42, DTO: com.example.employee.contract.dto.ContractCreateDTO@4fcdff6b
2025-08-12 12:33:14 DEBUG c.e.e.contract.ContractService - Created contract ID: 103 for employee ID: 42
2025-08-12 12:33:16 DEBUG c.e.e.e.EmployeeController - Fetching all employees
2025-08-12 12:33:16 DEBUG c.e.e.e.EmployeeService - Fetching all employees
2025-08-12 12:33:16 DEBUG c.e.e.e.EmployeeController - Fetched 10 employees
2025-08-12 12:33:18 DEBUG c.e.e.e.EmployeeController - Fetching all employees
2025-08-12 12:33:18 DEBUG c.e.e.e.EmployeeService - Fetching all employees
2025-08-12 12:33:18 DEBUG c.e.e.e.EmployeeController - Fetched 10 employees
2025-08-12 12:41:13 DEBUG c.e.e.contract.ContractService - Creating contract for employee ID: 42, DTO: com.example.employee.contract.dto.ContractCreateDTO@2a03e004
2025-08-12 12:41:13 DEBUG c.e.e.contract.ContractService - Created contract ID: 104 for employee ID: 42
2025-08-12 12:41:15 DEBUG c.e.e.e.EmployeeController - Fetching all employees
2025-08-12 12:41:15 DEBUG c.e.e.e.EmployeeService - Fetching all employees
2025-08-12 12:41:15 DEBUG c.e.e.e.EmployeeController - Fetched 10 employees
2025-08-12 12:41:17 DEBUG c.e.e.e.EmployeeController - Fetching all employees
2025-08-12 12:41:17 DEBUG c.e.e.e.EmployeeService - Fetching all employees
2025-08-12 12:41:17 DEBUG c.e.e.e.EmployeeController - Fetched 10 employees
2025-08-12 12:41:19 DEBUG c.e.e.e.EmployeeController - Fetching all employees
2025-08-12 12:41:19 DEBUG c.e.e.e.EmployeeService - Fetching all employees
2025-08-12 12:41:19 DEBUG c.e.e.e.EmployeeController - Fetched 10 employees
2025-08-12 12:57:50 DEBUG c.e.e.contract.ContractService - Creating contract for employee ID: 41, DTO: com.example.employee.contract.dto.ContractCreateDTO@7604f3ba
2025-08-12 12:57:50 DEBUG c.e.e.contract.ContractService - Created contract ID: 105 for employee ID: 41
2025-08-12 12:57:53 DEBUG c.e.e.e.EmployeeController - Fetching all employees
2025-08-12 12:57:53 DEBUG c.e.e.e.EmployeeService - Fetching all employees
2025-08-12 12:57:53 DEBUG c.e.e.e.EmployeeController - Fetched 10 employees
2025-08-12 12:57:55 DEBUG c.e.e.e.EmployeeController - Fetching all employees
2025-08-12 12:57:55 DEBUG c.e.e.e.EmployeeService - Fetching all employees
2025-08-12 12:57:55 DEBUG c.e.e.e.EmployeeController - Fetched 10 employees
2025-08-12 12:57:57 DEBUG c.e.e.e.EmployeeController - Fetching all employees
2025-08-12 12:57:57 DEBUG c.e.e.e.EmployeeService - Fetching all employees
2025-08-12 12:57:57 DEBUG c.e.e.e.EmployeeController - Fetched 10 employees
2025-08-12 12:58:40 DEBUG c.e.e.contract.ContractService - Creating contract for employee ID: 43, DTO: com.example.employee.contract.dto.ContractCreateDTO@798afd1d
2025-08-12 12:58:40 DEBUG c.e.e.contract.ContractService - Created contract ID: 106 for employee ID: 43
2025-08-12 12:58:40 DEBUG c.e.e.e.EmployeeController - Fetching all employees
2025-08-12 12:58:40 DEBUG c.e.e.e.EmployeeService - Fetching all employees
2025-08-12 12:58:40 DEBUG c.e.e.e.EmployeeController - Fetched 10 employees
2025-08-12 12:58:40 DEBUG c.e.e.e.EmployeeController - Fetching all employees
2025-08-12 12:58:40 DEBUG c.e.e.e.EmployeeService - Fetching all employees
2025-08-12 12:58:40 DEBUG c.e.e.e.EmployeeController - Fetched 10 employees
2025-08-12 12:58:40 DEBUG c.e.e.e.EmployeeController - Fetching all employees
2025-08-12 12:58:40 DEBUG c.e.e.e.EmployeeService - Fetching all employees
2025-08-12 12:58:40 DEBUG c.e.e.e.EmployeeController - Fetched 10 employees
2025-08-12 12:59:09 DEBUG c.e.e.e.EmployeeController - Fetching all employees
2025-08-12 12:59:09 DEBUG c.e.e.e.EmployeeService - Fetching all employees
2025-08-12 12:59:09 DEBUG c.e.e.e.EmployeeController - Fetched 10 employees
2025-08-12 13:07:36 DEBUG c.e.e.contract.ContractService - Creating contract for employee ID: 44, DTO: com.example.employee.contract.dto.ContractCreateDTO@4e9d809d
2025-08-12 13:07:36 DEBUG c.e.e.contract.ContractService - Created contract ID: 107 for employee ID: 44
2025-08-12 13:07:36 DEBUG c.e.e.e.EmployeeController - Fetching all employees
2025-08-12 13:07:36 DEBUG c.e.e.e.EmployeeService - Fetching all employees
2025-08-12 13:07:36 DEBUG c.e.e.e.EmployeeController - Fetched 10 employees
2025-08-12 13:07:36 DEBUG c.e.e.e.EmployeeController - Fetching all employees
2025-08-12 13:07:36 DEBUG c.e.e.e.EmployeeService - Fetching all employees
2025-08-12 13:07:36 DEBUG c.e.e.e.EmployeeController - Fetched 10 employees
2025-08-12 13:07:36 DEBUG c.e.e.e.EmployeeController - Fetching all employees
2025-08-12 13:07:36 DEBUG c.e.e.e.EmployeeService - Fetching all employees
2025-08-12 13:07:36 DEBUG c.e.e.e.EmployeeController - Fetched 10 employees
2025-08-12 13:08:19 DEBUG c.e.e.e.EmployeeController - Fetching all employees
2025-08-12 13:08:19 DEBUG c.e.e.e.EmployeeService - Fetching all employees
2025-08-12 13:08:19 DEBUG c.e.e.e.EmployeeController - Fetched 10 employees
2025-08-12 13:13:11 DEBUG c.e.e.e.EmployeeController - Replacing employee with ID: 44
2025-08-12 13:13:11 INFO  c.e.e.e.EmployeeService - Updating employee with id: 44
2025-08-12 13:13:11 DEBUG c.e.e.e.EmployeeService - Fetching employee with ID: 44
2025-08-12 13:13:11 INFO  c.e.e.e.EmployeeService - Updated details for employee with id: 44
2025-08-12 13:13:11 INFO  c.e.e.e.EmployeeController - Replaced employee with ID: 44
2025-08-12 13:13:11 DEBUG c.e.e.e.EmployeeController - Fetching all employees
2025-08-12 13:13:11 DEBUG c.e.e.e.EmployeeService - Fetching all employees
2025-08-12 13:13:11 DEBUG c.e.e.e.EmployeeController - Fetched 10 employees
2025-08-12 13:25:39 DEBUG c.e.e.e.EmployeeController - Replacing employee with ID: 41
2025-08-12 13:25:39 INFO  c.e.e.e.EmployeeService - Updating employee with id: 41
2025-08-12 13:25:39 DEBUG c.e.e.e.EmployeeService - Fetching employee with ID: 41
2025-08-12 13:25:39 INFO  c.e.e.e.EmployeeService - Updated details for employee with id: 41
2025-08-12 13:25:39 INFO  c.e.e.e.EmployeeController - Replaced employee with ID: 41
2025-08-12 13:25:39 DEBUG c.e.e.e.EmployeeController - Fetching all employees
2025-08-12 13:25:39 DEBUG c.e.e.e.EmployeeService - Fetching all employees
2025-08-12 13:25:39 DEBUG c.e.e.e.EmployeeController - Fetched 10 employees
2025-08-12 14:40:59 INFO  o.s.b.w.e.tomcat.GracefulShutdown - Commencing graceful shutdown. Waiting for active requests to complete
2025-08-12 14:40:59 INFO  o.s.b.w.e.tomcat.GracefulShutdown - Graceful shutdown complete
2025-08-12 14:40:59 INFO  o.s.o.j.LocalContainerEntityManagerFactoryBean - Closing JPA EntityManagerFactory for persistence unit 'default'
2025-08-12 14:40:59 INFO  com.zaxxer.hikari.HikariDataSource - HikariPool-1 - Shutdown initiated...
2025-08-12 14:40:59 INFO  com.zaxxer.hikari.HikariDataSource - HikariPool-1 - Shutdown completed.
2025-08-12 14:41:29 INFO  o.h.validator.internal.util.Version - HV000001: Hibernate Validator 8.0.2.Final
2025-08-12 14:41:29 WARN  o.s.b.t.j.DuplicateJsonObjectContextCustomizerFactory$DuplicateJsonObjectContextCustomizer - 

Found multiple occurrences of org.json.JSONObject on the class path:

	jar:file:/C:/Users/ho%20800g2/.m2/repository/org/json/json/20240303/json-20240303.jar!/org/json/JSONObject.class
	jar:file:/C:/Users/ho%20800g2/.m2/repository/com/vaadin/external/google/android-json/0.0.20131108.vaadin1/android-json-0.0.20131108.vaadin1.jar!/org/json/JSONObject.class

You may wish to exclude one of them to ensure predictable runtime behavior

2025-08-12 14:41:29 INFO  c.e.e.EmployeeApplicationTests - Starting EmployeeApplicationTests using Java 21.0.6 with PID 22936 (started by ho 800g2 in C:\Users\ho 800g2\OneDrive\Desktop\Jani\nology\sessions\Spring\EmployeeCreator\Backend\employee)
2025-08-12 14:41:29 DEBUG c.e.e.EmployeeApplicationTests - Running with Spring Boot v3.5.3, Spring v6.2.8
2025-08-12 14:41:29 INFO  c.e.e.EmployeeApplicationTests - No active profile set, falling back to 1 default profile: "default"
2025-08-12 14:41:31 INFO  o.s.d.r.c.RepositoryConfigurationDelegate - Bootstrapping Spring Data JPA repositories in DEFAULT mode.
2025-08-12 14:41:31 INFO  o.s.d.r.c.RepositoryConfigurationDelegate - Finished Spring Data repository scanning in 106 ms. Found 4 JPA repository interfaces.
2025-08-12 14:41:32 INFO  o.h.jpa.internal.util.LogHelper - HHH000204: Processing PersistenceUnitInfo [name: default]
2025-08-12 14:41:32 INFO  org.hibernate.Version - HHH000412: Hibernate ORM core version 6.6.18.Final
2025-08-12 14:41:32 INFO  o.h.c.i.RegionFactoryInitiator - HHH000026: Second-level cache disabled
2025-08-12 14:41:32 INFO  o.s.o.j.p.SpringPersistenceUnitInfo - No LoadTimeWeaver setup: ignoring JPA class transformer
2025-08-12 14:41:32 INFO  com.zaxxer.hikari.HikariDataSource - HikariPool-1 - Starting...
2025-08-12 14:41:33 INFO  com.zaxxer.hikari.pool.HikariPool - HikariPool-1 - Added connection com.mysql.cj.jdbc.ConnectionImpl@2a2798a2
2025-08-12 14:41:33 INFO  com.zaxxer.hikari.HikariDataSource - HikariPool-1 - Start completed.
2025-08-12 14:41:33 WARN  org.hibernate.orm.deprecation - HHH90000025: MySQL8Dialect does not need to be specified explicitly using 'hibernate.dialect' (remove the property setting and it will be selected by default)
2025-08-12 14:41:33 WARN  org.hibernate.orm.deprecation - HHH90000026: MySQL8Dialect has been deprecated; use org.hibernate.dialect.MySQLDialect instead
2025-08-12 14:41:33 INFO  o.hibernate.orm.connections.pooling - HHH10001005: Database info:
	Database JDBC URL [Connecting through datasource 'HikariDataSource (HikariPool-1)']
	Database driver: undefined/unknown
	Database version: 8.0
	Autocommit mode: undefined/unknown
	Isolation level: undefined/unknown
	Minimum pool size: undefined/unknown
	Maximum pool size: undefined/unknown
2025-08-12 14:41:35 INFO  o.h.e.t.j.p.i.JtaPlatformInitiator - HHH000489: No JTA platform available (set 'hibernate.transaction.jta.platform' to enable JTA platform integration)
2025-08-12 14:41:36 INFO  o.s.o.j.LocalContainerEntityManagerFactoryBean - Initialized JPA EntityManagerFactory for persistence unit 'default'
2025-08-12 14:41:36 INFO  o.s.d.j.r.query.QueryEnhancerFactory - Hibernate is in classpath; If applicable, HQL parser will be used.
2025-08-12 14:41:37 WARN  o.s.b.a.o.j.JpaBaseConfiguration$JpaWebConfiguration - spring.jpa.open-in-view is enabled by default. Therefore, database queries may be performed during view rendering. Explicitly configure spring.jpa.open-in-view to disable this warning
2025-08-12 14:41:38 INFO  c.e.e.EmployeeApplicationTests - Started EmployeeApplicationTests in 9.282 seconds (process running for 10.617)
2025-08-12 14:41:40 INFO  o.s.o.j.LocalContainerEntityManagerFactoryBean - Closing JPA EntityManagerFactory for persistence unit 'default'
2025-08-12 14:41:40 INFO  com.zaxxer.hikari.HikariDataSource - HikariPool-1 - Shutdown initiated...
2025-08-12 14:41:40 INFO  com.zaxxer.hikari.HikariDataSource - HikariPool-1 - Shutdown completed.
2025-08-12 14:42:03 INFO  o.h.validator.internal.util.Version - HV000001: Hibernate Validator 8.0.2.Final
2025-08-12 14:42:03 INFO  c.e.employee.EmployeeApplication - Starting EmployeeApplication using Java 21.0.6 with PID 11360 (C:\Users\ho 800g2\OneDrive\Desktop\Jani\nology\sessions\Spring\EmployeeCreator\Backend\employee\target\classes started by ho 800g2 in C:\Users\ho 800g2\OneDrive\Desktop\Jani\nology\sessions\Spring\EmployeeCreator\Backend\employee)
2025-08-12 14:42:03 DEBUG c.e.employee.EmployeeApplication - Running with Spring Boot v3.5.3, Spring v6.2.8
2025-08-12 14:42:03 INFO  c.e.employee.EmployeeApplication - No active profile set, falling back to 1 default profile: "default"
2025-08-12 14:42:03 INFO  o.s.b.d.e.DevToolsPropertyDefaultsPostProcessor - Devtools property defaults active! Set 'spring.devtools.add-properties' to 'false' to disable
2025-08-12 14:42:03 INFO  o.s.b.d.e.DevToolsPropertyDefaultsPostProcessor - For additional web related logging consider setting the 'logging.level.web' property to 'DEBUG'
2025-08-12 14:42:04 INFO  o.s.d.r.c.RepositoryConfigurationDelegate - Bootstrapping Spring Data JPA repositories in DEFAULT mode.
2025-08-12 14:42:04 INFO  o.s.d.r.c.RepositoryConfigurationDelegate - Finished Spring Data repository scanning in 71 ms. Found 4 JPA repository interfaces.
2025-08-12 14:42:05 INFO  o.s.b.w.e.tomcat.TomcatWebServer - Tomcat initialized with port 8080 (http)
2025-08-12 14:42:05 INFO  o.a.coyote.http11.Http11NioProtocol - Initializing ProtocolHandler ["http-nio-8080"]
2025-08-12 14:42:05 INFO  o.a.catalina.core.StandardService - Starting service [Tomcat]
2025-08-12 14:42:05 INFO  o.a.catalina.core.StandardEngine - Starting Servlet engine: [Apache Tomcat/10.1.42]
2025-08-12 14:42:05 INFO  o.a.c.c.C.[Tomcat].[localhost].[/] - Initializing Spring embedded WebApplicationContext
2025-08-12 14:42:05 INFO  o.s.b.w.s.c.ServletWebServerApplicationContext - Root WebApplicationContext: initialization completed in 1544 ms
2025-08-12 14:42:05 INFO  o.h.jpa.internal.util.LogHelper - HHH000204: Processing PersistenceUnitInfo [name: default]
2025-08-12 14:42:05 INFO  org.hibernate.Version - HHH000412: Hibernate ORM core version 6.6.18.Final
2025-08-12 14:42:05 INFO  o.h.c.i.RegionFactoryInitiator - HHH000026: Second-level cache disabled
2025-08-12 14:42:06 INFO  o.s.o.j.p.SpringPersistenceUnitInfo - No LoadTimeWeaver setup: ignoring JPA class transformer
2025-08-12 14:42:06 INFO  com.zaxxer.hikari.HikariDataSource - HikariPool-1 - Starting...
2025-08-12 14:42:06 INFO  com.zaxxer.hikari.pool.HikariPool - HikariPool-1 - Added connection com.mysql.cj.jdbc.ConnectionImpl@3a903546
2025-08-12 14:42:06 INFO  com.zaxxer.hikari.HikariDataSource - HikariPool-1 - Start completed.
2025-08-12 14:42:06 WARN  org.hibernate.orm.deprecation - HHH90000025: MySQL8Dialect does not need to be specified explicitly using 'hibernate.dialect' (remove the property setting and it will be selected by default)
2025-08-12 14:42:06 WARN  org.hibernate.orm.deprecation - HHH90000026: MySQL8Dialect has been deprecated; use org.hibernate.dialect.MySQLDialect instead
2025-08-12 14:42:06 INFO  o.hibernate.orm.connections.pooling - HHH10001005: Database info:
	Database JDBC URL [Connecting through datasource 'HikariDataSource (HikariPool-1)']
	Database driver: undefined/unknown
	Database version: 8.0
	Autocommit mode: undefined/unknown
	Isolation level: undefined/unknown
	Minimum pool size: undefined/unknown
	Maximum pool size: undefined/unknown
2025-08-12 14:42:07 INFO  o.h.e.t.j.p.i.JtaPlatformInitiator - HHH000489: No JTA platform available (set 'hibernate.transaction.jta.platform' to enable JTA platform integration)
2025-08-12 14:42:08 INFO  o.s.o.j.LocalContainerEntityManagerFactoryBean - Initialized JPA EntityManagerFactory for persistence unit 'default'
2025-08-12 14:42:08 INFO  o.s.d.j.r.query.QueryEnhancerFactory - Hibernate is in classpath; If applicable, HQL parser will be used.
2025-08-12 14:42:09 WARN  o.s.b.a.o.j.JpaBaseConfiguration$JpaWebConfiguration - spring.jpa.open-in-view is enabled by default. Therefore, database queries may be performed during view rendering. Explicitly configure spring.jpa.open-in-view to disable this warning
2025-08-12 14:42:09 INFO  o.s.b.d.a.OptionalLiveReloadServer - LiveReload server is running on port 35729
2025-08-12 14:42:09 INFO  o.a.coyote.http11.Http11NioProtocol - Starting ProtocolHandler ["http-nio-8080"]
2025-08-12 14:42:09 INFO  o.s.b.w.e.tomcat.TomcatWebServer - Tomcat started on port 8080 (http) with context path '/'
2025-08-12 14:42:09 INFO  c.e.employee.EmployeeApplication - Started EmployeeApplication in 6.555 seconds (process running for 7.105)
2025-08-12 14:43:20 INFO  o.a.c.c.C.[Tomcat].[localhost].[/] - Initializing Spring DispatcherServlet 'dispatcherServlet'
2025-08-12 14:43:20 INFO  o.s.web.servlet.DispatcherServlet - Initializing Servlet 'dispatcherServlet'
2025-08-12 14:43:20 INFO  o.s.web.servlet.DispatcherServlet - Completed initialization in 1 ms
2025-08-12 14:43:21 DEBUG c.e.e.e.EmployeeController - Fetching all employees
2025-08-12 14:43:21 DEBUG c.e.e.e.EmployeeService - Fetching all employees
2025-08-12 14:43:21 DEBUG c.e.e.e.EmployeeController - Fetched 10 employees
2025-08-12 14:43:22 DEBUG c.e.e.e.EmployeeController - Fetching all employees
2025-08-12 14:43:22 DEBUG c.e.e.e.EmployeeService - Fetching all employees
2025-08-12 14:43:22 DEBUG c.e.e.e.EmployeeController - Fetched 10 employees
2025-08-12 14:48:08 DEBUG c.e.e.e.EmployeeController - Replacing employee with ID: 11
2025-08-12 14:48:08 INFO  c.e.e.e.EmployeeService - Updating employee with id: 11
2025-08-12 14:48:08 DEBUG c.e.e.e.EmployeeService - Fetching employee with ID: 11
2025-08-12 14:48:08 INFO  c.e.e.e.EmployeeService - Updated details for employee with id: 11
2025-08-12 14:48:08 INFO  c.e.e.e.EmployeeController - Replaced employee with ID: 11
2025-08-12 14:48:10 DEBUG c.e.e.e.EmployeeController - Fetching all employees
2025-08-12 14:48:10 DEBUG c.e.e.e.EmployeeService - Fetching all employees
2025-08-12 14:48:10 DEBUG c.e.e.e.EmployeeController - Fetched 10 employees
2025-08-12 14:48:22 DEBUG c.e.e.e.EmployeeController - Replacing employee with ID: 11
2025-08-12 14:48:22 INFO  c.e.e.e.EmployeeService - Updating employee with id: 11
2025-08-12 14:48:22 DEBUG c.e.e.e.EmployeeService - Fetching employee with ID: 11
2025-08-12 14:48:22 INFO  c.e.e.e.EmployeeService - Updated details for employee with id: 11
2025-08-12 14:48:22 INFO  c.e.e.e.EmployeeController - Replaced employee with ID: 11
2025-08-12 14:48:24 DEBUG c.e.e.e.EmployeeController - Fetching all employees
2025-08-12 14:48:24 DEBUG c.e.e.e.EmployeeService - Fetching all employees
2025-08-12 14:48:24 DEBUG c.e.e.e.EmployeeController - Fetched 10 employees
2025-08-12 15:58:42 WARN  com.zaxxer.hikari.pool.HikariPool - HikariPool-1 - Thread starvation or clock leap detected (housekeeper delta=12m35s476ms914µs700ns).
2025-08-12 15:59:05 DEBUG c.e.e.e.EmployeeController - Fetching all employees
2025-08-12 15:59:05 DEBUG c.e.e.e.EmployeeService - Fetching all employees
2025-08-12 15:59:05 DEBUG c.e.e.e.EmployeeController - Fetched 10 employees
2025-08-12 15:59:07 DEBUG c.e.e.e.EmployeeController - Fetching all employees
2025-08-12 15:59:07 DEBUG c.e.e.e.EmployeeService - Fetching all employees
2025-08-12 15:59:07 DEBUG c.e.e.e.EmployeeController - Fetched 10 employees
2025-08-12 15:59:22 DEBUG c.e.e.e.EmployeeController - Replacing employee with ID: 11
2025-08-12 15:59:22 INFO  c.e.e.e.EmployeeService - Updating employee with id: 11
2025-08-12 15:59:22 DEBUG c.e.e.e.EmployeeService - Fetching employee with ID: 11
2025-08-12 15:59:22 INFO  c.e.e.e.EmployeeService - Updated details for employee with id: 11
2025-08-12 15:59:22 INFO  c.e.e.e.EmployeeController - Replaced employee with ID: 11
2025-08-12 15:59:24 DEBUG c.e.e.e.EmployeeController - Fetching all employees
2025-08-12 15:59:24 DEBUG c.e.e.e.EmployeeService - Fetching all employees
2025-08-12 15:59:24 DEBUG c.e.e.e.EmployeeController - Fetched 10 employees
2025-08-12 16:00:08 DEBUG c.e.e.e.EmployeeController - Replacing employee with ID: 11
2025-08-12 16:00:08 INFO  c.e.e.e.EmployeeService - Updating employee with id: 11
2025-08-12 16:00:08 DEBUG c.e.e.e.EmployeeService - Fetching employee with ID: 11
2025-08-12 16:00:08 INFO  c.e.e.e.EmployeeService - Updated details for employee with id: 11
2025-08-12 16:00:08 INFO  c.e.e.e.EmployeeController - Replaced employee with ID: 11
2025-08-12 16:00:10 DEBUG c.e.e.e.EmployeeController - Fetching all employees
2025-08-12 16:00:10 DEBUG c.e.e.e.EmployeeService - Fetching all employees
2025-08-12 16:00:10 DEBUG c.e.e.e.EmployeeController - Fetched 10 employees
2025-08-12 16:16:52 DEBUG c.e.e.e.EmployeeController - Replacing employee with ID: 12
2025-08-12 16:16:52 INFO  c.e.e.e.EmployeeService - Updating employee with id: 12
2025-08-12 16:16:52 DEBUG c.e.e.e.EmployeeService - Fetching employee with ID: 12
2025-08-12 16:16:52 INFO  c.e.e.e.EmployeeService - Updated details for employee with id: 12
2025-08-12 16:16:52 INFO  c.e.e.e.EmployeeController - Replaced employee with ID: 12
2025-08-12 16:16:54 DEBUG c.e.e.e.EmployeeController - Fetching all employees
2025-08-12 16:16:54 DEBUG c.e.e.e.EmployeeService - Fetching all employees
2025-08-12 16:16:54 DEBUG c.e.e.e.EmployeeController - Fetched 10 employees
2025-08-12 16:17:43 DEBUG c.e.e.e.EmployeeController - Replacing employee with ID: 11
2025-08-12 16:17:43 INFO  c.e.e.e.EmployeeService - Updating employee with id: 11
2025-08-12 16:17:43 DEBUG c.e.e.e.EmployeeService - Fetching employee with ID: 11
2025-08-12 16:17:43 INFO  c.e.e.e.EmployeeService - Updated details for employee with id: 11
2025-08-12 16:17:43 INFO  c.e.e.e.EmployeeController - Replaced employee with ID: 11
2025-08-12 16:17:45 DEBUG c.e.e.e.EmployeeController - Fetching all employees
2025-08-12 16:17:45 DEBUG c.e.e.e.EmployeeService - Fetching all employees
2025-08-12 16:17:45 DEBUG c.e.e.e.EmployeeController - Fetched 10 employees
2025-08-12 16:18:52 DEBUG c.e.e.e.EmployeeController - Replacing employee with ID: 12
2025-08-12 16:18:52 INFO  c.e.e.e.EmployeeService - Updating employee with id: 12
2025-08-12 16:18:52 DEBUG c.e.e.e.EmployeeService - Fetching employee with ID: 12
2025-08-12 16:18:52 INFO  c.e.e.e.EmployeeService - Updated details for employee with id: 12
2025-08-12 16:18:52 INFO  c.e.e.e.EmployeeController - Replaced employee with ID: 12
2025-08-12 16:18:54 DEBUG c.e.e.e.EmployeeController - Fetching all employees
2025-08-12 16:18:54 DEBUG c.e.e.e.EmployeeService - Fetching all employees
2025-08-12 16:18:54 DEBUG c.e.e.e.EmployeeController - Fetched 10 employees
2025-08-12 16:20:02 DEBUG c.e.e.e.EmployeeController - Replacing employee with ID: 11
2025-08-12 16:20:02 INFO  c.e.e.e.EmployeeService - Updating employee with id: 11
2025-08-12 16:20:02 DEBUG c.e.e.e.EmployeeService - Fetching employee with ID: 11
2025-08-12 16:20:02 INFO  c.e.e.e.EmployeeService - Updated details for employee with id: 11
2025-08-12 16:20:02 INFO  c.e.e.e.EmployeeController - Replaced employee with ID: 11
2025-08-12 16:20:04 DEBUG c.e.e.e.EmployeeController - Fetching all employees
2025-08-12 16:20:04 DEBUG c.e.e.e.EmployeeService - Fetching all employees
2025-08-12 16:20:04 DEBUG c.e.e.e.EmployeeController - Fetched 10 employees
2025-08-12 16:20:22 DEBUG c.e.e.e.EmployeeController - Replacing employee with ID: 12
2025-08-12 16:20:22 INFO  c.e.e.e.EmployeeService - Updating employee with id: 12
2025-08-12 16:20:22 DEBUG c.e.e.e.EmployeeService - Fetching employee with ID: 12
2025-08-12 16:20:22 INFO  c.e.e.e.EmployeeService - Updated details for employee with id: 12
2025-08-12 16:20:22 INFO  c.e.e.e.EmployeeController - Replaced employee with ID: 12
2025-08-12 16:20:24 DEBUG c.e.e.e.EmployeeController - Fetching all employees
2025-08-12 16:20:24 DEBUG c.e.e.e.EmployeeService - Fetching all employees
2025-08-12 16:20:24 DEBUG c.e.e.e.EmployeeController - Fetched 10 employees
2025-08-12 16:22:38 DEBUG c.e.e.contract.ContractService - Creating contract for employee ID: 14, DTO: com.example.employee.contract.dto.ContractCreateDTO@cdbcf2
2025-08-12 16:22:38 DEBUG c.e.e.contract.ContractService - Created contract ID: 41 for employee ID: 14
2025-08-12 16:22:40 DEBUG c.e.e.e.EmployeeController - Fetching all employees
2025-08-12 16:22:40 DEBUG c.e.e.e.EmployeeService - Fetching all employees
2025-08-12 16:22:40 DEBUG c.e.e.e.EmployeeController - Fetched 10 employees
2025-08-12 16:22:42 DEBUG c.e.e.e.EmployeeController - Fetching all employees
2025-08-12 16:22:42 DEBUG c.e.e.e.EmployeeService - Fetching all employees
2025-08-12 16:22:42 DEBUG c.e.e.e.EmployeeController - Fetched 10 employees
2025-08-12 16:22:44 DEBUG c.e.e.e.EmployeeController - Fetching all employees
2025-08-12 16:22:44 DEBUG c.e.e.e.EmployeeService - Fetching all employees
2025-08-12 16:22:44 DEBUG c.e.e.e.EmployeeController - Fetched 10 employees
2025-08-12 16:23:22 DEBUG c.e.e.contract.ContractService - Creating contract for employee ID: 14, DTO: com.example.employee.contract.dto.ContractCreateDTO@7198d002
2025-08-12 16:23:22 DEBUG c.e.e.contract.ContractService - Created contract ID: 42 for employee ID: 14
2025-08-12 16:23:24 DEBUG c.e.e.e.EmployeeController - Fetching all employees
2025-08-12 16:23:24 DEBUG c.e.e.e.EmployeeService - Fetching all employees
2025-08-12 16:23:24 DEBUG c.e.e.e.EmployeeController - Fetched 10 employees
2025-08-12 16:23:26 DEBUG c.e.e.e.EmployeeController - Fetching all employees
2025-08-12 16:23:26 DEBUG c.e.e.e.EmployeeService - Fetching all employees
2025-08-12 16:23:26 DEBUG c.e.e.e.EmployeeController - Fetched 10 employees
2025-08-12 16:23:27 DEBUG c.e.e.contract.ContractService - Creating contract for employee ID: 14, DTO: com.example.employee.contract.dto.ContractCreateDTO@67d745cb
2025-08-12 16:23:27 DEBUG c.e.e.contract.ContractService - Created contract ID: 43 for employee ID: 14
2025-08-12 16:23:29 DEBUG c.e.e.e.EmployeeController - Fetching all employees
2025-08-12 16:23:29 DEBUG c.e.e.e.EmployeeService - Fetching all employees
2025-08-12 16:23:29 DEBUG c.e.e.e.EmployeeController - Fetched 10 employees
2025-08-12 16:23:31 DEBUG c.e.e.e.EmployeeController - Fetching all employees
2025-08-12 16:23:31 DEBUG c.e.e.e.EmployeeService - Fetching all employees
2025-08-12 16:23:31 DEBUG c.e.e.e.EmployeeController - Fetched 10 employees
2025-08-12 16:23:33 DEBUG c.e.e.e.EmployeeController - Fetching all employees
2025-08-12 16:23:33 DEBUG c.e.e.e.EmployeeService - Fetching all employees
2025-08-12 16:23:33 DEBUG c.e.e.e.EmployeeController - Fetched 10 employees
2025-08-12 16:23:35 DEBUG c.e.e.e.EmployeeController - Fetching all employees
2025-08-12 16:23:35 DEBUG c.e.e.e.EmployeeService - Fetching all employees
2025-08-12 16:23:35 DEBUG c.e.e.e.EmployeeController - Fetched 10 employees
2025-08-12 16:26:07 DEBUG c.e.e.e.EmployeeController - Fetching all employees
2025-08-12 16:26:07 DEBUG c.e.e.e.EmployeeService - Fetching all employees
2025-08-12 16:26:07 DEBUG c.e.e.e.EmployeeController - Fetched 10 employees
2025-08-12 16:26:09 DEBUG c.e.e.e.EmployeeController - Fetching all employees
2025-08-12 16:26:09 DEBUG c.e.e.e.EmployeeService - Fetching all employees
2025-08-12 16:26:09 DEBUG c.e.e.e.EmployeeController - Fetched 10 employees
2025-08-12 16:27:17 DEBUG c.e.e.e.EmployeeController - Fetching all employees
2025-08-12 16:27:17 DEBUG c.e.e.e.EmployeeService - Fetching all employees
2025-08-12 16:27:17 DEBUG c.e.e.e.EmployeeController - Fetched 10 employees
2025-08-12 16:27:19 DEBUG c.e.e.e.EmployeeController - Fetching all employees
2025-08-12 16:27:19 DEBUG c.e.e.e.EmployeeService - Fetching all employees
2025-08-12 16:27:19 DEBUG c.e.e.e.EmployeeController - Fetched 10 employees
2025-08-12 16:29:04 DEBUG c.e.e.e.EmployeeController - Fetching all employees
2025-08-12 16:29:04 DEBUG c.e.e.e.EmployeeService - Fetching all employees
2025-08-12 16:29:04 DEBUG c.e.e.e.EmployeeController - Fetched 10 employees
2025-08-12 16:29:06 DEBUG c.e.e.e.EmployeeController - Fetching all employees
2025-08-12 16:29:06 DEBUG c.e.e.e.EmployeeService - Fetching all employees
2025-08-12 16:29:06 DEBUG c.e.e.e.EmployeeController - Fetched 10 employees
2025-08-12 16:29:51 DEBUG c.e.e.e.EmployeeController - Fetching all employees
2025-08-12 16:29:51 DEBUG c.e.e.e.EmployeeService - Fetching all employees
2025-08-12 16:29:51 DEBUG c.e.e.e.EmployeeController - Fetched 10 employees
2025-08-12 16:29:53 DEBUG c.e.e.e.EmployeeController - Fetching all employees
2025-08-12 16:29:53 DEBUG c.e.e.e.EmployeeService - Fetching all employees
2025-08-12 16:29:53 DEBUG c.e.e.e.EmployeeController - Fetched 10 employees
2025-08-12 16:30:50 DEBUG c.e.e.e.EmployeeController - Fetching all employees
2025-08-12 16:30:50 DEBUG c.e.e.e.EmployeeService - Fetching all employees
2025-08-12 16:30:50 DEBUG c.e.e.e.EmployeeController - Fetched 10 employees
2025-08-12 16:30:52 DEBUG c.e.e.e.EmployeeController - Fetching all employees
2025-08-12 16:30:52 DEBUG c.e.e.e.EmployeeService - Fetching all employees
2025-08-12 16:30:52 DEBUG c.e.e.e.EmployeeController - Fetched 10 employees
2025-08-12 16:32:10 DEBUG c.e.e.contract.ContractService - Creating contract for employee ID: 20, DTO: com.example.employee.contract.dto.ContractCreateDTO@5791aa0d
2025-08-12 16:32:10 DEBUG c.e.e.contract.ContractService - Created contract ID: 44 for employee ID: 20
2025-08-12 16:32:12 DEBUG c.e.e.e.EmployeeController - Fetching all employees
2025-08-12 16:32:12 DEBUG c.e.e.e.EmployeeService - Fetching all employees
2025-08-12 16:32:12 DEBUG c.e.e.e.EmployeeController - Fetched 10 employees
2025-08-12 16:32:14 DEBUG c.e.e.e.EmployeeController - Fetching all employees
2025-08-12 16:32:14 DEBUG c.e.e.e.EmployeeService - Fetching all employees
2025-08-12 16:32:14 DEBUG c.e.e.e.EmployeeController - Fetched 10 employees
2025-08-12 16:32:16 DEBUG c.e.e.e.EmployeeController - Fetching all employees
2025-08-12 16:32:16 DEBUG c.e.e.e.EmployeeService - Fetching all employees
2025-08-12 16:32:16 DEBUG c.e.e.e.EmployeeController - Fetched 10 employees
2025-08-12 16:33:40 DEBUG c.e.e.contract.ContractService - Creating contract for employee ID: 20, DTO: com.example.employee.contract.dto.ContractCreateDTO@45a1a556
2025-08-12 16:33:40 DEBUG c.e.e.contract.ContractService - Created contract ID: 45 for employee ID: 20
2025-08-12 16:33:42 DEBUG c.e.e.e.EmployeeController - Fetching all employees
2025-08-12 16:33:42 DEBUG c.e.e.e.EmployeeService - Fetching all employees
2025-08-12 16:33:42 DEBUG c.e.e.e.EmployeeController - Fetched 10 employees
2025-08-12 16:33:45 DEBUG c.e.e.e.EmployeeController - Fetching all employees
2025-08-12 16:33:45 DEBUG c.e.e.e.EmployeeService - Fetching all employees
2025-08-12 16:33:45 DEBUG c.e.e.e.EmployeeController - Fetched 10 employees
2025-08-12 16:33:45 DEBUG c.e.e.contract.ContractService - Creating contract for employee ID: 20, DTO: com.example.employee.contract.dto.ContractCreateDTO@6d28ed00
2025-08-12 16:33:45 DEBUG c.e.e.contract.ContractService - Created contract ID: 46 for employee ID: 20
2025-08-12 16:33:47 DEBUG c.e.e.e.EmployeeController - Fetching all employees
2025-08-12 16:33:47 DEBUG c.e.e.e.EmployeeService - Fetching all employees
2025-08-12 16:33:47 DEBUG c.e.e.e.EmployeeController - Fetched 10 employees
2025-08-12 16:33:49 DEBUG c.e.e.e.EmployeeController - Fetching all employees
2025-08-12 16:33:49 DEBUG c.e.e.e.EmployeeService - Fetching all employees
2025-08-12 16:33:49 DEBUG c.e.e.e.EmployeeController - Fetched 10 employees
2025-08-12 16:33:51 DEBUG c.e.e.e.EmployeeController - Fetching all employees
2025-08-12 16:33:51 DEBUG c.e.e.e.EmployeeService - Fetching all employees
2025-08-12 16:33:51 DEBUG c.e.e.e.EmployeeController - Fetched 10 employees
2025-08-12 16:33:53 DEBUG c.e.e.e.EmployeeController - Fetching all employees
2025-08-12 16:33:53 DEBUG c.e.e.e.EmployeeService - Fetching all employees
2025-08-12 16:33:53 DEBUG c.e.e.e.EmployeeController - Fetched 10 employees
2025-08-12 16:35:46 DEBUG c.e.e.contract.ContractService - Creating contract for employee ID: 17, DTO: com.example.employee.contract.dto.ContractCreateDTO@1282afc4
2025-08-12 16:35:46 DEBUG c.e.e.contract.ContractService - Created contract ID: 47 for employee ID: 17
2025-08-12 16:35:47 DEBUG c.e.e.contract.ContractService - Creating contract for employee ID: 17, DTO: com.example.employee.contract.dto.ContractCreateDTO@7f298473
2025-08-12 16:35:47 DEBUG c.e.e.contract.ContractService - Created contract ID: 48 for employee ID: 17
2025-08-12 16:35:48 DEBUG c.e.e.e.EmployeeController - Fetching all employees
2025-08-12 16:35:48 DEBUG c.e.e.e.EmployeeService - Fetching all employees
2025-08-12 16:35:48 DEBUG c.e.e.e.EmployeeController - Fetched 10 employees
2025-08-12 16:35:50 DEBUG c.e.e.e.EmployeeController - Fetching all employees
2025-08-12 16:35:50 DEBUG c.e.e.e.EmployeeService - Fetching all employees
2025-08-12 16:35:50 DEBUG c.e.e.e.EmployeeController - Fetched 10 employees
2025-08-12 16:35:53 DEBUG c.e.e.e.EmployeeController - Fetching all employees
2025-08-12 16:35:53 DEBUG c.e.e.e.EmployeeService - Fetching all employees
2025-08-12 16:35:53 DEBUG c.e.e.e.EmployeeController - Fetched 10 employees
2025-08-12 16:35:55 DEBUG c.e.e.e.EmployeeController - Fetching all employees
2025-08-12 16:35:55 DEBUG c.e.e.e.EmployeeService - Fetching all employees
2025-08-12 16:35:55 DEBUG c.e.e.e.EmployeeController - Fetched 10 employees
2025-08-12 16:35:57 DEBUG c.e.e.e.EmployeeController - Fetching all employees
2025-08-12 16:35:57 DEBUG c.e.e.e.EmployeeService - Fetching all employees
2025-08-12 16:35:57 DEBUG c.e.e.e.EmployeeController - Fetched 10 employees
2025-08-12 16:35:59 DEBUG c.e.e.e.EmployeeController - Fetching all employees
2025-08-12 16:35:59 DEBUG c.e.e.e.EmployeeService - Fetching all employees
2025-08-12 16:35:59 DEBUG c.e.e.e.EmployeeController - Fetched 10 employees
2025-08-12 17:15:01 WARN  com.zaxxer.hikari.pool.HikariPool - HikariPool-1 - Thread starvation or clock leap detected (housekeeper delta=3m17s826ms829µs500ns).
2025-08-12 17:15:49 DEBUG c.e.e.e.EmployeeController - Fetching all employees
2025-08-12 17:15:49 DEBUG c.e.e.e.EmployeeService - Fetching all employees
2025-08-12 17:15:49 DEBUG c.e.e.e.EmployeeController - Fetched 10 employees
2025-08-12 17:15:51 DEBUG c.e.e.e.EmployeeController - Fetching all employees
2025-08-12 17:15:51 DEBUG c.e.e.e.EmployeeService - Fetching all employees
2025-08-12 17:15:51 DEBUG c.e.e.e.EmployeeController - Fetched 10 employees
2025-08-12 17:16:54 DEBUG c.e.e.e.EmployeeController - Replacing employee with ID: 11
2025-08-12 17:16:54 INFO  c.e.e.e.EmployeeService - Updating employee with id: 11
2025-08-12 17:16:54 DEBUG c.e.e.e.EmployeeService - Fetching employee with ID: 11
2025-08-12 17:16:54 INFO  c.e.e.e.EmployeeService - Updated details for employee with id: 11
2025-08-12 17:16:54 INFO  c.e.e.e.EmployeeController - Replaced employee with ID: 11
2025-08-12 17:16:56 DEBUG c.e.e.e.EmployeeController - Fetching all employees
2025-08-12 17:16:56 DEBUG c.e.e.e.EmployeeService - Fetching all employees
2025-08-12 17:16:56 DEBUG c.e.e.e.EmployeeController - Fetched 10 employees
2025-08-12 17:17:48 DEBUG c.e.e.contract.ContractService - Creating contract for employee ID: 11, DTO: com.example.employee.contract.dto.ContractCreateDTO@6a766ce4
2025-08-12 17:17:48 DEBUG c.e.e.contract.ContractService - Created contract ID: 49 for employee ID: 11
2025-08-12 17:17:50 DEBUG c.e.e.e.EmployeeController - Fetching all employees
2025-08-12 17:17:50 DEBUG c.e.e.e.EmployeeService - Fetching all employees
2025-08-12 17:17:50 DEBUG c.e.e.e.EmployeeController - Fetched 10 employees
2025-08-12 17:17:53 DEBUG c.e.e.e.EmployeeController - Fetching all employees
2025-08-12 17:17:53 DEBUG c.e.e.e.EmployeeService - Fetching all employees
2025-08-12 17:17:53 DEBUG c.e.e.e.EmployeeController - Fetched 10 employees
2025-08-12 17:17:55 DEBUG c.e.e.e.EmployeeController - Fetching all employees
2025-08-12 17:17:55 DEBUG c.e.e.e.EmployeeService - Fetching all employees
2025-08-12 17:17:55 DEBUG c.e.e.e.EmployeeController - Fetched 10 employees
2025-08-12 17:17:59 DEBUG c.e.e.e.EmployeeController - Replacing employee with ID: 11
2025-08-12 17:17:59 INFO  c.e.e.e.EmployeeService - Updating employee with id: 11
2025-08-12 17:17:59 DEBUG c.e.e.e.EmployeeService - Fetching employee with ID: 11
2025-08-12 17:17:59 INFO  c.e.e.e.EmployeeService - Updated details for employee with id: 11
2025-08-12 17:17:59 INFO  c.e.e.e.EmployeeController - Replaced employee with ID: 11
2025-08-12 17:18:01 DEBUG c.e.e.e.EmployeeController - Fetching all employees
2025-08-12 17:18:01 DEBUG c.e.e.e.EmployeeService - Fetching all employees
2025-08-12 17:18:01 DEBUG c.e.e.e.EmployeeController - Fetched 10 employees
2025-08-12 17:18:52 DEBUG c.e.e.contract.ContractService - Creating contract for employee ID: 13, DTO: com.example.employee.contract.dto.ContractCreateDTO@3e216761
2025-08-12 17:18:52 DEBUG c.e.e.contract.ContractService - Created contract ID: 50 for employee ID: 13
2025-08-12 17:18:54 DEBUG c.e.e.e.EmployeeController - Fetching all employees
2025-08-12 17:18:54 DEBUG c.e.e.e.EmployeeService - Fetching all employees
2025-08-12 17:18:54 DEBUG c.e.e.e.EmployeeController - Fetched 10 employees
2025-08-12 17:18:56 DEBUG c.e.e.e.EmployeeController - Fetching all employees
2025-08-12 17:18:56 DEBUG c.e.e.e.EmployeeService - Fetching all employees
2025-08-12 17:18:56 DEBUG c.e.e.e.EmployeeController - Fetched 10 employees
2025-08-12 17:18:58 DEBUG c.e.e.e.EmployeeController - Fetching all employees
2025-08-12 17:18:58 DEBUG c.e.e.e.EmployeeService - Fetching all employees
2025-08-12 17:18:58 DEBUG c.e.e.e.EmployeeController - Fetched 10 employees
2025-08-12 17:20:49 DEBUG c.e.e.e.EmployeeController - Replacing employee with ID: 13
2025-08-12 17:20:49 INFO  c.e.e.e.EmployeeService - Updating employee with id: 13
2025-08-12 17:20:49 DEBUG c.e.e.e.EmployeeService - Fetching employee with ID: 13
2025-08-12 17:20:49 INFO  c.e.e.e.EmployeeService - Updated details for employee with id: 13
2025-08-12 17:20:49 INFO  c.e.e.e.EmployeeController - Replaced employee with ID: 13
2025-08-12 17:20:51 DEBUG c.e.e.e.EmployeeController - Fetching all employees
2025-08-12 17:20:51 DEBUG c.e.e.e.EmployeeService - Fetching all employees
2025-08-12 17:20:51 DEBUG c.e.e.e.EmployeeController - Fetched 10 employees
2025-08-12 17:21:06 DEBUG c.e.e.e.EmployeeController - Replacing employee with ID: 13
2025-08-12 17:21:06 INFO  c.e.e.e.EmployeeService - Updating employee with id: 13
2025-08-12 17:21:06 DEBUG c.e.e.e.EmployeeService - Fetching employee with ID: 13
2025-08-12 17:21:06 INFO  c.e.e.e.EmployeeService - Updated details for employee with id: 13
2025-08-12 17:21:06 INFO  c.e.e.e.EmployeeController - Replaced employee with ID: 13
2025-08-12 17:21:08 DEBUG c.e.e.e.EmployeeController - Fetching all employees
2025-08-12 17:21:08 DEBUG c.e.e.e.EmployeeService - Fetching all employees
2025-08-12 17:21:08 DEBUG c.e.e.e.EmployeeController - Fetched 10 employees
