2025-08-02 10:32:20 WARN  com.zaxxer.hikari.pool.HikariPool - HikariPool-1 - Thread starvation or clock leap detected (housekeeper delta=12h13m13s741ms7µs700ns).
2025-08-02 10:32:29 DEBUG c.e.e.e.EmployeeController - Fetching all employees
2025-08-02 10:32:29 DEBUG c.e.e.e.EmployeeService - Fetching all employees
2025-08-02 10:32:29 DEBUG c.e.e.e.EmployeeController - Fetched 10 employees
2025-08-02 10:32:29 DEBUG c.e.e.e.EmployeeController - Fetching all employees
2025-08-02 10:32:29 DEBUG c.e.e.e.EmployeeService - Fetching all employees
2025-08-02 10:32:29 DEBUG c.e.e.e.EmployeeController - Fetched 10 employees
2025-08-02 10:52:58 DEBUG c.e.e.e.EmployeeController - Fetching all employees
2025-08-02 10:52:58 DEBUG c.e.e.e.EmployeeService - Fetching all employees
2025-08-02 10:52:58 DEBUG c.e.e.e.EmployeeController - Fetched 10 employees
2025-08-02 10:52:59 DEBUG c.e.e.e.EmployeeController - Fetching all employees
2025-08-02 10:52:59 DEBUG c.e.e.e.EmployeeService - Fetching all employees
2025-08-02 10:52:59 DEBUG c.e.e.e.EmployeeController - Fetched 10 employees
2025-08-02 11:27:33 DEBUG c.e.e.e.EmployeeController - Fetching all employees
2025-08-02 11:27:33 DEBUG c.e.e.e.EmployeeService - Fetching all employees
2025-08-02 11:27:33 DEBUG c.e.e.e.EmployeeController - Fetched 10 employees
2025-08-02 11:27:33 DEBUG c.e.e.e.EmployeeController - Fetching all employees
2025-08-02 11:27:33 DEBUG c.e.e.e.EmployeeService - Fetching all employees
2025-08-02 11:27:33 DEBUG c.e.e.e.EmployeeController - Fetched 10 employees
2025-08-02 11:30:39 DEBUG c.e.e.e.EmployeeController - Fetching all employees
2025-08-02 11:30:39 DEBUG c.e.e.e.EmployeeService - Fetching all employees
2025-08-02 11:30:39 DEBUG c.e.e.e.EmployeeController - Fetched 10 employees
2025-08-02 11:30:39 DEBUG c.e.e.e.EmployeeController - Fetching all employees
2025-08-02 11:30:39 DEBUG c.e.e.e.EmployeeService - Fetching all employees
2025-08-02 11:30:39 DEBUG c.e.e.e.EmployeeController - Fetched 10 employees
2025-08-02 11:42:23 DEBUG c.e.e.e.EmployeeController - Fetching all employees
2025-08-02 11:42:23 DEBUG c.e.e.e.EmployeeService - Fetching all employees
2025-08-02 11:42:23 DEBUG c.e.e.e.EmployeeController - Fetched 10 employees
2025-08-02 11:42:23 DEBUG c.e.e.e.EmployeeController - Fetching all employees
2025-08-02 11:42:23 DEBUG c.e.e.e.EmployeeService - Fetching all employees
2025-08-02 11:42:23 DEBUG c.e.e.e.EmployeeController - Fetched 10 employees
2025-08-02 11:42:30 DEBUG c.e.e.e.EmployeeController - Fetching all employees
2025-08-02 11:42:30 DEBUG c.e.e.e.EmployeeService - Fetching all employees
2025-08-02 11:42:30 DEBUG c.e.e.e.EmployeeController - Fetched 10 employees
2025-08-02 11:42:30 DEBUG c.e.e.e.EmployeeController - Fetching all employees
2025-08-02 11:42:30 DEBUG c.e.e.e.EmployeeService - Fetching all employees
2025-08-02 11:42:30 DEBUG c.e.e.e.EmployeeController - Fetched 10 employees
2025-08-02 11:48:12 WARN  o.s.w.s.m.s.DefaultHandlerExceptionResolver - Resolved [org.springframework.http.converter.HttpMessageNotReadableException: JSON parse error: Cannot coerce empty String ("") to `com.example.employee.contract.Contract$ContractType` value (but could if coercion was enabled using `CoercionConfig`)]
2025-08-02 12:55:53 WARN  com.zaxxer.hikari.pool.HikariPool - HikariPool-1 - Thread starvation or clock leap detected (housekeeper delta=31m2s151ms873µs).
2025-08-02 12:55:58 DEBUG c.e.e.e.EmployeeController - Fetching all employees
2025-08-02 12:55:58 DEBUG c.e.e.e.EmployeeService - Fetching all employees
2025-08-02 12:55:58 DEBUG c.e.e.e.EmployeeController - Fetched 10 employees
2025-08-02 12:55:58 DEBUG c.e.e.e.EmployeeController - Fetching all employees
2025-08-02 12:55:58 DEBUG c.e.e.e.EmployeeService - Fetching all employees
2025-08-02 12:55:58 DEBUG c.e.e.e.EmployeeController - Fetched 10 employees
2025-08-02 12:57:37 DEBUG c.e.e.e.EmployeeController - Fetching all employees
2025-08-02 12:57:37 DEBUG c.e.e.e.EmployeeService - Fetching all employees
2025-08-02 12:57:37 DEBUG c.e.e.e.EmployeeController - Fetched 10 employees
2025-08-02 13:02:16 WARN  o.s.w.s.m.s.DefaultHandlerExceptionResolver - Resolved [org.springframework.http.converter.HttpMessageNotReadableException: JSON parse error: Cannot coerce empty String ("") to `com.example.employee.contract.Contract$ContractType` value (but could if coercion was enabled using `CoercionConfig`)]
2025-08-02 13:47:54 DEBUG c.e.e.e.EmployeeController - Fetching all employees
2025-08-02 13:47:54 DEBUG c.e.e.e.EmployeeService - Fetching all employees
2025-08-02 13:47:54 DEBUG c.e.e.e.EmployeeController - Fetched 10 employees
2025-08-02 13:47:54 DEBUG c.e.e.e.EmployeeController - Fetching all employees
2025-08-02 13:47:54 DEBUG c.e.e.e.EmployeeService - Fetching all employees
2025-08-02 13:47:54 DEBUG c.e.e.e.EmployeeController - Fetched 10 employees
2025-08-02 13:58:02 DEBUG c.e.e.e.EmployeeController - Fetching all employees
2025-08-02 13:58:02 DEBUG c.e.e.e.EmployeeService - Fetching all employees
2025-08-02 13:58:02 DEBUG c.e.e.e.EmployeeController - Fetched 10 employees
2025-08-02 13:58:02 DEBUG c.e.e.e.EmployeeController - Fetching all employees
2025-08-02 13:58:02 DEBUG c.e.e.e.EmployeeService - Fetching all employees
2025-08-02 13:58:02 DEBUG c.e.e.e.EmployeeController - Fetched 10 employees
2025-08-02 13:58:38 DEBUG c.e.e.e.EmployeeController - Fetching all employees
2025-08-02 13:58:38 DEBUG c.e.e.e.EmployeeService - Fetching all employees
2025-08-02 13:58:38 DEBUG c.e.e.e.EmployeeController - Fetched 10 employees
2025-08-02 13:58:38 DEBUG c.e.e.e.EmployeeController - Fetching all employees
2025-08-02 13:58:38 DEBUG c.e.e.e.EmployeeService - Fetching all employees
2025-08-02 13:58:38 DEBUG c.e.e.e.EmployeeController - Fetched 10 employees
2025-08-02 13:58:42 DEBUG c.e.e.e.EmployeeController - Fetching all employees
2025-08-02 13:58:42 DEBUG c.e.e.e.EmployeeService - Fetching all employees
2025-08-02 13:58:42 DEBUG c.e.e.e.EmployeeController - Fetched 10 employees
2025-08-02 13:58:56 DEBUG c.e.e.e.EmployeeController - Fetching all employees
2025-08-02 13:58:56 DEBUG c.e.e.e.EmployeeService - Fetching all employees
2025-08-02 13:58:56 DEBUG c.e.e.e.EmployeeController - Fetched 10 employees
2025-08-02 13:59:07 DEBUG c.e.e.e.EmployeeController - Fetching all employees
2025-08-02 13:59:07 DEBUG c.e.e.e.EmployeeService - Fetching all employees
2025-08-02 13:59:07 DEBUG c.e.e.e.EmployeeController - Fetched 10 employees
2025-08-02 13:59:07 DEBUG c.e.e.e.EmployeeController - Fetching all employees
2025-08-02 13:59:07 DEBUG c.e.e.e.EmployeeService - Fetching all employees
2025-08-02 13:59:07 DEBUG c.e.e.e.EmployeeController - Fetched 10 employees
2025-08-02 13:59:55 DEBUG c.e.e.e.EmployeeController - Fetching all employees
2025-08-02 13:59:55 DEBUG c.e.e.e.EmployeeService - Fetching all employees
2025-08-02 13:59:55 DEBUG c.e.e.e.EmployeeController - Fetched 10 employees
2025-08-02 13:59:55 DEBUG c.e.e.e.EmployeeController - Fetching all employees
2025-08-02 13:59:55 DEBUG c.e.e.e.EmployeeService - Fetching all employees
2025-08-02 13:59:55 DEBUG c.e.e.e.EmployeeController - Fetched 10 employees
2025-08-02 14:02:32 DEBUG c.e.e.e.EmployeeController - Fetching all employees
2025-08-02 14:02:32 DEBUG c.e.e.e.EmployeeService - Fetching all employees
2025-08-02 14:02:32 DEBUG c.e.e.e.EmployeeController - Fetched 10 employees
2025-08-02 14:02:32 DEBUG c.e.e.e.EmployeeController - Fetching all employees
2025-08-02 14:02:32 DEBUG c.e.e.e.EmployeeService - Fetching all employees
2025-08-02 14:02:32 DEBUG c.e.e.e.EmployeeController - Fetched 10 employees
2025-08-02 14:02:38 DEBUG c.e.e.e.EmployeeController - Fetching all employees
2025-08-02 14:02:38 DEBUG c.e.e.e.EmployeeService - Fetching all employees
2025-08-02 14:02:38 DEBUG c.e.e.e.EmployeeController - Fetched 10 employees
2025-08-02 14:02:38 DEBUG c.e.e.e.EmployeeController - Fetching all employees
2025-08-02 14:02:38 DEBUG c.e.e.e.EmployeeService - Fetching all employees
2025-08-02 14:02:38 DEBUG c.e.e.e.EmployeeController - Fetched 10 employees
2025-08-02 14:02:46 DEBUG c.e.e.e.EmployeeController - Fetching all employees
2025-08-02 14:02:46 DEBUG c.e.e.e.EmployeeService - Fetching all employees
2025-08-02 14:02:46 DEBUG c.e.e.e.EmployeeController - Fetched 10 employees
2025-08-02 14:02:46 DEBUG c.e.e.e.EmployeeController - Fetching all employees
2025-08-02 14:02:46 DEBUG c.e.e.e.EmployeeService - Fetching all employees
2025-08-02 14:02:46 DEBUG c.e.e.e.EmployeeController - Fetched 10 employees
2025-08-02 14:02:50 DEBUG c.e.e.e.EmployeeController - Fetching all employees
2025-08-02 14:02:50 DEBUG c.e.e.e.EmployeeService - Fetching all employees
2025-08-02 14:02:50 DEBUG c.e.e.e.EmployeeController - Fetched 10 employees
2025-08-02 14:02:50 DEBUG c.e.e.e.EmployeeController - Fetching all employees
2025-08-02 14:02:50 DEBUG c.e.e.e.EmployeeService - Fetching all employees
2025-08-02 14:02:50 DEBUG c.e.e.e.EmployeeController - Fetched 10 employees
2025-08-02 14:02:52 DEBUG c.e.e.e.EmployeeController - Fetching all employees
2025-08-02 14:02:52 DEBUG c.e.e.e.EmployeeService - Fetching all employees
2025-08-02 14:02:52 DEBUG c.e.e.e.EmployeeController - Fetched 10 employees
2025-08-02 14:02:52 DEBUG c.e.e.e.EmployeeController - Fetching all employees
2025-08-02 14:02:52 DEBUG c.e.e.e.EmployeeService - Fetching all employees
2025-08-02 14:02:52 DEBUG c.e.e.e.EmployeeController - Fetched 10 employees
2025-08-02 14:03:23 DEBUG c.e.e.e.EmployeeController - Fetching all employees
2025-08-02 14:03:23 DEBUG c.e.e.e.EmployeeService - Fetching all employees
2025-08-02 14:03:23 DEBUG c.e.e.e.EmployeeController - Fetched 10 employees
2025-08-02 14:03:23 DEBUG c.e.e.e.EmployeeController - Fetching all employees
2025-08-02 14:03:23 DEBUG c.e.e.e.EmployeeService - Fetching all employees
2025-08-02 14:03:23 DEBUG c.e.e.e.EmployeeController - Fetched 10 employees
2025-08-02 14:03:26 DEBUG c.e.e.e.EmployeeController - Fetching all employees
2025-08-02 14:03:26 DEBUG c.e.e.e.EmployeeService - Fetching all employees
2025-08-02 14:03:26 DEBUG c.e.e.e.EmployeeController - Fetched 10 employees
2025-08-02 14:03:26 DEBUG c.e.e.e.EmployeeController - Fetching all employees
2025-08-02 14:03:26 DEBUG c.e.e.e.EmployeeService - Fetching all employees
2025-08-02 14:03:26 DEBUG c.e.e.e.EmployeeController - Fetched 10 employees
2025-08-02 14:03:56 DEBUG c.e.e.e.EmployeeController - Fetching all employees
2025-08-02 14:03:56 DEBUG c.e.e.e.EmployeeService - Fetching all employees
2025-08-02 14:03:56 DEBUG c.e.e.e.EmployeeController - Fetched 10 employees
2025-08-02 14:03:56 DEBUG c.e.e.e.EmployeeController - Fetching all employees
2025-08-02 14:03:56 DEBUG c.e.e.e.EmployeeService - Fetching all employees
2025-08-02 14:03:56 DEBUG c.e.e.e.EmployeeController - Fetched 10 employees
2025-08-02 14:03:59 DEBUG c.e.e.e.EmployeeController - Fetching all employees
2025-08-02 14:03:59 DEBUG c.e.e.e.EmployeeService - Fetching all employees
2025-08-02 14:03:59 DEBUG c.e.e.e.EmployeeController - Fetched 10 employees
2025-08-02 14:03:59 DEBUG c.e.e.e.EmployeeController - Fetching all employees
2025-08-02 14:03:59 DEBUG c.e.e.e.EmployeeService - Fetching all employees
2025-08-02 14:03:59 DEBUG c.e.e.e.EmployeeController - Fetched 10 employees
2025-08-02 14:04:01 DEBUG c.e.e.e.EmployeeController - Fetching all employees
2025-08-02 14:04:01 DEBUG c.e.e.e.EmployeeService - Fetching all employees
2025-08-02 14:04:01 DEBUG c.e.e.e.EmployeeController - Fetched 10 employees
2025-08-02 14:04:01 DEBUG c.e.e.e.EmployeeController - Fetching all employees
2025-08-02 14:04:01 DEBUG c.e.e.e.EmployeeService - Fetching all employees
2025-08-02 14:04:01 DEBUG c.e.e.e.EmployeeController - Fetched 10 employees
2025-08-02 14:04:07 DEBUG c.e.e.e.EmployeeController - Fetching all employees
2025-08-02 14:04:07 DEBUG c.e.e.e.EmployeeService - Fetching all employees
2025-08-02 14:04:07 DEBUG c.e.e.e.EmployeeController - Fetched 10 employees
2025-08-02 14:04:07 DEBUG c.e.e.e.EmployeeController - Fetching all employees
2025-08-02 14:04:07 DEBUG c.e.e.e.EmployeeService - Fetching all employees
2025-08-02 14:04:07 DEBUG c.e.e.e.EmployeeController - Fetched 10 employees
2025-08-02 14:04:15 DEBUG c.e.e.e.EmployeeController - Fetching all employees
2025-08-02 14:04:15 DEBUG c.e.e.e.EmployeeService - Fetching all employees
2025-08-02 14:04:15 DEBUG c.e.e.e.EmployeeController - Fetched 10 employees
2025-08-02 14:04:15 DEBUG c.e.e.e.EmployeeController - Fetching all employees
2025-08-02 14:04:15 DEBUG c.e.e.e.EmployeeService - Fetching all employees
2025-08-02 14:04:15 DEBUG c.e.e.e.EmployeeController - Fetched 10 employees
2025-08-02 14:04:24 DEBUG c.e.e.e.EmployeeController - Fetching all employees
2025-08-02 14:04:24 DEBUG c.e.e.e.EmployeeService - Fetching all employees
2025-08-02 14:04:24 DEBUG c.e.e.e.EmployeeController - Fetched 10 employees
2025-08-02 14:04:24 DEBUG c.e.e.e.EmployeeController - Fetching all employees
2025-08-02 14:04:24 DEBUG c.e.e.e.EmployeeService - Fetching all employees
2025-08-02 14:04:24 DEBUG c.e.e.e.EmployeeController - Fetched 10 employees
2025-08-02 14:04:49 DEBUG c.e.e.e.EmployeeController - Fetching all employees
2025-08-02 14:04:49 DEBUG c.e.e.e.EmployeeService - Fetching all employees
2025-08-02 14:04:49 DEBUG c.e.e.e.EmployeeController - Fetched 10 employees
2025-08-02 14:04:49 DEBUG c.e.e.e.EmployeeController - Fetching all employees
2025-08-02 14:04:49 DEBUG c.e.e.e.EmployeeService - Fetching all employees
2025-08-02 14:04:49 DEBUG c.e.e.e.EmployeeController - Fetched 10 employees
2025-08-02 14:05:02 DEBUG c.e.e.e.EmployeeController - Fetching all employees
2025-08-02 14:05:02 DEBUG c.e.e.e.EmployeeService - Fetching all employees
2025-08-02 14:05:02 DEBUG c.e.e.e.EmployeeController - Fetched 10 employees
2025-08-02 14:05:02 DEBUG c.e.e.e.EmployeeController - Fetching all employees
2025-08-02 14:05:02 DEBUG c.e.e.e.EmployeeService - Fetching all employees
2025-08-02 14:05:02 DEBUG c.e.e.e.EmployeeController - Fetched 10 employees
2025-08-02 14:05:22 DEBUG c.e.e.e.EmployeeController - Fetching all employees
2025-08-02 14:05:22 DEBUG c.e.e.e.EmployeeService - Fetching all employees
2025-08-02 14:05:22 DEBUG c.e.e.e.EmployeeController - Fetched 10 employees
2025-08-02 14:05:22 DEBUG c.e.e.e.EmployeeController - Fetching all employees
2025-08-02 14:05:22 DEBUG c.e.e.e.EmployeeService - Fetching all employees
2025-08-02 14:05:22 DEBUG c.e.e.e.EmployeeController - Fetched 10 employees
2025-08-02 14:05:25 DEBUG c.e.e.e.EmployeeController - Fetching all employees
2025-08-02 14:05:25 DEBUG c.e.e.e.EmployeeService - Fetching all employees
2025-08-02 14:05:25 DEBUG c.e.e.e.EmployeeController - Fetched 10 employees
2025-08-02 14:05:25 DEBUG c.e.e.e.EmployeeController - Fetching all employees
2025-08-02 14:05:25 DEBUG c.e.e.e.EmployeeService - Fetching all employees
2025-08-02 14:05:25 DEBUG c.e.e.e.EmployeeController - Fetched 10 employees
2025-08-02 14:05:30 DEBUG c.e.e.e.EmployeeController - Fetching all employees
2025-08-02 14:05:30 DEBUG c.e.e.e.EmployeeService - Fetching all employees
2025-08-02 14:05:30 DEBUG c.e.e.e.EmployeeController - Fetched 10 employees
2025-08-02 14:05:30 DEBUG c.e.e.e.EmployeeController - Fetching all employees
2025-08-02 14:05:30 DEBUG c.e.e.e.EmployeeService - Fetching all employees
2025-08-02 14:05:30 DEBUG c.e.e.e.EmployeeController - Fetched 10 employees
2025-08-02 14:06:11 DEBUG c.e.e.e.EmployeeController - Fetching all employees
2025-08-02 14:06:11 DEBUG c.e.e.e.EmployeeService - Fetching all employees
2025-08-02 14:06:11 DEBUG c.e.e.e.EmployeeController - Fetched 10 employees
2025-08-02 14:06:11 DEBUG c.e.e.e.EmployeeController - Fetching all employees
2025-08-02 14:06:11 DEBUG c.e.e.e.EmployeeService - Fetching all employees
2025-08-02 14:06:11 DEBUG c.e.e.e.EmployeeController - Fetched 10 employees
2025-08-02 14:06:20 DEBUG c.e.e.e.EmployeeController - Fetching all employees
2025-08-02 14:06:20 DEBUG c.e.e.e.EmployeeService - Fetching all employees
2025-08-02 14:06:20 DEBUG c.e.e.e.EmployeeController - Fetched 10 employees
2025-08-02 14:06:20 DEBUG c.e.e.e.EmployeeController - Fetching all employees
2025-08-02 14:06:20 DEBUG c.e.e.e.EmployeeService - Fetching all employees
2025-08-02 14:06:20 DEBUG c.e.e.e.EmployeeController - Fetched 10 employees
2025-08-02 14:06:24 DEBUG c.e.e.e.EmployeeController - Fetching all employees
2025-08-02 14:06:24 DEBUG c.e.e.e.EmployeeService - Fetching all employees
2025-08-02 14:06:24 DEBUG c.e.e.e.EmployeeController - Fetched 10 employees
2025-08-02 14:06:24 DEBUG c.e.e.e.EmployeeController - Fetching all employees
2025-08-02 14:06:24 DEBUG c.e.e.e.EmployeeService - Fetching all employees
2025-08-02 14:06:24 DEBUG c.e.e.e.EmployeeController - Fetched 10 employees
2025-08-02 14:07:23 DEBUG c.e.e.e.EmployeeController - Fetching all employees
2025-08-02 14:07:23 DEBUG c.e.e.e.EmployeeService - Fetching all employees
2025-08-02 14:07:23 DEBUG c.e.e.e.EmployeeController - Fetched 10 employees
2025-08-02 14:07:23 DEBUG c.e.e.e.EmployeeController - Fetching all employees
2025-08-02 14:07:23 DEBUG c.e.e.e.EmployeeService - Fetching all employees
2025-08-02 14:07:23 DEBUG c.e.e.e.EmployeeController - Fetched 10 employees
2025-08-02 14:07:25 DEBUG c.e.e.e.EmployeeController - Fetching all employees
2025-08-02 14:07:25 DEBUG c.e.e.e.EmployeeService - Fetching all employees
2025-08-02 14:07:25 DEBUG c.e.e.e.EmployeeController - Fetched 10 employees
2025-08-02 14:10:05 DEBUG c.e.e.e.EmployeeController - Fetching all employees
2025-08-02 14:10:05 DEBUG c.e.e.e.EmployeeService - Fetching all employees
2025-08-02 14:10:05 DEBUG c.e.e.e.EmployeeController - Fetched 10 employees
2025-08-02 14:10:05 DEBUG c.e.e.e.EmployeeController - Fetching all employees
2025-08-02 14:10:05 DEBUG c.e.e.e.EmployeeService - Fetching all employees
2025-08-02 14:10:05 DEBUG c.e.e.e.EmployeeController - Fetched 10 employees
2025-08-02 14:10:07 DEBUG c.e.e.e.EmployeeController - Fetching all employees
2025-08-02 14:10:07 DEBUG c.e.e.e.EmployeeService - Fetching all employees
2025-08-02 14:10:07 DEBUG c.e.e.e.EmployeeController - Fetched 10 employees
2025-08-02 14:29:09 DEBUG c.e.e.e.EmployeeController - Fetching all employees
2025-08-02 14:29:09 DEBUG c.e.e.e.EmployeeService - Fetching all employees
2025-08-02 14:29:09 DEBUG c.e.e.e.EmployeeController - Fetched 10 employees
2025-08-02 14:29:09 DEBUG c.e.e.e.EmployeeController - Fetching all employees
2025-08-02 14:29:09 DEBUG c.e.e.e.EmployeeService - Fetching all employees
2025-08-02 14:29:09 DEBUG c.e.e.e.EmployeeController - Fetched 10 employees
2025-08-02 14:29:09 DEBUG c.e.e.e.EmployeeController - Fetching all employees
2025-08-02 14:29:09 DEBUG c.e.e.e.EmployeeService - Fetching all employees
2025-08-02 14:29:09 DEBUG c.e.e.e.EmployeeController - Fetched 10 employees
2025-08-02 14:29:09 DEBUG c.e.e.e.EmployeeController - Fetching all employees
2025-08-02 14:29:09 DEBUG c.e.e.e.EmployeeService - Fetching all employees
2025-08-02 14:29:09 DEBUG c.e.e.e.EmployeeController - Fetched 10 employees
2025-08-02 14:29:53 DEBUG c.e.e.e.EmployeeController - Fetching all employees
2025-08-02 14:29:53 DEBUG c.e.e.e.EmployeeService - Fetching all employees
2025-08-02 14:29:53 DEBUG c.e.e.e.EmployeeController - Fetched 10 employees
2025-08-02 14:29:53 DEBUG c.e.e.e.EmployeeController - Fetching all employees
2025-08-02 14:29:53 DEBUG c.e.e.e.EmployeeService - Fetching all employees
2025-08-02 14:29:53 DEBUG c.e.e.e.EmployeeController - Fetched 10 employees
2025-08-02 14:30:15 DEBUG c.e.e.e.EmployeeController - Fetching all employees
2025-08-02 14:30:15 DEBUG c.e.e.e.EmployeeService - Fetching all employees
2025-08-02 14:30:15 DEBUG c.e.e.e.EmployeeController - Fetched 10 employees
2025-08-02 14:30:15 DEBUG c.e.e.e.EmployeeController - Fetching all employees
2025-08-02 14:30:15 DEBUG c.e.e.e.EmployeeService - Fetching all employees
2025-08-02 14:30:15 DEBUG c.e.e.e.EmployeeController - Fetched 10 employees
2025-08-02 14:30:28 DEBUG c.e.e.e.EmployeeController - Fetching all employees
2025-08-02 14:30:28 DEBUG c.e.e.e.EmployeeService - Fetching all employees
2025-08-02 14:30:28 DEBUG c.e.e.e.EmployeeController - Fetched 10 employees
2025-08-02 14:30:28 DEBUG c.e.e.e.EmployeeController - Fetching all employees
2025-08-02 14:30:28 DEBUG c.e.e.e.EmployeeService - Fetching all employees
2025-08-02 14:30:28 DEBUG c.e.e.e.EmployeeController - Fetched 10 employees
2025-08-02 14:30:57 DEBUG c.e.e.e.EmployeeController - Fetching all employees
2025-08-02 14:30:57 DEBUG c.e.e.e.EmployeeService - Fetching all employees
2025-08-02 14:30:57 DEBUG c.e.e.e.EmployeeController - Fetched 10 employees
2025-08-02 14:30:57 DEBUG c.e.e.e.EmployeeController - Fetching all employees
2025-08-02 14:30:57 DEBUG c.e.e.e.EmployeeService - Fetching all employees
2025-08-02 14:30:57 DEBUG c.e.e.e.EmployeeController - Fetched 10 employees
2025-08-02 14:31:30 DEBUG c.e.e.e.EmployeeController - Fetching all employees
2025-08-02 14:31:30 DEBUG c.e.e.e.EmployeeService - Fetching all employees
2025-08-02 14:31:30 DEBUG c.e.e.e.EmployeeController - Fetched 10 employees
2025-08-02 14:31:30 DEBUG c.e.e.e.EmployeeController - Fetching all employees
2025-08-02 14:31:30 DEBUG c.e.e.e.EmployeeService - Fetching all employees
2025-08-02 14:31:30 DEBUG c.e.e.e.EmployeeController - Fetched 10 employees
2025-08-02 14:31:37 DEBUG c.e.e.e.EmployeeController - Fetching all employees
2025-08-02 14:31:37 DEBUG c.e.e.e.EmployeeService - Fetching all employees
2025-08-02 14:31:37 DEBUG c.e.e.e.EmployeeController - Fetched 10 employees
2025-08-02 14:31:37 DEBUG c.e.e.e.EmployeeController - Fetching all employees
2025-08-02 14:31:37 DEBUG c.e.e.e.EmployeeService - Fetching all employees
2025-08-02 14:31:37 DEBUG c.e.e.e.EmployeeController - Fetched 10 employees
2025-08-02 14:31:43 DEBUG c.e.e.e.EmployeeController - Fetching all employees
2025-08-02 14:31:43 DEBUG c.e.e.e.EmployeeService - Fetching all employees
2025-08-02 14:31:43 DEBUG c.e.e.e.EmployeeController - Fetched 10 employees
2025-08-02 14:31:43 DEBUG c.e.e.e.EmployeeController - Fetching all employees
2025-08-02 14:31:43 DEBUG c.e.e.e.EmployeeService - Fetching all employees
2025-08-02 14:31:43 DEBUG c.e.e.e.EmployeeController - Fetched 10 employees
2025-08-02 14:31:47 DEBUG c.e.e.e.EmployeeController - Fetching all employees
2025-08-02 14:31:47 DEBUG c.e.e.e.EmployeeService - Fetching all employees
2025-08-02 14:31:47 DEBUG c.e.e.e.EmployeeController - Fetched 10 employees
