2025-07-23 12:34:52 INFO  o.h.validator.internal.util.Version - HV000001: Hibernate Validator 8.0.2.Final
2025-07-23 12:34:52 INFO  c.e.employee.EmployeeApplication - Starting EmployeeApplication using Java 21.0.6 with PID 6988 (C:\Users\ho 800g2\OneDrive\Desktop\Jani\nology\sessions\Spring\EmployeeCreator\Backend\employee\target\classes started by ho 800g2 in C:\Users\ho 800g2\OneDrive\Desktop\Jani\nology\sessions\Spring\EmployeeCreator\Backend\employee)
2025-07-23 12:34:52 DEBUG c.e.employee.EmployeeApplication - Running with Spring Boot v3.5.3, Spring v6.2.8
2025-07-23 12:34:52 INFO  c.e.employee.EmployeeApplication - No active profile set, falling back to 1 default profile: "default"
2025-07-23 12:34:52 INFO  o.s.b.d.e.DevToolsPropertyDefaultsPostProcessor - Devtools property defaults active! Set 'spring.devtools.add-properties' to 'false' to disable
2025-07-23 12:34:52 INFO  o.s.b.d.e.DevToolsPropertyDefaultsPostProcessor - For additional web related logging consider setting the 'logging.level.web' property to 'DEBUG'
2025-07-23 12:34:53 INFO  o.s.d.r.c.RepositoryConfigurationDelegate - Bootstrapping Spring Data JPA repositories in DEFAULT mode.
2025-07-23 12:34:53 INFO  o.s.d.r.c.RepositoryConfigurationDelegate - Finished Spring Data repository scanning in 78 ms. Found 4 JPA repository interfaces.
2025-07-23 12:34:54 INFO  o.s.b.w.e.tomcat.TomcatWebServer - Tomcat initialized with port 8080 (http)
2025-07-23 12:34:54 INFO  o.a.coyote.http11.Http11NioProtocol - Initializing ProtocolHandler ["http-nio-8080"]
2025-07-23 12:34:54 INFO  o.a.catalina.core.StandardService - Starting service [Tomcat]
2025-07-23 12:34:54 INFO  o.a.catalina.core.StandardEngine - Starting Servlet engine: [Apache Tomcat/10.1.42]
2025-07-23 12:34:54 INFO  o.a.c.c.C.[Tomcat].[localhost].[/] - Initializing Spring embedded WebApplicationContext
2025-07-23 12:34:54 INFO  o.s.b.w.s.c.ServletWebServerApplicationContext - Root WebApplicationContext: initialization completed in 1733 ms
2025-07-23 12:34:54 INFO  o.h.jpa.internal.util.LogHelper - HHH000204: Processing PersistenceUnitInfo [name: default]
2025-07-23 12:34:54 INFO  org.hibernate.Version - HHH000412: Hibernate ORM core version 6.6.18.Final
2025-07-23 12:34:54 INFO  o.h.c.i.RegionFactoryInitiator - HHH000026: Second-level cache disabled
2025-07-23 12:34:55 INFO  o.s.o.j.p.SpringPersistenceUnitInfo - No LoadTimeWeaver setup: ignoring JPA class transformer
2025-07-23 12:34:55 INFO  com.zaxxer.hikari.HikariDataSource - HikariPool-1 - Starting...
2025-07-23 12:34:55 INFO  com.zaxxer.hikari.pool.HikariPool - HikariPool-1 - Added connection com.mysql.cj.jdbc.ConnectionImpl@72931cc5
2025-07-23 12:34:55 INFO  com.zaxxer.hikari.HikariDataSource - HikariPool-1 - Start completed.
2025-07-23 12:34:55 WARN  org.hibernate.orm.deprecation - HHH90000025: MySQL8Dialect does not need to be specified explicitly using 'hibernate.dialect' (remove the property setting and it will be selected by default)
2025-07-23 12:34:55 WARN  org.hibernate.orm.deprecation - HHH90000026: MySQL8Dialect has been deprecated; use org.hibernate.dialect.MySQLDialect instead
2025-07-23 12:34:55 INFO  o.hibernate.orm.connections.pooling - HHH10001005: Database info:
	Database JDBC URL [Connecting through datasource 'HikariDataSource (HikariPool-1)']
	Database driver: undefined/unknown
	Database version: 8.0
	Autocommit mode: undefined/unknown
	Isolation level: undefined/unknown
	Minimum pool size: undefined/unknown
	Maximum pool size: undefined/unknown
2025-07-23 12:34:56 INFO  o.h.e.t.j.p.i.JtaPlatformInitiator - HHH000489: No JTA platform available (set 'hibernate.transaction.jta.platform' to enable JTA platform integration)
2025-07-23 12:34:57 INFO  o.s.o.j.LocalContainerEntityManagerFactoryBean - Initialized JPA EntityManagerFactory for persistence unit 'default'
2025-07-23 12:34:57 INFO  o.s.d.j.r.query.QueryEnhancerFactory - Hibernate is in classpath; If applicable, HQL parser will be used.
2025-07-23 12:34:58 WARN  o.s.b.a.o.j.JpaBaseConfiguration$JpaWebConfiguration - spring.jpa.open-in-view is enabled by default. Therefore, database queries may be performed during view rendering. Explicitly configure spring.jpa.open-in-view to disable this warning
2025-07-23 12:34:58 INFO  o.s.b.d.a.OptionalLiveReloadServer - LiveReload server is running on port 35729
2025-07-23 12:34:58 INFO  o.a.coyote.http11.Http11NioProtocol - Starting ProtocolHandler ["http-nio-8080"]
2025-07-23 12:34:58 INFO  o.s.b.w.e.tomcat.TomcatWebServer - Tomcat started on port 8080 (http) with context path '/'
2025-07-23 12:34:58 INFO  c.e.employee.EmployeeApplication - Started EmployeeApplication in 6.629 seconds (process running for 7.188)
2025-07-23 12:35:26 INFO  o.a.c.c.C.[Tomcat].[localhost].[/] - Initializing Spring DispatcherServlet 'dispatcherServlet'
2025-07-23 12:35:26 INFO  o.s.web.servlet.DispatcherServlet - Initializing Servlet 'dispatcherServlet'
2025-07-23 12:35:26 INFO  o.s.web.servlet.DispatcherServlet - Completed initialization in 2 ms
2025-07-23 12:35:26 DEBUG c.e.e.e.EmployeeController - Fetching all employees
2025-07-23 12:35:26 DEBUG c.e.e.e.EmployeeService - Fetching all employees
2025-07-23 12:35:26 DEBUG c.e.e.e.EmployeeController - Fetched 10 employees
2025-07-23 12:35:27 DEBUG c.e.e.e.EmployeeController - Fetching all employees
2025-07-23 12:35:27 DEBUG c.e.e.e.EmployeeService - Fetching all employees
2025-07-23 12:35:27 DEBUG c.e.e.e.EmployeeController - Fetched 10 employees
2025-07-23 12:50:04 DEBUG c.e.e.e.EmployeeController - Fetching all employees
2025-07-23 12:50:04 DEBUG c.e.e.e.EmployeeService - Fetching all employees
2025-07-23 12:50:04 DEBUG c.e.e.e.EmployeeController - Fetched 10 employees
2025-07-23 12:50:04 DEBUG c.e.e.e.EmployeeController - Fetching all employees
2025-07-23 12:50:04 DEBUG c.e.e.e.EmployeeService - Fetching all employees
2025-07-23 12:50:04 DEBUG c.e.e.e.EmployeeController - Fetched 10 employees
2025-07-23 13:05:08 DEBUG c.e.e.e.EmployeeController - Fetching all employees
2025-07-23 13:05:08 DEBUG c.e.e.e.EmployeeService - Fetching all employees
2025-07-23 13:05:08 DEBUG c.e.e.e.EmployeeController - Fetched 10 employees
2025-07-23 13:05:08 DEBUG c.e.e.e.EmployeeController - Fetching all employees
2025-07-23 13:05:08 DEBUG c.e.e.e.EmployeeService - Fetching all employees
2025-07-23 13:05:08 DEBUG c.e.e.e.EmployeeController - Fetched 10 employees
2025-07-23 13:11:53 DEBUG c.e.e.e.EmployeeController - Fetching all employees
2025-07-23 13:11:53 DEBUG c.e.e.e.EmployeeService - Fetching all employees
2025-07-23 13:11:53 DEBUG c.e.e.e.EmployeeController - Fetched 10 employees
2025-07-23 13:11:53 DEBUG c.e.e.e.EmployeeController - Fetching all employees
2025-07-23 13:11:53 DEBUG c.e.e.e.EmployeeService - Fetching all employees
2025-07-23 13:11:53 DEBUG c.e.e.e.EmployeeController - Fetched 10 employees
2025-07-23 13:16:53 DEBUG c.e.e.e.EmployeeController - Fetching all employees
2025-07-23 13:16:53 DEBUG c.e.e.e.EmployeeService - Fetching all employees
2025-07-23 13:16:53 DEBUG c.e.e.e.EmployeeController - Fetched 10 employees
2025-07-23 13:16:53 DEBUG c.e.e.e.EmployeeController - Fetching all employees
2025-07-23 13:16:53 DEBUG c.e.e.e.EmployeeService - Fetching all employees
2025-07-23 13:16:53 DEBUG c.e.e.e.EmployeeController - Fetched 10 employees
2025-07-23 13:20:05 DEBUG c.e.e.e.EmployeeController - Fetching all employees
2025-07-23 13:20:05 DEBUG c.e.e.e.EmployeeService - Fetching all employees
2025-07-23 13:20:05 DEBUG c.e.e.e.EmployeeController - Fetched 10 employees
2025-07-23 13:20:05 DEBUG c.e.e.e.EmployeeController - Fetching all employees
2025-07-23 13:20:05 DEBUG c.e.e.e.EmployeeService - Fetching all employees
2025-07-23 13:20:05 DEBUG c.e.e.e.EmployeeController - Fetched 10 employees
2025-07-23 13:27:45 DEBUG c.e.e.e.EmployeeController - Fetching all employees
2025-07-23 13:27:45 DEBUG c.e.e.e.EmployeeService - Fetching all employees
2025-07-23 13:27:45 DEBUG c.e.e.e.EmployeeController - Fetched 10 employees
2025-07-23 13:27:45 DEBUG c.e.e.e.EmployeeController - Fetching all employees
2025-07-23 13:27:45 DEBUG c.e.e.e.EmployeeService - Fetching all employees
2025-07-23 13:27:45 DEBUG c.e.e.e.EmployeeController - Fetched 10 employees
2025-07-23 13:28:08 DEBUG c.e.e.e.EmployeeController - Fetching all employees
2025-07-23 13:28:08 DEBUG c.e.e.e.EmployeeService - Fetching all employees
2025-07-23 13:28:08 DEBUG c.e.e.e.EmployeeController - Fetched 10 employees
2025-07-23 13:28:08 DEBUG c.e.e.e.EmployeeController - Fetching all employees
2025-07-23 13:28:08 DEBUG c.e.e.e.EmployeeService - Fetching all employees
2025-07-23 13:28:08 DEBUG c.e.e.e.EmployeeController - Fetched 10 employees
2025-07-23 13:28:40 DEBUG c.e.e.e.EmployeeController - Fetching all employees
2025-07-23 13:28:40 DEBUG c.e.e.e.EmployeeService - Fetching all employees
2025-07-23 13:28:40 DEBUG c.e.e.e.EmployeeController - Fetched 10 employees
2025-07-23 13:28:40 DEBUG c.e.e.e.EmployeeController - Fetching all employees
2025-07-23 13:28:40 DEBUG c.e.e.e.EmployeeService - Fetching all employees
2025-07-23 13:28:40 DEBUG c.e.e.e.EmployeeController - Fetched 10 employees
2025-07-23 13:43:04 DEBUG c.e.e.e.EmployeeController - Fetching all employees
2025-07-23 13:43:04 DEBUG c.e.e.e.EmployeeService - Fetching all employees
2025-07-23 13:43:04 DEBUG c.e.e.e.EmployeeController - Fetched 10 employees
2025-07-23 13:43:04 DEBUG c.e.e.e.EmployeeController - Fetching all employees
2025-07-23 13:43:04 DEBUG c.e.e.e.EmployeeService - Fetching all employees
2025-07-23 13:43:04 DEBUG c.e.e.e.EmployeeController - Fetched 10 employees
2025-07-23 13:43:55 DEBUG c.e.e.e.EmployeeController - Fetching all employees
2025-07-23 13:43:55 DEBUG c.e.e.e.EmployeeService - Fetching all employees
2025-07-23 13:43:55 DEBUG c.e.e.e.EmployeeController - Fetched 10 employees
2025-07-23 13:43:55 DEBUG c.e.e.e.EmployeeController - Fetching all employees
2025-07-23 13:43:55 DEBUG c.e.e.e.EmployeeService - Fetching all employees
2025-07-23 13:43:55 DEBUG c.e.e.e.EmployeeController - Fetched 10 employees
2025-07-23 13:53:06 DEBUG c.e.e.e.EmployeeController - Fetching all employees
2025-07-23 13:53:06 DEBUG c.e.e.e.EmployeeService - Fetching all employees
2025-07-23 13:53:06 DEBUG c.e.e.e.EmployeeController - Fetched 10 employees
2025-07-23 13:53:06 DEBUG c.e.e.e.EmployeeController - Fetching all employees
2025-07-23 13:53:06 DEBUG c.e.e.e.EmployeeService - Fetching all employees
2025-07-23 13:53:06 DEBUG c.e.e.e.EmployeeController - Fetched 10 employees
2025-07-23 13:53:50 DEBUG c.e.e.e.EmployeeController - Fetching all employees
2025-07-23 13:53:50 DEBUG c.e.e.e.EmployeeService - Fetching all employees
2025-07-23 13:53:50 DEBUG c.e.e.e.EmployeeController - Fetched 10 employees
2025-07-23 13:53:50 DEBUG c.e.e.e.EmployeeController - Fetching all employees
2025-07-23 13:53:50 DEBUG c.e.e.e.EmployeeService - Fetching all employees
2025-07-23 13:53:50 DEBUG c.e.e.e.EmployeeController - Fetched 10 employees
2025-07-23 14:01:24 DEBUG c.e.e.e.EmployeeController - Fetching all employees
2025-07-23 14:01:24 DEBUG c.e.e.e.EmployeeService - Fetching all employees
2025-07-23 14:01:24 DEBUG c.e.e.e.EmployeeController - Fetched 10 employees
2025-07-23 14:01:24 DEBUG c.e.e.e.EmployeeController - Fetching all employees
2025-07-23 14:01:24 DEBUG c.e.e.e.EmployeeService - Fetching all employees
2025-07-23 14:01:24 DEBUG c.e.e.e.EmployeeController - Fetched 10 employees
2025-07-23 15:58:16 WARN  com.zaxxer.hikari.pool.HikariPool - HikariPool-1 - Thread starvation or clock leap detected (housekeeper delta=38m18s409ms611µs600ns).
2025-07-23 16:05:59 DEBUG c.e.e.e.EmployeeController - Fetching all employees
2025-07-23 16:05:59 DEBUG c.e.e.e.EmployeeService - Fetching all employees
2025-07-23 16:05:59 DEBUG c.e.e.e.EmployeeController - Fetched 10 employees
2025-07-23 16:05:59 DEBUG c.e.e.e.EmployeeController - Fetching all employees
2025-07-23 16:05:59 DEBUG c.e.e.e.EmployeeService - Fetching all employees
2025-07-23 16:05:59 DEBUG c.e.e.e.EmployeeController - Fetched 10 employees
2025-07-23 19:20:49 DEBUG c.e.e.e.EmployeeController - Fetching all employees
2025-07-23 19:20:49 DEBUG c.e.e.e.EmployeeService - Fetching all employees
2025-07-23 19:20:49 DEBUG c.e.e.e.EmployeeController - Fetched 10 employees
2025-07-23 19:20:49 DEBUG c.e.e.e.EmployeeController - Fetching all employees
2025-07-23 19:20:49 DEBUG c.e.e.e.EmployeeService - Fetching all employees
2025-07-23 19:20:49 DEBUG c.e.e.e.EmployeeController - Fetched 10 employees
2025-07-23 19:22:03 DEBUG c.e.e.e.EmployeeController - Fetching all employees
2025-07-23 19:22:03 DEBUG c.e.e.e.EmployeeService - Fetching all employees
2025-07-23 19:22:03 DEBUG c.e.e.e.EmployeeController - Fetched 10 employees
2025-07-23 19:22:03 DEBUG c.e.e.e.EmployeeController - Fetching all employees
2025-07-23 19:22:03 DEBUG c.e.e.e.EmployeeService - Fetching all employees
2025-07-23 19:22:03 DEBUG c.e.e.e.EmployeeController - Fetched 10 employees
2025-07-23 20:01:35 DEBUG c.e.e.e.EmployeeController - Fetching all employees
2025-07-23 20:01:35 DEBUG c.e.e.e.EmployeeService - Fetching all employees
2025-07-23 20:01:35 DEBUG c.e.e.e.EmployeeController - Fetched 10 employees
2025-07-23 20:01:35 DEBUG c.e.e.e.EmployeeController - Fetching all employees
2025-07-23 20:01:35 DEBUG c.e.e.e.EmployeeService - Fetching all employees
2025-07-23 20:01:35 DEBUG c.e.e.e.EmployeeController - Fetched 10 employees
2025-07-23 20:01:37 WARN  com.zaxxer.hikari.pool.HikariPool - HikariPool-1 - Thread starvation or clock leap detected (housekeeper delta=48s531ms607µs).
2025-07-23 21:51:04 WARN  com.zaxxer.hikari.pool.HikariPool - HikariPool-1 - Thread starvation or clock leap detected (housekeeper delta=20m25s429ms453µs900ns).
2025-07-23 22:14:24 DEBUG c.e.e.e.EmployeeController - Received request to create new Employee
2025-07-23 22:14:24 DEBUG c.e.e.e.EmployeeService - Creating a new employee with data: com.example.employee.employeedetails.dto.CreateEmployeeDTO@163a6684
2025-07-23 22:14:24 INFO  c.e.e.e.EmployeeService - Employee created with ID: 41
2025-07-23 22:14:24 DEBUG c.e.e.e.EmployeeController - Created new Employee: 41
2025-07-23 23:31:37 DEBUG c.e.e.e.EmployeeController - Fetching all employees
2025-07-23 23:31:37 DEBUG c.e.e.e.EmployeeService - Fetching all employees
2025-07-23 23:31:37 DEBUG c.e.e.e.EmployeeController - Fetched 11 employees
2025-07-23 23:31:37 DEBUG c.e.e.e.EmployeeController - Fetching all employees
2025-07-23 23:31:37 DEBUG c.e.e.e.EmployeeService - Fetching all employees
2025-07-23 23:31:37 DEBUG c.e.e.e.EmployeeController - Fetched 11 employees
2025-07-23 23:31:37 DEBUG c.e.e.e.EmployeeController - Fetching all employees
2025-07-23 23:31:37 DEBUG c.e.e.e.EmployeeService - Fetching all employees
2025-07-23 23:31:37 DEBUG c.e.e.e.EmployeeController - Fetched 11 employees
2025-07-23 23:31:37 DEBUG c.e.e.e.EmployeeController - Fetching all employees
2025-07-23 23:31:37 DEBUG c.e.e.e.EmployeeService - Fetching all employees
2025-07-23 23:31:37 DEBUG c.e.e.e.EmployeeController - Fetched 11 employees
2025-07-23 23:36:25 DEBUG c.e.e.e.EmployeeController - Fetching all employees
2025-07-23 23:36:25 DEBUG c.e.e.e.EmployeeService - Fetching all employees
2025-07-23 23:36:25 DEBUG c.e.e.e.EmployeeController - Fetched 11 employees
2025-07-23 23:36:25 DEBUG c.e.e.e.EmployeeController - Fetching all employees
2025-07-23 23:36:25 DEBUG c.e.e.e.EmployeeService - Fetching all employees
2025-07-23 23:36:25 DEBUG c.e.e.e.EmployeeController - Fetched 11 employees
2025-07-23 23:40:52 DEBUG c.e.e.e.EmployeeController - Received request to create new Employee
2025-07-23 23:40:52 DEBUG c.e.e.e.EmployeeService - Creating a new employee with data: com.example.employee.employeedetails.dto.CreateEmployeeDTO@19aaa4bf
2025-07-23 23:40:52 INFO  c.e.e.e.EmployeeService - Employee created with ID: 42
2025-07-23 23:40:52 DEBUG c.e.e.e.EmployeeController - Created new Employee: 42
2025-07-23 23:40:52 DEBUG c.e.e.e.EmployeeController - Fetching all employees
2025-07-23 23:40:52 DEBUG c.e.e.e.EmployeeService - Fetching all employees
2025-07-23 23:40:52 DEBUG c.e.e.e.EmployeeController - Fetched 12 employees
2025-07-23 23:48:01 DEBUG c.e.e.e.EmployeeController - Received request to create new Employee
2025-07-23 23:48:01 DEBUG c.e.e.e.EmployeeService - Creating a new employee with data: com.example.employee.employeedetails.dto.CreateEmployeeDTO@68f2d44a
2025-07-23 23:48:01 INFO  c.e.e.e.EmployeeService - Employee created with ID: 43
2025-07-23 23:48:01 DEBUG c.e.e.e.EmployeeController - Created new Employee: 43
2025-07-23 23:48:03 DEBUG c.e.e.e.EmployeeController - Fetching all employees
2025-07-23 23:48:03 DEBUG c.e.e.e.EmployeeService - Fetching all employees
2025-07-23 23:48:03 DEBUG c.e.e.e.EmployeeController - Fetched 13 employees
2025-07-23 23:48:11 DEBUG c.e.e.e.EmployeeController - Received request to create new Employee
2025-07-23 23:48:11 DEBUG c.e.e.e.EmployeeService - Creating a new employee with data: com.example.employee.employeedetails.dto.CreateEmployeeDTO@2821cc73
2025-07-23 23:48:11 INFO  c.e.e.e.EmployeeService - Employee created with ID: 44
2025-07-23 23:48:11 DEBUG c.e.e.e.EmployeeController - Created new Employee: 44
2025-07-23 23:48:13 DEBUG c.e.e.e.EmployeeController - Fetching all employees
2025-07-23 23:48:13 DEBUG c.e.e.e.EmployeeService - Fetching all employees
2025-07-23 23:48:13 DEBUG c.e.e.e.EmployeeController - Fetched 14 employees
2025-07-23 23:48:27 DEBUG c.e.e.e.EmployeeController - Received request to create new Employee
2025-07-23 23:48:27 DEBUG c.e.e.e.EmployeeService - Creating a new employee with data: com.example.employee.employeedetails.dto.CreateEmployeeDTO@5dda9946
2025-07-23 23:48:27 INFO  c.e.e.e.EmployeeService - Employee created with ID: 45
2025-07-23 23:48:27 DEBUG c.e.e.e.EmployeeController - Created new Employee: 45
2025-07-23 23:48:29 DEBUG c.e.e.e.EmployeeController - Fetching all employees
2025-07-23 23:48:29 DEBUG c.e.e.e.EmployeeService - Fetching all employees
2025-07-23 23:48:29 DEBUG c.e.e.e.EmployeeController - Fetched 15 employees
2025-07-23 23:50:19 DEBUG c.e.e.e.EmployeeController - Received request to create new Employee
2025-07-23 23:50:19 DEBUG c.e.e.e.EmployeeService - Creating a new employee with data: com.example.employee.employeedetails.dto.CreateEmployeeDTO@33638629
2025-07-23 23:50:19 INFO  c.e.e.e.EmployeeService - Employee created with ID: 46
2025-07-23 23:50:19 DEBUG c.e.e.e.EmployeeController - Created new Employee: 46
2025-07-23 23:50:21 DEBUG c.e.e.e.EmployeeController - Fetching all employees
2025-07-23 23:50:21 DEBUG c.e.e.e.EmployeeService - Fetching all employees
2025-07-23 23:50:21 DEBUG c.e.e.e.EmployeeController - Fetched 16 employees
2025-07-23 23:58:33 WARN  o.s.w.s.m.s.DefaultHandlerExceptionResolver - Resolved [org.springframework.http.converter.HttpMessageNotReadableException: JSON parse error: Cannot deserialize value of type `com.example.employee.contract.Contract$ContractType` from String "Permanant": not one of the values accepted for Enum class: [Temporary, Permanent]]
2025-07-23 23:59:49 WARN  o.s.w.s.m.s.DefaultHandlerExceptionResolver - Resolved [org.springframework.http.converter.HttpMessageNotReadableException: JSON parse error: Cannot deserialize value of type `com.example.employee.contract.Contract$ContractType` from String "Permanant": not one of the values accepted for Enum class: [Temporary, Permanent]]
