2025-08-09 09:23:27 INFO  o.h.validator.internal.util.Version - HV000001: Hibernate Validator 8.0.2.Final
2025-08-09 09:23:27 INFO  c.e.employee.EmployeeApplication - Starting EmployeeApplication using Java 21.0.6 with PID 25400 (C:\Users\ho 800g2\OneDrive\Desktop\Jani\nology\sessions\Spring\EmployeeCreator\Backend\employee\target\classes started by ho 800g2 in C:\Users\ho 800g2\OneDrive\Desktop\Jani\nology\sessions\Spring\EmployeeCreator\Backend\employee)
2025-08-09 09:23:27 DEBUG c.e.employee.EmployeeApplication - Running with Spring Boot v3.5.3, Spring v6.2.8
2025-08-09 09:23:27 INFO  c.e.employee.EmployeeApplication - No active profile set, falling back to 1 default profile: "default"
2025-08-09 09:23:27 INFO  o.s.b.d.e.DevToolsPropertyDefaultsPostProcessor - Devtools property defaults active! Set 'spring.devtools.add-properties' to 'false' to disable
2025-08-09 09:23:27 INFO  o.s.b.d.e.DevToolsPropertyDefaultsPostProcessor - For additional web related logging consider setting the 'logging.level.web' property to 'DEBUG'
2025-08-09 09:23:28 INFO  o.s.d.r.c.RepositoryConfigurationDelegate - Bootstrapping Spring Data JPA repositories in DEFAULT mode.
2025-08-09 09:23:29 INFO  o.s.d.r.c.RepositoryConfigurationDelegate - Finished Spring Data repository scanning in 147 ms. Found 4 JPA repository interfaces.
2025-08-09 09:23:30 INFO  o.s.b.w.e.tomcat.TomcatWebServer - Tomcat initialized with port 8080 (http)
2025-08-09 09:23:30 INFO  o.a.coyote.http11.Http11NioProtocol - Initializing ProtocolHandler ["http-nio-8080"]
2025-08-09 09:23:30 INFO  o.a.catalina.core.StandardService - Starting service [Tomcat]
2025-08-09 09:23:30 INFO  o.a.catalina.core.StandardEngine - Starting Servlet engine: [Apache Tomcat/10.1.42]
2025-08-09 09:23:30 INFO  o.a.c.c.C.[Tomcat].[localhost].[/] - Initializing Spring embedded WebApplicationContext
2025-08-09 09:23:30 INFO  o.s.b.w.s.c.ServletWebServerApplicationContext - Root WebApplicationContext: initialization completed in 2565 ms
2025-08-09 09:23:30 INFO  o.h.jpa.internal.util.LogHelper - HHH000204: Processing PersistenceUnitInfo [name: default]
2025-08-09 09:23:30 INFO  org.hibernate.Version - HHH000412: Hibernate ORM core version 6.6.18.Final
2025-08-09 09:23:30 INFO  o.h.c.i.RegionFactoryInitiator - HHH000026: Second-level cache disabled
2025-08-09 09:23:31 INFO  o.s.o.j.p.SpringPersistenceUnitInfo - No LoadTimeWeaver setup: ignoring JPA class transformer
2025-08-09 09:23:31 INFO  com.zaxxer.hikari.HikariDataSource - HikariPool-1 - Starting...
2025-08-09 09:23:32 INFO  com.zaxxer.hikari.pool.HikariPool - HikariPool-1 - Added connection com.mysql.cj.jdbc.ConnectionImpl@7a2fedd0
2025-08-09 09:23:32 INFO  com.zaxxer.hikari.HikariDataSource - HikariPool-1 - Start completed.
2025-08-09 09:23:32 WARN  org.hibernate.orm.deprecation - HHH90000025: MySQL8Dialect does not need to be specified explicitly using 'hibernate.dialect' (remove the property setting and it will be selected by default)
2025-08-09 09:23:32 WARN  org.hibernate.orm.deprecation - HHH90000026: MySQL8Dialect has been deprecated; use org.hibernate.dialect.MySQLDialect instead
2025-08-09 09:23:32 INFO  o.hibernate.orm.connections.pooling - HHH10001005: Database info:
	Database JDBC URL [Connecting through datasource 'HikariDataSource (HikariPool-1)']
	Database driver: undefined/unknown
	Database version: 8.0
	Autocommit mode: undefined/unknown
	Isolation level: undefined/unknown
	Minimum pool size: undefined/unknown
	Maximum pool size: undefined/unknown
2025-08-09 09:23:33 INFO  o.h.e.t.j.p.i.JtaPlatformInitiator - HHH000489: No JTA platform available (set 'hibernate.transaction.jta.platform' to enable JTA platform integration)
2025-08-09 09:23:34 INFO  o.s.o.j.LocalContainerEntityManagerFactoryBean - Initialized JPA EntityManagerFactory for persistence unit 'default'
2025-08-09 09:23:35 INFO  o.s.d.j.r.query.QueryEnhancerFactory - Hibernate is in classpath; If applicable, HQL parser will be used.
2025-08-09 09:23:36 WARN  o.s.b.a.o.j.JpaBaseConfiguration$JpaWebConfiguration - spring.jpa.open-in-view is enabled by default. Therefore, database queries may be performed during view rendering. Explicitly configure spring.jpa.open-in-view to disable this warning
2025-08-09 09:23:36 INFO  o.s.b.d.a.OptionalLiveReloadServer - LiveReload server is running on port 35729
2025-08-09 09:23:36 INFO  o.a.coyote.http11.Http11NioProtocol - Starting ProtocolHandler ["http-nio-8080"]
2025-08-09 09:23:36 INFO  o.s.b.w.e.tomcat.TomcatWebServer - Tomcat started on port 8080 (http) with context path '/'
2025-08-09 09:23:36 INFO  c.e.employee.EmployeeApplication - Started EmployeeApplication in 10.422 seconds (process running for 11.448)
2025-08-09 09:23:50 INFO  o.a.c.c.C.[Tomcat].[localhost].[/] - Initializing Spring DispatcherServlet 'dispatcherServlet'
2025-08-09 09:23:50 INFO  o.s.web.servlet.DispatcherServlet - Initializing Servlet 'dispatcherServlet'
2025-08-09 09:23:50 INFO  o.s.web.servlet.DispatcherServlet - Completed initialization in 1 ms
2025-08-09 09:23:50 DEBUG c.e.e.e.EmployeeController - Fetching all employees
2025-08-09 09:23:50 DEBUG c.e.e.e.EmployeeService - Fetching all employees
2025-08-09 09:23:50 DEBUG c.e.e.e.EmployeeController - Fetched 10 employees
2025-08-09 09:23:50 DEBUG c.e.e.e.EmployeeController - Fetching all employees
2025-08-09 09:23:50 DEBUG c.e.e.e.EmployeeService - Fetching all employees
2025-08-09 09:23:50 DEBUG c.e.e.e.EmployeeController - Fetched 10 employees
2025-08-09 09:24:01 WARN  o.s.w.s.m.s.DefaultHandlerExceptionResolver - Resolved [org.springframework.web.bind.MethodArgumentNotValidException: Validation failed for argument [1] in public org.springframework.http.ResponseEntity<com.example.employee.employeedetails.Employee> com.example.employee.employeedetails.EmployeeController.replaceEmployee(int,com.example.employee.employeedetails.dto.UpdateEmployeeDTO) throws com.example.employee.common.exceptions.NotFoundException with 3 errors: [Field error in object 'updateEmployeeDTO' on field 'contracts[1].contractTerm': rejected value [null]; codes [NotBlank.updateEmployeeDTO.contracts[1].contractTerm,NotBlank.updateEmployeeDTO.contracts.contractTerm,NotBlank.contracts[1].contractTerm,NotBlank.contracts.contractTerm,NotBlank.contractTerm,NotBlank.java.lang.String,NotBlank]; arguments [org.springframework.context.support.DefaultMessageSourceResolvable: codes [updateEmployeeDTO.contracts[1].contractTerm,contracts[1].contractTerm]; arguments []; default message [contracts[1].contractTerm]]; default message [must not be blank]] [Field error in object 'updateEmployeeDTO' on field 'mobileNumber': rejected value [(0) 495-688-991]; codes [Pattern.updateEmployeeDTO.mobileNumber,Pattern.mobileNumber,Pattern.java.lang.String,Pattern]; arguments [org.springframework.context.support.DefaultMessageSourceResolvable: codes [updateEmployeeDTO.mobileNumber,mobileNumber]; arguments []; default message [mobileNumber],[Ljakarta.validation.constraints.Pattern$Flag;@52ae39a7,^(\+614|04)\d{8}$]; default message [Mobile number must start with +614 or 04 and have 10 digits total]] [Field error in object 'updateEmployeeDTO' on field 'contracts[0].contractTerm': rejected value [null]; codes [NotBlank.updateEmployeeDTO.contracts[0].contractTerm,NotBlank.updateEmployeeDTO.contracts.contractTerm,NotBlank.contracts[0].contractTerm,NotBlank.contracts.contractTerm,NotBlank.contractTerm,NotBlank.java.lang.String,NotBlank]; arguments [org.springframework.context.support.DefaultMessageSourceResolvable: codes [updateEmployeeDTO.contracts[0].contractTerm,contracts[0].contractTerm]; arguments []; default message [contracts[0].contractTerm]]; default message [must not be blank]] ]
2025-08-09 09:27:43 WARN  o.s.w.s.m.s.DefaultHandlerExceptionResolver - Resolved [org.springframework.web.bind.MethodArgumentNotValidException: Validation failed for argument [1] in public org.springframework.http.ResponseEntity<com.example.employee.employeedetails.Employee> com.example.employee.employeedetails.EmployeeController.replaceEmployee(int,com.example.employee.employeedetails.dto.UpdateEmployeeDTO) throws com.example.employee.common.exceptions.NotFoundException with 3 errors: [Field error in object 'updateEmployeeDTO' on field 'mobileNumber': rejected value [(0) 495-688-991]; codes [Pattern.updateEmployeeDTO.mobileNumber,Pattern.mobileNumber,Pattern.java.lang.String,Pattern]; arguments [org.springframework.context.support.DefaultMessageSourceResolvable: codes [updateEmployeeDTO.mobileNumber,mobileNumber]; arguments []; default message [mobileNumber],[Ljakarta.validation.constraints.Pattern$Flag;@52ae39a7,^(\+614|04)\d{8}$]; default message [Mobile number must start with +614 or 04 and have 10 digits total]] [Field error in object 'updateEmployeeDTO' on field 'contracts[0].contractTerm': rejected value [null]; codes [NotBlank.updateEmployeeDTO.contracts[0].contractTerm,NotBlank.updateEmployeeDTO.contracts.contractTerm,NotBlank.contracts[0].contractTerm,NotBlank.contracts.contractTerm,NotBlank.contractTerm,NotBlank.java.lang.String,NotBlank]; arguments [org.springframework.context.support.DefaultMessageSourceResolvable: codes [updateEmployeeDTO.contracts[0].contractTerm,contracts[0].contractTerm]; arguments []; default message [contracts[0].contractTerm]]; default message [must not be blank]] [Field error in object 'updateEmployeeDTO' on field 'contracts[1].contractTerm': rejected value [null]; codes [NotBlank.updateEmployeeDTO.contracts[1].contractTerm,NotBlank.updateEmployeeDTO.contracts.contractTerm,NotBlank.contracts[1].contractTerm,NotBlank.contracts.contractTerm,NotBlank.contractTerm,NotBlank.java.lang.String,NotBlank]; arguments [org.springframework.context.support.DefaultMessageSourceResolvable: codes [updateEmployeeDTO.contracts[1].contractTerm,contracts[1].contractTerm]; arguments []; default message [contracts[1].contractTerm]]; default message [must not be blank]] ]
2025-08-09 09:27:44 WARN  o.s.w.s.m.s.DefaultHandlerExceptionResolver - Resolved [org.springframework.web.bind.MethodArgumentNotValidException: Validation failed for argument [1] in public org.springframework.http.ResponseEntity<com.example.employee.employeedetails.Employee> com.example.employee.employeedetails.EmployeeController.replaceEmployee(int,com.example.employee.employeedetails.dto.UpdateEmployeeDTO) throws com.example.employee.common.exceptions.NotFoundException with 3 errors: [Field error in object 'updateEmployeeDTO' on field 'mobileNumber': rejected value [(0) 495-688-991]; codes [Pattern.updateEmployeeDTO.mobileNumber,Pattern.mobileNumber,Pattern.java.lang.String,Pattern]; arguments [org.springframework.context.support.DefaultMessageSourceResolvable: codes [updateEmployeeDTO.mobileNumber,mobileNumber]; arguments []; default message [mobileNumber],[Ljakarta.validation.constraints.Pattern$Flag;@52ae39a7,^(\+614|04)\d{8}$]; default message [Mobile number must start with +614 or 04 and have 10 digits total]] [Field error in object 'updateEmployeeDTO' on field 'contracts[1].contractTerm': rejected value [null]; codes [NotBlank.updateEmployeeDTO.contracts[1].contractTerm,NotBlank.updateEmployeeDTO.contracts.contractTerm,NotBlank.contracts[1].contractTerm,NotBlank.contracts.contractTerm,NotBlank.contractTerm,NotBlank.java.lang.String,NotBlank]; arguments [org.springframework.context.support.DefaultMessageSourceResolvable: codes [updateEmployeeDTO.contracts[1].contractTerm,contracts[1].contractTerm]; arguments []; default message [contracts[1].contractTerm]]; default message [must not be blank]] [Field error in object 'updateEmployeeDTO' on field 'contracts[0].contractTerm': rejected value [null]; codes [NotBlank.updateEmployeeDTO.contracts[0].contractTerm,NotBlank.updateEmployeeDTO.contracts.contractTerm,NotBlank.contracts[0].contractTerm,NotBlank.contracts.contractTerm,NotBlank.contractTerm,NotBlank.java.lang.String,NotBlank]; arguments [org.springframework.context.support.DefaultMessageSourceResolvable: codes [updateEmployeeDTO.contracts[0].contractTerm,contracts[0].contractTerm]; arguments []; default message [contracts[0].contractTerm]]; default message [must not be blank]] ]
2025-08-09 09:29:02 DEBUG c.e.e.e.EmployeeController - Fetching all employees
2025-08-09 09:29:02 DEBUG c.e.e.e.EmployeeService - Fetching all employees
2025-08-09 09:29:02 DEBUG c.e.e.e.EmployeeController - Fetched 10 employees
2025-08-09 09:29:04 DEBUG c.e.e.e.EmployeeController - Fetching all employees
2025-08-09 09:29:04 DEBUG c.e.e.e.EmployeeService - Fetching all employees
2025-08-09 09:29:04 DEBUG c.e.e.e.EmployeeController - Fetched 10 employees
2025-08-09 09:29:22 WARN  o.s.w.s.m.s.DefaultHandlerExceptionResolver - Resolved [org.springframework.web.bind.MethodArgumentNotValidException: Validation failed for argument [1] in public org.springframework.http.ResponseEntity<com.example.employee.employeedetails.Employee> com.example.employee.employeedetails.EmployeeController.replaceEmployee(int,com.example.employee.employeedetails.dto.UpdateEmployeeDTO) throws com.example.employee.common.exceptions.NotFoundException with 2 errors: [Field error in object 'updateEmployeeDTO' on field 'contracts[0].contractTerm': rejected value [null]; codes [NotBlank.updateEmployeeDTO.contracts[0].contractTerm,NotBlank.updateEmployeeDTO.contracts.contractTerm,NotBlank.contracts[0].contractTerm,NotBlank.contracts.contractTerm,NotBlank.contractTerm,NotBlank.java.lang.String,NotBlank]; arguments [org.springframework.context.support.DefaultMessageSourceResolvable: codes [updateEmployeeDTO.contracts[0].contractTerm,contracts[0].contractTerm]; arguments []; default message [contracts[0].contractTerm]]; default message [must not be blank]] [Field error in object 'updateEmployeeDTO' on field 'contracts[1].contractTerm': rejected value [null]; codes [NotBlank.updateEmployeeDTO.contracts[1].contractTerm,NotBlank.updateEmployeeDTO.contracts.contractTerm,NotBlank.contracts[1].contractTerm,NotBlank.contracts.contractTerm,NotBlank.contractTerm,NotBlank.java.lang.String,NotBlank]; arguments [org.springframework.context.support.DefaultMessageSourceResolvable: codes [updateEmployeeDTO.contracts[1].contractTerm,contracts[1].contractTerm]; arguments []; default message [contracts[1].contractTerm]]; default message [must not be blank]] ]
2025-08-09 09:47:31 DEBUG c.e.e.contract.ContractService - Getting contracts for employee id: 15
2025-08-09 09:47:31 DEBUG c.e.e.contract.ContractService - Found 0 contracts for employee id: 15
2025-08-09 09:47:39 DEBUG c.e.e.e.EmployeeController - Fetching all employees
2025-08-09 09:47:39 DEBUG c.e.e.e.EmployeeService - Fetching all employees
2025-08-09 09:47:39 DEBUG c.e.e.e.EmployeeController - Fetched 10 employees
2025-08-09 09:48:24 DEBUG c.e.e.e.EmployeeController - Fetching all employees
2025-08-09 09:48:24 DEBUG c.e.e.e.EmployeeService - Fetching all employees
2025-08-09 09:48:24 DEBUG c.e.e.e.EmployeeController - Fetched 10 employees
2025-08-09 10:00:27 DEBUG c.e.e.contract.ContractService - Getting contracts for employee id: 15
2025-08-09 10:00:27 DEBUG c.e.e.contract.ContractService - Found 0 contracts for employee id: 15
2025-08-09 10:00:35 DEBUG c.e.e.contract.ContractService - Getting contracts for employee id: 1
2025-08-09 10:00:35 DEBUG c.e.e.contract.ContractService - Found 2 contracts for employee id: 1
2025-08-09 10:03:50 INFO  o.s.b.w.e.tomcat.GracefulShutdown - Commencing graceful shutdown. Waiting for active requests to complete
2025-08-09 10:03:50 INFO  o.s.b.w.e.tomcat.GracefulShutdown - Graceful shutdown complete
2025-08-09 10:03:50 INFO  o.s.o.j.LocalContainerEntityManagerFactoryBean - Closing JPA EntityManagerFactory for persistence unit 'default'
2025-08-09 10:03:50 INFO  com.zaxxer.hikari.HikariDataSource - HikariPool-1 - Shutdown initiated...
2025-08-09 10:03:50 INFO  com.zaxxer.hikari.HikariDataSource - HikariPool-1 - Shutdown completed.
2025-08-09 10:09:18 INFO  o.h.validator.internal.util.Version - HV000001: Hibernate Validator 8.0.2.Final
2025-08-09 10:09:19 WARN  o.s.b.t.j.DuplicateJsonObjectContextCustomizerFactory$DuplicateJsonObjectContextCustomizer - 

Found multiple occurrences of org.json.JSONObject on the class path:

	jar:file:/C:/Users/ho%20800g2/.m2/repository/org/json/json/20240303/json-20240303.jar!/org/json/JSONObject.class
	jar:file:/C:/Users/ho%20800g2/.m2/repository/com/vaadin/external/google/android-json/0.0.20131108.vaadin1/android-json-0.0.20131108.vaadin1.jar!/org/json/JSONObject.class

You may wish to exclude one of them to ensure predictable runtime behavior

2025-08-09 10:09:19 INFO  c.e.e.EmployeeApplicationTests - Starting EmployeeApplicationTests using Java 21.0.6 with PID 27496 (started by ho 800g2 in C:\Users\ho 800g2\OneDrive\Desktop\Jani\nology\sessions\Spring\EmployeeCreator\Backend\employee)
2025-08-09 10:09:19 DEBUG c.e.e.EmployeeApplicationTests - Running with Spring Boot v3.5.3, Spring v6.2.8
2025-08-09 10:09:19 INFO  c.e.e.EmployeeApplicationTests - No active profile set, falling back to 1 default profile: "default"
2025-08-09 10:09:20 INFO  o.s.d.r.c.RepositoryConfigurationDelegate - Bootstrapping Spring Data JPA repositories in DEFAULT mode.
2025-08-09 10:09:20 INFO  o.s.d.r.c.RepositoryConfigurationDelegate - Finished Spring Data repository scanning in 86 ms. Found 4 JPA repository interfaces.
2025-08-09 10:09:21 INFO  o.h.jpa.internal.util.LogHelper - HHH000204: Processing PersistenceUnitInfo [name: default]
2025-08-09 10:09:21 INFO  org.hibernate.Version - HHH000412: Hibernate ORM core version 6.6.18.Final
2025-08-09 10:09:21 INFO  o.h.c.i.RegionFactoryInitiator - HHH000026: Second-level cache disabled
2025-08-09 10:09:21 INFO  o.s.o.j.p.SpringPersistenceUnitInfo - No LoadTimeWeaver setup: ignoring JPA class transformer
2025-08-09 10:09:21 INFO  com.zaxxer.hikari.HikariDataSource - HikariPool-1 - Starting...
2025-08-09 10:09:22 INFO  com.zaxxer.hikari.pool.HikariPool - HikariPool-1 - Added connection com.mysql.cj.jdbc.ConnectionImpl@2a2798a2
2025-08-09 10:09:22 INFO  com.zaxxer.hikari.HikariDataSource - HikariPool-1 - Start completed.
2025-08-09 10:09:22 WARN  org.hibernate.orm.deprecation - HHH90000025: MySQL8Dialect does not need to be specified explicitly using 'hibernate.dialect' (remove the property setting and it will be selected by default)
2025-08-09 10:09:22 WARN  org.hibernate.orm.deprecation - HHH90000026: MySQL8Dialect has been deprecated; use org.hibernate.dialect.MySQLDialect instead
2025-08-09 10:09:22 INFO  o.hibernate.orm.connections.pooling - HHH10001005: Database info:
	Database JDBC URL [Connecting through datasource 'HikariDataSource (HikariPool-1)']
	Database driver: undefined/unknown
	Database version: 8.0
	Autocommit mode: undefined/unknown
	Isolation level: undefined/unknown
	Minimum pool size: undefined/unknown
	Maximum pool size: undefined/unknown
2025-08-09 10:09:23 INFO  o.h.e.t.j.p.i.JtaPlatformInitiator - HHH000489: No JTA platform available (set 'hibernate.transaction.jta.platform' to enable JTA platform integration)
2025-08-09 10:09:25 INFO  o.s.o.j.LocalContainerEntityManagerFactoryBean - Initialized JPA EntityManagerFactory for persistence unit 'default'
2025-08-09 10:09:26 INFO  o.s.d.j.r.query.QueryEnhancerFactory - Hibernate is in classpath; If applicable, HQL parser will be used.
2025-08-09 10:09:27 WARN  o.s.b.a.o.j.JpaBaseConfiguration$JpaWebConfiguration - spring.jpa.open-in-view is enabled by default. Therefore, database queries may be performed during view rendering. Explicitly configure spring.jpa.open-in-view to disable this warning
2025-08-09 10:09:28 INFO  c.e.e.EmployeeApplicationTests - Started EmployeeApplicationTests in 9.592 seconds (process running for 10.87)
2025-08-09 10:09:30 INFO  o.s.o.j.LocalContainerEntityManagerFactoryBean - Closing JPA EntityManagerFactory for persistence unit 'default'
2025-08-09 10:09:30 INFO  com.zaxxer.hikari.HikariDataSource - HikariPool-1 - Shutdown initiated...
2025-08-09 10:09:30 INFO  com.zaxxer.hikari.HikariDataSource - HikariPool-1 - Shutdown completed.
2025-08-09 10:09:46 INFO  o.h.validator.internal.util.Version - HV000001: Hibernate Validator 8.0.2.Final
2025-08-09 10:09:46 INFO  c.e.employee.EmployeeApplication - Starting EmployeeApplication using Java 21.0.6 with PID 23668 (C:\Users\ho 800g2\OneDrive\Desktop\Jani\nology\sessions\Spring\EmployeeCreator\Backend\employee\target\classes started by ho 800g2 in C:\Users\ho 800g2\OneDrive\Desktop\Jani\nology\sessions\Spring\EmployeeCreator\Backend\employee)
2025-08-09 10:09:46 DEBUG c.e.employee.EmployeeApplication - Running with Spring Boot v3.5.3, Spring v6.2.8
2025-08-09 10:09:46 INFO  c.e.employee.EmployeeApplication - No active profile set, falling back to 1 default profile: "default"
2025-08-09 10:09:46 INFO  o.s.b.d.e.DevToolsPropertyDefaultsPostProcessor - Devtools property defaults active! Set 'spring.devtools.add-properties' to 'false' to disable
2025-08-09 10:09:46 INFO  o.s.b.d.e.DevToolsPropertyDefaultsPostProcessor - For additional web related logging consider setting the 'logging.level.web' property to 'DEBUG'
2025-08-09 10:09:47 INFO  o.s.d.r.c.RepositoryConfigurationDelegate - Bootstrapping Spring Data JPA repositories in DEFAULT mode.
2025-08-09 10:09:47 INFO  o.s.d.r.c.RepositoryConfigurationDelegate - Finished Spring Data repository scanning in 75 ms. Found 4 JPA repository interfaces.
2025-08-09 10:09:48 INFO  o.s.b.w.e.tomcat.TomcatWebServer - Tomcat initialized with port 8080 (http)
2025-08-09 10:09:48 INFO  o.a.coyote.http11.Http11NioProtocol - Initializing ProtocolHandler ["http-nio-8080"]
2025-08-09 10:09:48 INFO  o.a.catalina.core.StandardService - Starting service [Tomcat]
2025-08-09 10:09:48 INFO  o.a.catalina.core.StandardEngine - Starting Servlet engine: [Apache Tomcat/10.1.42]
2025-08-09 10:09:48 INFO  o.a.c.c.C.[Tomcat].[localhost].[/] - Initializing Spring embedded WebApplicationContext
2025-08-09 10:09:48 INFO  o.s.b.w.s.c.ServletWebServerApplicationContext - Root WebApplicationContext: initialization completed in 1496 ms
2025-08-09 10:09:48 INFO  o.h.jpa.internal.util.LogHelper - HHH000204: Processing PersistenceUnitInfo [name: default]
2025-08-09 10:09:48 INFO  org.hibernate.Version - HHH000412: Hibernate ORM core version 6.6.18.Final
2025-08-09 10:09:48 INFO  o.h.c.i.RegionFactoryInitiator - HHH000026: Second-level cache disabled
2025-08-09 10:09:49 INFO  o.s.o.j.p.SpringPersistenceUnitInfo - No LoadTimeWeaver setup: ignoring JPA class transformer
2025-08-09 10:09:49 INFO  com.zaxxer.hikari.HikariDataSource - HikariPool-1 - Starting...
2025-08-09 10:09:49 INFO  com.zaxxer.hikari.pool.HikariPool - HikariPool-1 - Added connection com.mysql.cj.jdbc.ConnectionImpl@71963f63
2025-08-09 10:09:49 INFO  com.zaxxer.hikari.HikariDataSource - HikariPool-1 - Start completed.
2025-08-09 10:09:49 WARN  org.hibernate.orm.deprecation - HHH90000025: MySQL8Dialect does not need to be specified explicitly using 'hibernate.dialect' (remove the property setting and it will be selected by default)
2025-08-09 10:09:49 WARN  org.hibernate.orm.deprecation - HHH90000026: MySQL8Dialect has been deprecated; use org.hibernate.dialect.MySQLDialect instead
2025-08-09 10:09:49 INFO  o.hibernate.orm.connections.pooling - HHH10001005: Database info:
	Database JDBC URL [Connecting through datasource 'HikariDataSource (HikariPool-1)']
	Database driver: undefined/unknown
	Database version: 8.0
	Autocommit mode: undefined/unknown
	Isolation level: undefined/unknown
	Minimum pool size: undefined/unknown
	Maximum pool size: undefined/unknown
2025-08-09 10:09:50 INFO  o.h.e.t.j.p.i.JtaPlatformInitiator - HHH000489: No JTA platform available (set 'hibernate.transaction.jta.platform' to enable JTA platform integration)
2025-08-09 10:09:50 INFO  o.s.o.j.LocalContainerEntityManagerFactoryBean - Initialized JPA EntityManagerFactory for persistence unit 'default'
2025-08-09 10:09:51 INFO  o.s.d.j.r.query.QueryEnhancerFactory - Hibernate is in classpath; If applicable, HQL parser will be used.
2025-08-09 10:09:51 WARN  o.s.b.a.o.j.JpaBaseConfiguration$JpaWebConfiguration - spring.jpa.open-in-view is enabled by default. Therefore, database queries may be performed during view rendering. Explicitly configure spring.jpa.open-in-view to disable this warning
2025-08-09 10:09:52 INFO  o.s.b.d.a.OptionalLiveReloadServer - LiveReload server is running on port 35729
2025-08-09 10:09:52 INFO  o.a.coyote.http11.Http11NioProtocol - Starting ProtocolHandler ["http-nio-8080"]
2025-08-09 10:09:52 INFO  o.s.b.w.e.tomcat.TomcatWebServer - Tomcat started on port 8080 (http) with context path '/'
2025-08-09 10:09:52 INFO  c.e.employee.EmployeeApplication - Started EmployeeApplication in 6.223 seconds (process running for 6.748)
2025-08-09 10:09:57 INFO  o.a.c.c.C.[Tomcat].[localhost].[/] - Initializing Spring DispatcherServlet 'dispatcherServlet'
2025-08-09 10:09:57 INFO  o.s.web.servlet.DispatcherServlet - Initializing Servlet 'dispatcherServlet'
2025-08-09 10:09:57 INFO  o.s.web.servlet.DispatcherServlet - Completed initialization in 0 ms
2025-08-09 10:09:57 DEBUG c.e.e.e.EmployeeController - Fetching all employees
2025-08-09 10:09:57 DEBUG c.e.e.e.EmployeeService - Fetching all employees
2025-08-09 10:09:57 DEBUG c.e.e.e.EmployeeController - Fetched 10 employees
2025-08-09 10:10:21 DEBUG c.e.e.contract.ContractService - Getting contracts for employee id: 1
2025-08-09 10:10:21 DEBUG c.e.e.contract.ContractService - Found 0 contracts for employee id: 1
2025-08-09 10:10:24 DEBUG c.e.e.e.EmployeeController - Fetching all employees
2025-08-09 10:10:24 DEBUG c.e.e.e.EmployeeService - Fetching all employees
2025-08-09 10:10:24 DEBUG c.e.e.e.EmployeeController - Fetched 10 employees
2025-08-09 10:10:37 DEBUG c.e.e.contract.ContractService - Getting contracts for employee id: 11
2025-08-09 10:10:37 DEBUG c.e.e.contract.ContractService - Found 2 contracts for employee id: 11
2025-08-09 10:11:15 DEBUG c.e.e.contract.ContractService - Getting contracts for employee id: 11
2025-08-09 10:11:15 DEBUG c.e.e.contract.ContractService - Found 2 contracts for employee id: 11
2025-08-09 10:11:43 DEBUG c.e.e.e.EmployeeController - Fetching all employees
2025-08-09 10:11:43 DEBUG c.e.e.e.EmployeeService - Fetching all employees
2025-08-09 10:11:43 DEBUG c.e.e.e.EmployeeController - Fetched 10 employees
2025-08-09 10:12:18 DEBUG c.e.e.e.EmployeeController - Replacing employee with ID: 1
2025-08-09 10:12:18 INFO  c.e.e.e.EmployeeService - Updating employee with id: 1
2025-08-09 10:12:18 DEBUG c.e.e.e.EmployeeService - Fetching employee with ID: 1
2025-08-09 10:12:18 WARN  c.e.e.e.EmployeeService - Employee with id: 1 not found
2025-08-09 10:12:18 WARN  c.e.e.e.EmployeeController - Replace failed. Employee with ID: 1 not found
2025-08-09 10:12:18 WARN  o.s.w.s.m.m.a.ExceptionHandlerExceptionResolver - Resolved [com.example.employee.common.exceptions.NotFoundException: Employee with id 1 does not exist]
2025-08-09 10:12:47 DEBUG c.e.e.e.EmployeeController - Fetching all employees
2025-08-09 10:12:47 DEBUG c.e.e.e.EmployeeService - Fetching all employees
2025-08-09 10:12:47 DEBUG c.e.e.e.EmployeeController - Fetched 10 employees
2025-08-09 10:12:47 DEBUG c.e.e.e.EmployeeController - Fetching all employees
2025-08-09 10:12:47 DEBUG c.e.e.e.EmployeeService - Fetching all employees
2025-08-09 10:12:47 DEBUG c.e.e.e.EmployeeController - Fetched 10 employees
2025-08-09 10:12:54 WARN  o.s.w.s.m.s.DefaultHandlerExceptionResolver - Resolved [org.springframework.web.bind.MethodArgumentNotValidException: Validation failed for argument [1] in public org.springframework.http.ResponseEntity<com.example.employee.employeedetails.Employee> com.example.employee.employeedetails.EmployeeController.replaceEmployee(int,com.example.employee.employeedetails.dto.UpdateEmployeeDTO) throws com.example.employee.common.exceptions.NotFoundException: [Field error in object 'updateEmployeeDTO' on field 'mobileNumber': rejected value [0439 630 505]; codes [Pattern.updateEmployeeDTO.mobileNumber,Pattern.mobileNumber,Pattern.java.lang.String,Pattern]; arguments [org.springframework.context.support.DefaultMessageSourceResolvable: codes [updateEmployeeDTO.mobileNumber,mobileNumber]; arguments []; default message [mobileNumber],[Ljakarta.validation.constraints.Pattern$Flag;@61704571,^(\+614|04)\d{8}$]; default message [Mobile number must start with +614 or 04 and have 10 digits total]] ]
2025-08-09 10:14:24 WARN  o.s.w.s.m.s.DefaultHandlerExceptionResolver - Resolved [org.springframework.web.bind.MethodArgumentNotValidException: Validation failed for argument [1] in public org.springframework.http.ResponseEntity<com.example.employee.employeedetails.Employee> com.example.employee.employeedetails.EmployeeController.replaceEmployee(int,com.example.employee.employeedetails.dto.UpdateEmployeeDTO) throws com.example.employee.common.exceptions.NotFoundException: [Field error in object 'updateEmployeeDTO' on field 'mobileNumber': rejected value [0439 630 505]; codes [Pattern.updateEmployeeDTO.mobileNumber,Pattern.mobileNumber,Pattern.java.lang.String,Pattern]; arguments [org.springframework.context.support.DefaultMessageSourceResolvable: codes [updateEmployeeDTO.mobileNumber,mobileNumber]; arguments []; default message [mobileNumber],[Ljakarta.validation.constraints.Pattern$Flag;@61704571,^(\+614|04)\d{8}$]; default message [Mobile number must start with +614 or 04 and have 10 digits total]] ]
2025-08-09 10:15:12 DEBUG c.e.e.e.EmployeeController - Fetching all employees
2025-08-09 10:15:12 DEBUG c.e.e.e.EmployeeService - Fetching all employees
2025-08-09 10:15:12 DEBUG c.e.e.e.EmployeeController - Fetched 10 employees
2025-08-09 10:15:14 DEBUG c.e.e.e.EmployeeController - Fetching all employees
2025-08-09 10:15:14 DEBUG c.e.e.e.EmployeeService - Fetching all employees
2025-08-09 10:15:14 DEBUG c.e.e.e.EmployeeController - Fetched 10 employees
2025-08-09 10:15:21 DEBUG c.e.e.e.EmployeeController - Replacing employee with ID: 11
2025-08-09 10:15:21 INFO  c.e.e.e.EmployeeService - Updating employee with id: 11
2025-08-09 10:15:21 DEBUG c.e.e.e.EmployeeService - Fetching employee with ID: 11
2025-08-09 10:15:21 INFO  c.e.e.e.EmployeeService - Updated details for employee with id: 11
2025-08-09 10:15:21 INFO  c.e.e.e.EmployeeController - Replaced employee with ID: 11
2025-08-09 10:15:23 DEBUG c.e.e.e.EmployeeController - Fetching all employees
2025-08-09 10:15:23 DEBUG c.e.e.e.EmployeeService - Fetching all employees
2025-08-09 10:15:23 DEBUG c.e.e.e.EmployeeController - Fetched 10 employees
2025-08-09 10:15:39 DEBUG c.e.e.e.EmployeeController - Replacing employee with ID: 12
2025-08-09 10:15:39 INFO  c.e.e.e.EmployeeService - Updating employee with id: 12
2025-08-09 10:15:39 DEBUG c.e.e.e.EmployeeService - Fetching employee with ID: 12
2025-08-09 10:15:39 INFO  c.e.e.e.EmployeeService - Updated details for employee with id: 12
2025-08-09 10:15:39 INFO  c.e.e.e.EmployeeController - Replaced employee with ID: 12
2025-08-09 10:15:41 DEBUG c.e.e.e.EmployeeController - Fetching all employees
2025-08-09 10:15:41 DEBUG c.e.e.e.EmployeeService - Fetching all employees
2025-08-09 10:15:41 DEBUG c.e.e.e.EmployeeController - Fetched 10 employees
2025-08-09 10:15:54 DEBUG c.e.e.contract.ContractService - Getting contracts for employee id: 12
2025-08-09 10:15:54 DEBUG c.e.e.contract.ContractService - Found 2 contracts for employee id: 12
2025-08-09 10:16:48 DEBUG c.e.e.e.EmployeeController - Replacing employee with ID: 11
2025-08-09 10:16:48 INFO  c.e.e.e.EmployeeService - Updating employee with id: 11
2025-08-09 10:16:48 DEBUG c.e.e.e.EmployeeService - Fetching employee with ID: 11
2025-08-09 10:16:48 INFO  c.e.e.e.EmployeeService - Updated details for employee with id: 11
2025-08-09 10:16:48 INFO  c.e.e.e.EmployeeController - Replaced employee with ID: 11
2025-08-09 10:16:50 DEBUG c.e.e.e.EmployeeController - Fetching all employees
2025-08-09 10:16:50 DEBUG c.e.e.e.EmployeeService - Fetching all employees
2025-08-09 10:16:50 DEBUG c.e.e.e.EmployeeController - Fetched 10 employees
2025-08-09 10:19:38 DEBUG c.e.e.e.EmployeeController - Replacing employee with ID: 11
2025-08-09 10:19:38 INFO  c.e.e.e.EmployeeService - Updating employee with id: 11
2025-08-09 10:19:38 DEBUG c.e.e.e.EmployeeService - Fetching employee with ID: 11
2025-08-09 10:19:38 INFO  c.e.e.e.EmployeeService - Updated details for employee with id: 11
2025-08-09 10:19:38 INFO  c.e.e.e.EmployeeController - Replaced employee with ID: 11
2025-08-09 10:19:40 DEBUG c.e.e.e.EmployeeController - Fetching all employees
2025-08-09 10:19:40 DEBUG c.e.e.e.EmployeeService - Fetching all employees
2025-08-09 10:19:40 DEBUG c.e.e.e.EmployeeController - Fetched 10 employees
2025-08-09 10:20:13 DEBUG c.e.e.contract.ContractService - Getting contracts for employee id: 12
2025-08-09 10:20:13 DEBUG c.e.e.contract.ContractService - Found 2 contracts for employee id: 12
2025-08-09 10:20:17 DEBUG c.e.e.e.EmployeeController - Fetching all employees
2025-08-09 10:20:17 DEBUG c.e.e.e.EmployeeService - Fetching all employees
2025-08-09 10:20:17 DEBUG c.e.e.e.EmployeeController - Fetched 10 employees
2025-08-09 10:22:02 DEBUG c.e.e.contract.ContractService - Getting contracts for employee id: 11
2025-08-09 10:22:02 DEBUG c.e.e.contract.ContractService - Found 2 contracts for employee id: 11
2025-08-09 10:22:21 DEBUG c.e.e.contract.ContractService - Creating contract for employee ID: 11, DTO: com.example.employee.contract.dto.ContractCreateDTO@1862a202
2025-08-09 10:22:21 DEBUG c.e.e.contract.ContractService - Created contract ID: 41 for employee ID: 11
2025-08-09 10:22:23 DEBUG c.e.e.e.EmployeeController - Fetching all employees
2025-08-09 10:22:23 DEBUG c.e.e.e.EmployeeService - Fetching all employees
2025-08-09 10:22:23 DEBUG c.e.e.e.EmployeeController - Fetched 10 employees
2025-08-09 10:22:31 DEBUG c.e.e.e.EmployeeController - Replacing employee with ID: 11
2025-08-09 10:22:31 INFO  c.e.e.e.EmployeeService - Updating employee with id: 11
2025-08-09 10:22:31 DEBUG c.e.e.e.EmployeeService - Fetching employee with ID: 11
2025-08-09 10:22:31 INFO  c.e.e.e.EmployeeService - Updated details for employee with id: 11
2025-08-09 10:22:31 INFO  c.e.e.e.EmployeeController - Replaced employee with ID: 11
2025-08-09 10:22:33 DEBUG c.e.e.e.EmployeeController - Fetching all employees
2025-08-09 10:22:33 DEBUG c.e.e.e.EmployeeService - Fetching all employees
2025-08-09 10:22:33 DEBUG c.e.e.e.EmployeeController - Fetched 10 employees
2025-08-09 10:23:53 DEBUG c.e.e.contract.ContractService - Creating contract for employee ID: 11, DTO: com.example.employee.contract.dto.ContractCreateDTO@7fbc9eec
2025-08-09 10:23:53 DEBUG c.e.e.contract.ContractService - Created contract ID: 42 for employee ID: 11
2025-08-09 10:23:55 DEBUG c.e.e.e.EmployeeController - Fetching all employees
2025-08-09 10:23:55 DEBUG c.e.e.e.EmployeeService - Fetching all employees
2025-08-09 10:23:55 DEBUG c.e.e.e.EmployeeController - Fetched 10 employees
2025-08-09 10:26:19 DEBUG c.e.e.e.EmployeeController - Fetching all employees
2025-08-09 10:26:19 DEBUG c.e.e.e.EmployeeService - Fetching all employees
2025-08-09 10:26:19 DEBUG c.e.e.e.EmployeeController - Fetched 10 employees
2025-08-09 10:26:21 DEBUG c.e.e.e.EmployeeController - Fetching all employees
2025-08-09 10:26:21 DEBUG c.e.e.e.EmployeeService - Fetching all employees
2025-08-09 10:26:21 DEBUG c.e.e.e.EmployeeController - Fetched 10 employees
2025-08-09 10:26:37 DEBUG c.e.e.contract.ContractService - Getting contracts for employee id: 11
2025-08-09 10:26:37 DEBUG c.e.e.contract.ContractService - Found 3 contracts for employee id: 11
2025-08-09 12:39:13 WARN  com.zaxxer.hikari.pool.HikariPool - HikariPool-1 - Thread starvation or clock leap detected (housekeeper delta=1h33m52s956ms223µs500ns).
2025-08-09 12:39:26 DEBUG c.e.e.e.EmployeeController - Fetching all employees
2025-08-09 12:39:26 DEBUG c.e.e.e.EmployeeService - Fetching all employees
2025-08-09 12:39:26 DEBUG c.e.e.e.EmployeeController - Fetched 10 employees
2025-08-09 12:39:28 DEBUG c.e.e.e.EmployeeController - Fetching all employees
2025-08-09 12:39:28 DEBUG c.e.e.e.EmployeeService - Fetching all employees
2025-08-09 12:39:28 DEBUG c.e.e.e.EmployeeController - Fetched 10 employees
2025-08-09 12:39:42 DEBUG c.e.e.e.EmployeeController - Fetching all employees
2025-08-09 12:39:42 DEBUG c.e.e.e.EmployeeService - Fetching all employees
2025-08-09 12:39:42 DEBUG c.e.e.e.EmployeeController - Fetched 10 employees
2025-08-09 12:39:44 DEBUG c.e.e.e.EmployeeController - Fetching all employees
2025-08-09 12:39:44 DEBUG c.e.e.e.EmployeeService - Fetching all employees
2025-08-09 12:39:44 DEBUG c.e.e.e.EmployeeController - Fetched 10 employees
2025-08-09 12:45:03 DEBUG c.e.e.e.EmployeeController - Replacing employee with ID: 11
2025-08-09 12:45:03 INFO  c.e.e.e.EmployeeService - Updating employee with id: 11
2025-08-09 12:45:03 DEBUG c.e.e.e.EmployeeService - Fetching employee with ID: 11
2025-08-09 12:45:03 INFO  c.e.e.e.EmployeeService - Updated details for employee with id: 11
2025-08-09 12:45:03 INFO  c.e.e.e.EmployeeController - Replaced employee with ID: 11
2025-08-09 12:45:03 DEBUG c.e.e.e.EmployeeController - Fetching all employees
2025-08-09 12:45:03 DEBUG c.e.e.e.EmployeeService - Fetching all employees
2025-08-09 12:45:03 DEBUG c.e.e.e.EmployeeController - Fetched 10 employees
2025-08-09 12:45:29 DEBUG c.e.e.e.EmployeeController - Fetching all employees
2025-08-09 12:45:29 DEBUG c.e.e.e.EmployeeService - Fetching all employees
2025-08-09 12:45:29 DEBUG c.e.e.e.EmployeeController - Fetched 10 employees
2025-08-09 12:45:29 DEBUG c.e.e.e.EmployeeController - Fetching all employees
2025-08-09 12:45:29 DEBUG c.e.e.e.EmployeeService - Fetching all employees
2025-08-09 12:45:29 DEBUG c.e.e.e.EmployeeController - Fetched 10 employees
2025-08-09 12:45:32 DEBUG c.e.e.e.EmployeeController - Fetching all employees
2025-08-09 12:45:32 DEBUG c.e.e.e.EmployeeService - Fetching all employees
2025-08-09 12:45:32 DEBUG c.e.e.e.EmployeeController - Fetched 10 employees
2025-08-09 12:45:32 DEBUG c.e.e.e.EmployeeController - Fetching all employees
2025-08-09 12:45:32 DEBUG c.e.e.e.EmployeeService - Fetching all employees
2025-08-09 12:45:32 DEBUG c.e.e.e.EmployeeController - Fetched 10 employees
2025-08-09 12:46:19 DEBUG c.e.e.e.EmployeeController - Replacing employee with ID: 11
2025-08-09 12:46:19 INFO  c.e.e.e.EmployeeService - Updating employee with id: 11
2025-08-09 12:46:19 DEBUG c.e.e.e.EmployeeService - Fetching employee with ID: 11
2025-08-09 12:46:19 INFO  c.e.e.e.EmployeeService - Updated details for employee with id: 11
2025-08-09 12:46:19 INFO  c.e.e.e.EmployeeController - Replaced employee with ID: 11
2025-08-09 12:46:19 DEBUG c.e.e.e.EmployeeController - Fetching all employees
2025-08-09 12:46:19 DEBUG c.e.e.e.EmployeeService - Fetching all employees
2025-08-09 12:46:19 DEBUG c.e.e.e.EmployeeController - Fetched 10 employees
2025-08-09 12:46:24 DEBUG c.e.e.e.EmployeeController - Replacing employee with ID: 11
2025-08-09 12:46:24 INFO  c.e.e.e.EmployeeService - Updating employee with id: 11
2025-08-09 12:46:24 DEBUG c.e.e.e.EmployeeService - Fetching employee with ID: 11
2025-08-09 12:46:24 INFO  c.e.e.e.EmployeeService - Updated details for employee with id: 11
2025-08-09 12:46:24 INFO  c.e.e.e.EmployeeController - Replaced employee with ID: 11
2025-08-09 12:46:24 DEBUG c.e.e.e.EmployeeController - Fetching all employees
2025-08-09 12:46:24 DEBUG c.e.e.e.EmployeeService - Fetching all employees
2025-08-09 12:46:24 DEBUG c.e.e.e.EmployeeController - Fetched 10 employees
2025-08-09 12:46:34 DEBUG c.e.e.contract.ContractService - Creating contract for employee ID: 11, DTO: com.example.employee.contract.dto.ContractCreateDTO@7f4ed050
2025-08-09 12:46:34 DEBUG c.e.e.contract.ContractService - Created contract ID: 43 for employee ID: 11
2025-08-09 12:46:34 DEBUG c.e.e.e.EmployeeController - Fetching all employees
2025-08-09 12:46:34 DEBUG c.e.e.e.EmployeeService - Fetching all employees
2025-08-09 12:46:34 DEBUG c.e.e.e.EmployeeController - Fetched 10 employees
2025-08-09 12:46:35 DEBUG c.e.e.e.EmployeeController - Replacing employee with ID: 11
2025-08-09 12:46:35 INFO  c.e.e.e.EmployeeService - Updating employee with id: 11
2025-08-09 12:46:35 DEBUG c.e.e.e.EmployeeService - Fetching employee with ID: 11
2025-08-09 12:46:35 INFO  c.e.e.e.EmployeeService - Updated details for employee with id: 11
2025-08-09 12:46:35 INFO  c.e.e.e.EmployeeController - Replaced employee with ID: 11
2025-08-09 12:46:35 DEBUG c.e.e.e.EmployeeController - Fetching all employees
2025-08-09 12:46:35 DEBUG c.e.e.e.EmployeeService - Fetching all employees
2025-08-09 12:46:35 DEBUG c.e.e.e.EmployeeController - Fetched 10 employees
2025-08-09 12:49:19 DEBUG c.e.e.contract.ContractService - Creating contract for employee ID: 11, DTO: com.example.employee.contract.dto.ContractCreateDTO@85aadc
2025-08-09 12:49:19 DEBUG c.e.e.contract.ContractService - Created contract ID: 44 for employee ID: 11
2025-08-09 12:49:19 DEBUG c.e.e.e.EmployeeController - Fetching all employees
2025-08-09 12:49:19 DEBUG c.e.e.e.EmployeeService - Fetching all employees
2025-08-09 12:49:19 DEBUG c.e.e.e.EmployeeController - Fetched 10 employees
2025-08-09 12:49:19 DEBUG c.e.e.e.EmployeeController - Fetching all employees
2025-08-09 12:49:19 DEBUG c.e.e.e.EmployeeService - Fetching all employees
2025-08-09 12:49:19 DEBUG c.e.e.e.EmployeeController - Fetched 10 employees
2025-08-09 12:53:34 DEBUG c.e.e.e.EmployeeController - Replacing employee with ID: 11
2025-08-09 12:53:34 INFO  c.e.e.e.EmployeeService - Updating employee with id: 11
2025-08-09 12:53:34 DEBUG c.e.e.e.EmployeeService - Fetching employee with ID: 11
2025-08-09 12:53:34 INFO  c.e.e.e.EmployeeService - Updated details for employee with id: 11
2025-08-09 12:53:34 INFO  c.e.e.e.EmployeeController - Replaced employee with ID: 11
2025-08-09 12:53:34 DEBUG c.e.e.e.EmployeeController - Fetching all employees
2025-08-09 12:53:34 DEBUG c.e.e.e.EmployeeService - Fetching all employees
2025-08-09 12:53:34 DEBUG c.e.e.e.EmployeeController - Fetched 10 employees
2025-08-09 13:04:34 WARN  o.s.w.s.m.s.DefaultHandlerExceptionResolver - Resolved [org.springframework.http.converter.HttpMessageNotReadableException: JSON parse error: Cannot coerce empty String ("") to `com.example.employee.contract.Contract$ContractType` value (but could if coercion was enabled using `CoercionConfig`)]
2025-08-09 13:12:41 WARN  o.s.w.s.m.s.DefaultHandlerExceptionResolver - Resolved [org.springframework.http.converter.HttpMessageNotReadableException: JSON parse error: Cannot coerce empty String ("") to `com.example.employee.contract.Contract$ContractType` value (but could if coercion was enabled using `CoercionConfig`)]
2025-08-09 13:15:04 DEBUG c.e.e.e.EmployeeController - Received request to create new Employee
2025-08-09 13:15:04 DEBUG c.e.e.e.EmployeeService - Creating a new employee with data: com.example.employee.employeedetails.dto.CreateEmployeeDTO@351a8e23
2025-08-09 13:15:04 INFO  c.e.e.e.EmployeeService - Employee created with ID: 21
2025-08-09 13:15:04 DEBUG c.e.e.e.EmployeeController - Created new Employee: 21
2025-08-09 13:21:33 WARN  o.s.w.s.m.s.DefaultHandlerExceptionResolver - Resolved [org.springframework.http.converter.HttpMessageNotReadableException: JSON parse error: Cannot coerce empty String ("") to `com.example.employee.contract.Contract$ContractType` value (but could if coercion was enabled using `CoercionConfig`)]
2025-08-09 13:24:48 WARN  o.s.w.s.m.s.DefaultHandlerExceptionResolver - Resolved [org.springframework.http.converter.HttpMessageNotReadableException: JSON parse error: Cannot coerce empty String ("") to `com.example.employee.contract.Contract$ContractType` value (but could if coercion was enabled using `CoercionConfig`)]
2025-08-09 13:29:26 DEBUG c.e.e.e.EmployeeController - Fetching all employees
2025-08-09 13:29:26 DEBUG c.e.e.e.EmployeeService - Fetching all employees
2025-08-09 13:29:26 DEBUG c.e.e.e.EmployeeController - Fetched 11 employees
2025-08-09 13:29:28 DEBUG c.e.e.e.EmployeeController - Fetching all employees
2025-08-09 13:29:28 DEBUG c.e.e.e.EmployeeService - Fetching all employees
2025-08-09 13:29:28 DEBUG c.e.e.e.EmployeeController - Fetched 11 employees
2025-08-09 13:30:49 DEBUG c.e.e.e.EmployeeController - Fetching all employees
2025-08-09 13:30:49 DEBUG c.e.e.e.EmployeeService - Fetching all employees
2025-08-09 13:30:49 DEBUG c.e.e.e.EmployeeController - Fetched 11 employees
2025-08-09 13:30:50 DEBUG c.e.e.e.EmployeeController - Fetching all employees
2025-08-09 13:30:50 DEBUG c.e.e.e.EmployeeService - Fetching all employees
2025-08-09 13:30:50 DEBUG c.e.e.e.EmployeeController - Fetched 11 employees
2025-08-09 13:31:24 WARN  o.s.w.s.m.s.DefaultHandlerExceptionResolver - Resolved [org.springframework.http.converter.HttpMessageNotReadableException: JSON parse error: Cannot coerce empty String ("") to `com.example.employee.contract.Contract$ContractType` value (but could if coercion was enabled using `CoercionConfig`)]
2025-08-09 13:32:55 DEBUG c.e.e.e.EmployeeController - Fetching all employees
2025-08-09 13:32:55 DEBUG c.e.e.e.EmployeeService - Fetching all employees
2025-08-09 13:32:55 DEBUG c.e.e.e.EmployeeController - Fetched 11 employees
2025-08-09 13:32:55 DEBUG c.e.e.e.EmployeeController - Fetching all employees
2025-08-09 13:32:55 DEBUG c.e.e.e.EmployeeService - Fetching all employees
2025-08-09 13:32:55 DEBUG c.e.e.e.EmployeeController - Fetched 11 employees
2025-08-09 13:33:12 WARN  o.s.w.s.m.s.DefaultHandlerExceptionResolver - Resolved [org.springframework.http.converter.HttpMessageNotReadableException: JSON parse error: Cannot coerce empty String ("") to `com.example.employee.contract.Contract$ContractType` value (but could if coercion was enabled using `CoercionConfig`)]
2025-08-09 13:39:06 WARN  o.s.w.s.m.s.DefaultHandlerExceptionResolver - Resolved [org.springframework.http.converter.HttpMessageNotReadableException: JSON parse error: Cannot coerce empty String ("") to `com.example.employee.contract.Contract$ContractType` value (but could if coercion was enabled using `CoercionConfig`)]
2025-08-09 14:14:00 DEBUG c.e.e.e.EmployeeController - Fetching all employees
2025-08-09 14:14:00 DEBUG c.e.e.e.EmployeeService - Fetching all employees
2025-08-09 14:14:00 DEBUG c.e.e.e.EmployeeController - Fetched 11 employees
2025-08-09 14:14:02 DEBUG c.e.e.e.EmployeeController - Fetching all employees
2025-08-09 14:14:02 DEBUG c.e.e.e.EmployeeService - Fetching all employees
2025-08-09 14:14:02 DEBUG c.e.e.e.EmployeeController - Fetched 11 employees
2025-08-09 14:14:25 WARN  o.s.w.s.m.s.DefaultHandlerExceptionResolver - Resolved [org.springframework.http.converter.HttpMessageNotReadableException: JSON parse error: Cannot coerce empty String ("") to `com.example.employee.contract.Contract$ContractType` value (but could if coercion was enabled using `CoercionConfig`)]
2025-08-09 14:15:44 WARN  o.s.w.s.m.s.DefaultHandlerExceptionResolver - Resolved [org.springframework.http.converter.HttpMessageNotReadableException: JSON parse error: Cannot coerce empty String ("") to `com.example.employee.contract.Contract$ContractType` value (but could if coercion was enabled using `CoercionConfig`)]
2025-08-09 14:16:54 WARN  o.s.w.s.m.s.DefaultHandlerExceptionResolver - Resolved [org.springframework.http.converter.HttpMessageNotReadableException: JSON parse error: Cannot coerce empty String ("") to `com.example.employee.contract.Contract$ContractType` value (but could if coercion was enabled using `CoercionConfig`)]
2025-08-09 14:18:41 DEBUG c.e.e.e.EmployeeController - Fetching all employees
2025-08-09 14:18:41 DEBUG c.e.e.e.EmployeeService - Fetching all employees
2025-08-09 14:18:41 DEBUG c.e.e.e.EmployeeController - Fetched 11 employees
2025-08-09 14:18:43 DEBUG c.e.e.e.EmployeeController - Fetching all employees
2025-08-09 14:18:43 DEBUG c.e.e.e.EmployeeService - Fetching all employees
2025-08-09 14:18:43 DEBUG c.e.e.e.EmployeeController - Fetched 11 employees
2025-08-09 14:18:59 WARN  o.s.w.s.m.s.DefaultHandlerExceptionResolver - Resolved [org.springframework.http.converter.HttpMessageNotReadableException: JSON parse error: Cannot coerce empty String ("") to `com.example.employee.contract.Contract$ContractType` value (but could if coercion was enabled using `CoercionConfig`)]
2025-08-09 14:20:49 WARN  o.s.w.s.m.s.DefaultHandlerExceptionResolver - Resolved [org.springframework.http.converter.HttpMessageNotReadableException: JSON parse error: Cannot coerce empty String ("") to `com.example.employee.contract.Contract$ContractType` value (but could if coercion was enabled using `CoercionConfig`)]
2025-08-09 14:28:33 DEBUG c.e.e.e.EmployeeController - Received request to create new Employee
2025-08-09 14:28:33 DEBUG c.e.e.e.EmployeeService - Creating a new employee with data: com.example.employee.employeedetails.dto.CreateEmployeeDTO@73456677
2025-08-09 14:28:33 INFO  c.e.e.e.EmployeeService - Employee created with ID: 22
2025-08-09 14:28:33 DEBUG c.e.e.e.EmployeeController - Created new Employee: 22
2025-08-09 14:28:35 DEBUG c.e.e.e.EmployeeController - Fetching all employees
2025-08-09 14:28:35 DEBUG c.e.e.e.EmployeeService - Fetching all employees
2025-08-09 14:28:35 DEBUG c.e.e.e.EmployeeController - Fetched 12 employees
2025-08-09 14:28:50 DEBUG c.e.e.e.EmployeeController - Archiving and deleting employee with ID: 21
2025-08-09 14:28:50 INFO  c.e.e.e.EmployeeService - Archiving employee with id: 21
2025-08-09 14:28:50 DEBUG c.e.e.e.EmployeeService - Archived employee with id: 21
2025-08-09 14:28:50 DEBUG c.e.e.e.EmployeeService - Archived 0 contracts for Employee id 21
2025-08-09 14:28:50 DEBUG c.e.e.e.EmployeeService - Deleted employee with id: 21
2025-08-09 14:28:50 INFO  c.e.e.e.EmployeeController - Archived and deleted employee with ID: 21
2025-08-09 14:28:52 DEBUG c.e.e.e.EmployeeController - Fetching all employees
2025-08-09 14:28:52 DEBUG c.e.e.e.EmployeeService - Fetching all employees
2025-08-09 14:28:52 DEBUG c.e.e.e.EmployeeController - Fetched 11 employees
2025-08-09 14:28:54 DEBUG c.e.e.e.EmployeeController - Fetching all employees
2025-08-09 14:28:54 DEBUG c.e.e.e.EmployeeService - Fetching all employees
2025-08-09 14:28:54 DEBUG c.e.e.e.EmployeeController - Fetched 11 employees
2025-08-09 14:30:53 INFO  o.s.b.w.e.tomcat.GracefulShutdown - Commencing graceful shutdown. Waiting for active requests to complete
2025-08-09 14:30:53 INFO  o.s.b.w.e.tomcat.GracefulShutdown - Graceful shutdown complete
2025-08-09 14:30:53 INFO  o.s.o.j.LocalContainerEntityManagerFactoryBean - Closing JPA EntityManagerFactory for persistence unit 'default'
2025-08-09 14:30:53 INFO  com.zaxxer.hikari.HikariDataSource - HikariPool-1 - Shutdown initiated...
2025-08-09 14:30:53 INFO  com.zaxxer.hikari.HikariDataSource - HikariPool-1 - Shutdown completed.
2025-08-09 14:31:20 INFO  o.h.validator.internal.util.Version - HV000001: Hibernate Validator 8.0.2.Final
2025-08-09 14:31:20 WARN  o.s.b.t.j.DuplicateJsonObjectContextCustomizerFactory$DuplicateJsonObjectContextCustomizer - 

Found multiple occurrences of org.json.JSONObject on the class path:

	jar:file:/C:/Users/ho%20800g2/.m2/repository/org/json/json/20240303/json-20240303.jar!/org/json/JSONObject.class
	jar:file:/C:/Users/ho%20800g2/.m2/repository/com/vaadin/external/google/android-json/0.0.20131108.vaadin1/android-json-0.0.20131108.vaadin1.jar!/org/json/JSONObject.class

You may wish to exclude one of them to ensure predictable runtime behavior

2025-08-09 14:31:20 INFO  c.e.e.EmployeeApplicationTests - Starting EmployeeApplicationTests using Java 21.0.6 with PID 3508 (started by ho 800g2 in C:\Users\ho 800g2\OneDrive\Desktop\Jani\nology\sessions\Spring\EmployeeCreator\Backend\employee)
2025-08-09 14:31:20 DEBUG c.e.e.EmployeeApplicationTests - Running with Spring Boot v3.5.3, Spring v6.2.8
2025-08-09 14:31:20 INFO  c.e.e.EmployeeApplicationTests - No active profile set, falling back to 1 default profile: "default"
2025-08-09 14:31:21 INFO  o.s.d.r.c.RepositoryConfigurationDelegate - Bootstrapping Spring Data JPA repositories in DEFAULT mode.
2025-08-09 14:31:21 INFO  o.s.d.r.c.RepositoryConfigurationDelegate - Finished Spring Data repository scanning in 108 ms. Found 4 JPA repository interfaces.
2025-08-09 14:31:22 INFO  o.h.jpa.internal.util.LogHelper - HHH000204: Processing PersistenceUnitInfo [name: default]
2025-08-09 14:31:22 INFO  org.hibernate.Version - HHH000412: Hibernate ORM core version 6.6.18.Final
2025-08-09 14:31:22 INFO  o.h.c.i.RegionFactoryInitiator - HHH000026: Second-level cache disabled
2025-08-09 14:31:22 INFO  o.s.o.j.p.SpringPersistenceUnitInfo - No LoadTimeWeaver setup: ignoring JPA class transformer
2025-08-09 14:31:22 INFO  com.zaxxer.hikari.HikariDataSource - HikariPool-1 - Starting...
2025-08-09 14:31:23 INFO  com.zaxxer.hikari.pool.HikariPool - HikariPool-1 - Added connection com.mysql.cj.jdbc.ConnectionImpl@56499781
2025-08-09 14:31:23 INFO  com.zaxxer.hikari.HikariDataSource - HikariPool-1 - Start completed.
2025-08-09 14:31:23 WARN  org.hibernate.orm.deprecation - HHH90000025: MySQL8Dialect does not need to be specified explicitly using 'hibernate.dialect' (remove the property setting and it will be selected by default)
2025-08-09 14:31:23 WARN  org.hibernate.orm.deprecation - HHH90000026: MySQL8Dialect has been deprecated; use org.hibernate.dialect.MySQLDialect instead
2025-08-09 14:31:23 INFO  o.hibernate.orm.connections.pooling - HHH10001005: Database info:
	Database JDBC URL [Connecting through datasource 'HikariDataSource (HikariPool-1)']
	Database driver: undefined/unknown
	Database version: 8.0
	Autocommit mode: undefined/unknown
	Isolation level: undefined/unknown
	Minimum pool size: undefined/unknown
	Maximum pool size: undefined/unknown
2025-08-09 14:31:24 INFO  o.h.e.t.j.p.i.JtaPlatformInitiator - HHH000489: No JTA platform available (set 'hibernate.transaction.jta.platform' to enable JTA platform integration)
2025-08-09 14:31:26 INFO  o.s.o.j.LocalContainerEntityManagerFactoryBean - Initialized JPA EntityManagerFactory for persistence unit 'default'
2025-08-09 14:31:26 INFO  o.s.d.j.r.query.QueryEnhancerFactory - Hibernate is in classpath; If applicable, HQL parser will be used.
2025-08-09 14:31:27 WARN  o.s.b.a.o.j.JpaBaseConfiguration$JpaWebConfiguration - spring.jpa.open-in-view is enabled by default. Therefore, database queries may be performed during view rendering. Explicitly configure spring.jpa.open-in-view to disable this warning
2025-08-09 14:31:28 INFO  c.e.e.EmployeeApplicationTests - Started EmployeeApplicationTests in 9.069 seconds (process running for 10.396)
2025-08-09 14:31:30 INFO  o.s.o.j.LocalContainerEntityManagerFactoryBean - Closing JPA EntityManagerFactory for persistence unit 'default'
2025-08-09 14:31:30 INFO  com.zaxxer.hikari.HikariDataSource - HikariPool-1 - Shutdown initiated...
2025-08-09 14:31:30 INFO  com.zaxxer.hikari.HikariDataSource - HikariPool-1 - Shutdown completed.
                                                                                                                                                                                                                                                                                                                                                                                                                                                                                                                                                                                                                                                                                                                                                                                                                                                                                                                                                                                                                                                                                                                                                                                                                                                                                                                                                                                                                                                                                                                                                                                                                                                                                                                                                                                                                                                                                                                                        2025-08-09 20:46:46 INFO  o.h.validator.internal.util.Version - HV000001: Hibernate Validator 8.0.2.Final
2025-08-09 20:46:46 INFO  c.e.employee.EmployeeApplication - Starting EmployeeApplication using Java 21.0.6 with PID 11320 (C:\Users\ho 800g2\OneDrive\Desktop\Jani\nology\sessions\Spring\EmployeeCreator\Backend\employee\target\classes started by ho 800g2 in C:\Users\ho 800g2\OneDrive\Desktop\Jani\nology\sessions\Spring\EmployeeCreator\Backend\employee)
2025-08-09 20:46:46 DEBUG c.e.employee.EmployeeApplication - Running with Spring Boot v3.5.3, Spring v6.2.8
2025-08-09 20:46:46 INFO  c.e.employee.EmployeeApplication - No active profile set, falling back to 1 default profile: "default"
2025-08-09 20:46:46 INFO  o.s.b.d.e.DevToolsPropertyDefaultsPostProcessor - Devtools property defaults active! Set 'spring.devtools.add-properties' to 'false' to disable
2025-08-09 20:46:46 INFO  o.s.b.d.e.DevToolsPropertyDefaultsPostProcessor - For additional web related logging consider setting the 'logging.level.web' property to 'DEBUG'
2025-08-09 20:46:47 INFO  o.s.d.r.c.RepositoryConfigurationDelegate - Bootstrapping Spring Data JPA repositories in DEFAULT mode.
2025-08-09 20:46:47 INFO  o.s.d.r.c.RepositoryConfigurationDelegate - Finished Spring Data repository scanning in 81 ms. Found 4 JPA repository interfaces.
2025-08-09 20:46:48 INFO  o.s.b.w.e.tomcat.TomcatWebServer - Tomcat initialized with port 8080 (http)
2025-08-09 20:46:48 INFO  o.a.coyote.http11.Http11NioProtocol - Initializing ProtocolHandler ["http-nio-8080"]
2025-08-09 20:46:48 INFO  o.a.catalina.core.StandardService - Starting service [Tomcat]
2025-08-09 20:46:48 INFO  o.a.catalina.core.StandardEngine - Starting Servlet engine: [Apache Tomcat/10.1.42]
2025-08-09 20:46:48 INFO  o.a.c.c.C.[Tomcat].[localhost].[/] - Initializing Spring embedded WebApplicationContext
2025-08-09 20:46:48 INFO  o.s.b.w.s.c.ServletWebServerApplicationContext - Root WebApplicationContext: initialization completed in 1713 ms
2025-08-09 20:46:48 INFO  o.h.jpa.internal.util.LogHelper - HHH000204: Processing PersistenceUnitInfo [name: default]
2025-08-09 20:46:48 INFO  org.hibernate.Version - HHH000412: Hibernate ORM core version 6.6.18.Final
2025-08-09 20:46:48 INFO  o.h.c.i.RegionFactoryInitiator - HHH000026: Second-level cache disabled
2025-08-09 20:46:48 INFO  o.s.o.j.p.SpringPersistenceUnitInfo - No LoadTimeWeaver setup: ignoring JPA class transformer
2025-08-09 20:46:48 INFO  com.zaxxer.hikari.HikariDataSource - HikariPool-1 - Starting...
2025-08-09 20:46:49 INFO  com.zaxxer.hikari.pool.HikariPool - HikariPool-1 - Added connection com.mysql.cj.jdbc.ConnectionImpl@1bf6ba7b
2025-08-09 20:46:49 INFO  com.zaxxer.hikari.HikariDataSource - HikariPool-1 - Start completed.
2025-08-09 20:46:49 WARN  org.hibernate.orm.deprecation - HHH90000025: MySQL8Dialect does not need to be specified explicitly using 'hibernate.dialect' (remove the property setting and it will be selected by default)
2025-08-09 20:46:49 WARN  org.hibernate.orm.deprecation - HHH90000026: MySQL8Dialect has been deprecated; use org.hibernate.dialect.MySQLDialect instead
2025-08-09 20:46:49 INFO  o.hibernate.orm.connections.pooling - HHH10001005: Database info:
	Database JDBC URL [Connecting through datasource 'HikariDataSource (HikariPool-1)']
	Database driver: undefined/unknown
	Database version: 8.0
	Autocommit mode: undefined/unknown
	Isolation level: undefined/unknown
	Minimum pool size: undefined/unknown
	Maximum pool size: undefined/unknown
2025-08-09 20:46:50 INFO  o.h.e.t.j.p.i.JtaPlatformInitiator - HHH000489: No JTA platform available (set 'hibernate.transaction.jta.platform' to enable JTA platform integration)
2025-08-09 20:46:52 INFO  o.s.o.j.LocalContainerEntityManagerFactoryBean - Initialized JPA EntityManagerFactory for persistence unit 'default'
2025-08-09 20:46:52 INFO  o.s.d.j.r.query.QueryEnhancerFactory - Hibernate is in classpath; If applicable, HQL parser will be used.
2025-08-09 20:46:53 WARN  o.s.b.a.o.j.JpaBaseConfiguration$JpaWebConfiguration - spring.jpa.open-in-view is enabled by default. Therefore, database queries may be performed during view rendering. Explicitly configure spring.jpa.open-in-view to disable this warning
2025-08-09 20:46:53 INFO  o.s.b.d.a.OptionalLiveReloadServer - LiveReload server is running on port 35729
2025-08-09 20:46:53 INFO  o.a.coyote.http11.Http11NioProtocol - Starting ProtocolHandler ["http-nio-8080"]
2025-08-09 20:46:53 INFO  o.s.b.w.e.tomcat.TomcatWebServer - Tomcat started on port 8080 (http) with context path '/'
2025-08-09 20:46:53 INFO  c.e.employee.EmployeeApplication - Started EmployeeApplication in 8.171 seconds (process running for 8.794)
2025-08-09 20:47:05 INFO  o.a.c.c.C.[Tomcat].[localhost].[/] - Initializing Spring DispatcherServlet 'dispatcherServlet'
2025-08-09 20:47:05 INFO  o.s.web.servlet.DispatcherServlet - Initializing Servlet 'dispatcherServlet'
2025-08-09 20:47:05 INFO  o.s.web.servlet.DispatcherServlet - Completed initialization in 1 ms
2025-08-09 20:47:05 DEBUG c.e.e.e.EmployeeController - Fetching all employees
2025-08-09 20:47:05 DEBUG c.e.e.e.EmployeeService - Fetching all employees
2025-08-09 20:47:05 DEBUG c.e.e.e.EmployeeController - Fetched 10 employees
2025-08-09 20:47:05 DEBUG c.e.e.e.EmployeeController - Fetching all employees
2025-08-09 20:47:05 DEBUG c.e.e.e.EmployeeService - Fetching all employees
2025-08-09 20:47:05 DEBUG c.e.e.e.EmployeeController - Fetched 10 employees
2025-08-09 20:52:12 DEBUG c.e.e.e.EmployeeController - Fetching all employees
2025-08-09 20:52:12 DEBUG c.e.e.e.EmployeeService - Fetching all employees
2025-08-09 20:52:12 DEBUG c.e.e.e.EmployeeController - Fetched 10 employees
2025-08-09 20:52:12 DEBUG c.e.e.e.EmployeeController - Fetching all employees
2025-08-09 20:52:12 DEBUG c.e.e.e.EmployeeService - Fetching all employees
2025-08-09 20:52:12 DEBUG c.e.e.e.EmployeeController - Fetched 10 employees
2025-08-09 21:14:43 WARN  o.s.w.s.m.s.DefaultHandlerExceptionResolver - Resolved [org.springframework.http.converter.HttpMessageNotReadableException: JSON parse error: Cannot coerce empty String ("") to `com.example.employee.contract.Contract$ContractType` value (but could if coercion was enabled using `CoercionConfig`)]
2025-08-09 21:15:31 DEBUG c.e.e.e.EmployeeController - Received request to create new Employee
2025-08-09 21:15:31 DEBUG c.e.e.e.EmployeeService - Creating a new employee with data: com.example.employee.employeedetails.dto.CreateEmployeeDTO@55ecb3b9
2025-08-09 21:15:31 INFO  c.e.e.e.EmployeeService - Employee created with ID: 11
2025-08-09 21:15:31 DEBUG c.e.e.e.EmployeeController - Created new Employee: 11
2025-08-09 21:15:33 DEBUG c.e.e.e.EmployeeController - Fetching all employees
2025-08-09 21:15:33 DEBUG c.e.e.e.EmployeeService - Fetching all employees
2025-08-09 21:15:33 DEBUG c.e.e.e.EmployeeController - Fetched 11 employees
2025-08-09 21:18:58 DEBUG c.e.e.e.EmployeeController - Received request to create new Employee
2025-08-09 21:18:58 DEBUG c.e.e.e.EmployeeService - Creating a new employee with data: com.example.employee.employeedetails.dto.CreateEmployeeDTO@55e2c846
2025-08-09 21:18:58 INFO  c.e.e.e.EmployeeService - Employee created with ID: 12
2025-08-09 21:18:58 DEBUG c.e.e.e.EmployeeController - Created new Employee: 12
2025-08-09 21:19:00 DEBUG c.e.e.e.EmployeeController - Fetching all employees
2025-08-09 21:19:00 DEBUG c.e.e.e.EmployeeService - Fetching all employees
2025-08-09 21:19:00 DEBUG c.e.e.e.EmployeeController - Fetched 12 employees
2025-08-09 21:19:18 WARN  o.s.w.s.m.s.DefaultHandlerExceptionResolver - Resolved [org.springframework.web.bind.MethodArgumentNotValidException: Validation failed for argument [0] in public org.springframework.http.ResponseEntity<com.example.employee.employeedetails.Employee> com.example.employee.employeedetails.EmployeeController.create(com.example.employee.employeedetails.dto.CreateEmployeeDTO) with 4 errors: [Field error in object 'createEmployeeDTO' on field 'lastName': rejected value []; codes [NotBlank.createEmployeeDTO.lastName,NotBlank.lastName,NotBlank.java.lang.String,NotBlank]; arguments [org.springframework.context.support.DefaultMessageSourceResolvable: codes [createEmployeeDTO.lastName,lastName]; arguments []; default message [lastName]]; default message [Last name is required]] [Field error in object 'createEmployeeDTO' on field 'photoUrl': rejected value []; codes [NotBlank.createEmployeeDTO.photoUrl,NotBlank.photoUrl,NotBlank.java.lang.String,NotBlank]; arguments [org.springframework.context.support.DefaultMessageSourceResolvable: codes [createEmployeeDTO.photoUrl,photoUrl]; arguments []; default message [photoUrl]]; default message [must not be blank]] [Field error in object 'createEmployeeDTO' on field 'firstName': rejected value []; codes [NotBlank.createEmployeeDTO.firstName,NotBlank.firstName,NotBlank.java.lang.String,NotBlank]; arguments [org.springframework.context.support.DefaultMessageSourceResolvable: codes [createEmployeeDTO.firstName,firstName]; arguments []; default message [firstName]]; default message [First name is required]] [Field error in object 'createEmployeeDTO' on field 'mobileNumber': rejected value []; codes [NotBlank.createEmployeeDTO.mobileNumber,NotBlank.mobileNumber,NotBlank.java.lang.String,NotBlank]; arguments [org.springframework.context.support.DefaultMessageSourceResolvable: codes [createEmployeeDTO.mobileNumber,mobileNumber]; arguments []; default message [mobileNumber]]; default message [Mobile number is required]] ]
2025-08-09 21:19:55 WARN  o.s.w.s.m.s.DefaultHandlerExceptionResolver - Resolved [org.springframework.web.bind.MethodArgumentNotValidException: Validation failed for argument [0] in public org.springframework.http.ResponseEntity<com.example.employee.employeedetails.Employee> com.example.employee.employeedetails.EmployeeController.create(com.example.employee.employeedetails.dto.CreateEmployeeDTO): [Field error in object 'createEmployeeDTO' on field 'email': rejected value [erertetr]; codes [Email.createEmployeeDTO.email,Email.email,Email.java.lang.String,Email]; arguments [org.springframework.context.support.DefaultMessageSourceResolvable: codes [createEmployeeDTO.email,email]; arguments []; default message [email],[Ljakarta.validation.constraints.Pattern$Flag;@6f5e933c,.*]; default message [Email should be valid]] ]
2025-08-09 21:40:15 DEBUG c.e.e.e.EmployeeController - Fetching all employees
2025-08-09 21:40:15 DEBUG c.e.e.e.EmployeeService - Fetching all employees
2025-08-09 21:40:15 DEBUG c.e.e.e.EmployeeController - Fetched 12 employees
2025-08-09 21:40:17 DEBUG c.e.e.e.EmployeeController - Fetching all employees
2025-08-09 21:40:17 DEBUG c.e.e.e.EmployeeService - Fetching all employees
2025-08-09 21:40:17 DEBUG c.e.e.e.EmployeeController - Fetched 12 employees
2025-08-09 22:15:37 DEBUG c.e.e.e.EmployeeController - Fetching all employees
2025-08-09 22:15:37 DEBUG c.e.e.e.EmployeeService - Fetching all employees
2025-08-09 22:15:37 DEBUG c.e.e.e.EmployeeController - Fetched 12 employees
2025-08-09 22:15:39 DEBUG c.e.e.e.EmployeeController - Fetching all employees
2025-08-09 22:15:39 DEBUG c.e.e.e.EmployeeService - Fetching all employees
2025-08-09 22:15:39 DEBUG c.e.e.e.EmployeeController - Fetched 12 employees
2025-08-09 22:25:45 DEBUG c.e.e.e.EmployeeController - Fetching all employees
2025-08-09 22:25:45 DEBUG c.e.e.e.EmployeeService - Fetching all employees
2025-08-09 22:25:45 DEBUG c.e.e.e.EmployeeController - Fetched 12 employees
2025-08-09 22:25:47 DEBUG c.e.e.e.EmployeeController - Fetching all employees
2025-08-09 22:25:47 DEBUG c.e.e.e.EmployeeService - Fetching all employees
2025-08-09 22:25:47 DEBUG c.e.e.e.EmployeeController - Fetched 12 employees
2025-08-09 23:19:52 DEBUG c.e.e.e.EmployeeController - Fetching all employees
2025-08-09 23:19:52 DEBUG c.e.e.e.EmployeeService - Fetching all employees
2025-08-09 23:19:52 DEBUG c.e.e.e.EmployeeController - Fetched 12 employees
2025-08-09 23:19:54 DEBUG c.e.e.e.EmployeeController - Fetching all employees
2025-08-09 23:19:54 DEBUG c.e.e.e.EmployeeService - Fetching all employees
2025-08-09 23:19:54 DEBUG c.e.e.e.EmployeeController - Fetched 12 employees
