2025-08-14 09:05:18 INFO  o.h.validator.internal.util.Version - HV000001: Hibernate Validator 8.0.2.Final
2025-08-14 09:05:18 WARN  o.s.b.t.j.DuplicateJsonObjectContextCustomizerFactory$DuplicateJsonObjectContextCustomizer - 

Found multiple occurrences of org.json.JSONObject on the class path:

	jar:file:/C:/Users/ho%20800g2/.m2/repository/org/json/json/20240303/json-20240303.jar!/org/json/JSONObject.class
	jar:file:/C:/Users/ho%20800g2/.m2/repository/com/vaadin/external/google/android-json/0.0.20131108.vaadin1/android-json-0.0.20131108.vaadin1.jar!/org/json/JSONObject.class

You may wish to exclude one of them to ensure predictable runtime behavior

2025-08-14 09:05:18 INFO  c.e.e.EmployeeApplicationTests - Starting EmployeeApplicationTests using Java 21.0.6 with PID 19424 (started by ho 800g2 in C:\Users\ho 800g2\OneDrive\Desktop\Jani\nology\sessions\Spring\EmployeeCreator\Backend\employee)
2025-08-14 09:05:18 DEBUG c.e.e.EmployeeApplicationTests - Running with Spring Boot v3.5.3, Spring v6.2.8
2025-08-14 09:05:18 INFO  c.e.e.EmployeeApplicationTests - No active profile set, falling back to 1 default profile: "default"
2025-08-14 09:05:19 INFO  o.s.d.r.c.RepositoryConfigurationDelegate - Bootstrapping Spring Data JPA repositories in DEFAULT mode.
2025-08-14 09:05:19 INFO  o.s.d.r.c.RepositoryConfigurationDelegate - Finished Spring Data repository scanning in 91 ms. Found 4 JPA repository interfaces.
2025-08-14 09:05:20 INFO  o.h.jpa.internal.util.LogHelper - HHH000204: Processing PersistenceUnitInfo [name: default]
2025-08-14 09:05:20 INFO  org.hibernate.Version - HHH000412: Hibernate ORM core version 6.6.18.Final
2025-08-14 09:05:20 INFO  o.h.c.i.RegionFactoryInitiator - HHH000026: Second-level cache disabled
2025-08-14 09:05:21 INFO  o.s.o.j.p.SpringPersistenceUnitInfo - No LoadTimeWeaver setup: ignoring JPA class transformer
2025-08-14 09:05:21 INFO  com.zaxxer.hikari.HikariDataSource - HikariPool-1 - Starting...
2025-08-14 09:05:21 INFO  com.zaxxer.hikari.pool.HikariPool - HikariPool-1 - Added connection com.mysql.cj.jdbc.ConnectionImpl@35dc849b
2025-08-14 09:05:21 INFO  com.zaxxer.hikari.HikariDataSource - HikariPool-1 - Start completed.
2025-08-14 09:05:21 WARN  org.hibernate.orm.deprecation - HHH90000025: MySQL8Dialect does not need to be specified explicitly using 'hibernate.dialect' (remove the property setting and it will be selected by default)
2025-08-14 09:05:21 WARN  org.hibernate.orm.deprecation - HHH90000026: MySQL8Dialect has been deprecated; use org.hibernate.dialect.MySQLDialect instead
2025-08-14 09:05:21 INFO  o.hibernate.orm.connections.pooling - HHH10001005: Database info:
	Database JDBC URL [Connecting through datasource 'HikariDataSource (HikariPool-1)']
	Database driver: undefined/unknown
	Database version: 8.0
	Autocommit mode: undefined/unknown
	Isolation level: undefined/unknown
	Minimum pool size: undefined/unknown
	Maximum pool size: undefined/unknown
2025-08-14 09:05:23 INFO  o.h.e.t.j.p.i.JtaPlatformInitiator - HHH000489: No JTA platform available (set 'hibernate.transaction.jta.platform' to enable JTA platform integration)
2025-08-14 09:05:24 INFO  o.s.o.j.LocalContainerEntityManagerFactoryBean - Initialized JPA EntityManagerFactory for persistence unit 'default'
2025-08-14 09:05:24 INFO  o.s.d.j.r.query.QueryEnhancerFactory - Hibernate is in classpath; If applicable, HQL parser will be used.
2025-08-14 09:05:26 WARN  o.s.b.a.o.j.JpaBaseConfiguration$JpaWebConfiguration - spring.jpa.open-in-view is enabled by default. Therefore, database queries may be performed during view rendering. Explicitly configure spring.jpa.open-in-view to disable this warning
2025-08-14 09:05:26 INFO  c.e.e.EmployeeApplicationTests - Started EmployeeApplicationTests in 8.646 seconds (process running for 11.722)
2025-08-14 09:05:28 INFO  o.s.o.j.LocalContainerEntityManagerFactoryBean - Closing JPA EntityManagerFactory for persistence unit 'default'
2025-08-14 09:05:28 INFO  com.zaxxer.hikari.HikariDataSource - HikariPool-1 - Shutdown initiated...
2025-08-14 09:05:28 INFO  com.zaxxer.hikari.HikariDataSource - HikariPool-1 - Shutdown completed.
2025-08-14 09:05:45 INFO  o.h.validator.internal.util.Version - HV000001: Hibernate Validator 8.0.2.Final
2025-08-14 09:05:45 INFO  c.e.employee.EmployeeApplication - Starting EmployeeApplication using Java 21.0.6 with PID 21312 (C:\Users\ho 800g2\OneDrive\Desktop\Jani\nology\sessions\Spring\EmployeeCreator\Backend\employee\target\classes started by ho 800g2 in C:\Users\ho 800g2\OneDrive\Desktop\Jani\nology\sessions\Spring\EmployeeCreator\Backend\employee)
2025-08-14 09:05:45 DEBUG c.e.employee.EmployeeApplication - Running with Spring Boot v3.5.3, Spring v6.2.8
2025-08-14 09:05:45 INFO  c.e.employee.EmployeeApplication - No active profile set, falling back to 1 default profile: "default"
2025-08-14 09:05:45 INFO  o.s.b.d.e.DevToolsPropertyDefaultsPostProcessor - Devtools property defaults active! Set 'spring.devtools.add-properties' to 'false' to disable
2025-08-14 09:05:45 INFO  o.s.b.d.e.DevToolsPropertyDefaultsPostProcessor - For additional web related logging consider setting the 'logging.level.web' property to 'DEBUG'
2025-08-14 09:05:46 INFO  o.s.d.r.c.RepositoryConfigurationDelegate - Bootstrapping Spring Data JPA repositories in DEFAULT mode.
2025-08-14 09:05:46 INFO  o.s.d.r.c.RepositoryConfigurationDelegate - Finished Spring Data repository scanning in 67 ms. Found 4 JPA repository interfaces.
2025-08-14 09:05:46 INFO  o.s.b.w.e.tomcat.TomcatWebServer - Tomcat initialized with port 8080 (http)
2025-08-14 09:05:46 INFO  o.a.coyote.http11.Http11NioProtocol - Initializing ProtocolHandler ["http-nio-8080"]
2025-08-14 09:05:46 INFO  o.a.catalina.core.StandardService - Starting service [Tomcat]
2025-08-14 09:05:46 INFO  o.a.catalina.core.StandardEngine - Starting Servlet engine: [Apache Tomcat/10.1.42]
2025-08-14 09:05:46 INFO  o.a.c.c.C.[Tomcat].[localhost].[/] - Initializing Spring embedded WebApplicationContext
2025-08-14 09:05:46 INFO  o.s.b.w.s.c.ServletWebServerApplicationContext - Root WebApplicationContext: initialization completed in 1466 ms
2025-08-14 09:05:47 INFO  o.h.jpa.internal.util.LogHelper - HHH000204: Processing PersistenceUnitInfo [name: default]
2025-08-14 09:05:47 INFO  org.hibernate.Version - HHH000412: Hibernate ORM core version 6.6.18.Final
2025-08-14 09:05:47 INFO  o.h.c.i.RegionFactoryInitiator - HHH000026: Second-level cache disabled
2025-08-14 09:05:47 INFO  o.s.o.j.p.SpringPersistenceUnitInfo - No LoadTimeWeaver setup: ignoring JPA class transformer
2025-08-14 09:05:47 INFO  com.zaxxer.hikari.HikariDataSource - HikariPool-1 - Starting...
2025-08-14 09:05:47 INFO  com.zaxxer.hikari.pool.HikariPool - HikariPool-1 - Added connection com.mysql.cj.jdbc.ConnectionImpl@59ecf6e
2025-08-14 09:05:47 INFO  com.zaxxer.hikari.HikariDataSource - HikariPool-1 - Start completed.
2025-08-14 09:05:48 WARN  org.hibernate.orm.deprecation - HHH90000025: MySQL8Dialect does not need to be specified explicitly using 'hibernate.dialect' (remove the property setting and it will be selected by default)
2025-08-14 09:05:48 WARN  org.hibernate.orm.deprecation - HHH90000026: MySQL8Dialect has been deprecated; use org.hibernate.dialect.MySQLDialect instead
2025-08-14 09:05:48 INFO  o.hibernate.orm.connections.pooling - HHH10001005: Database info:
	Database JDBC URL [Connecting through datasource 'HikariDataSource (HikariPool-1)']
	Database driver: undefined/unknown
	Database version: 8.0
	Autocommit mode: undefined/unknown
	Isolation level: undefined/unknown
	Minimum pool size: undefined/unknown
	Maximum pool size: undefined/unknown
2025-08-14 09:05:49 INFO  o.h.e.t.j.p.i.JtaPlatformInitiator - HHH000489: No JTA platform available (set 'hibernate.transaction.jta.platform' to enable JTA platform integration)
2025-08-14 09:05:49 INFO  o.s.o.j.LocalContainerEntityManagerFactoryBean - Initialized JPA EntityManagerFactory for persistence unit 'default'
2025-08-14 09:05:49 INFO  o.s.d.j.r.query.QueryEnhancerFactory - Hibernate is in classpath; If applicable, HQL parser will be used.
2025-08-14 09:05:50 WARN  o.s.b.a.o.j.JpaBaseConfiguration$JpaWebConfiguration - spring.jpa.open-in-view is enabled by default. Therefore, database queries may be performed during view rendering. Explicitly configure spring.jpa.open-in-view to disable this warning
2025-08-14 09:05:50 INFO  o.s.b.d.a.OptionalLiveReloadServer - LiveReload server is running on port 35729
2025-08-14 09:05:50 INFO  o.a.coyote.http11.Http11NioProtocol - Starting ProtocolHandler ["http-nio-8080"]
2025-08-14 09:05:50 INFO  o.s.b.w.e.tomcat.TomcatWebServer - Tomcat started on port 8080 (http) with context path '/'
2025-08-14 09:05:50 INFO  c.e.employee.EmployeeApplication - Started EmployeeApplication in 6.05 seconds (process running for 6.55)
2025-08-14 09:07:13 INFO  o.h.validator.internal.util.Version - HV000001: Hibernate Validator 8.0.2.Final
2025-08-14 09:07:13 WARN  o.s.b.t.j.DuplicateJsonObjectContextCustomizerFactory$DuplicateJsonObjectContextCustomizer - 

Found multiple occurrences of org.json.JSONObject on the class path:

	jar:file:/C:/Users/ho%20800g2/.m2/repository/org/json/json/20240303/json-20240303.jar!/org/json/JSONObject.class
	jar:file:/C:/Users/ho%20800g2/.m2/repository/com/vaadin/external/google/android-json/0.0.20131108.vaadin1/android-json-0.0.20131108.vaadin1.jar!/org/json/JSONObject.class

You may wish to exclude one of them to ensure predictable runtime behavior

2025-08-14 09:07:13 INFO  c.e.e.EmployeeApplicationTests - Starting EmployeeApplicationTests using Java 21.0.6 with PID 12600 (started by ho 800g2 in C:\Users\ho 800g2\OneDrive\Desktop\Jani\nology\sessions\Spring\EmployeeCreator\Backend\employee)
2025-08-14 09:07:13 DEBUG c.e.e.EmployeeApplicationTests - Running with Spring Boot v3.5.3, Spring v6.2.8
2025-08-14 09:07:13 INFO  c.e.e.EmployeeApplicationTests - No active profile set, falling back to 1 default profile: "default"
2025-08-14 09:07:14 INFO  o.s.d.r.c.RepositoryConfigurationDelegate - Bootstrapping Spring Data JPA repositories in DEFAULT mode.
2025-08-14 09:07:14 INFO  o.s.d.r.c.RepositoryConfigurationDelegate - Finished Spring Data repository scanning in 94 ms. Found 4 JPA repository interfaces.
2025-08-14 09:07:15 INFO  o.h.jpa.internal.util.LogHelper - HHH000204: Processing PersistenceUnitInfo [name: default]
2025-08-14 09:07:15 INFO  org.hibernate.Version - HHH000412: Hibernate ORM core version 6.6.18.Final
2025-08-14 09:07:15 INFO  o.h.c.i.RegionFactoryInitiator - HHH000026: Second-level cache disabled
2025-08-14 09:07:15 INFO  o.s.o.j.p.SpringPersistenceUnitInfo - No LoadTimeWeaver setup: ignoring JPA class transformer
2025-08-14 09:07:15 INFO  com.zaxxer.hikari.HikariDataSource - HikariPool-1 - Starting...
2025-08-14 09:07:15 INFO  com.zaxxer.hikari.pool.HikariPool - HikariPool-1 - Added connection com.mysql.cj.jdbc.ConnectionImpl@3cab07dd
2025-08-14 09:07:15 INFO  com.zaxxer.hikari.HikariDataSource - HikariPool-1 - Start completed.
2025-08-14 09:07:15 WARN  org.hibernate.orm.deprecation - HHH90000025: MySQL8Dialect does not need to be specified explicitly using 'hibernate.dialect' (remove the property setting and it will be selected by default)
2025-08-14 09:07:15 WARN  org.hibernate.orm.deprecation - HHH90000026: MySQL8Dialect has been deprecated; use org.hibernate.dialect.MySQLDialect instead
2025-08-14 09:07:15 INFO  o.hibernate.orm.connections.pooling - HHH10001005: Database info:
	Database JDBC URL [Connecting through datasource 'HikariDataSource (HikariPool-1)']
	Database driver: undefined/unknown
	Database version: 8.0
	Autocommit mode: undefined/unknown
	Isolation level: undefined/unknown
	Minimum pool size: undefined/unknown
	Maximum pool size: undefined/unknown
2025-08-14 09:07:17 INFO  o.h.e.t.j.p.i.JtaPlatformInitiator - HHH000489: No JTA platform available (set 'hibernate.transaction.jta.platform' to enable JTA platform integration)
2025-08-14 09:07:17 INFO  o.s.o.j.LocalContainerEntityManagerFactoryBean - Initialized JPA EntityManagerFactory for persistence unit 'default'
2025-08-14 09:07:17 INFO  o.s.d.j.r.query.QueryEnhancerFactory - Hibernate is in classpath; If applicable, HQL parser will be used.
2025-08-14 09:07:18 WARN  o.s.b.a.o.j.JpaBaseConfiguration$JpaWebConfiguration - spring.jpa.open-in-view is enabled by default. Therefore, database queries may be performed during view rendering. Explicitly configure spring.jpa.open-in-view to disable this warning
2025-08-14 09:07:19 INFO  c.e.e.EmployeeApplicationTests - Started EmployeeApplicationTests in 6.34 seconds (process running for 9.406)
2025-08-14 09:07:20 INFO  o.s.o.j.LocalContainerEntityManagerFactoryBean - Closing JPA EntityManagerFactory for persistence unit 'default'
2025-08-14 09:07:20 INFO  com.zaxxer.hikari.HikariDataSource - HikariPool-1 - Shutdown initiated...
2025-08-14 09:07:20 INFO  com.zaxxer.hikari.HikariDataSource - HikariPool-1 - Shutdown completed.
2025-08-14 09:11:51 INFO  o.h.validator.internal.util.Version - HV000001: Hibernate Validator 8.0.2.Final
2025-08-14 09:11:51 WARN  o.s.b.t.j.DuplicateJsonObjectContextCustomizerFactory$DuplicateJsonObjectContextCustomizer - 

Found multiple occurrences of org.json.JSONObject on the class path:

	jar:file:/C:/Users/ho%20800g2/.m2/repository/org/json/json/20240303/json-20240303.jar!/org/json/JSONObject.class
	jar:file:/C:/Users/ho%20800g2/.m2/repository/com/vaadin/external/google/android-json/0.0.20131108.vaadin1/android-json-0.0.20131108.vaadin1.jar!/org/json/JSONObject.class

You may wish to exclude one of them to ensure predictable runtime behavior

2025-08-14 09:11:51 INFO  c.e.e.EmployeeApplicationTests - Starting EmployeeApplicationTests using Java 21.0.6 with PID 12312 (started by ho 800g2 in C:\Users\ho 800g2\OneDrive\Desktop\Jani\nology\sessions\Spring\EmployeeCreator\Backend\employee)
2025-08-14 09:11:51 DEBUG c.e.e.EmployeeApplicationTests - Running with Spring Boot v3.5.3, Spring v6.2.8
2025-08-14 09:11:51 INFO  c.e.e.EmployeeApplicationTests - No active profile set, falling back to 1 default profile: "default"
2025-08-14 09:11:52 INFO  o.s.d.r.c.RepositoryConfigurationDelegate - Bootstrapping Spring Data JPA repositories in DEFAULT mode.
2025-08-14 09:11:53 INFO  o.s.d.r.c.RepositoryConfigurationDelegate - Finished Spring Data repository scanning in 102 ms. Found 4 JPA repository interfaces.
2025-08-14 09:11:54 INFO  o.h.jpa.internal.util.LogHelper - HHH000204: Processing PersistenceUnitInfo [name: default]
2025-08-14 09:11:54 INFO  org.hibernate.Version - HHH000412: Hibernate ORM core version 6.6.18.Final
2025-08-14 09:11:54 INFO  o.h.c.i.RegionFactoryInitiator - HHH000026: Second-level cache disabled
2025-08-14 09:11:54 INFO  o.s.o.j.p.SpringPersistenceUnitInfo - No LoadTimeWeaver setup: ignoring JPA class transformer
2025-08-14 09:11:54 INFO  com.zaxxer.hikari.HikariDataSource - HikariPool-1 - Starting...
2025-08-14 09:11:55 INFO  com.zaxxer.hikari.pool.HikariPool - HikariPool-1 - Added connection com.mysql.cj.jdbc.ConnectionImpl@1820f274
2025-08-14 09:11:55 INFO  com.zaxxer.hikari.HikariDataSource - HikariPool-1 - Start completed.
2025-08-14 09:11:55 WARN  org.hibernate.orm.deprecation - HHH90000025: MySQL8Dialect does not need to be specified explicitly using 'hibernate.dialect' (remove the property setting and it will be selected by default)
2025-08-14 09:11:55 WARN  org.hibernate.orm.deprecation - HHH90000026: MySQL8Dialect has been deprecated; use org.hibernate.dialect.MySQLDialect instead
2025-08-14 09:11:55 INFO  o.hibernate.orm.connections.pooling - HHH10001005: Database info:
	Database JDBC URL [Connecting through datasource 'HikariDataSource (HikariPool-1)']
	Database driver: undefined/unknown
	Database version: 8.0
	Autocommit mode: undefined/unknown
	Isolation level: undefined/unknown
	Minimum pool size: undefined/unknown
	Maximum pool size: undefined/unknown
2025-08-14 09:11:56 INFO  o.h.e.t.j.p.i.JtaPlatformInitiator - HHH000489: No JTA platform available (set 'hibernate.transaction.jta.platform' to enable JTA platform integration)
2025-08-14 09:11:56 INFO  o.s.o.j.LocalContainerEntityManagerFactoryBean - Initialized JPA EntityManagerFactory for persistence unit 'default'
2025-08-14 09:11:57 INFO  o.s.d.j.r.query.QueryEnhancerFactory - Hibernate is in classpath; If applicable, HQL parser will be used.
2025-08-14 09:11:58 WARN  o.s.b.a.o.j.JpaBaseConfiguration$JpaWebConfiguration - spring.jpa.open-in-view is enabled by default. Therefore, database queries may be performed during view rendering. Explicitly configure spring.jpa.open-in-view to disable this warning
2025-08-14 09:11:58 INFO  c.e.e.EmployeeApplicationTests - Started EmployeeApplicationTests in 7.676 seconds (process running for 11.146)
2025-08-14 09:12:00 INFO  o.s.o.j.LocalContainerEntityManagerFactoryBean - Closing JPA EntityManagerFactory for persistence unit 'default'
2025-08-14 09:12:00 INFO  com.zaxxer.hikari.HikariDataSource - HikariPool-1 - Shutdown initiated...
2025-08-14 09:12:00 INFO  com.zaxxer.hikari.HikariDataSource - HikariPool-1 - Shutdown completed.
2025-08-14 09:19:25 INFO  o.h.validator.internal.util.Version - HV000001: Hibernate Validator 8.0.2.Final
2025-08-14 09:19:25 WARN  o.s.b.t.j.DuplicateJsonObjectContextCustomizerFactory$DuplicateJsonObjectContextCustomizer - 

Found multiple occurrences of org.json.JSONObject on the class path:

	jar:file:/C:/Users/ho%20800g2/.m2/repository/org/json/json/20240303/json-20240303.jar!/org/json/JSONObject.class
	jar:file:/C:/Users/ho%20800g2/.m2/repository/com/vaadin/external/google/android-json/0.0.20131108.vaadin1/android-json-0.0.20131108.vaadin1.jar!/org/json/JSONObject.class

You may wish to exclude one of them to ensure predictable runtime behavior

2025-08-14 09:19:25 INFO  c.e.e.EmployeeApplicationTests - Starting EmployeeApplicationTests using Java 21.0.6 with PID 13468 (started by ho 800g2 in C:\Users\ho 800g2\OneDrive\Desktop\Jani\nology\sessions\Spring\EmployeeCreator\Backend\employee)
2025-08-14 09:19:25 DEBUG c.e.e.EmployeeApplicationTests - Running with Spring Boot v3.5.3, Spring v6.2.8
2025-08-14 09:19:25 INFO  c.e.e.EmployeeApplicationTests - No active profile set, falling back to 1 default profile: "default"
2025-08-14 09:19:27 INFO  o.s.d.r.c.RepositoryConfigurationDelegate - Bootstrapping Spring Data JPA repositories in DEFAULT mode.
2025-08-14 09:19:27 INFO  o.s.d.r.c.RepositoryConfigurationDelegate - Finished Spring Data repository scanning in 135 ms. Found 4 JPA repository interfaces.
2025-08-14 09:19:28 INFO  o.h.jpa.internal.util.LogHelper - HHH000204: Processing PersistenceUnitInfo [name: default]
2025-08-14 09:19:28 INFO  org.hibernate.Version - HHH000412: Hibernate ORM core version 6.6.18.Final
2025-08-14 09:19:28 INFO  o.h.c.i.RegionFactoryInitiator - HHH000026: Second-level cache disabled
2025-08-14 09:19:28 INFO  o.s.o.j.p.SpringPersistenceUnitInfo - No LoadTimeWeaver setup: ignoring JPA class transformer
2025-08-14 09:19:28 INFO  com.zaxxer.hikari.HikariDataSource - HikariPool-1 - Starting...
2025-08-14 09:19:28 INFO  com.zaxxer.hikari.pool.HikariPool - HikariPool-1 - Added connection com.mysql.cj.jdbc.ConnectionImpl@2245ccaa
2025-08-14 09:19:28 INFO  com.zaxxer.hikari.HikariDataSource - HikariPool-1 - Start completed.
2025-08-14 09:19:29 WARN  org.hibernate.orm.deprecation - HHH90000025: MySQL8Dialect does not need to be specified explicitly using 'hibernate.dialect' (remove the property setting and it will be selected by default)
2025-08-14 09:19:29 WARN  org.hibernate.orm.deprecation - HHH90000026: MySQL8Dialect has been deprecated; use org.hibernate.dialect.MySQLDialect instead
2025-08-14 09:19:29 INFO  o.hibernate.orm.connections.pooling - HHH10001005: Database info:
	Database JDBC URL [Connecting through datasource 'HikariDataSource (HikariPool-1)']
	Database driver: undefined/unknown
	Database version: 8.0
	Autocommit mode: undefined/unknown
	Isolation level: undefined/unknown
	Minimum pool size: undefined/unknown
	Maximum pool size: undefined/unknown
2025-08-14 09:19:30 INFO  o.h.e.t.j.p.i.JtaPlatformInitiator - HHH000489: No JTA platform available (set 'hibernate.transaction.jta.platform' to enable JTA platform integration)
2025-08-14 09:19:30 INFO  o.s.o.j.LocalContainerEntityManagerFactoryBean - Initialized JPA EntityManagerFactory for persistence unit 'default'
2025-08-14 09:19:30 INFO  o.s.d.j.r.query.QueryEnhancerFactory - Hibernate is in classpath; If applicable, HQL parser will be used.
2025-08-14 09:19:32 WARN  o.s.b.a.o.j.JpaBaseConfiguration$JpaWebConfiguration - spring.jpa.open-in-view is enabled by default. Therefore, database queries may be performed during view rendering. Explicitly configure spring.jpa.open-in-view to disable this warning
2025-08-14 09:19:32 INFO  c.e.e.EmployeeApplicationTests - Started EmployeeApplicationTests in 7.711 seconds (process running for 10.854)
2025-08-14 09:19:35 INFO  c.e.e.e.EmployeeService - Deleting employee with id: 1
2025-08-14 09:19:35 DEBUG c.e.e.e.EmployeeService - Fetching employee with ID: 1
2025-08-14 09:19:35 WARN  c.e.e.e.EmployeeService - Employee with id: 1 not found
2025-08-14 09:19:35 DEBUG c.e.e.e.EmployeeService - Fetching employee with ID: 1
2025-08-14 09:19:35 DEBUG c.e.e.e.EmployeeService - Creating a new employee with data: com.example.employee.employeedetails.dto.CreateEmployeeDTO@72aa6a00
2025-08-14 09:19:35 INFO  c.e.e.e.EmployeeService - Employee created with ID: 1
2025-08-14 09:19:35 INFO  c.e.e.e.EmployeeService - Updating employee with id: 1
2025-08-14 09:19:35 DEBUG c.e.e.e.EmployeeService - Fetching employee with ID: 1
2025-08-14 09:19:35 WARN  c.e.e.e.EmployeeService - Employee with id: 1 not found
2025-08-14 09:19:35 DEBUG c.e.e.e.EmployeeService - Fetching employee with ID: 1
2025-08-14 09:19:35 INFO  c.e.e.e.EmployeeService - Updating employee with id: 1
2025-08-14 09:19:35 DEBUG c.e.e.e.EmployeeService - Fetching employee with ID: 1
2025-08-14 09:19:35 INFO  c.e.e.e.EmployeeService - Updated details for employee with id: null
2025-08-14 09:19:35 DEBUG c.e.e.e.EmployeeService - Fetching all employees
2025-08-14 09:19:35 INFO  c.e.e.e.EmployeeService - Replace details for employee with id: 1
2025-08-14 09:19:35 DEBUG c.e.e.e.EmployeeService - Fetching employee with ID: 1
2025-08-14 09:19:35 INFO  c.e.e.e.EmployeeService - Found record for employee with id: 1
2025-08-14 09:19:35 DEBUG c.e.e.e.EmployeeService - Saved updated details for employee with ID: 1
2025-08-14 09:19:35 DEBUG c.e.e.e.EmployeeService - Creating a new employee with data: com.example.employee.employeedetails.dto.CreateEmployeeDTO@6550903
2025-08-14 09:19:35 INFO  c.e.e.e.EmployeeService - Employee created with ID: 1
2025-08-14 09:19:35 DEBUG c.e.e.e.EmployeeService - Getting details for all employees with contracts
2025-08-14 09:19:35 DEBUG c.e.e.e.EmployeeService - Found employees with contracts
2025-08-14 09:19:35 INFO  c.e.e.e.EmployeeService - Deleting employee with id: 1
2025-08-14 09:19:35 DEBUG c.e.e.e.EmployeeService - Fetching employee with ID: 1
2025-08-14 09:19:35 INFO  c.e.e.e.EmployeeService - Deleted employee with id: 1
2025-08-14 09:19:35 INFO  c.e.e.e.EmployeeService - Archiving employee with id: 1
2025-08-14 09:19:35 DEBUG c.e.e.e.EmployeeService - Archived employee with id: 0
2025-08-14 09:19:35 DEBUG c.e.e.e.EmployeeService - Archived 1 contracts for Employee id 1
2025-08-14 09:19:35 DEBUG c.e.e.e.EmployeeService - Deleted employee with id: 1
2025-08-14 09:19:35 INFO  c.e.e.e.EmployeeService - Archiving employee with id: 1
2025-08-14 09:19:35 WARN  c.e.e.e.EmployeeService - Employee with ID 1 not found for archiving
2025-08-14 09:19:35 INFO  c.e.e.e.EmployeeService - Replace details for employee with id: 1
2025-08-14 09:19:35 DEBUG c.e.e.e.EmployeeService - Fetching employee with ID: 1
2025-08-14 09:19:35 WARN  c.e.e.e.EmployeeService - During update, employee with id: 1, not found
2025-08-14 09:19:35 DEBUG c.e.e.e.EmployeeService - Getting details for all employees with contracts
2025-08-14 09:19:35 WARN  c.e.e.e.EmployeeService - Not found any employee with contracts
2025-08-14 09:19:35 INFO  o.s.o.j.LocalContainerEntityManagerFactoryBean - Closing JPA EntityManagerFactory for persistence unit 'default'
2025-08-14 09:19:35 INFO  com.zaxxer.hikari.HikariDataSource - HikariPool-1 - Shutdown initiated...
2025-08-14 09:19:35 INFO  com.zaxxer.hikari.HikariDataSource - HikariPool-1 - Shutdown completed.
2025-08-14 09:23:56 INFO  o.s.b.d.a.LocalDevToolsAutoConfiguration$RestartingClassPathChangeChangedEventListener - Restarting due to 49 class path changes (0 additions, 49 deletions, 0 modifications)
2025-08-14 09:23:56 INFO  o.s.b.w.e.tomcat.GracefulShutdown - Commencing graceful shutdown. Waiting for active requests to complete
2025-08-14 09:23:56 INFO  o.a.coyote.http11.Http11NioProtocol - Pausing ProtocolHandler ["http-nio-8080"]
2025-08-14 09:23:56 INFO  o.s.b.w.e.tomcat.GracefulShutdown - Graceful shutdown complete
2025-08-14 09:23:56 INFO  o.a.coyote.http11.Http11NioProtocol - Stopping ProtocolHandler ["http-nio-8080"]
2025-08-14 09:23:56 INFO  o.s.o.j.LocalContainerEntityManagerFactoryBean - Closing JPA EntityManagerFactory for persistence unit 'default'
2025-08-14 09:23:56 INFO  com.zaxxer.hikari.HikariDataSource - HikariPool-1 - Shutdown initiated...
2025-08-14 09:23:56 INFO  com.zaxxer.hikari.HikariDataSource - HikariPool-1 - Shutdown completed.
2025-08-14 09:25:15 INFO  c.e.employee.EmployeeApplication - Starting EmployeeApplication using Java 21.0.6 with PID 21312 (C:\Users\ho 800g2\OneDrive\Desktop\Jani\nology\sessions\Spring\EmployeeCreator\Backend\employee\target\classes started by ho 800g2 in C:\Users\ho 800g2\OneDrive\Desktop\Jani\nology\sessions\Spring\EmployeeCreator\Backend\employee)
2025-08-14 09:25:15 DEBUG c.e.employee.EmployeeApplication - Running with Spring Boot v3.5.3, Spring v6.2.8
2025-08-14 09:25:15 INFO  c.e.employee.EmployeeApplication - No active profile set, falling back to 1 default profile: "default"
2025-08-14 09:25:15 INFO  o.s.d.r.c.RepositoryConfigurationDelegate - Bootstrapping Spring Data JPA repositories in DEFAULT mode.
2025-08-14 09:25:15 INFO  o.s.d.r.c.RepositoryConfigurationDelegate - Finished Spring Data repository scanning in 0 ms. Found 0 JPA repository interfaces.
2025-08-14 09:25:16 INFO  o.s.b.w.e.tomcat.TomcatWebServer - Tomcat initialized with port 8080 (http)
2025-08-14 09:25:16 INFO  o.a.catalina.core.StandardService - Starting service [Tomcat]
2025-08-14 09:25:16 INFO  o.a.catalina.core.StandardEngine - Starting Servlet engine: [Apache Tomcat/10.1.42]
2025-08-14 09:25:16 INFO  o.a.c.c.C.[Tomcat-1].[localhost].[/] - Initializing Spring embedded WebApplicationContext
2025-08-14 09:25:16 INFO  o.s.b.w.s.c.ServletWebServerApplicationContext - Root WebApplicationContext: initialization completed in 600 ms
2025-08-14 09:25:16 INFO  o.h.jpa.internal.util.LogHelper - HHH000204: Processing PersistenceUnitInfo [name: default]
2025-08-14 09:25:16 INFO  o.h.c.i.RegionFactoryInitiator - HHH000026: Second-level cache disabled
2025-08-14 09:25:16 INFO  o.s.o.j.p.SpringPersistenceUnitInfo - No LoadTimeWeaver setup: ignoring JPA class transformer
2025-08-14 09:25:16 INFO  com.zaxxer.hikari.HikariDataSource - HikariPool-2 - Starting...
2025-08-14 09:25:16 INFO  com.zaxxer.hikari.pool.HikariPool - HikariPool-2 - Added connection com.mysql.cj.jdbc.ConnectionImpl@5e94e8f7
2025-08-14 09:25:16 INFO  com.zaxxer.hikari.HikariDataSource - HikariPool-2 - Start completed.
2025-08-14 09:25:16 WARN  org.hibernate.orm.deprecation - HHH90000025: MySQL8Dialect does not need to be specified explicitly using 'hibernate.dialect' (remove the property setting and it will be selected by default)
2025-08-14 09:25:16 WARN  org.hibernate.orm.deprecation - HHH90000026: MySQL8Dialect has been deprecated; use org.hibernate.dialect.MySQLDialect instead
2025-08-14 09:25:16 INFO  o.hibernate.orm.connections.pooling - HHH10001005: Database info:
	Database JDBC URL [Connecting through datasource 'HikariDataSource (HikariPool-2)']
	Database driver: undefined/unknown
	Database version: 8.0
	Autocommit mode: undefined/unknown
	Isolation level: undefined/unknown
	Minimum pool size: undefined/unknown
	Maximum pool size: undefined/unknown
2025-08-14 09:25:16 INFO  o.h.e.t.j.p.i.JtaPlatformInitiator - HHH000489: No JTA platform available (set 'hibernate.transaction.jta.platform' to enable JTA platform integration)
2025-08-14 09:25:16 INFO  o.s.o.j.LocalContainerEntityManagerFactoryBean - Initialized JPA EntityManagerFactory for persistence unit 'default'
2025-08-14 09:25:16 WARN  o.s.b.a.o.j.JpaBaseConfiguration$JpaWebConfiguration - spring.jpa.open-in-view is enabled by default. Therefore, database queries may be performed during view rendering. Explicitly configure spring.jpa.open-in-view to disable this warning
2025-08-14 09:25:16 INFO  o.s.b.d.a.OptionalLiveReloadServer - LiveReload server is running on port 35729
2025-08-14 09:25:16 INFO  o.s.b.w.e.tomcat.TomcatWebServer - Tomcat started on port 8080 (http) with context path '/'
2025-08-14 09:25:16 INFO  c.e.employee.EmployeeApplication - Started EmployeeApplication in 1.238 seconds (process running for 1172.428)
2025-08-14 09:25:16 INFO  o.s.b.d.a.ConditionEvaluationDeltaLoggingListener - Condition evaluation unchanged
2025-08-14 09:25:20 INFO  o.s.b.d.a.LocalDevToolsAutoConfiguration$RestartingClassPathChangeChangedEventListener - Restarting due to 44 class path changes (44 additions, 0 deletions, 0 modifications)
2025-08-14 09:25:20 INFO  o.s.b.w.e.tomcat.GracefulShutdown - Commencing graceful shutdown. Waiting for active requests to complete
2025-08-14 09:25:20 INFO  o.s.b.w.e.tomcat.GracefulShutdown - Graceful shutdown complete
2025-08-14 09:25:20 INFO  o.s.o.j.LocalContainerEntityManagerFactoryBean - Closing JPA EntityManagerFactory for persistence unit 'default'
2025-08-14 09:25:20 INFO  com.zaxxer.hikari.HikariDataSource - HikariPool-2 - Shutdown initiated...
2025-08-14 09:25:20 INFO  com.zaxxer.hikari.HikariDataSource - HikariPool-2 - Shutdown completed.
2025-08-14 09:25:20 INFO  c.e.employee.EmployeeApplication - Starting EmployeeApplication using Java 21.0.6 with PID 21312 (C:\Users\ho 800g2\OneDrive\Desktop\Jani\nology\sessions\Spring\EmployeeCreator\Backend\employee\target\classes started by ho 800g2 in C:\Users\ho 800g2\OneDrive\Desktop\Jani\nology\sessions\Spring\EmployeeCreator\Backend\employee)
2025-08-14 09:25:20 DEBUG c.e.employee.EmployeeApplication - Running with Spring Boot v3.5.3, Spring v6.2.8
2025-08-14 09:25:20 INFO  c.e.employee.EmployeeApplication - No active profile set, falling back to 1 default profile: "default"
2025-08-14 09:25:20 INFO  o.s.d.r.c.RepositoryConfigurationDelegate - Bootstrapping Spring Data JPA repositories in DEFAULT mode.
2025-08-14 09:25:20 INFO  o.s.d.r.c.RepositoryConfigurationDelegate - Finished Spring Data repository scanning in 24 ms. Found 4 JPA repository interfaces.
2025-08-14 09:25:20 INFO  o.s.b.w.e.tomcat.TomcatWebServer - Tomcat initialized with port 8080 (http)
2025-08-14 09:25:20 INFO  o.a.catalina.core.StandardService - Starting service [Tomcat]
2025-08-14 09:25:20 INFO  o.a.catalina.core.StandardEngine - Starting Servlet engine: [Apache Tomcat/10.1.42]
2025-08-14 09:25:20 INFO  o.a.c.c.C.[Tomcat-1].[localhost].[/] - Initializing Spring embedded WebApplicationContext
2025-08-14 09:25:20 INFO  o.s.b.w.s.c.ServletWebServerApplicationContext - Root WebApplicationContext: initialization completed in 379 ms
2025-08-14 09:25:20 INFO  o.h.jpa.internal.util.LogHelper - HHH000204: Processing PersistenceUnitInfo [name: default]
2025-08-14 09:25:20 INFO  o.h.c.i.RegionFactoryInitiator - HHH000026: Second-level cache disabled
2025-08-14 09:25:20 INFO  o.s.o.j.p.SpringPersistenceUnitInfo - No LoadTimeWeaver setup: ignoring JPA class transformer
2025-08-14 09:25:20 INFO  com.zaxxer.hikari.HikariDataSource - HikariPool-3 - Starting...
2025-08-14 09:25:20 INFO  com.zaxxer.hikari.pool.HikariPool - HikariPool-3 - Added connection com.mysql.cj.jdbc.ConnectionImpl@18bea762
2025-08-14 09:25:20 INFO  com.zaxxer.hikari.HikariDataSource - HikariPool-3 - Start completed.
2025-08-14 09:25:20 WARN  org.hibernate.orm.deprecation - HHH90000025: MySQL8Dialect does not need to be specified explicitly using 'hibernate.dialect' (remove the property setting and it will be selected by default)
2025-08-14 09:25:20 WARN  org.hibernate.orm.deprecation - HHH90000026: MySQL8Dialect has been deprecated; use org.hibernate.dialect.MySQLDialect instead
2025-08-14 09:25:20 INFO  o.hibernate.orm.connections.pooling - HHH10001005: Database info:
	Database JDBC URL [Connecting through datasource 'HikariDataSource (HikariPool-3)']
	Database driver: undefined/unknown
	Database version: 8.0
	Autocommit mode: undefined/unknown
	Isolation level: undefined/unknown
	Minimum pool size: undefined/unknown
	Maximum pool size: undefined/unknown
2025-08-14 09:25:20 INFO  o.h.e.t.j.p.i.JtaPlatformInitiator - HHH000489: No JTA platform available (set 'hibernate.transaction.jta.platform' to enable JTA platform integration)
2025-08-14 09:25:20 INFO  o.s.o.j.LocalContainerEntityManagerFactoryBean - Initialized JPA EntityManagerFactory for persistence unit 'default'
2025-08-14 09:25:20 WARN  o.s.b.a.o.j.JpaBaseConfiguration$JpaWebConfiguration - spring.jpa.open-in-view is enabled by default. Therefore, database queries may be performed during view rendering. Explicitly configure spring.jpa.open-in-view to disable this warning
2025-08-14 09:25:21 INFO  o.s.b.d.a.OptionalLiveReloadServer - LiveReload server is running on port 35729
2025-08-14 09:25:21 INFO  o.s.b.w.e.tomcat.TomcatWebServer - Tomcat started on port 8080 (http) with context path '/'
2025-08-14 09:25:21 INFO  c.e.employee.EmployeeApplication - Started EmployeeApplication in 0.966 seconds (process running for 1176.821)
2025-08-14 09:25:21 INFO  o.s.b.d.a.ConditionEvaluationDeltaLoggingListener - Condition evaluation unchanged
2025-08-14 09:26:36 INFO  o.s.b.w.e.tomcat.GracefulShutdown - Commencing graceful shutdown. Waiting for active requests to complete
2025-08-14 09:26:36 INFO  o.s.b.w.e.tomcat.GracefulShutdown - Graceful shutdown complete
2025-08-14 09:26:36 INFO  o.s.o.j.LocalContainerEntityManagerFactoryBean - Closing JPA EntityManagerFactory for persistence unit 'default'
2025-08-14 09:26:36 INFO  com.zaxxer.hikari.HikariDataSource - HikariPool-3 - Shutdown initiated...
2025-08-14 09:26:36 INFO  com.zaxxer.hikari.HikariDataSource - HikariPool-3 - Shutdown completed.
2025-08-14 09:48:35 INFO  o.h.validator.internal.util.Version - HV000001: Hibernate Validator 8.0.2.Final
2025-08-14 09:48:35 WARN  o.s.b.t.j.DuplicateJsonObjectContextCustomizerFactory$DuplicateJsonObjectContextCustomizer - 

Found multiple occurrences of org.json.JSONObject on the class path:

	jar:file:/C:/Users/ho%20800g2/.m2/repository/org/json/json/20240303/json-20240303.jar!/org/json/JSONObject.class
	jar:file:/C:/Users/ho%20800g2/.m2/repository/com/vaadin/external/google/android-json/0.0.20131108.vaadin1/android-json-0.0.20131108.vaadin1.jar!/org/json/JSONObject.class

You may wish to exclude one of them to ensure predictable runtime behavior

2025-08-14 09:48:35 INFO  c.e.e.employee.EmployeeEndToEndTest - Starting EmployeeEndToEndTest using Java 21.0.6 with PID 13844 (started by ho 800g2 in C:\Users\ho 800g2\OneDrive\Desktop\Jani\nology\sessions\Spring\EmployeeCreator\Backend\employee)
2025-08-14 09:48:35 DEBUG c.e.e.employee.EmployeeEndToEndTest - Running with Spring Boot v3.5.3, Spring v6.2.8
2025-08-14 09:48:35 INFO  c.e.e.employee.EmployeeEndToEndTest - The following 1 profile is active: "test"
2025-08-14 09:48:37 INFO  o.s.d.r.c.RepositoryConfigurationDelegate - Bootstrapping Spring Data JPA repositories in DEFAULT mode.
2025-08-14 09:48:37 INFO  o.s.d.r.c.RepositoryConfigurationDelegate - Finished Spring Data repository scanning in 89 ms. Found 4 JPA repository interfaces.
2025-08-14 09:48:38 INFO  o.s.b.w.e.tomcat.TomcatWebServer - Tomcat initialized with port 0 (http)
2025-08-14 09:48:38 INFO  o.a.coyote.http11.Http11NioProtocol - Initializing ProtocolHandler ["http-nio-auto-1"]
2025-08-14 09:48:38 INFO  o.a.catalina.core.StandardService - Starting service [Tomcat]
2025-08-14 09:48:38 INFO  o.a.catalina.core.StandardEngine - Starting Servlet engine: [Apache Tomcat/10.1.42]
2025-08-14 09:48:38 INFO  o.a.c.c.C.[Tomcat].[localhost].[/] - Initializing Spring embedded WebApplicationContext
2025-08-14 09:48:38 INFO  o.s.b.w.s.c.ServletWebServerApplicationContext - Root WebApplicationContext: initialization completed in 2021 ms
2025-08-14 09:48:38 INFO  o.h.jpa.internal.util.LogHelper - HHH000204: Processing PersistenceUnitInfo [name: default]
2025-08-14 09:48:38 INFO  org.hibernate.Version - HHH000412: Hibernate ORM core version 6.6.18.Final
2025-08-14 09:48:38 INFO  o.h.c.i.RegionFactoryInitiator - HHH000026: Second-level cache disabled
2025-08-14 09:48:38 INFO  o.s.o.j.p.SpringPersistenceUnitInfo - No LoadTimeWeaver setup: ignoring JPA class transformer
2025-08-14 09:48:39 INFO  com.zaxxer.hikari.HikariDataSource - HikariPool-1 - Starting...
2025-08-14 09:48:39 INFO  com.zaxxer.hikari.pool.HikariPool - HikariPool-1 - Added connection com.mysql.cj.jdbc.ConnectionImpl@690e7b89
2025-08-14 09:48:39 INFO  com.zaxxer.hikari.HikariDataSource - HikariPool-1 - Start completed.
2025-08-14 09:48:39 WARN  org.hibernate.orm.deprecation - HHH90000025: MySQL8Dialect does not need to be specified explicitly using 'hibernate.dialect' (remove the property setting and it will be selected by default)
2025-08-14 09:48:39 WARN  org.hibernate.orm.deprecation - HHH90000026: MySQL8Dialect has been deprecated; use org.hibernate.dialect.MySQLDialect instead
2025-08-14 09:48:39 INFO  o.hibernate.orm.connections.pooling - HHH10001005: Database info:
	Database JDBC URL [Connecting through datasource 'HikariDataSource (HikariPool-1)']
	Database driver: undefined/unknown
	Database version: 8.0
	Autocommit mode: undefined/unknown
	Isolation level: undefined/unknown
	Minimum pool size: undefined/unknown
	Maximum pool size: undefined/unknown
2025-08-14 09:48:40 INFO  o.h.e.t.j.p.i.JtaPlatformInitiator - HHH000489: No JTA platform available (set 'hibernate.transaction.jta.platform' to enable JTA platform integration)
2025-08-14 09:48:40 INFO  o.s.o.j.LocalContainerEntityManagerFactoryBean - Initialized JPA EntityManagerFactory for persistence unit 'default'
2025-08-14 09:48:41 INFO  o.s.d.j.r.query.QueryEnhancerFactory - Hibernate is in classpath; If applicable, HQL parser will be used.
2025-08-14 09:48:42 WARN  o.s.b.a.o.j.JpaBaseConfiguration$JpaWebConfiguration - spring.jpa.open-in-view is enabled by default. Therefore, database queries may be performed during view rendering. Explicitly configure spring.jpa.open-in-view to disable this warning
2025-08-14 09:48:42 INFO  o.a.coyote.http11.Http11NioProtocol - Starting ProtocolHandler ["http-nio-auto-1"]
2025-08-14 09:48:42 INFO  o.s.b.w.e.tomcat.TomcatWebServer - Tomcat started on port 51247 (http) with context path '/'
2025-08-14 09:48:42 INFO  c.e.e.employee.EmployeeEndToEndTest - Started EmployeeEndToEndTest in 7.487 seconds (process running for 10.503)
2025-08-14 09:48:45 INFO  o.a.c.c.C.[Tomcat].[localhost].[/] - Initializing Spring DispatcherServlet 'dispatcherServlet'
2025-08-14 09:48:45 INFO  o.s.web.servlet.DispatcherServlet - Initializing Servlet 'dispatcherServlet'
2025-08-14 09:48:45 INFO  o.s.web.servlet.DispatcherServlet - Completed initialization in 1 ms
2025-08-14 09:48:45 WARN  o.s.w.s.m.s.DefaultHandlerExceptionResolver - Resolved [org.springframework.web.method.annotation.MethodArgumentTypeMismatchException: Method parameter 'id': Failed to convert value of type 'java.lang.String' to required type 'int'; For input string: "abc"]
2025-08-14 09:48:45 DEBUG c.e.e.e.EmployeeController - Fetching all employees
2025-08-14 09:48:45 DEBUG c.e.e.e.EmployeeService - Fetching all employees
2025-08-14 09:48:45 DEBUG c.e.e.e.EmployeeController - Fetched 0 employees
2025-08-14 09:48:46 WARN  o.s.w.s.m.s.DefaultHandlerExceptionResolver - Resolved [org.springframework.web.bind.MethodArgumentNotValidException: Validation failed for argument [0] in public org.springframework.http.ResponseEntity<com.example.employee.employeedetails.Employee> com.example.employee.employeedetails.EmployeeController.create(com.example.employee.employeedetails.dto.CreateEmployeeDTO) with 2 errors: [Field error in object 'createEmployeeDTO' on field 'residentialAddress': rejected value [null]; codes [NotBlank.createEmployeeDTO.residentialAddress,NotBlank.residentialAddress,NotBlank.java.lang.String,NotBlank]; arguments [org.springframework.context.support.DefaultMessageSourceResolvable: codes [createEmployeeDTO.residentialAddress,residentialAddress]; arguments []; default message [residentialAddress]]; default message [must not be blank]] [Field error in object 'createEmployeeDTO' on field 'mobileNumber': rejected value [null]; codes [NotBlank.createEmployeeDTO.mobileNumber,NotBlank.mobileNumber,NotBlank.java.lang.String,NotBlank]; arguments [org.springframework.context.support.DefaultMessageSourceResolvable: codes [createEmployeeDTO.mobileNumber,mobileNumber]; arguments []; default message [mobileNumber]]; default message [Mobile number is required]] ]
2025-08-14 09:48:46 WARN  o.s.w.s.m.s.DefaultHandlerExceptionResolver - Resolved [org.springframework.web.bind.MethodArgumentNotValidException: Validation failed for argument [0] in public org.springframework.http.ResponseEntity<com.example.employee.employeedetails.Employee> com.example.employee.employeedetails.EmployeeController.create(com.example.employee.employeedetails.dto.CreateEmployeeDTO) with 4 errors: [Field error in object 'createEmployeeDTO' on field 'mobileNumber': rejected value [null]; codes [NotBlank.createEmployeeDTO.mobileNumber,NotBlank.mobileNumber,NotBlank.java.lang.String,NotBlank]; arguments [org.springframework.context.support.DefaultMessageSourceResolvable: codes [createEmployeeDTO.mobileNumber,mobileNumber]; arguments []; default message [mobileNumber]]; default message [Mobile number is required]] [Field error in object 'createEmployeeDTO' on field 'photoUrl': rejected value [null]; codes [NotBlank.createEmployeeDTO.photoUrl,NotBlank.photoUrl,NotBlank.java.lang.String,NotBlank]; arguments [org.springframework.context.support.DefaultMessageSourceResolvable: codes [createEmployeeDTO.photoUrl,photoUrl]; arguments []; default message [photoUrl]]; default message [must not be blank]] [Field error in object 'createEmployeeDTO' on field 'residentialAddress': rejected value [null]; codes [NotBlank.createEmployeeDTO.residentialAddress,NotBlank.residentialAddress,NotBlank.java.lang.String,NotBlank]; arguments [org.springframework.context.support.DefaultMessageSourceResolvable: codes [createEmployeeDTO.residentialAddress,residentialAddress]; arguments []; default message [residentialAddress]]; default message [must not be blank]] [Field error in object 'createEmployeeDTO' on field 'lastName': rejected value [null]; codes [NotBlank.createEmployeeDTO.lastName,NotBlank.lastName,NotBlank.java.lang.String,NotBlank]; arguments [org.springframework.context.support.DefaultMessageSourceResolvable: codes [createEmployeeDTO.lastName,lastName]; arguments []; default message [lastName]]; default message [Last name is required]] ]
2025-08-14 09:48:46 DEBUG c.e.e.e.EmployeeController - Fetching employee with ID: 99999
2025-08-14 09:48:46 DEBUG c.e.e.e.EmployeeService - Fetching employee with ID: 99999
2025-08-14 09:48:46 WARN  c.e.e.e.EmployeeController - Employee with ID: 99999 not found
2025-08-14 09:48:46 WARN  o.s.w.s.m.s.DefaultHandlerExceptionResolver - Resolved [org.springframework.http.converter.HttpMessageNotReadableException: JSON parse error: Cannot deserialize value of type `com.example.employee.contract.Contract$ContractType` from String "PERMANENT": not one of the values accepted for Enum class: [Temporary, Permanent]]
2025-08-14 09:48:46 DEBUG c.e.e.e.EmployeeController - Fetching employee with ID: 83
2025-08-14 09:48:46 DEBUG c.e.e.e.EmployeeService - Fetching employee with ID: 83
2025-08-14 09:48:46 INFO  c.e.e.e.EmployeeController - Found employee with ID: 83
2025-08-14 09:48:47 DEBUG c.e.e.e.EmployeeController - Fetching all employees
2025-08-14 09:48:47 DEBUG c.e.e.e.EmployeeService - Fetching all employees
2025-08-14 09:48:47 DEBUG c.e.e.e.EmployeeController - Fetched 2 employees
2025-08-14 09:48:47 INFO  o.s.t.c.s.AnnotationConfigContextLoaderUtils - Could not detect default configuration classes for test class [com.example.employee.EmployeeApplicationTests]: EmployeeApplicationTests does not declare any static, non-private, non-final, nested classes annotated with @Configuration.
2025-08-14 09:48:47 INFO  o.s.b.t.c.SpringBootTestContextBootstrapper - Found @SpringBootConfiguration com.example.employee.EmployeeApplication for test class com.example.employee.EmployeeApplicationTests
2025-08-14 09:48:47 INFO  o.s.b.d.r.RestartApplicationListener - Restart disabled due to context in which it is running
2025-08-14 09:48:47 WARN  o.s.b.t.j.DuplicateJsonObjectContextCustomizerFactory$DuplicateJsonObjectContextCustomizer - 

Found multiple occurrences of org.json.JSONObject on the class path:

	jar:file:/C:/Users/ho%20800g2/.m2/repository/org/json/json/20240303/json-20240303.jar!/org/json/JSONObject.class
	jar:file:/C:/Users/ho%20800g2/.m2/repository/com/vaadin/external/google/android-json/0.0.20131108.vaadin1/android-json-0.0.20131108.vaadin1.jar!/org/json/JSONObject.class

You may wish to exclude one of them to ensure predictable runtime behavior

2025-08-14 09:48:47 INFO  c.e.e.EmployeeApplicationTests - Starting EmployeeApplicationTests using Java 21.0.6 with PID 13844 (started by ho 800g2 in C:\Users\ho 800g2\OneDrive\Desktop\Jani\nology\sessions\Spring\EmployeeCreator\Backend\employee)
2025-08-14 09:48:47 DEBUG c.e.e.EmployeeApplicationTests - Running with Spring Boot v3.5.3, Spring v6.2.8
2025-08-14 09:48:47 INFO  c.e.e.EmployeeApplicationTests - No active profile set, falling back to 1 default profile: "default"
2025-08-14 09:48:47 INFO  o.s.d.r.c.RepositoryConfigurationDelegate - Bootstrapping Spring Data JPA repositories in DEFAULT mode.
2025-08-14 09:48:47 INFO  o.s.d.r.c.RepositoryConfigurationDelegate - Finished Spring Data repository scanning in 29 ms. Found 4 JPA repository interfaces.
2025-08-14 09:48:47 INFO  o.h.jpa.internal.util.LogHelper - HHH000204: Processing PersistenceUnitInfo [name: default]
2025-08-14 09:48:47 INFO  o.h.c.i.RegionFactoryInitiator - HHH000026: Second-level cache disabled
2025-08-14 09:48:47 INFO  o.s.o.j.p.SpringPersistenceUnitInfo - No LoadTimeWeaver setup: ignoring JPA class transformer
2025-08-14 09:48:47 INFO  com.zaxxer.hikari.HikariDataSource - HikariPool-2 - Starting...
2025-08-14 09:48:47 INFO  com.zaxxer.hikari.pool.HikariPool - HikariPool-2 - Added connection com.mysql.cj.jdbc.ConnectionImpl@25a656f6
2025-08-14 09:48:47 INFO  com.zaxxer.hikari.HikariDataSource - HikariPool-2 - Start completed.
2025-08-14 09:48:47 WARN  org.hibernate.orm.deprecation - HHH90000025: MySQL8Dialect does not need to be specified explicitly using 'hibernate.dialect' (remove the property setting and it will be selected by default)
2025-08-14 09:48:47 WARN  org.hibernate.orm.deprecation - HHH90000026: MySQL8Dialect has been deprecated; use org.hibernate.dialect.MySQLDialect instead
2025-08-14 09:48:47 INFO  o.hibernate.orm.connections.pooling - HHH10001005: Database info:
	Database JDBC URL [Connecting through datasource 'HikariDataSource (HikariPool-2)']
	Database driver: undefined/unknown
	Database version: 8.0
	Autocommit mode: undefined/unknown
	Isolation level: undefined/unknown
	Minimum pool size: undefined/unknown
	Maximum pool size: undefined/unknown
2025-08-14 09:48:48 INFO  o.h.e.t.j.p.i.JtaPlatformInitiator - HHH000489: No JTA platform available (set 'hibernate.transaction.jta.platform' to enable JTA platform integration)
2025-08-14 09:48:48 INFO  o.s.o.j.LocalContainerEntityManagerFactoryBean - Initialized JPA EntityManagerFactory for persistence unit 'default'
2025-08-14 09:48:48 WARN  o.s.b.a.o.j.JpaBaseConfiguration$JpaWebConfiguration - spring.jpa.open-in-view is enabled by default. Therefore, database queries may be performed during view rendering. Explicitly configure spring.jpa.open-in-view to disable this warning
2025-08-14 09:48:48 INFO  c.e.e.EmployeeApplicationTests - Started EmployeeApplicationTests in 0.927 seconds (process running for 16.048)
2025-08-14 09:48:49 INFO  c.e.e.e.EmployeeService - Deleting employee with id: 1
2025-08-14 09:48:49 DEBUG c.e.e.e.EmployeeService - Fetching employee with ID: 1
2025-08-14 09:48:49 WARN  c.e.e.e.EmployeeService - Employee with id: 1 not found
2025-08-14 09:48:49 DEBUG c.e.e.e.EmployeeService - Fetching employee with ID: 1
2025-08-14 09:48:49 DEBUG c.e.e.e.EmployeeService - Creating a new employee with data: com.example.employee.employeedetails.dto.CreateEmployeeDTO@783e1529
2025-08-14 09:48:49 INFO  c.e.e.e.EmployeeService - Employee created with ID: 1
2025-08-14 09:48:49 INFO  c.e.e.e.EmployeeService - Updating employee with id: 1
2025-08-14 09:48:49 DEBUG c.e.e.e.EmployeeService - Fetching employee with ID: 1
2025-08-14 09:48:49 WARN  c.e.e.e.EmployeeService - Employee with id: 1 not found
2025-08-14 09:48:49 DEBUG c.e.e.e.EmployeeService - Fetching employee with ID: 1
2025-08-14 09:48:49 INFO  c.e.e.e.EmployeeService - Updating employee with id: 1
2025-08-14 09:48:49 DEBUG c.e.e.e.EmployeeService - Fetching employee with ID: 1
2025-08-14 09:48:49 INFO  c.e.e.e.EmployeeService - Updated details for employee with id: null
2025-08-14 09:48:49 DEBUG c.e.e.e.EmployeeService - Fetching all employees
2025-08-14 09:48:49 INFO  c.e.e.e.EmployeeService - Replace details for employee with id: 1
2025-08-14 09:48:49 DEBUG c.e.e.e.EmployeeService - Fetching employee with ID: 1
2025-08-14 09:48:49 INFO  c.e.e.e.EmployeeService - Found record for employee with id: 1
2025-08-14 09:48:49 DEBUG c.e.e.e.EmployeeService - Saved updated details for employee with ID: 1
2025-08-14 09:48:49 DEBUG c.e.e.e.EmployeeService - Creating a new employee with data: com.example.employee.employeedetails.dto.CreateEmployeeDTO@66a683ea
2025-08-14 09:48:49 INFO  c.e.e.e.EmployeeService - Employee created with ID: 1
2025-08-14 09:48:49 DEBUG c.e.e.e.EmployeeService - Getting details for all employees with contracts
2025-08-14 09:48:49 DEBUG c.e.e.e.EmployeeService - Found employees with contracts
2025-08-14 09:48:49 INFO  c.e.e.e.EmployeeService - Deleting employee with id: 1
2025-08-14 09:48:49 DEBUG c.e.e.e.EmployeeService - Fetching employee with ID: 1
2025-08-14 09:48:49 INFO  c.e.e.e.EmployeeService - Deleted employee with id: 1
2025-08-14 09:48:49 INFO  c.e.e.e.EmployeeService - Archiving employee with id: 1
2025-08-14 09:48:49 DEBUG c.e.e.e.EmployeeService - Archived employee with id: 0
2025-08-14 09:48:49 DEBUG c.e.e.e.EmployeeService - Archived 1 contracts for Employee id 1
2025-08-14 09:48:49 DEBUG c.e.e.e.EmployeeService - Deleted employee with id: 1
2025-08-14 09:48:49 INFO  c.e.e.e.EmployeeService - Archiving employee with id: 1
2025-08-14 09:48:49 WARN  c.e.e.e.EmployeeService - Employee with ID 1 not found for archiving
2025-08-14 09:48:49 INFO  c.e.e.e.EmployeeService - Replace details for employee with id: 1
2025-08-14 09:48:49 DEBUG c.e.e.e.EmployeeService - Fetching employee with ID: 1
2025-08-14 09:48:49 WARN  c.e.e.e.EmployeeService - During update, employee with id: 1, not found
2025-08-14 09:48:49 DEBUG c.e.e.e.EmployeeService - Getting details for all employees with contracts
2025-08-14 09:48:49 WARN  c.e.e.e.EmployeeService - Not found any employee with contracts
2025-08-14 09:48:49 INFO  o.s.b.w.e.tomcat.GracefulShutdown - Commencing graceful shutdown. Waiting for active requests to complete
2025-08-14 09:48:49 INFO  o.s.b.w.e.tomcat.GracefulShutdown - Graceful shutdown complete
2025-08-14 09:48:49 INFO  o.s.o.j.LocalContainerEntityManagerFactoryBean - Closing JPA EntityManagerFactory for persistence unit 'default'
2025-08-14 09:48:49 INFO  com.zaxxer.hikari.HikariDataSource - HikariPool-1 - Shutdown initiated...
2025-08-14 09:48:49 INFO  com.zaxxer.hikari.HikariDataSource - HikariPool-1 - Shutdown completed.
2025-08-14 09:48:49 INFO  o.s.o.j.LocalContainerEntityManagerFactoryBean - Closing JPA EntityManagerFactory for persistence unit 'default'
2025-08-14 09:48:49 INFO  com.zaxxer.hikari.HikariDataSource - HikariPool-2 - Shutdown initiated...
2025-08-14 09:48:49 INFO  com.zaxxer.hikari.HikariDataSource - HikariPool-2 - Shutdown completed.
2025-08-14 09:53:03 INFO  o.h.validator.internal.util.Version - HV000001: Hibernate Validator 8.0.2.Final
2025-08-14 09:53:03 WARN  o.s.b.t.j.DuplicateJsonObjectContextCustomizerFactory$DuplicateJsonObjectContextCustomizer - 

Found multiple occurrences of org.json.JSONObject on the class path:

	jar:file:/C:/Users/ho%20800g2/.m2/repository/org/json/json/20240303/json-20240303.jar!/org/json/JSONObject.class
	jar:file:/C:/Users/ho%20800g2/.m2/repository/com/vaadin/external/google/android-json/0.0.20131108.vaadin1/android-json-0.0.20131108.vaadin1.jar!/org/json/JSONObject.class

You may wish to exclude one of them to ensure predictable runtime behavior

2025-08-14 09:53:03 INFO  c.e.e.EmployeeApplicationTests - Starting EmployeeApplicationTests using Java 21.0.6 with PID 10044 (started by ho 800g2 in C:\Users\ho 800g2\OneDrive\Desktop\Jani\nology\sessions\Spring\EmployeeCreator\Backend\employee)
2025-08-14 09:53:03 DEBUG c.e.e.EmployeeApplicationTests - Running with Spring Boot v3.5.3, Spring v6.2.8
2025-08-14 09:53:03 INFO  c.e.e.EmployeeApplicationTests - No active profile set, falling back to 1 default profile: "default"
2025-08-14 09:53:05 INFO  o.s.d.r.c.RepositoryConfigurationDelegate - Bootstrapping Spring Data JPA repositories in DEFAULT mode.
2025-08-14 09:53:05 INFO  o.s.d.r.c.RepositoryConfigurationDelegate - Finished Spring Data repository scanning in 80 ms. Found 4 JPA repository interfaces.
2025-08-14 09:53:05 INFO  o.h.jpa.internal.util.LogHelper - HHH000204: Processing PersistenceUnitInfo [name: default]
2025-08-14 09:53:05 INFO  org.hibernate.Version - HHH000412: Hibernate ORM core version 6.6.18.Final
2025-08-14 09:53:06 INFO  o.h.c.i.RegionFactoryInitiator - HHH000026: Second-level cache disabled
2025-08-14 09:53:06 INFO  o.s.o.j.p.SpringPersistenceUnitInfo - No LoadTimeWeaver setup: ignoring JPA class transformer
2025-08-14 09:53:06 INFO  com.zaxxer.hikari.HikariDataSource - HikariPool-1 - Starting...
2025-08-14 09:53:06 INFO  com.zaxxer.hikari.pool.HikariPool - HikariPool-1 - Added connection com.mysql.cj.jdbc.ConnectionImpl@57ed8f95
2025-08-14 09:53:06 INFO  com.zaxxer.hikari.HikariDataSource - HikariPool-1 - Start completed.
2025-08-14 09:53:06 WARN  org.hibernate.orm.deprecation - HHH90000025: MySQL8Dialect does not need to be specified explicitly using 'hibernate.dialect' (remove the property setting and it will be selected by default)
2025-08-14 09:53:06 WARN  org.hibernate.orm.deprecation - HHH90000026: MySQL8Dialect has been deprecated; use org.hibernate.dialect.MySQLDialect instead
2025-08-14 09:53:06 INFO  o.hibernate.orm.connections.pooling - HHH10001005: Database info:
	Database JDBC URL [Connecting through datasource 'HikariDataSource (HikariPool-1)']
	Database driver: undefined/unknown
	Database version: 8.0
	Autocommit mode: undefined/unknown
	Isolation level: undefined/unknown
	Minimum pool size: undefined/unknown
	Maximum pool size: undefined/unknown
2025-08-14 09:53:08 INFO  o.h.e.t.j.p.i.JtaPlatformInitiator - HHH000489: No JTA platform available (set 'hibernate.transaction.jta.platform' to enable JTA platform integration)
2025-08-14 09:53:08 INFO  o.s.o.j.LocalContainerEntityManagerFactoryBean - Initialized JPA EntityManagerFactory for persistence unit 'default'
2025-08-14 09:53:08 INFO  o.s.d.j.r.query.QueryEnhancerFactory - Hibernate is in classpath; If applicable, HQL parser will be used.
2025-08-14 09:53:09 WARN  o.s.b.a.o.j.JpaBaseConfiguration$JpaWebConfiguration - spring.jpa.open-in-view is enabled by default. Therefore, database queries may be performed during view rendering. Explicitly configure spring.jpa.open-in-view to disable this warning
2025-08-14 09:53:10 INFO  c.e.e.EmployeeApplicationTests - Started EmployeeApplicationTests in 7.188 seconds (process running for 10.342)
2025-08-14 09:53:12 INFO  c.e.e.e.EmployeeService - Deleting employee with id: 1
2025-08-14 09:53:12 DEBUG c.e.e.e.EmployeeService - Fetching employee with ID: 1
2025-08-14 09:53:12 WARN  c.e.e.e.EmployeeService - Employee with id: 1 not found
2025-08-14 09:53:12 DEBUG c.e.e.e.EmployeeService - Fetching employee with ID: 1
2025-08-14 09:53:12 DEBUG c.e.e.e.EmployeeService - Creating a new employee with data: com.example.employee.employeedetails.dto.CreateEmployeeDTO@2c3c36df
2025-08-14 09:53:12 INFO  c.e.e.e.EmployeeService - Employee created with ID: 1
2025-08-14 09:53:12 INFO  c.e.e.e.EmployeeService - Updating employee with id: 1
2025-08-14 09:53:12 DEBUG c.e.e.e.EmployeeService - Fetching employee with ID: 1
2025-08-14 09:53:12 WARN  c.e.e.e.EmployeeService - Employee with id: 1 not found
2025-08-14 09:53:12 DEBUG c.e.e.e.EmployeeService - Fetching employee with ID: 1
2025-08-14 09:53:12 INFO  c.e.e.e.EmployeeService - Updating employee with id: 1
2025-08-14 09:53:12 DEBUG c.e.e.e.EmployeeService - Fetching employee with ID: 1
2025-08-14 09:53:12 INFO  c.e.e.e.EmployeeService - Updated details for employee with id: null
2025-08-14 09:53:12 DEBUG c.e.e.e.EmployeeService - Fetching all employees
2025-08-14 09:53:12 INFO  c.e.e.e.EmployeeService - Replace details for employee with id: 1
2025-08-14 09:53:12 DEBUG c.e.e.e.EmployeeService - Fetching employee with ID: 1
2025-08-14 09:53:12 INFO  c.e.e.e.EmployeeService - Found record for employee with id: 1
2025-08-14 09:53:12 DEBUG c.e.e.e.EmployeeService - Saved updated details for employee with ID: 1
2025-08-14 09:53:12 DEBUG c.e.e.e.EmployeeService - Creating a new employee with data: com.example.employee.employeedetails.dto.CreateEmployeeDTO@179e0823
2025-08-14 09:53:12 INFO  c.e.e.e.EmployeeService - Employee created with ID: 1
2025-08-14 09:53:12 DEBUG c.e.e.e.EmployeeService - Getting details for all employees with contracts
2025-08-14 09:53:12 DEBUG c.e.e.e.EmployeeService - Found employees with contracts
2025-08-14 09:53:12 INFO  c.e.e.e.EmployeeService - Deleting employee with id: 1
2025-08-14 09:53:12 DEBUG c.e.e.e.EmployeeService - Fetching employee with ID: 1
2025-08-14 09:53:12 INFO  c.e.e.e.EmployeeService - Deleted employee with id: 1
2025-08-14 09:53:12 INFO  c.e.e.e.EmployeeService - Archiving employee with id: 1
2025-08-14 09:53:12 DEBUG c.e.e.e.EmployeeService - Archived employee with id: 0
2025-08-14 09:53:12 DEBUG c.e.e.e.EmployeeService - Archived 1 contracts for Employee id 1
2025-08-14 09:53:12 DEBUG c.e.e.e.EmployeeService - Deleted employee with id: 1
2025-08-14 09:53:12 INFO  c.e.e.e.EmployeeService - Archiving employee with id: 1
2025-08-14 09:53:12 WARN  c.e.e.e.EmployeeService - Employee with ID 1 not found for archiving
2025-08-14 09:53:12 INFO  c.e.e.e.EmployeeService - Replace details for employee with id: 1
2025-08-14 09:53:12 DEBUG c.e.e.e.EmployeeService - Fetching employee with ID: 1
2025-08-14 09:53:12 WARN  c.e.e.e.EmployeeService - During update, employee with id: 1, not found
2025-08-14 09:53:12 DEBUG c.e.e.e.EmployeeService - Getting details for all employees with contracts
2025-08-14 09:53:12 WARN  c.e.e.e.EmployeeService - Not found any employee with contracts
2025-08-14 09:53:12 INFO  o.s.o.j.LocalContainerEntityManagerFactoryBean - Closing JPA EntityManagerFactory for persistence unit 'default'
2025-08-14 09:53:12 INFO  com.zaxxer.hikari.HikariDataSource - HikariPool-1 - Shutdown initiated...
2025-08-14 09:53:12 INFO  com.zaxxer.hikari.HikariDataSource - HikariPool-1 - Shutdown completed.
2025-08-14 09:54:06 INFO  o.h.validator.internal.util.Version - HV000001: Hibernate Validator 8.0.2.Final
2025-08-14 09:54:06 INFO  c.e.employee.EmployeeApplication - Starting EmployeeApplication using Java 21.0.6 with PID 13300 (C:\Users\ho 800g2\OneDrive\Desktop\Jani\nology\sessions\Spring\EmployeeCreator\Backend\employee\target\classes started by ho 800g2 in C:\Users\ho 800g2\OneDrive\Desktop\Jani\nology\sessions\Spring\EmployeeCreator\Backend\employee)
2025-08-14 09:54:06 DEBUG c.e.employee.EmployeeApplication - Running with Spring Boot v3.5.3, Spring v6.2.8
2025-08-14 09:54:06 INFO  c.e.employee.EmployeeApplication - No active profile set, falling back to 1 default profile: "default"
2025-08-14 09:54:06 INFO  o.s.b.d.e.DevToolsPropertyDefaultsPostProcessor - Devtools property defaults active! Set 'spring.devtools.add-properties' to 'false' to disable
2025-08-14 09:54:06 INFO  o.s.b.d.e.DevToolsPropertyDefaultsPostProcessor - For additional web related logging consider setting the 'logging.level.web' property to 'DEBUG'
2025-08-14 09:54:07 INFO  o.s.d.r.c.RepositoryConfigurationDelegate - Bootstrapping Spring Data JPA repositories in DEFAULT mode.
2025-08-14 09:54:07 INFO  o.s.d.r.c.RepositoryConfigurationDelegate - Finished Spring Data repository scanning in 70 ms. Found 4 JPA repository interfaces.
2025-08-14 09:54:08 INFO  o.s.b.w.e.tomcat.TomcatWebServer - Tomcat initialized with port 8080 (http)
2025-08-14 09:54:08 INFO  o.a.coyote.http11.Http11NioProtocol - Initializing ProtocolHandler ["http-nio-8080"]
2025-08-14 09:54:08 INFO  o.a.catalina.core.StandardService - Starting service [Tomcat]
2025-08-14 09:54:08 INFO  o.a.catalina.core.StandardEngine - Starting Servlet engine: [Apache Tomcat/10.1.42]
2025-08-14 09:54:08 INFO  o.a.c.c.C.[Tomcat].[localhost].[/] - Initializing Spring embedded WebApplicationContext
2025-08-14 09:54:08 INFO  o.s.b.w.s.c.ServletWebServerApplicationContext - Root WebApplicationContext: initialization completed in 1543 ms
2025-08-14 09:54:08 INFO  o.h.jpa.internal.util.LogHelper - HHH000204: Processing PersistenceUnitInfo [name: default]
2025-08-14 09:54:08 INFO  org.hibernate.Version - HHH000412: Hibernate ORM core version 6.6.18.Final
2025-08-14 09:54:08 INFO  o.h.c.i.RegionFactoryInitiator - HHH000026: Second-level cache disabled
2025-08-14 09:54:08 INFO  o.s.o.j.p.SpringPersistenceUnitInfo - No LoadTimeWeaver setup: ignoring JPA class transformer
2025-08-14 09:54:09 INFO  com.zaxxer.hikari.HikariDataSource - HikariPool-1 - Starting...
2025-08-14 09:54:09 INFO  com.zaxxer.hikari.pool.HikariPool - HikariPool-1 - Added connection com.mysql.cj.jdbc.ConnectionImpl@85c3736
2025-08-14 09:54:09 INFO  com.zaxxer.hikari.HikariDataSource - HikariPool-1 - Start completed.
2025-08-14 09:54:09 WARN  org.hibernate.orm.deprecation - HHH90000025: MySQL8Dialect does not need to be specified explicitly using 'hibernate.dialect' (remove the property setting and it will be selected by default)
2025-08-14 09:54:09 WARN  org.hibernate.orm.deprecation - HHH90000026: MySQL8Dialect has been deprecated; use org.hibernate.dialect.MySQLDialect instead
2025-08-14 09:54:09 INFO  o.hibernate.orm.connections.pooling - HHH10001005: Database info:
	Database JDBC URL [Connecting through datasource 'HikariDataSource (HikariPool-1)']
	Database driver: undefined/unknown
	Database version: 8.0
	Autocommit mode: undefined/unknown
	Isolation level: undefined/unknown
	Minimum pool size: undefined/unknown
	Maximum pool size: undefined/unknown
2025-08-14 09:54:10 INFO  o.h.e.t.j.p.i.JtaPlatformInitiator - HHH000489: No JTA platform available (set 'hibernate.transaction.jta.platform' to enable JTA platform integration)
2025-08-14 09:54:10 INFO  o.s.o.j.LocalContainerEntityManagerFactoryBean - Initialized JPA EntityManagerFactory for persistence unit 'default'
2025-08-14 09:54:11 INFO  o.s.d.j.r.query.QueryEnhancerFactory - Hibernate is in classpath; If applicable, HQL parser will be used.
2025-08-14 09:54:12 WARN  o.s.b.a.o.j.JpaBaseConfiguration$JpaWebConfiguration - spring.jpa.open-in-view is enabled by default. Therefore, database queries may be performed during view rendering. Explicitly configure spring.jpa.open-in-view to disable this warning
2025-08-14 09:54:12 INFO  o.s.b.d.a.OptionalLiveReloadServer - LiveReload server is running on port 35729
2025-08-14 09:54:12 INFO  o.a.coyote.http11.Http11NioProtocol - Starting ProtocolHandler ["http-nio-8080"]
2025-08-14 09:54:12 INFO  o.s.b.w.e.tomcat.TomcatWebServer - Tomcat started on port 8080 (http) with context path '/'
2025-08-14 09:54:12 INFO  c.e.employee.EmployeeApplication - Started EmployeeApplication in 6.247 seconds (process running for 6.797)
2025-08-14 09:54:33 INFO  o.a.c.c.C.[Tomcat].[localhost].[/] - Initializing Spring DispatcherServlet 'dispatcherServlet'
2025-08-14 09:54:33 INFO  o.s.web.servlet.DispatcherServlet - Initializing Servlet 'dispatcherServlet'
2025-08-14 09:54:33 INFO  o.s.web.servlet.DispatcherServlet - Completed initialization in 1 ms
2025-08-14 09:54:33 DEBUG c.e.e.e.EmployeeController - Fetching all employees
2025-08-14 09:54:33 DEBUG c.e.e.e.EmployeeService - Fetching all employees
2025-08-14 09:54:33 DEBUG c.e.e.e.EmployeeController - Fetched 10 employees
2025-08-14 09:54:33 DEBUG c.e.e.e.EmployeeController - Fetching all employees
2025-08-14 09:54:33 DEBUG c.e.e.e.EmployeeService - Fetching all employees
2025-08-14 09:54:33 DEBUG c.e.e.e.EmployeeController - Fetched 10 employees
2025-08-14 10:32:22 DEBUG c.e.e.e.EmployeeController - Fetching all employees
2025-08-14 10:32:22 DEBUG c.e.e.e.EmployeeService - Fetching all employees
2025-08-14 10:32:22 DEBUG c.e.e.e.EmployeeController - Fetched 10 employees
2025-08-14 10:37:29 DEBUG c.e.e.e.EmployeeController - Replacing employee with ID: 110
2025-08-14 10:37:29 INFO  c.e.e.e.EmployeeService - Updating employee with id: 110
2025-08-14 10:37:29 DEBUG c.e.e.e.EmployeeService - Fetching employee with ID: 110
2025-08-14 10:37:29 INFO  c.e.e.e.EmployeeService - Updated details for employee with id: 110
2025-08-14 10:37:29 INFO  c.e.e.e.EmployeeController - Replaced employee with ID: 110
2025-08-14 10:37:31 DEBUG c.e.e.e.EmployeeController - Fetching all employees
2025-08-14 10:37:31 DEBUG c.e.e.e.EmployeeService - Fetching all employees
2025-08-14 10:37:31 DEBUG c.e.e.e.EmployeeController - Fetched 10 employees
2025-08-14 10:38:14 DEBUG c.e.e.contract.ContractService - Creating contract for employee ID: 109, DTO: com.example.employee.contract.dto.ContractCreateDTO@2afc2884
2025-08-14 10:38:14 DEBUG c.e.e.contract.ContractService - Created contract ID: 201 for employee ID: 109
2025-08-14 10:38:16 DEBUG c.e.e.e.EmployeeController - Fetching all employees
2025-08-14 10:38:16 DEBUG c.e.e.e.EmployeeService - Fetching all employees
2025-08-14 10:38:16 DEBUG c.e.e.e.EmployeeController - Fetched 10 employees
2025-08-14 10:38:19 DEBUG c.e.e.e.EmployeeController - Fetching all employees
2025-08-14 10:38:19 DEBUG c.e.e.e.EmployeeService - Fetching all employees
2025-08-14 10:38:19 DEBUG c.e.e.e.EmployeeController - Fetched 10 employees
2025-08-14 10:38:21 DEBUG c.e.e.e.EmployeeController - Fetching all employees
2025-08-14 10:38:21 DEBUG c.e.e.e.EmployeeService - Fetching all employees
2025-08-14 10:38:21 DEBUG c.e.e.e.EmployeeController - Fetched 10 employees
2025-08-14 10:39:07 DEBUG c.e.e.contract.ContractService - Creating contract for employee ID: 110, DTO: com.example.employee.contract.dto.ContractCreateDTO@2fce31bc
2025-08-14 10:39:07 DEBUG c.e.e.contract.ContractService - Created contract ID: 202 for employee ID: 110
2025-08-14 10:39:09 DEBUG c.e.e.e.EmployeeController - Fetching all employees
2025-08-14 10:39:09 DEBUG c.e.e.e.EmployeeService - Fetching all employees
2025-08-14 10:39:09 DEBUG c.e.e.e.EmployeeController - Fetched 10 employees
2025-08-14 10:39:11 DEBUG c.e.e.e.EmployeeController - Fetching all employees
2025-08-14 10:39:11 DEBUG c.e.e.e.EmployeeService - Fetching all employees
2025-08-14 10:39:11 DEBUG c.e.e.e.EmployeeController - Fetched 10 employees
2025-08-14 10:39:13 DEBUG c.e.e.e.EmployeeController - Fetching all employees
2025-08-14 10:39:13 DEBUG c.e.e.e.EmployeeService - Fetching all employees
2025-08-14 10:39:13 DEBUG c.e.e.e.EmployeeController - Fetched 10 employees
2025-08-14 11:39:05 WARN  com.zaxxer.hikari.pool.HikariPool - HikariPool-1 - Thread starvation or clock leap detected (housekeeper delta=1m24s434ms668s200ns).
