2025-09-18 10:19:05 INFO  o.h.validator.internal.util.Version - HV000001: Hibernate Validator 8.0.2.Final
2025-09-18 10:19:05 INFO  c.e.employee.EmployeeApplication - Starting EmployeeApplication using Java 21.0.6 with PID 14580 (C:\Users\ho 800g2\OneDrive\Desktop\Jani\nology\sessions\Spring\EmployeeCreator\Backend\employee\target\classes started by ho 800g2 in C:\Users\ho 800g2\OneDrive\Desktop\Jani\nology\sessions\Spring\EmployeeCreator\Backend\employee)
2025-09-18 10:19:05 DEBUG c.e.employee.EmployeeApplication - Running with Spring Boot v3.5.3, Spring v6.2.8
2025-09-18 10:19:05 INFO  c.e.employee.EmployeeApplication - No active profile set, falling back to 1 default profile: "default"
2025-09-18 10:19:05 INFO  o.s.b.d.e.DevToolsPropertyDefaultsPostProcessor - Devtools property defaults active! Set 'spring.devtools.add-properties' to 'false' to disable
2025-09-18 10:19:05 INFO  o.s.b.d.e.DevToolsPropertyDefaultsPostProcessor - For additional web related logging consider setting the 'logging.level.web' property to 'DEBUG'
2025-09-18 10:19:06 INFO  o.s.d.r.c.RepositoryConfigurationDelegate - Bootstrapping Spring Data JPA repositories in DEFAULT mode.
2025-09-18 10:19:06 INFO  o.s.d.r.c.RepositoryConfigurationDelegate - Finished Spring Data repository scanning in 74 ms. Found 4 JPA repository interfaces.
2025-09-18 10:19:07 INFO  o.s.b.w.e.tomcat.TomcatWebServer - Tomcat initialized with port 8080 (http)
2025-09-18 10:19:07 INFO  o.a.coyote.http11.Http11NioProtocol - Initializing ProtocolHandler ["http-nio-8080"]
2025-09-18 10:19:07 INFO  o.a.catalina.core.StandardService - Starting service [Tomcat]
2025-09-18 10:19:07 INFO  o.a.catalina.core.StandardEngine - Starting Servlet engine: [Apache Tomcat/10.1.42]
2025-09-18 10:19:07 INFO  o.a.c.c.C.[Tomcat].[localhost].[/] - Initializing Spring embedded WebApplicationContext
2025-09-18 10:19:07 INFO  o.s.b.w.s.c.ServletWebServerApplicationContext - Root WebApplicationContext: initialization completed in 1631 ms
2025-09-18 10:19:07 INFO  o.h.jpa.internal.util.LogHelper - HHH000204: Processing PersistenceUnitInfo [name: default]
2025-09-18 10:19:07 INFO  org.hibernate.Version - HHH000412: Hibernate ORM core version 6.6.18.Final
2025-09-18 10:19:07 INFO  o.h.c.i.RegionFactoryInitiator - HHH000026: Second-level cache disabled
2025-09-18 10:19:07 INFO  o.s.o.j.p.SpringPersistenceUnitInfo - No LoadTimeWeaver setup: ignoring JPA class transformer
2025-09-18 10:19:08 INFO  com.zaxxer.hikari.HikariDataSource - HikariPool-1 - Starting...
2025-09-18 10:19:08 INFO  com.zaxxer.hikari.pool.HikariPool - HikariPool-1 - Added connection com.mysql.cj.jdbc.ConnectionImpl@7b24ebda
2025-09-18 10:19:08 INFO  com.zaxxer.hikari.HikariDataSource - HikariPool-1 - Start completed.
2025-09-18 10:19:08 WARN  org.hibernate.orm.deprecation - HHH90000025: MySQL8Dialect does not need to be specified explicitly using 'hibernate.dialect' (remove the property setting and it will be selected by default)
2025-09-18 10:19:08 WARN  org.hibernate.orm.deprecation - HHH90000026: MySQL8Dialect has been deprecated; use org.hibernate.dialect.MySQLDialect instead
2025-09-18 10:19:08 INFO  o.hibernate.orm.connections.pooling - HHH10001005: Database info:
	Database JDBC URL [Connecting through datasource 'HikariDataSource (HikariPool-1)']
	Database driver: undefined/unknown
	Database version: 8.0
	Autocommit mode: undefined/unknown
	Isolation level: undefined/unknown
	Minimum pool size: undefined/unknown
	Maximum pool size: undefined/unknown
2025-09-18 10:19:09 INFO  o.h.e.t.j.p.i.JtaPlatformInitiator - HHH000489: No JTA platform available (set 'hibernate.transaction.jta.platform' to enable JTA platform integration)
2025-09-18 10:19:10 INFO  o.s.o.j.LocalContainerEntityManagerFactoryBean - Initialized JPA EntityManagerFactory for persistence unit 'default'
2025-09-18 10:19:10 INFO  o.s.d.j.r.query.QueryEnhancerFactory - Hibernate is in classpath; If applicable, HQL parser will be used.
2025-09-18 10:19:11 WARN  o.s.b.a.o.j.JpaBaseConfiguration$JpaWebConfiguration - spring.jpa.open-in-view is enabled by default. Therefore, database queries may be performed during view rendering. Explicitly configure spring.jpa.open-in-view to disable this warning
2025-09-18 10:19:11 INFO  o.s.b.d.a.OptionalLiveReloadServer - LiveReload server is running on port 35729
2025-09-18 10:19:11 INFO  o.a.coyote.http11.Http11NioProtocol - Starting ProtocolHandler ["http-nio-8080"]
2025-09-18 10:19:11 INFO  o.s.b.w.e.tomcat.TomcatWebServer - Tomcat started on port 8080 (http) with context path '/'
2025-09-18 10:19:11 INFO  c.e.employee.EmployeeApplication - Started EmployeeApplication in 6.562 seconds (process running for 7.113)
2025-09-18 10:19:25 INFO  o.a.c.c.C.[Tomcat].[localhost].[/] - Initializing Spring DispatcherServlet 'dispatcherServlet'
2025-09-18 10:19:25 INFO  o.s.web.servlet.DispatcherServlet - Initializing Servlet 'dispatcherServlet'
2025-09-18 10:19:25 INFO  o.s.web.servlet.DispatcherServlet - Completed initialization in 2 ms
2025-09-18 10:19:25 DEBUG c.e.e.e.EmployeeService - Getting details for all employees with contracts
2025-09-18 10:19:25 DEBUG c.e.e.e.EmployeeService - Found 10 employees with contracts
2025-09-18 10:19:25 DEBUG c.e.e.e.EmployeeController - Fetched 10 employees
2025-09-18 10:19:25 DEBUG c.e.e.e.EmployeeService - Getting details for all employees with contracts
2025-09-18 10:19:25 DEBUG c.e.e.e.EmployeeService - Found 10 employees with contracts
2025-09-18 10:19:25 DEBUG c.e.e.e.EmployeeController - Fetched 10 employees
2025-09-18 10:20:48 DEBUG c.e.e.e.EmployeeService - Getting details for all employees with contracts
2025-09-18 10:20:48 DEBUG c.e.e.e.EmployeeService - Found 10 employees with contracts
2025-09-18 10:20:48 DEBUG c.e.e.e.EmployeeController - Fetched 10 employees
2025-09-18 10:20:48 DEBUG c.e.e.e.EmployeeService - Getting details for all employees with contracts
2025-09-18 10:20:48 DEBUG c.e.e.e.EmployeeService - Found 10 employees with contracts
2025-09-18 10:20:48 DEBUG c.e.e.e.EmployeeController - Fetched 10 employees
2025-09-18 10:21:02 DEBUG c.e.e.e.EmployeeService - Getting details for all employees with contracts
2025-09-18 10:21:02 DEBUG c.e.e.e.EmployeeService - Found 10 employees with contracts
2025-09-18 10:21:02 DEBUG c.e.e.e.EmployeeController - Fetched 10 employees
2025-09-18 10:24:39 DEBUG c.e.e.e.EmployeeService - Getting details for all employees with contracts
2025-09-18 10:24:39 DEBUG c.e.e.e.EmployeeService - Found 10 employees with contracts
2025-09-18 10:24:39 DEBUG c.e.e.e.EmployeeController - Fetched 10 employees
2025-09-18 10:24:39 DEBUG c.e.e.e.EmployeeService - Getting details for all employees with contracts
2025-09-18 10:24:39 DEBUG c.e.e.e.EmployeeService - Found 10 employees with contracts
2025-09-18 10:24:39 DEBUG c.e.e.e.EmployeeController - Fetched 10 employees
2025-09-18 10:29:27 DEBUG c.e.e.e.EmployeeController - Received request to create new Employee
2025-09-18 10:29:27 DEBUG c.e.e.e.EmployeeService - Creating a new employee with data: com.example.employee.employeedetails.dto.CreateEmployeeDTO@67c4cb18
2025-09-18 10:29:27 INFO  c.e.e.e.EmployeeService - Employee created with ID: 829
2025-09-18 10:29:27 DEBUG c.e.e.e.EmployeeController - Created new Employee: 829
2025-09-18 10:29:27 DEBUG c.e.e.e.EmployeeService - Getting details for all employees with contracts
2025-09-18 10:29:27 DEBUG c.e.e.e.EmployeeService - Found 11 employees with contracts
2025-09-18 10:29:27 DEBUG c.e.e.e.EmployeeController - Fetched 11 employees
2025-09-18 10:29:40 DEBUG c.e.e.e.EmployeeController - Archiving and deleting employee with ID: 829
2025-09-18 10:29:40 INFO  c.e.e.e.EmployeeService - Archiving employee with id: 829
2025-09-18 10:29:40 DEBUG c.e.e.e.EmployeeService - Archived employee with id: 829
2025-09-18 10:29:40 DEBUG c.e.e.e.EmployeeService - Archived 0 contracts for Employee id 829
2025-09-18 10:29:40 DEBUG c.e.e.e.EmployeeService - Deleted employee with id: 829
2025-09-18 10:29:40 INFO  c.e.e.e.EmployeeController - Archived and deleted employee with ID: 829
2025-09-18 10:29:42 DEBUG c.e.e.e.EmployeeService - Getting details for all employees with contracts
2025-09-18 10:29:42 DEBUG c.e.e.e.EmployeeService - Found 10 employees with contracts
2025-09-18 10:29:42 DEBUG c.e.e.e.EmployeeController - Fetched 10 employees
2025-09-18 10:29:44 DEBUG c.e.e.e.EmployeeService - Getting details for all employees with contracts
2025-09-18 10:29:44 DEBUG c.e.e.e.EmployeeService - Found 10 employees with contracts
2025-09-18 10:29:44 DEBUG c.e.e.e.EmployeeController - Fetched 10 employees
2025-09-18 10:36:57 DEBUG c.e.e.e.EmployeeService - Getting details for all employees with contracts
2025-09-18 10:36:57 DEBUG c.e.e.e.EmployeeService - Found 10 employees with contracts
2025-09-18 10:36:57 DEBUG c.e.e.e.EmployeeController - Fetched 10 employees
2025-09-18 10:36:57 DEBUG c.e.e.e.EmployeeService - Getting details for all employees with contracts
2025-09-18 10:36:57 DEBUG c.e.e.e.EmployeeService - Found 10 employees with contracts
2025-09-18 10:36:57 DEBUG c.e.e.e.EmployeeController - Fetched 10 employees
2025-09-18 10:37:00 DEBUG c.e.e.e.EmployeeController - Archiving and deleting employee with ID: 823
2025-09-18 10:37:00 INFO  c.e.e.e.EmployeeService - Archiving employee with id: 823
2025-09-18 10:37:00 DEBUG c.e.e.e.EmployeeService - Archived employee with id: 823
2025-09-18 10:37:00 DEBUG c.e.e.e.EmployeeService - Archived 2 contracts for Employee id 823
2025-09-18 10:37:00 DEBUG c.e.e.e.EmployeeService - Deleted employee with id: 823
2025-09-18 10:37:00 INFO  c.e.e.e.EmployeeController - Archived and deleted employee with ID: 823
2025-09-18 10:37:00 DEBUG c.e.e.e.EmployeeService - Getting details for all employees with contracts
2025-09-18 10:37:00 DEBUG c.e.e.e.EmployeeService - Found 9 employees with contracts
2025-09-18 10:37:00 DEBUG c.e.e.e.EmployeeController - Fetched 9 employees
2025-09-18 10:37:00 DEBUG c.e.e.e.EmployeeService - Getting details for all employees with contracts
2025-09-18 10:37:00 DEBUG c.e.e.e.EmployeeService - Found 9 employees with contracts
2025-09-18 10:37:00 DEBUG c.e.e.e.EmployeeController - Fetched 9 employees
2025-09-18 10:38:08 DEBUG c.e.e.e.EmployeeService - Getting details for all employees with contracts
2025-09-18 10:38:08 DEBUG c.e.e.e.EmployeeService - Found 9 employees with contracts
2025-09-18 10:38:08 DEBUG c.e.e.e.EmployeeController - Fetched 9 employees
2025-09-18 10:38:08 DEBUG c.e.e.e.EmployeeService - Getting details for all employees with contracts
2025-09-18 10:38:08 DEBUG c.e.e.e.EmployeeService - Found 9 employees with contracts
2025-09-18 10:38:08 DEBUG c.e.e.e.EmployeeController - Fetched 9 employees
2025-09-18 10:38:23 INFO  o.s.b.w.e.tomcat.GracefulShutdown - Commencing graceful shutdown. Waiting for active requests to complete
2025-09-18 10:38:23 INFO  o.s.b.w.e.tomcat.GracefulShutdown - Graceful shutdown complete
2025-09-18 10:38:23 INFO  o.s.o.j.LocalContainerEntityManagerFactoryBean - Closing JPA EntityManagerFactory for persistence unit 'default'
2025-09-18 10:38:23 INFO  com.zaxxer.hikari.HikariDataSource - HikariPool-1 - Shutdown initiated...
2025-09-18 10:38:23 INFO  com.zaxxer.hikari.HikariDataSource - HikariPool-1 - Shutdown completed.
2025-09-18 22:18:32 INFO  o.h.validator.internal.util.Version - HV000001: Hibernate Validator 8.0.2.Final
2025-09-18 22:18:32 WARN  o.s.b.t.j.DuplicateJsonObjectContextCustomizerFactory$DuplicateJsonObjectContextCustomizer - 

Found multiple occurrences of org.json.JSONObject on the class path:

	jar:file:/C:/Users/ho%20800g2/.m2/repository/org/json/json/20240303/json-20240303.jar!/org/json/JSONObject.class
	jar:file:/C:/Users/ho%20800g2/.m2/repository/com/vaadin/external/google/android-json/0.0.20131108.vaadin1/android-json-0.0.20131108.vaadin1.jar!/org/json/JSONObject.class

You may wish to exclude one of them to ensure predictable runtime behavior

2025-09-18 22:18:32 INFO  c.e.e.EmployeeApplicationTests - Starting EmployeeApplicationTests using Java 21.0.6 with PID 13212 (started by ho 800g2 in C:\Users\ho 800g2\OneDrive\Desktop\Jani\nology\sessions\Spring\EmployeeCreator\Backend\employee)
2025-09-18 22:18:32 DEBUG c.e.e.EmployeeApplicationTests - Running with Spring Boot v3.5.3, Spring v6.2.8
2025-09-18 22:18:32 INFO  c.e.e.EmployeeApplicationTests - No active profile set, falling back to 1 default profile: "default"
2025-09-18 22:18:34 INFO  o.s.d.r.c.RepositoryConfigurationDelegate - Bootstrapping Spring Data JPA repositories in DEFAULT mode.
2025-09-18 22:18:34 INFO  o.s.d.r.c.RepositoryConfigurationDelegate - Finished Spring Data repository scanning in 81 ms. Found 4 JPA repository interfaces.
2025-09-18 22:18:35 INFO  o.h.jpa.internal.util.LogHelper - HHH000204: Processing PersistenceUnitInfo [name: default]
2025-09-18 22:18:35 INFO  org.hibernate.Version - HHH000412: Hibernate ORM core version 6.6.18.Final
2025-09-18 22:18:35 INFO  o.h.c.i.RegionFactoryInitiator - HHH000026: Second-level cache disabled
2025-09-18 22:18:35 INFO  o.s.o.j.p.SpringPersistenceUnitInfo - No LoadTimeWeaver setup: ignoring JPA class transformer
2025-09-18 22:18:35 INFO  com.zaxxer.hikari.HikariDataSource - HikariPool-1 - Starting...
2025-09-18 22:18:36 INFO  com.zaxxer.hikari.pool.HikariPool - HikariPool-1 - Added connection com.mysql.cj.jdbc.ConnectionImpl@4fea9f19
2025-09-18 22:18:36 INFO  com.zaxxer.hikari.HikariDataSource - HikariPool-1 - Start completed.
2025-09-18 22:18:36 WARN  org.hibernate.orm.deprecation - HHH90000025: MySQL8Dialect does not need to be specified explicitly using 'hibernate.dialect' (remove the property setting and it will be selected by default)
2025-09-18 22:18:36 WARN  org.hibernate.orm.deprecation - HHH90000026: MySQL8Dialect has been deprecated; use org.hibernate.dialect.MySQLDialect instead
2025-09-18 22:18:36 INFO  o.hibernate.orm.connections.pooling - HHH10001005: Database info:
	Database JDBC URL [Connecting through datasource 'HikariDataSource (HikariPool-1)']
	Database driver: undefined/unknown
	Database version: 8.0
	Autocommit mode: undefined/unknown
	Isolation level: undefined/unknown
	Minimum pool size: undefined/unknown
	Maximum pool size: undefined/unknown
2025-09-18 22:18:37 INFO  o.h.e.t.j.p.i.JtaPlatformInitiator - HHH000489: No JTA platform available (set 'hibernate.transaction.jta.platform' to enable JTA platform integration)
2025-09-18 22:18:37 INFO  o.s.o.j.LocalContainerEntityManagerFactoryBean - Initialized JPA EntityManagerFactory for persistence unit 'default'
2025-09-18 22:18:38 INFO  o.s.d.j.r.query.QueryEnhancerFactory - Hibernate is in classpath; If applicable, HQL parser will be used.
2025-09-18 22:18:39 WARN  o.s.b.a.o.j.JpaBaseConfiguration$JpaWebConfiguration - spring.jpa.open-in-view is enabled by default. Therefore, database queries may be performed during view rendering. Explicitly configure spring.jpa.open-in-view to disable this warning
2025-09-18 22:18:39 INFO  c.e.e.EmployeeApplicationTests - Started EmployeeApplicationTests in 7.318 seconds (process running for 10.674)
2025-09-18 22:18:41 INFO  c.e.e.e.EmployeeService - Deleting employee with id: 1
2025-09-18 22:18:41 DEBUG c.e.e.e.EmployeeService - Fetching employee with ID: 1
2025-09-18 22:18:41 WARN  c.e.e.e.EmployeeService - Employee with id: 1 not found
2025-09-18 22:18:41 DEBUG c.e.e.e.EmployeeService - Fetching employee with ID: 1
2025-09-18 22:18:41 DEBUG c.e.e.e.EmployeeService - Creating a new employee with data: com.example.employee.employeedetails.dto.CreateEmployeeDTO@76705ce1
2025-09-18 22:18:41 INFO  c.e.e.e.EmployeeService - Employee created with ID: 1
2025-09-18 22:18:41 INFO  c.e.e.e.EmployeeService - Updating employee with id: 1
2025-09-18 22:18:41 DEBUG c.e.e.e.EmployeeService - Fetching employee with ID: 1
2025-09-18 22:18:41 WARN  c.e.e.e.EmployeeService - Employee with id: 1 not found
2025-09-18 22:18:41 DEBUG c.e.e.e.EmployeeService - Fetching employee with ID: 1
2025-09-18 22:18:41 INFO  c.e.e.e.EmployeeService - Updating employee with id: 1
2025-09-18 22:18:41 DEBUG c.e.e.e.EmployeeService - Fetching employee with ID: 1
2025-09-18 22:18:41 INFO  c.e.e.e.EmployeeService - Updated details for employee with id: null
2025-09-18 22:18:41 DEBUG c.e.e.e.EmployeeService - Getting details for all employees with contracts
2025-09-18 22:18:41 DEBUG c.e.e.e.EmployeeService - Found 1 employees with contracts
2025-09-18 22:18:41 DEBUG c.e.e.e.EmployeeService - Fetching all employees
2025-09-18 22:18:41 INFO  c.e.e.e.EmployeeService - Replace details for employee with id: 1
2025-09-18 22:18:41 DEBUG c.e.e.e.EmployeeService - Fetching employee with ID: 1
2025-09-18 22:18:41 INFO  c.e.e.e.EmployeeService - Found record for employee with id: 1
2025-09-18 22:18:41 DEBUG c.e.e.e.EmployeeService - Saved updated details for employee with ID: 1
2025-09-18 22:18:41 DEBUG c.e.e.e.EmployeeService - Creating a new employee with data: com.example.employee.employeedetails.dto.CreateEmployeeDTO@419c537
2025-09-18 22:18:41 INFO  c.e.e.e.EmployeeService - Employee created with ID: 1
2025-09-18 22:18:41 INFO  c.e.e.e.EmployeeService - Deleting employee with id: 1
2025-09-18 22:18:41 DEBUG c.e.e.e.EmployeeService - Fetching employee with ID: 1
2025-09-18 22:18:41 INFO  c.e.e.e.EmployeeService - Deleted employee with id: 1
2025-09-18 22:18:41 INFO  c.e.e.e.EmployeeService - Archiving employee with id: 1
2025-09-18 22:18:41 DEBUG c.e.e.e.EmployeeService - Archived employee with id: 0
2025-09-18 22:18:41 DEBUG c.e.e.e.EmployeeService - Archived 1 contracts for Employee id 1
2025-09-18 22:18:41 DEBUG c.e.e.e.EmployeeService - Deleted employee with id: 1
2025-09-18 22:18:41 INFO  c.e.e.e.EmployeeService - Archiving employee with id: 1
2025-09-18 22:18:41 WARN  c.e.e.e.EmployeeService - Employee with ID 1 not found for archiving
2025-09-18 22:18:41 INFO  c.e.e.e.EmployeeService - Replace details for employee with id: 1
2025-09-18 22:18:41 DEBUG c.e.e.e.EmployeeService - Fetching employee with ID: 1
2025-09-18 22:18:41 WARN  c.e.e.e.EmployeeService - During update, employee with id: 1, not found
2025-09-18 22:18:41 DEBUG c.e.e.e.EmployeeService - Getting details for all employees with contracts
2025-09-18 22:18:41 WARN  c.e.e.e.EmployeeService - No employees found with contracts
2025-09-18 22:18:41 DEBUG c.e.e.e.EmployeeService - Getting details for all employees with contracts
2025-09-18 22:18:41 WARN  c.e.e.e.EmployeeService - No employees found with contracts
2025-09-18 22:18:41 DEBUG c.e.e.e.EmployeeService - Fetching employee with ID: 5
2025-09-18 22:18:41 INFO  c.e.e.e.EmployeeService - Updating employee with id: 1
2025-09-18 22:18:41 DEBUG c.e.e.e.EmployeeService - Fetching employee with ID: 1
2025-09-18 22:18:41 WARN  c.e.e.e.EmployeeService - Employee with id: 1 not found
2025-09-18 22:18:41 DEBUG c.e.e.e.EmployeeService - Creating a new employee with data: com.example.employee.employeedetails.dto.CreateEmployeeDTO@777a67a0
2025-09-18 22:18:41 INFO  c.e.e.e.EmployeeService - Employee created with ID: 1
2025-09-18 22:18:41 INFO  c.e.e.e.EmployeeService - Deleting employee with id: 50
2025-09-18 22:18:41 DEBUG c.e.e.e.EmployeeService - Fetching employee with ID: 50
2025-09-18 22:18:41 INFO  c.e.e.e.EmployeeService - Deleted employee with id: 50
2025-09-18 22:18:41 INFO  c.e.e.e.EmployeeService - Updating employee with id: 101
2025-09-18 22:18:41 DEBUG c.e.e.e.EmployeeService - Fetching employee with ID: 101
2025-09-18 22:18:41 INFO  c.e.e.e.EmployeeService - Updated details for employee with id: 101
2025-09-18 22:18:41 INFO  c.e.e.e.EmployeeService - Deleting employee with id: 123
2025-09-18 22:18:41 DEBUG c.e.e.e.EmployeeService - Fetching employee with ID: 123
2025-09-18 22:18:41 WARN  c.e.e.e.EmployeeService - Employee with id: 123 not found
2025-09-18 22:18:41 DEBUG c.e.e.e.EmployeeService - Fetching all employees
2025-09-18 22:18:41 INFO  c.e.e.e.EmployeeService - Archiving employee with id: 99
2025-09-18 22:18:41 WARN  c.e.e.e.EmployeeService - Employee with ID 99 not found for archiving
2025-09-18 22:18:41 INFO  c.e.e.e.EmployeeService - Archiving employee with id: 10
2025-09-18 22:18:41 DEBUG c.e.e.e.EmployeeService - Archived employee with id: 0
2025-09-18 22:18:41 DEBUG c.e.e.e.EmployeeService - Archived 1 contracts for Employee id 10
2025-09-18 22:18:41 DEBUG c.e.e.e.EmployeeService - Deleted employee with id: 10
2025-09-18 22:18:41 INFO  o.s.o.j.LocalContainerEntityManagerFactoryBean - Closing JPA EntityManagerFactory for persistence unit 'default'
2025-09-18 22:18:41 INFO  com.zaxxer.hikari.HikariDataSource - HikariPool-1 - Shutdown initiated...
2025-09-18 22:18:41 INFO  com.zaxxer.hikari.HikariDataSource - HikariPool-1 - Shutdown completed.
2025-09-18 22:18:57 INFO  o.h.validator.internal.util.Version - HV000001: Hibernate Validator 8.0.2.Final
2025-09-18 22:18:58 INFO  c.e.employee.EmployeeApplication - Starting EmployeeApplication using Java 21.0.6 with PID 18568 (C:\Users\ho 800g2\OneDrive\Desktop\Jani\nology\sessions\Spring\EmployeeCreator\Backend\employee\target\classes started by ho 800g2 in C:\Users\ho 800g2\OneDrive\Desktop\Jani\nology\sessions\Spring\EmployeeCreator\Backend\employee)
2025-09-18 22:18:58 DEBUG c.e.employee.EmployeeApplication - Running with Spring Boot v3.5.3, Spring v6.2.8
2025-09-18 22:18:58 INFO  c.e.employee.EmployeeApplication - No active profile set, falling back to 1 default profile: "default"
2025-09-18 22:18:58 INFO  o.s.b.d.e.DevToolsPropertyDefaultsPostProcessor - Devtools property defaults active! Set 'spring.devtools.add-properties' to 'false' to disable
2025-09-18 22:18:58 INFO  o.s.b.d.e.DevToolsPropertyDefaultsPostProcessor - For additional web related logging consider setting the 'logging.level.web' property to 'DEBUG'
2025-09-18 22:18:58 INFO  o.s.d.r.c.RepositoryConfigurationDelegate - Bootstrapping Spring Data JPA repositories in DEFAULT mode.
2025-09-18 22:18:58 INFO  o.s.d.r.c.RepositoryConfigurationDelegate - Finished Spring Data repository scanning in 70 ms. Found 4 JPA repository interfaces.
2025-09-18 22:18:59 INFO  o.s.b.w.e.tomcat.TomcatWebServer - Tomcat initialized with port 8080 (http)
2025-09-18 22:18:59 INFO  o.a.coyote.http11.Http11NioProtocol - Initializing ProtocolHandler ["http-nio-8080"]
2025-09-18 22:18:59 INFO  o.a.catalina.core.StandardService - Starting service [Tomcat]
2025-09-18 22:18:59 INFO  o.a.catalina.core.StandardEngine - Starting Servlet engine: [Apache Tomcat/10.1.42]
2025-09-18 22:18:59 INFO  o.a.c.c.C.[Tomcat].[localhost].[/] - Initializing Spring embedded WebApplicationContext
2025-09-18 22:18:59 INFO  o.s.b.w.s.c.ServletWebServerApplicationContext - Root WebApplicationContext: initialization completed in 1510 ms
2025-09-18 22:18:59 INFO  o.h.jpa.internal.util.LogHelper - HHH000204: Processing PersistenceUnitInfo [name: default]
2025-09-18 22:18:59 INFO  org.hibernate.Version - HHH000412: Hibernate ORM core version 6.6.18.Final
2025-09-18 22:18:59 INFO  o.h.c.i.RegionFactoryInitiator - HHH000026: Second-level cache disabled
2025-09-18 22:19:00 INFO  o.s.o.j.p.SpringPersistenceUnitInfo - No LoadTimeWeaver setup: ignoring JPA class transformer
2025-09-18 22:19:00 INFO  com.zaxxer.hikari.HikariDataSource - HikariPool-1 - Starting...
2025-09-18 22:19:00 INFO  com.zaxxer.hikari.pool.HikariPool - HikariPool-1 - Added connection com.mysql.cj.jdbc.ConnectionImpl@7ac070aa
2025-09-18 22:19:00 INFO  com.zaxxer.hikari.HikariDataSource - HikariPool-1 - Start completed.
2025-09-18 22:19:00 WARN  org.hibernate.orm.deprecation - HHH90000025: MySQL8Dialect does not need to be specified explicitly using 'hibernate.dialect' (remove the property setting and it will be selected by default)
2025-09-18 22:19:00 WARN  org.hibernate.orm.deprecation - HHH90000026: MySQL8Dialect has been deprecated; use org.hibernate.dialect.MySQLDialect instead
2025-09-18 22:19:00 INFO  o.hibernate.orm.connections.pooling - HHH10001005: Database info:
	Database JDBC URL [Connecting through datasource 'HikariDataSource (HikariPool-1)']
	Database driver: undefined/unknown
	Database version: 8.0
	Autocommit mode: undefined/unknown
	Isolation level: undefined/unknown
	Minimum pool size: undefined/unknown
	Maximum pool size: undefined/unknown
2025-09-18 22:19:01 INFO  o.h.e.t.j.p.i.JtaPlatformInitiator - HHH000489: No JTA platform available (set 'hibernate.transaction.jta.platform' to enable JTA platform integration)
2025-09-18 22:19:02 INFO  o.s.o.j.LocalContainerEntityManagerFactoryBean - Initialized JPA EntityManagerFactory for persistence unit 'default'
2025-09-18 22:19:02 INFO  o.s.d.j.r.query.QueryEnhancerFactory - Hibernate is in classpath; If applicable, HQL parser will be used.
2025-09-18 22:19:03 WARN  o.s.b.a.o.j.JpaBaseConfiguration$JpaWebConfiguration - spring.jpa.open-in-view is enabled by default. Therefore, database queries may be performed during view rendering. Explicitly configure spring.jpa.open-in-view to disable this warning
2025-09-18 22:19:03 INFO  o.s.b.d.a.OptionalLiveReloadServer - LiveReload server is running on port 35729
2025-09-18 22:19:03 INFO  o.a.coyote.http11.Http11NioProtocol - Starting ProtocolHandler ["http-nio-8080"]
2025-09-18 22:19:03 INFO  o.s.b.w.e.tomcat.TomcatWebServer - Tomcat started on port 8080 (http) with context path '/'
2025-09-18 22:19:03 INFO  c.e.employee.EmployeeApplication - Started EmployeeApplication in 6.153 seconds (process running for 6.637)
2025-09-18 22:19:14 INFO  o.a.c.c.C.[Tomcat].[localhost].[/] - Initializing Spring DispatcherServlet 'dispatcherServlet'
2025-09-18 22:19:14 INFO  o.s.web.servlet.DispatcherServlet - Initializing Servlet 'dispatcherServlet'
2025-09-18 22:19:14 INFO  o.s.web.servlet.DispatcherServlet - Completed initialization in 2 ms
2025-09-18 22:19:14 DEBUG c.e.e.e.EmployeeService - Getting details for all employees with contracts
2025-09-18 22:19:14 DEBUG c.e.e.e.EmployeeService - Found 10 employees with contracts
2025-09-18 22:19:14 DEBUG c.e.e.e.EmployeeController - Fetched 10 employees
2025-09-18 22:19:14 DEBUG c.e.e.e.EmployeeService - Getting details for all employees with contracts
2025-09-18 22:19:14 DEBUG c.e.e.e.EmployeeService - Found 10 employees with contracts
2025-09-18 22:19:14 DEBUG c.e.e.e.EmployeeController - Fetched 10 employees
2025-09-18 22:19:25 DEBUG c.e.e.e.EmployeeController - Replacing employee with ID: 840
2025-09-18 22:19:25 INFO  c.e.e.e.EmployeeService - Updating employee with id: 840
2025-09-18 22:19:25 DEBUG c.e.e.e.EmployeeService - Fetching employee with ID: 840
2025-09-18 22:19:25 INFO  c.e.e.e.EmployeeService - Updated details for employee with id: 840
2025-09-18 22:19:25 INFO  c.e.e.e.EmployeeController - Replaced employee with ID: 840
2025-09-18 22:19:25 DEBUG c.e.e.e.EmployeeService - Getting details for all employees with contracts
2025-09-18 22:19:25 DEBUG c.e.e.e.EmployeeService - Found 10 employees with contracts
2025-09-18 22:19:25 DEBUG c.e.e.e.EmployeeController - Fetched 10 employees
2025-09-18 22:19:25 DEBUG c.e.e.e.EmployeeService - Getting details for all employees with contracts
2025-09-18 22:19:25 DEBUG c.e.e.e.EmployeeService - Found 10 employees with contracts
2025-09-18 22:19:25 DEBUG c.e.e.e.EmployeeController - Fetched 10 employees
2025-09-18 22:19:48 INFO  o.s.b.w.e.tomcat.GracefulShutdown - Commencing graceful shutdown. Waiting for active requests to complete
2025-09-18 22:19:48 INFO  o.s.b.w.e.tomcat.GracefulShutdown - Graceful shutdown complete
2025-09-18 22:19:48 INFO  o.s.o.j.LocalContainerEntityManagerFactoryBean - Closing JPA EntityManagerFactory for persistence unit 'default'
2025-09-18 22:19:48 INFO  com.zaxxer.hikari.HikariDataSource - HikariPool-1 - Shutdown initiated...
2025-09-18 22:19:48 INFO  com.zaxxer.hikari.HikariDataSource - HikariPool-1 - Shutdown completed.
