2025-08-01 11:17:41 INFO  o.h.validator.internal.util.Version - HV000001: Hibernate Validator 8.0.2.Final
2025-08-01 11:17:41 INFO  c.e.employee.EmployeeApplication - Starting EmployeeApplication using Java 21.0.6 with PID 11508 (C:\Users\ho 800g2\OneDrive\Desktop\Jani\nology\sessions\Spring\EmployeeCreator\Backend\employee\target\classes started by ho 800g2 in C:\Users\ho 800g2\OneDrive\Desktop\Jani\nology\sessions\Spring\EmployeeCreator\Backend\employee)
2025-08-01 11:17:41 DEBUG c.e.employee.EmployeeApplication - Running with Spring Boot v3.5.3, Spring v6.2.8
2025-08-01 11:17:41 INFO  c.e.employee.EmployeeApplication - No active profile set, falling back to 1 default profile: "default"
2025-08-01 11:17:41 INFO  o.s.b.d.e.DevToolsPropertyDefaultsPostProcessor - Devtools property defaults active! Set 'spring.devtools.add-properties' to 'false' to disable
2025-08-01 11:17:41 INFO  o.s.b.d.e.DevToolsPropertyDefaultsPostProcessor - For additional web related logging consider setting the 'logging.level.web' property to 'DEBUG'
2025-08-01 11:17:42 INFO  o.s.d.r.c.RepositoryConfigurationDelegate - Bootstrapping Spring Data JPA repositories in DEFAULT mode.
2025-08-01 11:17:42 INFO  o.s.d.r.c.RepositoryConfigurationDelegate - Finished Spring Data repository scanning in 81 ms. Found 4 JPA repository interfaces.
2025-08-01 11:17:43 INFO  o.s.b.w.e.tomcat.TomcatWebServer - Tomcat initialized with port 8080 (http)
2025-08-01 11:17:43 INFO  o.a.coyote.http11.Http11NioProtocol - Initializing ProtocolHandler ["http-nio-8080"]
2025-08-01 11:17:43 INFO  o.a.catalina.core.StandardService - Starting service [Tomcat]
2025-08-01 11:17:43 INFO  o.a.catalina.core.StandardEngine - Starting Servlet engine: [Apache Tomcat/10.1.42]
2025-08-01 11:17:43 INFO  o.a.c.c.C.[Tomcat].[localhost].[/] - Initializing Spring embedded WebApplicationContext
2025-08-01 11:17:43 INFO  o.s.b.w.s.c.ServletWebServerApplicationContext - Root WebApplicationContext: initialization completed in 1698 ms
2025-08-01 11:17:43 INFO  o.h.jpa.internal.util.LogHelper - HHH000204: Processing PersistenceUnitInfo [name: default]
2025-08-01 11:17:43 INFO  org.hibernate.Version - HHH000412: Hibernate ORM core version 6.6.18.Final
2025-08-01 11:17:43 INFO  o.h.c.i.RegionFactoryInitiator - HHH000026: Second-level cache disabled
2025-08-01 11:17:44 INFO  o.s.o.j.p.SpringPersistenceUnitInfo - No LoadTimeWeaver setup: ignoring JPA class transformer
2025-08-01 11:17:44 INFO  com.zaxxer.hikari.HikariDataSource - HikariPool-1 - Starting...
2025-08-01 11:17:44 INFO  com.zaxxer.hikari.pool.HikariPool - HikariPool-1 - Added connection com.mysql.cj.jdbc.ConnectionImpl@6b73ee67
2025-08-01 11:17:44 INFO  com.zaxxer.hikari.HikariDataSource - HikariPool-1 - Start completed.
2025-08-01 11:17:44 WARN  org.hibernate.orm.deprecation - HHH90000025: MySQL8Dialect does not need to be specified explicitly using 'hibernate.dialect' (remove the property setting and it will be selected by default)
2025-08-01 11:17:44 WARN  org.hibernate.orm.deprecation - HHH90000026: MySQL8Dialect has been deprecated; use org.hibernate.dialect.MySQLDialect instead
2025-08-01 11:17:44 INFO  o.hibernate.orm.connections.pooling - HHH10001005: Database info:
	Database JDBC URL [Connecting through datasource 'HikariDataSource (HikariPool-1)']
	Database driver: undefined/unknown
	Database version: 8.0
	Autocommit mode: undefined/unknown
	Isolation level: undefined/unknown
	Minimum pool size: undefined/unknown
	Maximum pool size: undefined/unknown
2025-08-01 11:17:45 INFO  o.h.e.t.j.p.i.JtaPlatformInitiator - HHH000489: No JTA platform available (set 'hibernate.transaction.jta.platform' to enable JTA platform integration)
2025-08-01 11:17:47 INFO  o.s.o.j.LocalContainerEntityManagerFactoryBean - Initialized JPA EntityManagerFactory for persistence unit 'default'
2025-08-01 11:17:47 INFO  o.s.d.j.r.query.QueryEnhancerFactory - Hibernate is in classpath; If applicable, HQL parser will be used.
2025-08-01 11:17:48 WARN  o.s.b.a.o.j.JpaBaseConfiguration$JpaWebConfiguration - spring.jpa.open-in-view is enabled by default. Therefore, database queries may be performed during view rendering. Explicitly configure spring.jpa.open-in-view to disable this warning
2025-08-01 11:17:49 INFO  o.s.b.d.a.OptionalLiveReloadServer - LiveReload server is running on port 35729
2025-08-01 11:17:49 INFO  o.a.coyote.http11.Http11NioProtocol - Starting ProtocolHandler ["http-nio-8080"]
2025-08-01 11:17:49 INFO  o.s.b.w.e.tomcat.TomcatWebServer - Tomcat started on port 8080 (http) with context path '/'
2025-08-01 11:17:49 INFO  c.e.employee.EmployeeApplication - Started EmployeeApplication in 8.278 seconds (process running for 8.789)
2025-08-01 11:22:57 INFO  o.a.c.c.C.[Tomcat].[localhost].[/] - Initializing Spring DispatcherServlet 'dispatcherServlet'
2025-08-01 11:22:57 INFO  o.s.web.servlet.DispatcherServlet - Initializing Servlet 'dispatcherServlet'
2025-08-01 11:22:57 INFO  o.s.web.servlet.DispatcherServlet - Completed initialization in 1 ms
2025-08-01 11:22:57 DEBUG c.e.e.e.EmployeeController - Fetching all employees
2025-08-01 11:22:57 DEBUG c.e.e.e.EmployeeService - Fetching all employees
2025-08-01 11:22:57 DEBUG c.e.e.e.EmployeeController - Fetched 10 employees
2025-08-01 11:22:57 DEBUG c.e.e.e.EmployeeController - Fetching all employees
2025-08-01 11:22:57 DEBUG c.e.e.e.EmployeeService - Fetching all employees
2025-08-01 11:22:57 DEBUG c.e.e.e.EmployeeController - Fetched 10 employees
2025-08-01 11:29:46 DEBUG c.e.e.e.EmployeeController - Fetching all employees
2025-08-01 11:29:46 DEBUG c.e.e.e.EmployeeService - Fetching all employees
2025-08-01 11:29:46 DEBUG c.e.e.e.EmployeeController - Fetched 10 employees
2025-08-01 11:29:46 DEBUG c.e.e.e.EmployeeController - Fetching all employees
2025-08-01 11:29:46 DEBUG c.e.e.e.EmployeeService - Fetching all employees
2025-08-01 11:29:46 DEBUG c.e.e.e.EmployeeController - Fetched 10 employees
2025-08-01 11:30:38 DEBUG c.e.e.e.EmployeeController - Fetching all employees
2025-08-01 11:30:38 DEBUG c.e.e.e.EmployeeService - Fetching all employees
2025-08-01 11:30:38 DEBUG c.e.e.e.EmployeeController - Fetched 10 employees
2025-08-01 11:30:38 DEBUG c.e.e.e.EmployeeController - Fetching all employees
2025-08-01 11:30:38 DEBUG c.e.e.e.EmployeeService - Fetching all employees
2025-08-01 11:30:38 DEBUG c.e.e.e.EmployeeController - Fetched 10 employees
2025-08-01 11:30:48 DEBUG c.e.e.e.EmployeeController - Fetching all employees
2025-08-01 11:30:48 DEBUG c.e.e.e.EmployeeService - Fetching all employees
2025-08-01 11:30:48 DEBUG c.e.e.e.EmployeeController - Fetched 10 employees
2025-08-01 11:30:48 DEBUG c.e.e.e.EmployeeController - Fetching all employees
2025-08-01 11:30:48 DEBUG c.e.e.e.EmployeeService - Fetching all employees
2025-08-01 11:30:48 DEBUG c.e.e.e.EmployeeController - Fetched 10 employees
2025-08-01 11:31:06 DEBUG c.e.e.e.EmployeeController - Fetching all employees
2025-08-01 11:31:06 DEBUG c.e.e.e.EmployeeService - Fetching all employees
2025-08-01 11:31:06 DEBUG c.e.e.e.EmployeeController - Fetched 10 employees
2025-08-01 11:31:06 DEBUG c.e.e.e.EmployeeController - Fetching all employees
2025-08-01 11:31:06 DEBUG c.e.e.e.EmployeeService - Fetching all employees
2025-08-01 11:31:06 DEBUG c.e.e.e.EmployeeController - Fetched 10 employees
2025-08-01 11:31:13 DEBUG c.e.e.e.EmployeeController - Fetching all employees
2025-08-01 11:31:13 DEBUG c.e.e.e.EmployeeService - Fetching all employees
2025-08-01 11:31:13 DEBUG c.e.e.e.EmployeeController - Fetched 10 employees
2025-08-01 11:31:13 DEBUG c.e.e.e.EmployeeController - Fetching all employees
2025-08-01 11:31:13 DEBUG c.e.e.e.EmployeeService - Fetching all employees
2025-08-01 11:31:13 DEBUG c.e.e.e.EmployeeController - Fetched 10 employees
2025-08-01 11:31:21 DEBUG c.e.e.e.EmployeeController - Fetching all employees
2025-08-01 11:31:21 DEBUG c.e.e.e.EmployeeService - Fetching all employees
2025-08-01 11:31:21 DEBUG c.e.e.e.EmployeeController - Fetched 10 employees
2025-08-01 11:31:21 DEBUG c.e.e.e.EmployeeController - Fetching all employees
2025-08-01 11:31:21 DEBUG c.e.e.e.EmployeeService - Fetching all employees
2025-08-01 11:31:21 DEBUG c.e.e.e.EmployeeController - Fetched 10 employees
2025-08-01 11:31:29 DEBUG c.e.e.e.EmployeeController - Fetching all employees
2025-08-01 11:31:29 DEBUG c.e.e.e.EmployeeService - Fetching all employees
2025-08-01 11:31:29 DEBUG c.e.e.e.EmployeeController - Fetched 10 employees
2025-08-01 11:31:29 DEBUG c.e.e.e.EmployeeController - Fetching all employees
2025-08-01 11:31:29 DEBUG c.e.e.e.EmployeeService - Fetching all employees
2025-08-01 11:31:29 DEBUG c.e.e.e.EmployeeController - Fetched 10 employees
2025-08-01 11:31:35 DEBUG c.e.e.e.EmployeeController - Fetching all employees
2025-08-01 11:31:35 DEBUG c.e.e.e.EmployeeService - Fetching all employees
2025-08-01 11:31:35 DEBUG c.e.e.e.EmployeeController - Fetched 10 employees
2025-08-01 11:31:35 DEBUG c.e.e.e.EmployeeController - Fetching all employees
2025-08-01 11:31:35 DEBUG c.e.e.e.EmployeeService - Fetching all employees
2025-08-01 11:31:35 DEBUG c.e.e.e.EmployeeController - Fetched 10 employees
2025-08-01 11:31:38 DEBUG c.e.e.e.EmployeeController - Fetching all employees
2025-08-01 11:31:38 DEBUG c.e.e.e.EmployeeService - Fetching all employees
2025-08-01 11:31:38 DEBUG c.e.e.e.EmployeeController - Fetched 10 employees
2025-08-01 11:31:38 DEBUG c.e.e.e.EmployeeController - Fetching all employees
2025-08-01 11:31:38 DEBUG c.e.e.e.EmployeeService - Fetching all employees
2025-08-01 11:31:38 DEBUG c.e.e.e.EmployeeController - Fetched 10 employees
2025-08-01 11:31:40 DEBUG c.e.e.e.EmployeeController - Fetching all employees
2025-08-01 11:31:40 DEBUG c.e.e.e.EmployeeService - Fetching all employees
2025-08-01 11:31:40 DEBUG c.e.e.e.EmployeeController - Fetched 10 employees
2025-08-01 11:31:40 DEBUG c.e.e.e.EmployeeController - Fetching all employees
2025-08-01 11:31:40 DEBUG c.e.e.e.EmployeeService - Fetching all employees
2025-08-01 11:31:40 DEBUG c.e.e.e.EmployeeController - Fetched 10 employees
2025-08-01 11:31:43 DEBUG c.e.e.e.EmployeeController - Fetching all employees
2025-08-01 11:31:43 DEBUG c.e.e.e.EmployeeService - Fetching all employees
2025-08-01 11:31:43 DEBUG c.e.e.e.EmployeeController - Fetched 10 employees
2025-08-01 11:31:43 DEBUG c.e.e.e.EmployeeController - Fetching all employees
2025-08-01 11:31:43 DEBUG c.e.e.e.EmployeeService - Fetching all employees
2025-08-01 11:31:43 DEBUG c.e.e.e.EmployeeController - Fetched 10 employees
2025-08-01 11:31:49 DEBUG c.e.e.e.EmployeeController - Fetching all employees
2025-08-01 11:31:49 DEBUG c.e.e.e.EmployeeService - Fetching all employees
2025-08-01 11:31:49 DEBUG c.e.e.e.EmployeeController - Fetched 10 employees
2025-08-01 11:31:49 DEBUG c.e.e.e.EmployeeController - Fetching all employees
2025-08-01 11:31:49 DEBUG c.e.e.e.EmployeeService - Fetching all employees
2025-08-01 11:31:49 DEBUG c.e.e.e.EmployeeController - Fetched 10 employees
2025-08-01 11:31:50 DEBUG c.e.e.e.EmployeeController - Fetching all employees
2025-08-01 11:31:50 DEBUG c.e.e.e.EmployeeService - Fetching all employees
2025-08-01 11:31:50 DEBUG c.e.e.e.EmployeeController - Fetched 10 employees
2025-08-01 11:31:50 DEBUG c.e.e.e.EmployeeController - Fetching all employees
2025-08-01 11:31:50 DEBUG c.e.e.e.EmployeeService - Fetching all employees
2025-08-01 11:31:50 DEBUG c.e.e.e.EmployeeController - Fetched 10 employees
2025-08-01 11:40:57 DEBUG c.e.e.e.EmployeeController - Fetching all employees
2025-08-01 11:40:57 DEBUG c.e.e.e.EmployeeService - Fetching all employees
2025-08-01 11:40:57 DEBUG c.e.e.e.EmployeeController - Fetched 10 employees
2025-08-01 11:40:57 DEBUG c.e.e.e.EmployeeController - Fetching all employees
2025-08-01 11:40:57 DEBUG c.e.e.e.EmployeeService - Fetching all employees
2025-08-01 11:40:57 DEBUG c.e.e.e.EmployeeController - Fetched 10 employees
2025-08-01 11:46:32 DEBUG c.e.e.e.EmployeeController - Fetching all employees
2025-08-01 11:46:32 DEBUG c.e.e.e.EmployeeService - Fetching all employees
2025-08-01 11:46:32 DEBUG c.e.e.e.EmployeeController - Fetched 10 employees
2025-08-01 11:46:32 DEBUG c.e.e.e.EmployeeController - Fetching all employees
2025-08-01 11:46:32 DEBUG c.e.e.e.EmployeeService - Fetching all employees
2025-08-01 11:46:32 DEBUG c.e.e.e.EmployeeController - Fetched 10 employees
2025-08-01 11:49:38 DEBUG c.e.e.e.EmployeeController - Fetching all employees
2025-08-01 11:49:38 DEBUG c.e.e.e.EmployeeService - Fetching all employees
2025-08-01 11:49:38 DEBUG c.e.e.e.EmployeeController - Fetched 10 employees
2025-08-01 11:49:38 DEBUG c.e.e.e.EmployeeController - Fetching all employees
2025-08-01 11:49:38 DEBUG c.e.e.e.EmployeeService - Fetching all employees
2025-08-01 11:49:38 DEBUG c.e.e.e.EmployeeController - Fetched 10 employees
2025-08-01 11:49:41 DEBUG c.e.e.e.EmployeeController - Fetching all employees
2025-08-01 11:49:41 DEBUG c.e.e.e.EmployeeService - Fetching all employees
2025-08-01 11:49:41 DEBUG c.e.e.e.EmployeeController - Fetched 10 employees
2025-08-01 11:49:41 DEBUG c.e.e.e.EmployeeController - Fetching all employees
2025-08-01 11:49:41 DEBUG c.e.e.e.EmployeeService - Fetching all employees
2025-08-01 11:49:41 DEBUG c.e.e.e.EmployeeController - Fetched 10 employees
2025-08-01 11:49:44 DEBUG c.e.e.e.EmployeeController - Fetching all employees
2025-08-01 11:49:44 DEBUG c.e.e.e.EmployeeService - Fetching all employees
2025-08-01 11:49:44 DEBUG c.e.e.e.EmployeeController - Fetched 10 employees
2025-08-01 11:49:44 DEBUG c.e.e.e.EmployeeController - Fetching all employees
2025-08-01 11:49:44 DEBUG c.e.e.e.EmployeeService - Fetching all employees
2025-08-01 11:49:44 DEBUG c.e.e.e.EmployeeController - Fetched 10 employees
2025-08-01 11:49:53 DEBUG c.e.e.e.EmployeeController - Fetching all employees
2025-08-01 11:49:53 DEBUG c.e.e.e.EmployeeService - Fetching all employees
2025-08-01 11:49:53 DEBUG c.e.e.e.EmployeeController - Fetched 10 employees
2025-08-01 11:49:53 DEBUG c.e.e.e.EmployeeController - Fetching all employees
2025-08-01 11:49:53 DEBUG c.e.e.e.EmployeeService - Fetching all employees
2025-08-01 11:49:53 DEBUG c.e.e.e.EmployeeController - Fetched 10 employees
2025-08-01 11:49:55 DEBUG c.e.e.e.EmployeeController - Fetching all employees
2025-08-01 11:49:55 DEBUG c.e.e.e.EmployeeService - Fetching all employees
2025-08-01 11:49:55 DEBUG c.e.e.e.EmployeeController - Fetched 10 employees
2025-08-01 11:49:55 DEBUG c.e.e.e.EmployeeController - Fetching all employees
2025-08-01 11:49:55 DEBUG c.e.e.e.EmployeeService - Fetching all employees
2025-08-01 11:49:55 DEBUG c.e.e.e.EmployeeController - Fetched 10 employees
2025-08-01 11:50:50 DEBUG c.e.e.contract.ContractService - Creating contract for employee ID: 1, DTO: com.example.employee.contract.dto.ContractCreateDTO@4211a28c
2025-08-01 11:50:50 DEBUG c.e.e.contract.ContractService - Created contract ID: 21 for employee ID: 1
2025-08-01 11:50:50 DEBUG c.e.e.e.EmployeeController - Fetching all employees
2025-08-01 11:50:50 DEBUG c.e.e.e.EmployeeService - Fetching all employees
2025-08-01 11:50:50 DEBUG c.e.e.e.EmployeeController - Fetched 10 employees
2025-08-01 11:54:17 DEBUG c.e.e.e.EmployeeController - Fetching all employees
2025-08-01 11:54:17 DEBUG c.e.e.e.EmployeeService - Fetching all employees
2025-08-01 11:54:17 DEBUG c.e.e.e.EmployeeController - Fetched 10 employees
2025-08-01 11:54:17 DEBUG c.e.e.e.EmployeeController - Fetching all employees
2025-08-01 11:54:17 DEBUG c.e.e.e.EmployeeService - Fetching all employees
2025-08-01 11:54:17 DEBUG c.e.e.e.EmployeeController - Fetched 10 employees
2025-08-01 11:54:21 DEBUG c.e.e.e.EmployeeController - Fetching all employees
2025-08-01 11:54:21 DEBUG c.e.e.e.EmployeeService - Fetching all employees
2025-08-01 11:54:21 DEBUG c.e.e.e.EmployeeController - Fetched 10 employees
2025-08-01 11:54:21 DEBUG c.e.e.e.EmployeeController - Fetching all employees
2025-08-01 11:54:21 DEBUG c.e.e.e.EmployeeService - Fetching all employees
2025-08-01 11:54:21 DEBUG c.e.e.e.EmployeeController - Fetched 10 employees
2025-08-01 11:54:29 DEBUG c.e.e.e.EmployeeController - Fetching all employees
2025-08-01 11:54:29 DEBUG c.e.e.e.EmployeeService - Fetching all employees
2025-08-01 11:54:29 DEBUG c.e.e.e.EmployeeController - Fetched 10 employees
2025-08-01 11:54:37 DEBUG c.e.e.e.EmployeeController - Fetching all employees
2025-08-01 11:54:37 DEBUG c.e.e.e.EmployeeService - Fetching all employees
2025-08-01 11:54:37 DEBUG c.e.e.e.EmployeeController - Fetched 10 employees
2025-08-01 11:54:37 DEBUG c.e.e.e.EmployeeController - Fetching all employees
2025-08-01 11:54:37 DEBUG c.e.e.e.EmployeeService - Fetching all employees
2025-08-01 11:54:37 DEBUG c.e.e.e.EmployeeController - Fetched 10 employees
2025-08-01 11:55:49 DEBUG c.e.e.contract.ContractService - Creating contract for employee ID: 2, DTO: com.example.employee.contract.dto.ContractCreateDTO@6691ad94
2025-08-01 11:55:49 DEBUG c.e.e.contract.ContractService - Created contract ID: 22 for employee ID: 2
2025-08-01 11:55:49 DEBUG c.e.e.e.EmployeeController - Fetching all employees
2025-08-01 11:55:49 DEBUG c.e.e.e.EmployeeService - Fetching all employees
2025-08-01 11:55:49 DEBUG c.e.e.e.EmployeeController - Fetched 10 employees
2025-08-01 11:56:53 DEBUG c.e.e.e.EmployeeController - Fetching all employees
2025-08-01 11:56:53 DEBUG c.e.e.e.EmployeeService - Fetching all employees
2025-08-01 11:56:53 DEBUG c.e.e.e.EmployeeController - Fetched 10 employees
2025-08-01 11:56:53 DEBUG c.e.e.e.EmployeeController - Fetching all employees
2025-08-01 11:56:53 DEBUG c.e.e.e.EmployeeService - Fetching all employees
2025-08-01 11:56:53 DEBUG c.e.e.e.EmployeeController - Fetched 10 employees
2025-08-01 11:57:26 DEBUG c.e.e.contract.ContractService - Creating contract for employee ID: 1, DTO: com.example.employee.contract.dto.ContractCreateDTO@24f2e331
2025-08-01 11:57:26 DEBUG c.e.e.contract.ContractService - Created contract ID: 23 for employee ID: 1
2025-08-01 11:57:26 DEBUG c.e.e.e.EmployeeController - Fetching all employees
2025-08-01 11:57:26 DEBUG c.e.e.e.EmployeeService - Fetching all employees
2025-08-01 11:57:26 DEBUG c.e.e.e.EmployeeController - Fetched 10 employees
2025-08-01 11:58:19 DEBUG c.e.e.e.EmployeeController - Fetching all employees
2025-08-01 11:58:19 DEBUG c.e.e.e.EmployeeService - Fetching all employees
2025-08-01 11:58:19 DEBUG c.e.e.e.EmployeeController - Fetched 10 employees
2025-08-01 11:58:19 DEBUG c.e.e.e.EmployeeController - Fetching all employees
2025-08-01 11:58:19 DEBUG c.e.e.e.EmployeeService - Fetching all employees
2025-08-01 11:58:19 DEBUG c.e.e.e.EmployeeController - Fetched 10 employees
2025-08-01 12:22:00 DEBUG c.e.e.e.EmployeeController - Fetching all employees
2025-08-01 12:22:00 DEBUG c.e.e.e.EmployeeService - Fetching all employees
2025-08-01 12:22:00 DEBUG c.e.e.e.EmployeeController - Fetched 10 employees
2025-08-01 12:22:00 DEBUG c.e.e.e.EmployeeController - Fetching all employees
2025-08-01 12:22:00 DEBUG c.e.e.e.EmployeeService - Fetching all employees
2025-08-01 12:22:00 DEBUG c.e.e.e.EmployeeController - Fetched 10 employees
2025-08-01 18:37:17 WARN  com.zaxxer.hikari.pool.HikariPool - HikariPool-1 - Thread starvation or clock leap detected (housekeeper delta=5h25m1s426ms657µs600ns).
2025-08-01 21:44:06 WARN  com.zaxxer.hikari.pool.HikariPool - HikariPool-1 - Thread starvation or clock leap detected (housekeeper delta=2h31m18s372ms689µs).
