2025-07-27 20:37:20 INFO  o.h.validator.internal.util.Version - HV000001: Hibernate Validator 8.0.2.Final
2025-07-27 20:37:20 INFO  c.e.employee.EmployeeApplication - Starting EmployeeApplication using Java 21.0.6 with PID 23232 (C:\Users\ho 800g2\OneDrive\Desktop\Jani\nology\sessions\Spring\EmployeeCreator\Backend\employee\target\classes started by ho 800g2 in C:\Users\ho 800g2\OneDrive\Desktop\Jani\nology\sessions\Spring\EmployeeCreator\Backend\employee)
2025-07-27 20:37:20 DEBUG c.e.employee.EmployeeApplication - Running with Spring Boot v3.5.3, Spring v6.2.8
2025-07-27 20:37:20 INFO  c.e.employee.EmployeeApplication - No active profile set, falling back to 1 default profile: "default"
2025-07-27 20:37:20 INFO  o.s.b.d.e.DevToolsPropertyDefaultsPostProcessor - Devtools property defaults active! Set 'spring.devtools.add-properties' to 'false' to disable
2025-07-27 20:37:20 INFO  o.s.b.d.e.DevToolsPropertyDefaultsPostProcessor - For additional web related logging consider setting the 'logging.level.web' property to 'DEBUG'
2025-07-27 20:37:22 INFO  o.s.d.r.c.RepositoryConfigurationDelegate - Bootstrapping Spring Data JPA repositories in DEFAULT mode.
2025-07-27 20:37:22 INFO  o.s.d.r.c.RepositoryConfigurationDelegate - Finished Spring Data repository scanning in 109 ms. Found 4 JPA repository interfaces.
2025-07-27 20:37:22 INFO  o.s.b.w.e.tomcat.TomcatWebServer - Tomcat initialized with port 8080 (http)
2025-07-27 20:37:22 INFO  o.a.coyote.http11.Http11NioProtocol - Initializing ProtocolHandler ["http-nio-8080"]
2025-07-27 20:37:22 INFO  o.a.catalina.core.StandardService - Starting service [Tomcat]
2025-07-27 20:37:22 INFO  o.a.catalina.core.StandardEngine - Starting Servlet engine: [Apache Tomcat/10.1.42]
2025-07-27 20:37:23 INFO  o.a.c.c.C.[Tomcat].[localhost].[/] - Initializing Spring embedded WebApplicationContext
2025-07-27 20:37:23 INFO  o.s.b.w.s.c.ServletWebServerApplicationContext - Root WebApplicationContext: initialization completed in 2494 ms
2025-07-27 20:37:23 INFO  o.h.jpa.internal.util.LogHelper - HHH000204: Processing PersistenceUnitInfo [name: default]
2025-07-27 20:37:23 INFO  org.hibernate.Version - HHH000412: Hibernate ORM core version 6.6.18.Final
2025-07-27 20:37:23 INFO  o.h.c.i.RegionFactoryInitiator - HHH000026: Second-level cache disabled
2025-07-27 20:37:23 INFO  o.s.o.j.p.SpringPersistenceUnitInfo - No LoadTimeWeaver setup: ignoring JPA class transformer
2025-07-27 20:37:23 INFO  com.zaxxer.hikari.HikariDataSource - HikariPool-1 - Starting...
2025-07-27 20:37:24 INFO  com.zaxxer.hikari.pool.HikariPool - HikariPool-1 - Added connection com.mysql.cj.jdbc.ConnectionImpl@47af3820
2025-07-27 20:37:24 INFO  com.zaxxer.hikari.HikariDataSource - HikariPool-1 - Start completed.
2025-07-27 20:37:24 WARN  org.hibernate.orm.deprecation - HHH90000025: MySQL8Dialect does not need to be specified explicitly using 'hibernate.dialect' (remove the property setting and it will be selected by default)
2025-07-27 20:37:24 WARN  org.hibernate.orm.deprecation - HHH90000026: MySQL8Dialect has been deprecated; use org.hibernate.dialect.MySQLDialect instead
2025-07-27 20:37:24 INFO  o.hibernate.orm.connections.pooling - HHH10001005: Database info:
	Database JDBC URL [Connecting through datasource 'HikariDataSource (HikariPool-1)']
	Database driver: undefined/unknown
	Database version: 8.0
	Autocommit mode: undefined/unknown
	Isolation level: undefined/unknown
	Minimum pool size: undefined/unknown
	Maximum pool size: undefined/unknown
2025-07-27 20:37:25 INFO  o.h.e.t.j.p.i.JtaPlatformInitiator - HHH000489: No JTA platform available (set 'hibernate.transaction.jta.platform' to enable JTA platform integration)
2025-07-27 20:37:26 INFO  o.s.o.j.LocalContainerEntityManagerFactoryBean - Initialized JPA EntityManagerFactory for persistence unit 'default'
2025-07-27 20:37:26 INFO  o.s.d.j.r.query.QueryEnhancerFactory - Hibernate is in classpath; If applicable, HQL parser will be used.
2025-07-27 20:37:27 WARN  o.s.b.a.o.j.JpaBaseConfiguration$JpaWebConfiguration - spring.jpa.open-in-view is enabled by default. Therefore, database queries may be performed during view rendering. Explicitly configure spring.jpa.open-in-view to disable this warning
2025-07-27 20:37:27 INFO  o.s.b.d.a.OptionalLiveReloadServer - LiveReload server is running on port 35729
2025-07-27 20:37:27 INFO  o.a.coyote.http11.Http11NioProtocol - Starting ProtocolHandler ["http-nio-8080"]
2025-07-27 20:37:27 INFO  o.s.b.w.e.tomcat.TomcatWebServer - Tomcat started on port 8080 (http) with context path '/'
2025-07-27 20:37:27 INFO  c.e.employee.EmployeeApplication - Started EmployeeApplication in 8.19 seconds (process running for 8.754)
2025-07-27 20:41:54 INFO  o.a.c.c.C.[Tomcat].[localhost].[/] - Initializing Spring DispatcherServlet 'dispatcherServlet'
2025-07-27 20:41:54 INFO  o.s.web.servlet.DispatcherServlet - Initializing Servlet 'dispatcherServlet'
2025-07-27 20:41:54 INFO  o.s.web.servlet.DispatcherServlet - Completed initialization in 1 ms
2025-07-27 20:41:54 DEBUG c.e.e.e.EmployeeController - Fetching all employees
2025-07-27 20:41:54 DEBUG c.e.e.e.EmployeeService - Fetching all employees
2025-07-27 20:41:54 DEBUG c.e.e.e.EmployeeController - Fetched 10 employees
2025-07-27 20:41:54 DEBUG c.e.e.e.EmployeeController - Fetching all employees
2025-07-27 20:41:54 DEBUG c.e.e.e.EmployeeService - Fetching all employees
2025-07-27 20:41:54 DEBUG c.e.e.e.EmployeeController - Fetched 10 employees
2025-07-27 21:16:06 DEBUG c.e.e.e.EmployeeController - Fetching all employees
2025-07-27 21:16:06 DEBUG c.e.e.e.EmployeeService - Fetching all employees
2025-07-27 21:16:06 DEBUG c.e.e.e.EmployeeController - Fetched 10 employees
2025-07-27 21:16:45 WARN  o.s.w.s.m.s.DefaultHandlerExceptionResolver - Resolved [org.springframework.http.converter.HttpMessageNotReadableException: JSON parse error: Cannot deserialize value of type `com.example.employee.employeedetails.dto.UpdateEmployeeDTO` from Array value (token `JsonToken.START_ARRAY`)]
2025-07-27 21:16:59 WARN  o.s.w.s.m.s.DefaultHandlerExceptionResolver - Resolved [org.springframework.http.converter.HttpMessageNotReadableException: JSON parse error: Cannot deserialize value of type `com.example.employee.employeedetails.dto.UpdateEmployeeDTO` from Array value (token `JsonToken.START_ARRAY`)]
2025-07-27 21:17:08 DEBUG c.e.e.e.EmployeeController - Replacing employee with ID: 12
2025-07-27 21:17:08 INFO  c.e.e.e.EmployeeService - Updating employee with id: 12
2025-07-27 21:17:08 DEBUG c.e.e.e.EmployeeService - Fetching employee with ID: 12
2025-07-27 21:17:08 INFO  c.e.e.e.EmployeeService - Updated details for employee with id: 12
2025-07-27 21:17:08 INFO  c.e.e.e.EmployeeController - Replaced employee with ID: 12
2025-07-27 21:17:18 DEBUG c.e.e.e.EmployeeController - Replacing employee with ID: 12
2025-07-27 21:17:18 INFO  c.e.e.e.EmployeeService - Updating employee with id: 12
2025-07-27 21:17:18 DEBUG c.e.e.e.EmployeeService - Fetching employee with ID: 12
2025-07-27 21:17:18 INFO  c.e.e.e.EmployeeService - Updated details for employee with id: 12
2025-07-27 21:17:18 INFO  c.e.e.e.EmployeeController - Replaced employee with ID: 12
2025-07-27 21:17:43 DEBUG c.e.e.e.EmployeeController - Replacing employee with ID: 12
2025-07-27 21:17:43 INFO  c.e.e.e.EmployeeService - Updating employee with id: 12
2025-07-27 21:17:43 DEBUG c.e.e.e.EmployeeService - Fetching employee with ID: 12
2025-07-27 21:17:43 INFO  c.e.e.e.EmployeeService - Updated details for employee with id: 12
2025-07-27 21:17:43 INFO  c.e.e.e.EmployeeController - Replaced employee with ID: 12
2025-07-27 21:18:01 DEBUG c.e.e.e.EmployeeController - Replacing employee with ID: 12
2025-07-27 21:18:01 INFO  c.e.e.e.EmployeeService - Updating employee with id: 12
2025-07-27 21:18:01 DEBUG c.e.e.e.EmployeeService - Fetching employee with ID: 12
2025-07-27 21:18:01 INFO  c.e.e.e.EmployeeService - Updated details for employee with id: 12
2025-07-27 21:18:01 INFO  c.e.e.e.EmployeeController - Replaced employee with ID: 12
2025-07-27 21:18:14 WARN  o.s.w.s.m.s.DefaultHandlerExceptionResolver - Resolved [org.springframework.http.converter.HttpMessageNotReadableException: JSON parse error: Cannot deserialize value of type `com.example.employee.employeedetails.dto.UpdateEmployeeDTO` from Array value (token `JsonToken.START_ARRAY`)]
2025-07-27 21:18:37 WARN  o.s.w.s.m.s.DefaultHandlerExceptionResolver - Resolved [org.springframework.http.converter.HttpMessageNotReadableException: JSON parse error: Cannot deserialize value of type `com.example.employee.employeedetails.dto.UpdateEmployeeDTO` from Array value (token `JsonToken.START_ARRAY`)]
2025-07-27 21:18:46 DEBUG c.e.e.e.EmployeeController - Replacing employee with ID: 12
2025-07-27 21:18:46 INFO  c.e.e.e.EmployeeService - Updating employee with id: 12
2025-07-27 21:18:46 DEBUG c.e.e.e.EmployeeService - Fetching employee with ID: 12
2025-07-27 21:18:46 INFO  c.e.e.e.EmployeeService - Updated details for employee with id: 12
2025-07-27 21:18:46 INFO  c.e.e.e.EmployeeController - Replaced employee with ID: 12
2025-07-27 21:19:01 DEBUG c.e.e.e.EmployeeController - Fetching all employees
2025-07-27 21:19:01 DEBUG c.e.e.e.EmployeeService - Fetching all employees
2025-07-27 21:19:01 DEBUG c.e.e.e.EmployeeController - Fetched 10 employees
2025-07-27 21:33:49 DEBUG c.e.e.e.EmployeeController - Replacing employee with ID: 12
2025-07-27 21:33:49 INFO  c.e.e.e.EmployeeService - Updating employee with id: 12
2025-07-27 21:33:49 DEBUG c.e.e.e.EmployeeService - Fetching employee with ID: 12
2025-07-27 21:33:49 INFO  c.e.e.e.EmployeeService - Updated details for employee with id: 12
2025-07-27 21:33:49 INFO  c.e.e.e.EmployeeController - Replaced employee with ID: 12
2025-07-27 22:03:55 DEBUG c.e.e.e.EmployeeController - Fetching all employees
2025-07-27 22:03:55 DEBUG c.e.e.e.EmployeeService - Fetching all employees
2025-07-27 22:03:55 DEBUG c.e.e.e.EmployeeController - Fetched 10 employees
2025-07-27 22:03:55 DEBUG c.e.e.e.EmployeeController - Fetching all employees
2025-07-27 22:03:55 DEBUG c.e.e.e.EmployeeService - Fetching all employees
2025-07-27 22:03:55 DEBUG c.e.e.e.EmployeeController - Fetched 10 employees
2025-07-27 22:11:08 DEBUG c.e.e.e.EmployeeController - Fetching all employees
2025-07-27 22:11:08 DEBUG c.e.e.e.EmployeeService - Fetching all employees
2025-07-27 22:11:08 DEBUG c.e.e.e.EmployeeController - Fetched 10 employees
2025-07-27 22:11:08 DEBUG c.e.e.e.EmployeeController - Fetching all employees
2025-07-27 22:11:08 DEBUG c.e.e.e.EmployeeService - Fetching all employees
2025-07-27 22:11:08 DEBUG c.e.e.e.EmployeeController - Fetched 10 employees
2025-07-27 22:12:05 DEBUG c.e.e.e.EmployeeController - Fetching all employees
2025-07-27 22:12:05 DEBUG c.e.e.e.EmployeeService - Fetching all employees
2025-07-27 22:12:05 DEBUG c.e.e.e.EmployeeController - Fetched 10 employees
2025-07-27 22:12:05 DEBUG c.e.e.e.EmployeeController - Fetching all employees
2025-07-27 22:12:05 DEBUG c.e.e.e.EmployeeService - Fetching all employees
2025-07-27 22:12:05 DEBUG c.e.e.e.EmployeeController - Fetched 10 employees
