2025-08-11 09:01:34 INFO  o.h.validator.internal.util.Version - HV000001: Hibernate Validator 8.0.2.Final
2025-08-11 09:01:34 INFO  c.e.employee.EmployeeApplication - Starting EmployeeApplication using Java 21.0.6 with PID 12896 (C:\Users\ho 800g2\OneDrive\Desktop\Jani\nology\sessions\Spring\EmployeeCreator\Backend\employee\target\classes started by ho 800g2 in C:\Users\ho 800g2\OneDrive\Desktop\Jani\nology\sessions\Spring\EmployeeCreator\Backend\employee)
2025-08-11 09:01:34 DEBUG c.e.employee.EmployeeApplication - Running with Spring Boot v3.5.3, Spring v6.2.8
2025-08-11 09:01:34 INFO  c.e.employee.EmployeeApplication - No active profile set, falling back to 1 default profile: "default"
2025-08-11 09:01:34 INFO  o.s.b.d.e.DevToolsPropertyDefaultsPostProcessor - Devtools property defaults active! Set 'spring.devtools.add-properties' to 'false' to disable
2025-08-11 09:01:34 INFO  o.s.b.d.e.DevToolsPropertyDefaultsPostProcessor - For additional web related logging consider setting the 'logging.level.web' property to 'DEBUG'
2025-08-11 09:01:36 INFO  o.s.d.r.c.RepositoryConfigurationDelegate - Bootstrapping Spring Data JPA repositories in DEFAULT mode.
2025-08-11 09:01:36 INFO  o.s.d.r.c.RepositoryConfigurationDelegate - Finished Spring Data repository scanning in 120 ms. Found 4 JPA repository interfaces.
2025-08-11 09:01:36 INFO  o.s.b.w.e.tomcat.TomcatWebServer - Tomcat initialized with port 8080 (http)
2025-08-11 09:01:36 INFO  o.a.coyote.http11.Http11NioProtocol - Initializing ProtocolHandler ["http-nio-8080"]
2025-08-11 09:01:36 INFO  o.a.catalina.core.StandardService - Starting service [Tomcat]
2025-08-11 09:01:36 INFO  o.a.catalina.core.StandardEngine - Starting Servlet engine: [Apache Tomcat/10.1.42]
2025-08-11 09:01:37 INFO  o.a.c.c.C.[Tomcat].[localhost].[/] - Initializing Spring embedded WebApplicationContext
2025-08-11 09:01:37 INFO  o.s.b.w.s.c.ServletWebServerApplicationContext - Root WebApplicationContext: initialization completed in 2382 ms
2025-08-11 09:01:37 INFO  o.h.jpa.internal.util.LogHelper - HHH000204: Processing PersistenceUnitInfo [name: default]
2025-08-11 09:01:37 INFO  org.hibernate.Version - HHH000412: Hibernate ORM core version 6.6.18.Final
2025-08-11 09:01:37 INFO  o.h.c.i.RegionFactoryInitiator - HHH000026: Second-level cache disabled
2025-08-11 09:01:37 INFO  o.s.o.j.p.SpringPersistenceUnitInfo - No LoadTimeWeaver setup: ignoring JPA class transformer
2025-08-11 09:01:37 INFO  com.zaxxer.hikari.HikariDataSource - HikariPool-1 - Starting...
2025-08-11 09:01:38 INFO  com.zaxxer.hikari.pool.HikariPool - HikariPool-1 - Added connection com.mysql.cj.jdbc.ConnectionImpl@14261dd6
2025-08-11 09:01:38 INFO  com.zaxxer.hikari.HikariDataSource - HikariPool-1 - Start completed.
2025-08-11 09:01:38 WARN  org.hibernate.orm.deprecation - HHH90000025: MySQL8Dialect does not need to be specified explicitly using 'hibernate.dialect' (remove the property setting and it will be selected by default)
2025-08-11 09:01:38 WARN  org.hibernate.orm.deprecation - HHH90000026: MySQL8Dialect has been deprecated; use org.hibernate.dialect.MySQLDialect instead
2025-08-11 09:01:38 INFO  o.hibernate.orm.connections.pooling - HHH10001005: Database info:
	Database JDBC URL [Connecting through datasource 'HikariDataSource (HikariPool-1)']
	Database driver: undefined/unknown
	Database version: 8.0
	Autocommit mode: undefined/unknown
	Isolation level: undefined/unknown
	Minimum pool size: undefined/unknown
	Maximum pool size: undefined/unknown
2025-08-11 09:01:40 INFO  o.h.e.t.j.p.i.JtaPlatformInitiator - HHH000489: No JTA platform available (set 'hibernate.transaction.jta.platform' to enable JTA platform integration)
2025-08-11 09:01:40 INFO  o.s.o.j.LocalContainerEntityManagerFactoryBean - Initialized JPA EntityManagerFactory for persistence unit 'default'
2025-08-11 09:01:41 INFO  o.s.d.j.r.query.QueryEnhancerFactory - Hibernate is in classpath; If applicable, HQL parser will be used.
2025-08-11 09:01:42 WARN  o.s.b.a.o.j.JpaBaseConfiguration$JpaWebConfiguration - spring.jpa.open-in-view is enabled by default. Therefore, database queries may be performed during view rendering. Explicitly configure spring.jpa.open-in-view to disable this warning
2025-08-11 09:01:42 INFO  o.s.b.d.a.OptionalLiveReloadServer - LiveReload server is running on port 35729
2025-08-11 09:01:42 INFO  o.a.coyote.http11.Http11NioProtocol - Starting ProtocolHandler ["http-nio-8080"]
2025-08-11 09:01:42 INFO  o.s.b.w.e.tomcat.TomcatWebServer - Tomcat started on port 8080 (http) with context path '/'
2025-08-11 09:01:42 INFO  c.e.employee.EmployeeApplication - Started EmployeeApplication in 8.939 seconds (process running for 9.685)
2025-08-11 09:06:43 INFO  o.a.c.c.C.[Tomcat].[localhost].[/] - Initializing Spring DispatcherServlet 'dispatcherServlet'
2025-08-11 09:06:43 INFO  o.s.web.servlet.DispatcherServlet - Initializing Servlet 'dispatcherServlet'
2025-08-11 09:06:43 INFO  o.s.web.servlet.DispatcherServlet - Completed initialization in 1 ms
2025-08-11 09:06:43 DEBUG c.e.e.e.EmployeeController - Fetching all employees
2025-08-11 09:06:43 DEBUG c.e.e.e.EmployeeService - Fetching all employees
2025-08-11 09:06:43 DEBUG c.e.e.e.EmployeeController - Fetched 10 employees
2025-08-11 09:06:43 DEBUG c.e.e.e.EmployeeController - Fetching all employees
2025-08-11 09:06:43 DEBUG c.e.e.e.EmployeeService - Fetching all employees
2025-08-11 09:06:43 DEBUG c.e.e.e.EmployeeController - Fetched 10 employees
2025-08-11 14:34:38 WARN  com.zaxxer.hikari.pool.HikariPool - HikariPool-1 - Thread starvation or clock leap detected (housekeeper delta=4h49m59s10ms774µs600ns).
2025-08-11 14:34:40 DEBUG c.e.e.e.EmployeeController - Fetching all employees
2025-08-11 14:34:40 DEBUG c.e.e.e.EmployeeService - Fetching all employees
2025-08-11 14:34:40 DEBUG c.e.e.e.EmployeeController - Fetched 10 employees
2025-08-11 14:34:41 DEBUG c.e.e.e.EmployeeController - Fetching all employees
2025-08-11 14:34:41 DEBUG c.e.e.e.EmployeeService - Fetching all employees
2025-08-11 14:34:41 DEBUG c.e.e.e.EmployeeController - Fetched 10 employees
2025-08-11 15:52:37 WARN  com.zaxxer.hikari.pool.HikariPool - HikariPool-1 - Thread starvation or clock leap detected (housekeeper delta=14m57s940ms800µs700ns).
2025-08-11 15:52:59 DEBUG c.e.e.e.EmployeeController - Fetching all employees
2025-08-11 15:52:59 DEBUG c.e.e.e.EmployeeService - Fetching all employees
2025-08-11 15:52:59 DEBUG c.e.e.e.EmployeeController - Fetched 10 employees
2025-08-11 15:53:01 DEBUG c.e.e.e.EmployeeController - Fetching all employees
2025-08-11 15:53:01 DEBUG c.e.e.e.EmployeeService - Fetching all employees
2025-08-11 15:53:01 DEBUG c.e.e.e.EmployeeController - Fetched 10 employees
2025-08-11 16:00:29 DEBUG c.e.e.e.EmployeeController - Fetching all employees
2025-08-11 16:00:29 DEBUG c.e.e.e.EmployeeService - Fetching all employees
2025-08-11 16:00:29 DEBUG c.e.e.e.EmployeeController - Fetched 10 employees
2025-08-11 16:00:31 DEBUG c.e.e.e.EmployeeController - Fetching all employees
2025-08-11 16:00:31 DEBUG c.e.e.e.EmployeeService - Fetching all employees
2025-08-11 16:00:31 DEBUG c.e.e.e.EmployeeController - Fetched 10 employees
2025-08-11 16:12:05 DEBUG c.e.e.e.EmployeeController - Fetching all employees
2025-08-11 16:12:05 DEBUG c.e.e.e.EmployeeService - Fetching all employees
2025-08-11 16:12:05 DEBUG c.e.e.e.EmployeeController - Fetched 10 employees
2025-08-11 16:12:05 DEBUG c.e.e.e.EmployeeController - Fetching all employees
2025-08-11 16:12:05 DEBUG c.e.e.e.EmployeeService - Fetching all employees
2025-08-11 16:12:05 DEBUG c.e.e.e.EmployeeController - Fetched 10 employees
2025-08-11 16:17:17 DEBUG c.e.e.e.EmployeeController - Fetching all employees
2025-08-11 16:17:17 DEBUG c.e.e.e.EmployeeService - Fetching all employees
2025-08-11 16:17:17 DEBUG c.e.e.e.EmployeeController - Fetched 10 employees
2025-08-11 16:17:17 DEBUG c.e.e.e.EmployeeController - Fetching all employees
2025-08-11 16:17:17 DEBUG c.e.e.e.EmployeeService - Fetching all employees
2025-08-11 16:17:17 DEBUG c.e.e.e.EmployeeController - Fetched 10 employees
2025-08-11 16:22:22 DEBUG c.e.e.e.EmployeeController - Fetching all employees
2025-08-11 16:22:22 DEBUG c.e.e.e.EmployeeService - Fetching all employees
2025-08-11 16:22:22 DEBUG c.e.e.e.EmployeeController - Fetched 10 employees
2025-08-11 16:22:22 DEBUG c.e.e.e.EmployeeController - Fetching all employees
2025-08-11 16:22:22 DEBUG c.e.e.e.EmployeeService - Fetching all employees
2025-08-11 16:22:22 DEBUG c.e.e.e.EmployeeController - Fetched 10 employees
2025-08-11 16:22:36 DEBUG c.e.e.e.EmployeeController - Received request to create new Employee
2025-08-11 16:22:36 DEBUG c.e.e.e.EmployeeService - Creating a new employee with data: com.example.employee.employeedetails.dto.CreateEmployeeDTO@123faf6d
2025-08-11 16:22:36 INFO  c.e.e.e.EmployeeService - Employee created with ID: 24
2025-08-11 16:22:36 DEBUG c.e.e.e.EmployeeController - Created new Employee: 24
2025-08-11 16:22:36 DEBUG c.e.e.e.EmployeeController - Fetching all employees
2025-08-11 16:22:36 DEBUG c.e.e.e.EmployeeService - Fetching all employees
2025-08-11 16:22:36 DEBUG c.e.e.e.EmployeeController - Fetched 11 employees
2025-08-11 16:27:07 DEBUG c.e.e.e.EmployeeController - Received request to create new Employee
2025-08-11 16:27:07 DEBUG c.e.e.e.EmployeeService - Creating a new employee with data: com.example.employee.employeedetails.dto.CreateEmployeeDTO@20091cbe
2025-08-11 16:27:07 INFO  c.e.e.e.EmployeeService - Employee created with ID: 25
2025-08-11 16:27:07 DEBUG c.e.e.e.EmployeeController - Created new Employee: 25
2025-08-11 16:27:09 DEBUG c.e.e.e.EmployeeController - Fetching all employees
2025-08-11 16:27:09 DEBUG c.e.e.e.EmployeeService - Fetching all employees
2025-08-11 16:27:09 DEBUG c.e.e.e.EmployeeController - Fetched 12 employees
2025-08-11 16:27:47 DEBUG c.e.e.e.EmployeeController - Fetching all employees
2025-08-11 16:27:47 DEBUG c.e.e.e.EmployeeService - Fetching all employees
2025-08-11 16:27:47 DEBUG c.e.e.e.EmployeeController - Fetched 12 employees
2025-08-11 16:27:49 DEBUG c.e.e.e.EmployeeController - Fetching all employees
2025-08-11 16:27:49 DEBUG c.e.e.e.EmployeeService - Fetching all employees
2025-08-11 16:27:49 DEBUG c.e.e.e.EmployeeController - Fetched 12 employees
2025-08-11 16:30:12 DEBUG c.e.e.e.EmployeeController - Fetching all employees
2025-08-11 16:30:12 DEBUG c.e.e.e.EmployeeService - Fetching all employees
2025-08-11 16:30:12 DEBUG c.e.e.e.EmployeeController - Fetched 12 employees
2025-08-11 16:30:14 DEBUG c.e.e.e.EmployeeController - Fetching all employees
2025-08-11 16:30:14 DEBUG c.e.e.e.EmployeeService - Fetching all employees
2025-08-11 16:30:14 DEBUG c.e.e.e.EmployeeController - Fetched 12 employees
2025-08-11 16:34:37 DEBUG c.e.e.e.EmployeeController - Received request to create new Employee
2025-08-11 16:34:37 DEBUG c.e.e.e.EmployeeService - Creating a new employee with data: com.example.employee.employeedetails.dto.CreateEmployeeDTO@3e8e6aa9
2025-08-11 16:34:37 INFO  c.e.e.e.EmployeeService - Employee created with ID: 26
2025-08-11 16:34:37 DEBUG c.e.e.e.EmployeeController - Created new Employee: 26
2025-08-11 16:34:39 DEBUG c.e.e.e.EmployeeController - Fetching all employees
2025-08-11 16:34:39 DEBUG c.e.e.e.EmployeeService - Fetching all employees
2025-08-11 16:34:39 DEBUG c.e.e.e.EmployeeController - Fetched 13 employees
2025-08-11 16:38:30 DEBUG c.e.e.contract.ContractService - Creating contract for employee ID: 23, DTO: com.example.employee.contract.dto.ContractCreateDTO@1a2b63c4
2025-08-11 16:38:30 DEBUG c.e.e.contract.ContractService - Created contract ID: 64 for employee ID: 23
2025-08-11 16:38:32 DEBUG c.e.e.e.EmployeeController - Fetching all employees
2025-08-11 16:38:32 DEBUG c.e.e.e.EmployeeService - Fetching all employees
2025-08-11 16:38:32 DEBUG c.e.e.e.EmployeeController - Fetched 13 employees
2025-08-11 16:38:34 DEBUG c.e.e.contract.ContractService - Creating contract for employee ID: 23, DTO: com.example.employee.contract.dto.ContractCreateDTO@47e39c75
2025-08-11 16:38:34 DEBUG c.e.e.contract.ContractService - Created contract ID: 65 for employee ID: 23
2025-08-11 16:38:34 DEBUG c.e.e.e.EmployeeController - Fetching all employees
2025-08-11 16:38:34 DEBUG c.e.e.e.EmployeeService - Fetching all employees
2025-08-11 16:38:34 DEBUG c.e.e.e.EmployeeController - Fetched 13 employees
2025-08-11 16:38:36 DEBUG c.e.e.e.EmployeeController - Fetching all employees
2025-08-11 16:38:36 DEBUG c.e.e.e.EmployeeService - Fetching all employees
2025-08-11 16:38:36 DEBUG c.e.e.e.EmployeeController - Fetched 13 employees
2025-08-11 16:38:37 DEBUG c.e.e.e.EmployeeController - Replacing employee with ID: 23
2025-08-11 16:38:37 INFO  c.e.e.e.EmployeeService - Updating employee with id: 23
2025-08-11 16:38:37 DEBUG c.e.e.e.EmployeeService - Fetching employee with ID: 23
2025-08-11 16:38:37 INFO  c.e.e.e.EmployeeService - Updated details for employee with id: 23
2025-08-11 16:38:37 INFO  c.e.e.e.EmployeeController - Replaced employee with ID: 23
2025-08-11 16:38:39 DEBUG c.e.e.e.EmployeeController - Fetching all employees
2025-08-11 16:38:39 DEBUG c.e.e.e.EmployeeService - Fetching all employees
2025-08-11 16:38:39 DEBUG c.e.e.e.EmployeeController - Fetched 13 employees
2025-08-11 16:38:41 DEBUG c.e.e.e.EmployeeController - Fetching all employees
2025-08-11 16:38:41 DEBUG c.e.e.e.EmployeeService - Fetching all employees
2025-08-11 16:38:41 DEBUG c.e.e.e.EmployeeController - Fetched 13 employees
2025-08-11 16:39:00 DEBUG c.e.e.contract.ContractService - Creating contract for employee ID: 24, DTO: com.example.employee.contract.dto.ContractCreateDTO@6d9efe7f
2025-08-11 16:39:00 DEBUG c.e.e.contract.ContractService - Created contract ID: 66 for employee ID: 24
2025-08-11 16:39:02 DEBUG c.e.e.e.EmployeeController - Fetching all employees
2025-08-11 16:39:02 DEBUG c.e.e.e.EmployeeService - Fetching all employees
2025-08-11 16:39:02 DEBUG c.e.e.e.EmployeeController - Fetched 13 employees
2025-08-11 16:39:04 DEBUG c.e.e.e.EmployeeController - Fetching all employees
2025-08-11 16:39:04 DEBUG c.e.e.e.EmployeeService - Fetching all employees
2025-08-11 16:39:04 DEBUG c.e.e.e.EmployeeController - Fetched 13 employees
2025-08-11 16:50:49 DEBUG c.e.e.e.EmployeeController - Fetching all employees
2025-08-11 16:50:49 DEBUG c.e.e.e.EmployeeService - Fetching all employees
2025-08-11 16:50:49 DEBUG c.e.e.e.EmployeeController - Fetched 13 employees
2025-08-11 16:50:53 DEBUG c.e.e.e.EmployeeController - Fetching employee with ID: 14
2025-08-11 16:50:53 DEBUG c.e.e.e.EmployeeService - Fetching employee with ID: 14
2025-08-11 16:50:53 INFO  c.e.e.e.EmployeeController - Found employee with ID: 14
2025-08-11 17:01:22 DEBUG c.e.e.e.EmployeeController - Fetching all employees
2025-08-11 17:01:22 DEBUG c.e.e.e.EmployeeService - Fetching all employees
2025-08-11 17:01:22 DEBUG c.e.e.e.EmployeeController - Fetched 13 employees
2025-08-11 17:01:22 DEBUG c.e.e.e.EmployeeController - Fetching all employees
2025-08-11 17:01:22 DEBUG c.e.e.e.EmployeeService - Fetching all employees
2025-08-11 17:01:22 DEBUG c.e.e.e.EmployeeController - Fetched 13 employees
2025-08-11 17:01:33 DEBUG c.e.e.contract.ContractService - Creating contract for employee ID: 14, DTO: com.example.employee.contract.dto.ContractCreateDTO@34b11dcb
2025-08-11 17:01:33 DEBUG c.e.e.contract.ContractService - Created contract ID: 67 for employee ID: 14
2025-08-11 17:01:35 DEBUG c.e.e.e.EmployeeController - Fetching all employees
2025-08-11 17:01:35 DEBUG c.e.e.e.EmployeeService - Fetching all employees
2025-08-11 17:01:35 DEBUG c.e.e.e.EmployeeController - Fetched 13 employees
2025-08-11 17:01:37 DEBUG c.e.e.e.EmployeeController - Fetching all employees
2025-08-11 17:01:37 DEBUG c.e.e.e.EmployeeService - Fetching all employees
2025-08-11 17:01:37 DEBUG c.e.e.e.EmployeeController - Fetched 13 employees
2025-08-11 17:03:09 DEBUG c.e.e.contract.ContractService - Creating contract for employee ID: 15, DTO: com.example.employee.contract.dto.ContractCreateDTO@5e2afd4c
2025-08-11 17:03:09 DEBUG c.e.e.contract.ContractService - Created contract ID: 68 for employee ID: 15
2025-08-11 17:03:11 DEBUG c.e.e.e.EmployeeController - Fetching all employees
2025-08-11 17:03:11 DEBUG c.e.e.e.EmployeeService - Fetching all employees
2025-08-11 17:03:11 DEBUG c.e.e.e.EmployeeController - Fetched 13 employees
2025-08-11 17:03:13 DEBUG c.e.e.contract.ContractService - Creating contract for employee ID: 15, DTO: com.example.employee.contract.dto.ContractCreateDTO@1b1bad22
2025-08-11 17:03:13 DEBUG c.e.e.contract.ContractService - Created contract ID: 69 for employee ID: 15
2025-08-11 17:03:13 DEBUG c.e.e.e.EmployeeController - Fetching all employees
2025-08-11 17:03:13 DEBUG c.e.e.e.EmployeeService - Fetching all employees
2025-08-11 17:03:13 DEBUG c.e.e.e.EmployeeController - Fetched 13 employees
2025-08-11 17:03:15 DEBUG c.e.e.e.EmployeeController - Fetching all employees
2025-08-11 17:03:15 DEBUG c.e.e.e.EmployeeService - Fetching all employees
2025-08-11 17:03:15 DEBUG c.e.e.e.EmployeeController - Fetched 13 employees
2025-08-11 17:03:18 DEBUG c.e.e.e.EmployeeController - Fetching all employees
2025-08-11 17:03:18 DEBUG c.e.e.e.EmployeeService - Fetching all employees
2025-08-11 17:03:18 DEBUG c.e.e.e.EmployeeController - Fetched 13 employees
2025-08-11 17:03:27 DEBUG c.e.e.contract.ContractService - Creating contract for employee ID: 15, DTO: com.example.employee.contract.dto.ContractCreateDTO@2f286468
2025-08-11 17:03:27 DEBUG c.e.e.contract.ContractService - Created contract ID: 70 for employee ID: 15
2025-08-11 17:03:30 DEBUG c.e.e.e.EmployeeController - Fetching all employees
2025-08-11 17:03:30 DEBUG c.e.e.e.EmployeeService - Fetching all employees
2025-08-11 17:03:30 DEBUG c.e.e.e.EmployeeController - Fetched 13 employees
2025-08-11 17:03:30 DEBUG c.e.e.contract.ContractService - Creating contract for employee ID: 15, DTO: com.example.employee.contract.dto.ContractCreateDTO@62d3733c
2025-08-11 17:03:30 DEBUG c.e.e.contract.ContractService - Created contract ID: 71 for employee ID: 15
2025-08-11 17:03:32 DEBUG c.e.e.e.EmployeeController - Fetching all employees
2025-08-11 17:03:32 DEBUG c.e.e.e.EmployeeService - Fetching all employees
2025-08-11 17:03:32 DEBUG c.e.e.e.EmployeeController - Fetched 13 employees
2025-08-11 17:03:34 DEBUG c.e.e.e.EmployeeController - Fetching all employees
2025-08-11 17:03:34 DEBUG c.e.e.e.EmployeeService - Fetching all employees
2025-08-11 17:03:34 DEBUG c.e.e.e.EmployeeController - Fetched 13 employees
2025-08-11 17:03:36 DEBUG c.e.e.e.EmployeeController - Fetching all employees
2025-08-11 17:03:36 DEBUG c.e.e.e.EmployeeService - Fetching all employees
2025-08-11 17:03:36 DEBUG c.e.e.e.EmployeeController - Fetched 13 employees
2025-08-11 17:03:42 DEBUG c.e.e.contract.ContractService - Creating contract for employee ID: 15, DTO: com.example.employee.contract.dto.ContractCreateDTO@44d451a7
2025-08-11 17:03:42 DEBUG c.e.e.contract.ContractService - Created contract ID: 72 for employee ID: 15
2025-08-11 17:03:44 DEBUG c.e.e.e.EmployeeController - Fetching all employees
2025-08-11 17:03:44 DEBUG c.e.e.e.EmployeeService - Fetching all employees
2025-08-11 17:03:44 DEBUG c.e.e.e.EmployeeController - Fetched 13 employees
2025-08-11 17:03:46 DEBUG c.e.e.e.EmployeeController - Fetching all employees
2025-08-11 17:03:46 DEBUG c.e.e.e.EmployeeService - Fetching all employees
2025-08-11 17:03:46 DEBUG c.e.e.e.EmployeeController - Fetched 13 employees
2025-08-11 17:07:51 DEBUG c.e.e.contract.ContractService - Creating contract for employee ID: 15, DTO: com.example.employee.contract.dto.ContractCreateDTO@43bbad7a
2025-08-11 17:07:51 DEBUG c.e.e.contract.ContractService - Created contract ID: 73 for employee ID: 15
2025-08-11 17:07:53 DEBUG c.e.e.e.EmployeeController - Fetching all employees
2025-08-11 17:07:53 DEBUG c.e.e.e.EmployeeService - Fetching all employees
2025-08-11 17:07:53 DEBUG c.e.e.e.EmployeeController - Fetched 13 employees
2025-08-11 17:07:55 DEBUG c.e.e.e.EmployeeController - Fetching all employees
2025-08-11 17:07:55 DEBUG c.e.e.e.EmployeeService - Fetching all employees
2025-08-11 17:07:55 DEBUG c.e.e.e.EmployeeController - Fetched 13 employees
2025-08-11 17:07:58 DEBUG c.e.e.e.EmployeeController - Replacing employee with ID: 15
2025-08-11 17:07:58 INFO  c.e.e.e.EmployeeService - Updating employee with id: 15
2025-08-11 17:07:58 DEBUG c.e.e.e.EmployeeService - Fetching employee with ID: 15
2025-08-11 17:07:58 INFO  c.e.e.e.EmployeeService - Updated details for employee with id: 15
2025-08-11 17:07:58 INFO  c.e.e.e.EmployeeController - Replaced employee with ID: 15
2025-08-11 17:08:00 DEBUG c.e.e.e.EmployeeController - Replacing employee with ID: 15
2025-08-11 17:08:00 INFO  c.e.e.e.EmployeeService - Updating employee with id: 15
2025-08-11 17:08:00 DEBUG c.e.e.e.EmployeeService - Fetching employee with ID: 15
2025-08-11 17:08:00 INFO  c.e.e.e.EmployeeService - Updated details for employee with id: 15
2025-08-11 17:08:00 INFO  c.e.e.e.EmployeeController - Replaced employee with ID: 15
2025-08-11 17:08:00 DEBUG c.e.e.e.EmployeeController - Fetching all employees
2025-08-11 17:08:00 DEBUG c.e.e.e.EmployeeService - Fetching all employees
2025-08-11 17:08:00 DEBUG c.e.e.e.EmployeeController - Fetched 13 employees
2025-08-11 17:08:02 DEBUG c.e.e.e.EmployeeController - Replacing employee with ID: 15
2025-08-11 17:08:02 INFO  c.e.e.e.EmployeeService - Updating employee with id: 15
2025-08-11 17:08:02 DEBUG c.e.e.e.EmployeeService - Fetching employee with ID: 15
2025-08-11 17:08:02 INFO  c.e.e.e.EmployeeService - Updated details for employee with id: 15
2025-08-11 17:08:02 INFO  c.e.e.e.EmployeeController - Replaced employee with ID: 15
2025-08-11 17:08:02 DEBUG c.e.e.e.EmployeeController - Fetching all employees
2025-08-11 17:08:02 DEBUG c.e.e.e.EmployeeService - Fetching all employees
2025-08-11 17:08:02 DEBUG c.e.e.e.EmployeeController - Fetched 13 employees
2025-08-11 17:08:04 DEBUG c.e.e.e.EmployeeController - Fetching all employees
2025-08-11 17:08:04 DEBUG c.e.e.e.EmployeeService - Fetching all employees
2025-08-11 17:08:04 DEBUG c.e.e.e.EmployeeController - Fetched 13 employees
2025-08-11 17:08:12 DEBUG c.e.e.e.EmployeeController - Replacing employee with ID: 15
2025-08-11 17:08:12 INFO  c.e.e.e.EmployeeService - Updating employee with id: 15
2025-08-11 17:08:12 DEBUG c.e.e.e.EmployeeService - Fetching employee with ID: 15
2025-08-11 17:08:12 INFO  c.e.e.e.EmployeeService - Updated details for employee with id: 15
2025-08-11 17:08:12 INFO  c.e.e.e.EmployeeController - Replaced employee with ID: 15
2025-08-11 17:08:14 DEBUG c.e.e.e.EmployeeController - Replacing employee with ID: 15
2025-08-11 17:08:14 INFO  c.e.e.e.EmployeeService - Updating employee with id: 15
2025-08-11 17:08:14 DEBUG c.e.e.e.EmployeeService - Fetching employee with ID: 15
2025-08-11 17:08:14 INFO  c.e.e.e.EmployeeService - Updated details for employee with id: 15
2025-08-11 17:08:14 INFO  c.e.e.e.EmployeeController - Replaced employee with ID: 15
2025-08-11 17:08:14 DEBUG c.e.e.e.EmployeeController - Fetching all employees
2025-08-11 17:08:14 DEBUG c.e.e.e.EmployeeService - Fetching all employees
2025-08-11 17:08:14 DEBUG c.e.e.e.EmployeeController - Fetched 13 employees
2025-08-11 17:08:16 DEBUG c.e.e.e.EmployeeController - Fetching all employees
2025-08-11 17:08:16 DEBUG c.e.e.e.EmployeeService - Fetching all employees
2025-08-11 17:08:16 DEBUG c.e.e.e.EmployeeController - Fetched 13 employees
2025-08-11 18:23:42 INFO  o.h.validator.internal.util.Version - HV000001: Hibernate Validator 8.0.2.Final
2025-08-11 18:23:43 INFO  c.e.employee.EmployeeApplication - Starting EmployeeApplication using Java 21.0.6 with PID 12916 (C:\Users\ho 800g2\OneDrive\Desktop\Jani\nology\sessions\Spring\EmployeeCreator\Backend\employee\target\classes started by ho 800g2 in C:\Users\ho 800g2\OneDrive\Desktop\Jani\nology\sessions\Spring\EmployeeCreator\Backend\employee)
2025-08-11 18:23:43 DEBUG c.e.employee.EmployeeApplication - Running with Spring Boot v3.5.3, Spring v6.2.8
2025-08-11 18:23:43 INFO  c.e.employee.EmployeeApplication - No active profile set, falling back to 1 default profile: "default"
2025-08-11 18:23:43 INFO  o.s.b.d.e.DevToolsPropertyDefaultsPostProcessor - Devtools property defaults active! Set 'spring.devtools.add-properties' to 'false' to disable
2025-08-11 18:23:43 INFO  o.s.b.d.e.DevToolsPropertyDefaultsPostProcessor - For additional web related logging consider setting the 'logging.level.web' property to 'DEBUG'
2025-08-11 18:23:44 INFO  o.s.d.r.c.RepositoryConfigurationDelegate - Bootstrapping Spring Data JPA repositories in DEFAULT mode.
2025-08-11 18:23:44 INFO  o.s.d.r.c.RepositoryConfigurationDelegate - Finished Spring Data repository scanning in 122 ms. Found 4 JPA repository interfaces.
2025-08-11 18:23:45 INFO  o.s.b.w.e.tomcat.TomcatWebServer - Tomcat initialized with port 8080 (http)
2025-08-11 18:23:45 INFO  o.a.coyote.http11.Http11NioProtocol - Initializing ProtocolHandler ["http-nio-8080"]
2025-08-11 18:23:45 INFO  o.a.catalina.core.StandardService - Starting service [Tomcat]
2025-08-11 18:23:45 INFO  o.a.catalina.core.StandardEngine - Starting Servlet engine: [Apache Tomcat/10.1.42]
2025-08-11 18:23:45 INFO  o.a.c.c.C.[Tomcat].[localhost].[/] - Initializing Spring embedded WebApplicationContext
2025-08-11 18:23:45 INFO  o.s.b.w.s.c.ServletWebServerApplicationContext - Root WebApplicationContext: initialization completed in 2254 ms
2025-08-11 18:23:45 INFO  o.h.jpa.internal.util.LogHelper - HHH000204: Processing PersistenceUnitInfo [name: default]
2025-08-11 18:23:45 INFO  org.hibernate.Version - HHH000412: Hibernate ORM core version 6.6.18.Final
2025-08-11 18:23:45 INFO  o.h.c.i.RegionFactoryInitiator - HHH000026: Second-level cache disabled
2025-08-11 18:23:46 INFO  o.s.o.j.p.SpringPersistenceUnitInfo - No LoadTimeWeaver setup: ignoring JPA class transformer
2025-08-11 18:23:46 INFO  com.zaxxer.hikari.HikariDataSource - HikariPool-1 - Starting...
2025-08-11 18:23:46 INFO  com.zaxxer.hikari.pool.HikariPool - HikariPool-1 - Added connection com.mysql.cj.jdbc.ConnectionImpl@3e822c9b
2025-08-11 18:23:46 INFO  com.zaxxer.hikari.HikariDataSource - HikariPool-1 - Start completed.
2025-08-11 18:23:46 WARN  org.hibernate.orm.deprecation - HHH90000025: MySQL8Dialect does not need to be specified explicitly using 'hibernate.dialect' (remove the property setting and it will be selected by default)
2025-08-11 18:23:46 WARN  org.hibernate.orm.deprecation - HHH90000026: MySQL8Dialect has been deprecated; use org.hibernate.dialect.MySQLDialect instead
2025-08-11 18:23:46 INFO  o.hibernate.orm.connections.pooling - HHH10001005: Database info:
	Database JDBC URL [Connecting through datasource 'HikariDataSource (HikariPool-1)']
	Database driver: undefined/unknown
	Database version: 8.0
	Autocommit mode: undefined/unknown
	Isolation level: undefined/unknown
	Minimum pool size: undefined/unknown
	Maximum pool size: undefined/unknown
2025-08-11 18:23:48 INFO  o.h.e.t.j.p.i.JtaPlatformInitiator - HHH000489: No JTA platform available (set 'hibernate.transaction.jta.platform' to enable JTA platform integration)
2025-08-11 18:23:49 INFO  o.s.o.j.LocalContainerEntityManagerFactoryBean - Initialized JPA EntityManagerFactory for persistence unit 'default'
2025-08-11 18:23:49 INFO  o.s.d.j.r.query.QueryEnhancerFactory - Hibernate is in classpath; If applicable, HQL parser will be used.
2025-08-11 18:23:50 WARN  o.s.b.a.o.j.JpaBaseConfiguration$JpaWebConfiguration - spring.jpa.open-in-view is enabled by default. Therefore, database queries may be performed during view rendering. Explicitly configure spring.jpa.open-in-view to disable this warning
2025-08-11 18:23:50 INFO  o.s.b.d.a.OptionalLiveReloadServer - LiveReload server is running on port 35729
2025-08-11 18:23:50 INFO  o.a.coyote.http11.Http11NioProtocol - Starting ProtocolHandler ["http-nio-8080"]
2025-08-11 18:23:50 INFO  o.s.b.w.e.tomcat.TomcatWebServer - Tomcat started on port 8080 (http) with context path '/'
2025-08-11 18:23:51 INFO  c.e.employee.EmployeeApplication - Started EmployeeApplication in 8.817 seconds (process running for 9.47)
2025-08-11 18:29:50 INFO  o.a.c.c.C.[Tomcat].[localhost].[/] - Initializing Spring DispatcherServlet 'dispatcherServlet'
2025-08-11 18:29:50 INFO  o.s.web.servlet.DispatcherServlet - Initializing Servlet 'dispatcherServlet'
2025-08-11 18:29:50 INFO  o.s.web.servlet.DispatcherServlet - Completed initialization in 1 ms
2025-08-11 18:29:50 DEBUG c.e.e.e.EmployeeController - Fetching all employees
2025-08-11 18:29:50 DEBUG c.e.e.e.EmployeeService - Fetching all employees
2025-08-11 18:29:50 DEBUG c.e.e.e.EmployeeController - Fetched 10 employees
2025-08-11 18:29:51 DEBUG c.e.e.e.EmployeeController - Fetching all employees
2025-08-11 18:29:51 DEBUG c.e.e.e.EmployeeService - Fetching all employees
2025-08-11 18:29:51 DEBUG c.e.e.e.EmployeeController - Fetched 10 employees
2025-08-11 18:30:11 DEBUG c.e.e.e.EmployeeController - Received request to create new Employee
2025-08-11 18:30:11 DEBUG c.e.e.e.EmployeeService - Creating a new employee with data: com.example.employee.employeedetails.dto.CreateEmployeeDTO@1d6152be
2025-08-11 18:30:11 INFO  c.e.e.e.EmployeeService - Employee created with ID: 11
2025-08-11 18:30:11 DEBUG c.e.e.e.EmployeeController - Created new Employee: 11
2025-08-11 18:30:11 DEBUG c.e.e.e.EmployeeController - Fetching all employees
2025-08-11 18:30:11 DEBUG c.e.e.e.EmployeeService - Fetching all employees
2025-08-11 18:30:11 DEBUG c.e.e.e.EmployeeController - Fetched 11 employees
2025-08-11 18:31:08 DEBUG c.e.e.e.EmployeeController - Received request to create new Employee
2025-08-11 18:31:08 DEBUG c.e.e.e.EmployeeService - Creating a new employee with data: com.example.employee.employeedetails.dto.CreateEmployeeDTO@5226364a
2025-08-11 18:31:08 INFO  c.e.e.e.EmployeeService - Employee created with ID: 12
2025-08-11 18:31:08 DEBUG c.e.e.e.EmployeeController - Created new Employee: 12
2025-08-11 18:31:08 DEBUG c.e.e.e.EmployeeController - Fetching all employees
2025-08-11 18:31:08 DEBUG c.e.e.e.EmployeeService - Fetching all employees
2025-08-11 18:31:08 DEBUG c.e.e.e.EmployeeController - Fetched 12 employees
2025-08-11 18:31:27 WARN  o.s.w.s.m.s.DefaultHandlerExceptionResolver - Resolved [org.springframework.web.bind.MethodArgumentNotValidException: Validation failed for argument [1] in public org.springframework.http.ResponseEntity<com.example.employee.employeedetails.Employee> com.example.employee.employeedetails.EmployeeController.replaceEmployee(int,com.example.employee.employeedetails.dto.UpdateEmployeeDTO) throws com.example.employee.common.exceptions.NotFoundException: [Field error in object 'updateEmployeeDTO' on field 'mobileNumber': rejected value [6141234567]; codes [Pattern.updateEmployeeDTO.mobileNumber,Pattern.mobileNumber,Pattern.java.lang.String,Pattern]; arguments [org.springframework.context.support.DefaultMessageSourceResolvable: codes [updateEmployeeDTO.mobileNumber,mobileNumber]; arguments []; default message [mobileNumber],[Ljakarta.validation.constraints.Pattern$Flag;@2a75e8d2,^(\+614|04)\d{8}$]; default message [Mobile number must start with +614 or 04 and have 10 digits total]] ]
2025-08-11 18:31:45 WARN  o.s.w.s.m.s.DefaultHandlerExceptionResolver - Resolved [org.springframework.web.bind.MethodArgumentNotValidException: Validation failed for argument [1] in public org.springframework.http.ResponseEntity<com.example.employee.employeedetails.Employee> com.example.employee.employeedetails.EmployeeController.replaceEmployee(int,com.example.employee.employeedetails.dto.UpdateEmployeeDTO) throws com.example.employee.common.exceptions.NotFoundException: [Field error in object 'updateEmployeeDTO' on field 'mobileNumber': rejected value [6141234567]; codes [Pattern.updateEmployeeDTO.mobileNumber,Pattern.mobileNumber,Pattern.java.lang.String,Pattern]; arguments [org.springframework.context.support.DefaultMessageSourceResolvable: codes [updateEmployeeDTO.mobileNumber,mobileNumber]; arguments []; default message [mobileNumber],[Ljakarta.validation.constraints.Pattern$Flag;@2a75e8d2,^(\+614|04)\d{8}$]; default message [Mobile number must start with +614 or 04 and have 10 digits total]] ]
2025-08-11 18:31:58 DEBUG c.e.e.e.EmployeeController - Archiving and deleting employee with ID: 11
2025-08-11 18:31:58 INFO  c.e.e.e.EmployeeService - Archiving employee with id: 11
2025-08-11 18:31:58 DEBUG c.e.e.e.EmployeeService - Archived employee with id: 11
2025-08-11 18:31:58 DEBUG c.e.e.e.EmployeeService - Archived 0 contracts for Employee id 11
2025-08-11 18:31:58 DEBUG c.e.e.e.EmployeeService - Deleted employee with id: 11
2025-08-11 18:31:58 INFO  c.e.e.e.EmployeeController - Archived and deleted employee with ID: 11
2025-08-11 18:31:58 DEBUG c.e.e.e.EmployeeController - Fetching all employees
2025-08-11 18:31:58 DEBUG c.e.e.e.EmployeeService - Fetching all employees
2025-08-11 18:31:58 DEBUG c.e.e.e.EmployeeController - Fetched 11 employees
2025-08-11 18:31:58 DEBUG c.e.e.e.EmployeeController - Fetching all employees
2025-08-11 18:31:58 DEBUG c.e.e.e.EmployeeService - Fetching all employees
2025-08-11 18:31:58 DEBUG c.e.e.e.EmployeeController - Fetched 11 employees
2025-08-11 18:32:48 WARN  o.s.w.s.m.s.DefaultHandlerExceptionResolver - Resolved [org.springframework.web.bind.MethodArgumentNotValidException: Validation failed for argument [1] in public org.springframework.http.ResponseEntity<com.example.employee.employeedetails.Employee> com.example.employee.employeedetails.EmployeeController.replaceEmployee(int,com.example.employee.employeedetails.dto.UpdateEmployeeDTO) throws com.example.employee.common.exceptions.NotFoundException: [Field error in object 'updateEmployeeDTO' on field 'mobileNumber': rejected value [6141234567]; codes [Pattern.updateEmployeeDTO.mobileNumber,Pattern.mobileNumber,Pattern.java.lang.String,Pattern]; arguments [org.springframework.context.support.DefaultMessageSourceResolvable: codes [updateEmployeeDTO.mobileNumber,mobileNumber]; arguments []; default message [mobileNumber],[Ljakarta.validation.constraints.Pattern$Flag;@2a75e8d2,^(\+614|04)\d{8}$]; default message [Mobile number must start with +614 or 04 and have 10 digits total]] ]
2025-08-11 18:37:51 INFO  o.s.b.w.e.tomcat.GracefulShutdown - Commencing graceful shutdown. Waiting for active requests to complete
2025-08-11 18:37:51 INFO  o.s.b.w.e.tomcat.GracefulShutdown - Graceful shutdown complete
2025-08-11 18:37:51 INFO  o.s.o.j.LocalContainerEntityManagerFactoryBean - Closing JPA EntityManagerFactory for persistence unit 'default'
2025-08-11 18:37:51 INFO  com.zaxxer.hikari.HikariDataSource - HikariPool-1 - Shutdown initiated...
2025-08-11 18:37:51 INFO  com.zaxxer.hikari.HikariDataSource - HikariPool-1 - Shutdown completed.
2025-08-11 18:38:52 INFO  o.h.validator.internal.util.Version - HV000001: Hibernate Validator 8.0.2.Final
2025-08-11 18:38:52 WARN  o.s.b.t.j.DuplicateJsonObjectContextCustomizerFactory$DuplicateJsonObjectContextCustomizer - 

Found multiple occurrences of org.json.JSONObject on the class path:

	jar:file:/C:/Users/ho%20800g2/.m2/repository/org/json/json/20240303/json-20240303.jar!/org/json/JSONObject.class
	jar:file:/C:/Users/ho%20800g2/.m2/repository/com/vaadin/external/google/android-json/0.0.20131108.vaadin1/android-json-0.0.20131108.vaadin1.jar!/org/json/JSONObject.class

You may wish to exclude one of them to ensure predictable runtime behavior

2025-08-11 18:38:52 INFO  c.e.e.EmployeeApplicationTests - Starting EmployeeApplicationTests using Java 21.0.6 with PID 15828 (started by ho 800g2 in C:\Users\ho 800g2\OneDrive\Desktop\Jani\nology\sessions\Spring\EmployeeCreator\Backend\employee)
2025-08-11 18:38:52 DEBUG c.e.e.EmployeeApplicationTests - Running with Spring Boot v3.5.3, Spring v6.2.8
2025-08-11 18:38:52 INFO  c.e.e.EmployeeApplicationTests - No active profile set, falling back to 1 default profile: "default"
2025-08-11 18:38:54 INFO  o.s.d.r.c.RepositoryConfigurationDelegate - Bootstrapping Spring Data JPA repositories in DEFAULT mode.
2025-08-11 18:38:54 INFO  o.s.d.r.c.RepositoryConfigurationDelegate - Finished Spring Data repository scanning in 81 ms. Found 4 JPA repository interfaces.
2025-08-11 18:38:54 INFO  o.h.jpa.internal.util.LogHelper - HHH000204: Processing PersistenceUnitInfo [name: default]
2025-08-11 18:38:54 INFO  org.hibernate.Version - HHH000412: Hibernate ORM core version 6.6.18.Final
2025-08-11 18:38:55 INFO  o.h.c.i.RegionFactoryInitiator - HHH000026: Second-level cache disabled
2025-08-11 18:38:55 INFO  o.s.o.j.p.SpringPersistenceUnitInfo - No LoadTimeWeaver setup: ignoring JPA class transformer
2025-08-11 18:38:55 INFO  com.zaxxer.hikari.HikariDataSource - HikariPool-1 - Starting...
2025-08-11 18:38:56 INFO  com.zaxxer.hikari.pool.HikariPool - HikariPool-1 - Added connection com.mysql.cj.jdbc.ConnectionImpl@2833c093
2025-08-11 18:38:56 INFO  com.zaxxer.hikari.HikariDataSource - HikariPool-1 - Start completed.
2025-08-11 18:38:56 WARN  org.hibernate.orm.deprecation - HHH90000025: MySQL8Dialect does not need to be specified explicitly using 'hibernate.dialect' (remove the property setting and it will be selected by default)
2025-08-11 18:38:56 WARN  org.hibernate.orm.deprecation - HHH90000026: MySQL8Dialect has been deprecated; use org.hibernate.dialect.MySQLDialect instead
2025-08-11 18:38:56 INFO  o.hibernate.orm.connections.pooling - HHH10001005: Database info:
	Database JDBC URL [Connecting through datasource 'HikariDataSource (HikariPool-1)']
	Database driver: undefined/unknown
	Database version: 8.0
	Autocommit mode: undefined/unknown
	Isolation level: undefined/unknown
	Minimum pool size: undefined/unknown
	Maximum pool size: undefined/unknown
2025-08-11 18:38:57 INFO  o.h.e.t.j.p.i.JtaPlatformInitiator - HHH000489: No JTA platform available (set 'hibernate.transaction.jta.platform' to enable JTA platform integration)
2025-08-11 18:38:59 INFO  o.s.o.j.LocalContainerEntityManagerFactoryBean - Initialized JPA EntityManagerFactory for persistence unit 'default'
2025-08-11 18:38:59 INFO  o.s.d.j.r.query.QueryEnhancerFactory - Hibernate is in classpath; If applicable, HQL parser will be used.
2025-08-11 18:39:00 WARN  o.s.b.a.o.j.JpaBaseConfiguration$JpaWebConfiguration - spring.jpa.open-in-view is enabled by default. Therefore, database queries may be performed during view rendering. Explicitly configure spring.jpa.open-in-view to disable this warning
2025-08-11 18:39:01 INFO  c.e.e.EmployeeApplicationTests - Started EmployeeApplicationTests in 9.093 seconds (process running for 10.474)
2025-08-11 18:39:03 INFO  o.s.o.j.LocalContainerEntityManagerFactoryBean - Closing JPA EntityManagerFactory for persistence unit 'default'
2025-08-11 18:39:03 INFO  com.zaxxer.hikari.HikariDataSource - HikariPool-1 - Shutdown initiated...
2025-08-11 18:39:03 INFO  com.zaxxer.hikari.HikariDataSource - HikariPool-1 - Shutdown completed.
2025-08-11 18:39:22 INFO  o.h.validator.internal.util.Version - HV000001: Hibernate Validator 8.0.2.Final
2025-08-11 18:39:22 WARN  o.s.b.t.j.DuplicateJsonObjectContextCustomizerFactory$DuplicateJsonObjectContextCustomizer - 

Found multiple occurrences of org.json.JSONObject on the class path:

	jar:file:/C:/Users/ho%20800g2/.m2/repository/org/json/json/20240303/json-20240303.jar!/org/json/JSONObject.class
	jar:file:/C:/Users/ho%20800g2/.m2/repository/com/vaadin/external/google/android-json/0.0.20131108.vaadin1/android-json-0.0.20131108.vaadin1.jar!/org/json/JSONObject.class

You may wish to exclude one of them to ensure predictable runtime behavior

2025-08-11 18:39:22 INFO  c.e.e.EmployeeApplicationTests - Starting EmployeeApplicationTests using Java 21.0.6 with PID 4400 (started by ho 800g2 in C:\Users\ho 800g2\OneDrive\Desktop\Jani\nology\sessions\Spring\EmployeeCreator\Backend\employee)
2025-08-11 18:39:22 DEBUG c.e.e.EmployeeApplicationTests - Running with Spring Boot v3.5.3, Spring v6.2.8
2025-08-11 18:39:22 INFO  c.e.e.EmployeeApplicationTests - No active profile set, falling back to 1 default profile: "default"
2025-08-11 18:39:23 INFO  o.s.d.r.c.RepositoryConfigurationDelegate - Bootstrapping Spring Data JPA repositories in DEFAULT mode.
2025-08-11 18:39:23 INFO  o.s.d.r.c.RepositoryConfigurationDelegate - Finished Spring Data repository scanning in 103 ms. Found 4 JPA repository interfaces.
2025-08-11 18:39:24 INFO  o.h.jpa.internal.util.LogHelper - HHH000204: Processing PersistenceUnitInfo [name: default]
2025-08-11 18:39:24 INFO  org.hibernate.Version - HHH000412: Hibernate ORM core version 6.6.18.Final
2025-08-11 18:39:24 INFO  o.h.c.i.RegionFactoryInitiator - HHH000026: Second-level cache disabled
2025-08-11 18:39:25 INFO  o.s.o.j.p.SpringPersistenceUnitInfo - No LoadTimeWeaver setup: ignoring JPA class transformer
2025-08-11 18:39:25 INFO  com.zaxxer.hikari.HikariDataSource - HikariPool-1 - Starting...
2025-08-11 18:39:26 INFO  com.zaxxer.hikari.pool.HikariPool - HikariPool-1 - Added connection com.mysql.cj.jdbc.ConnectionImpl@2a2798a2
2025-08-11 18:39:26 INFO  com.zaxxer.hikari.HikariDataSource - HikariPool-1 - Start completed.
2025-08-11 18:39:26 WARN  org.hibernate.orm.deprecation - HHH90000025: MySQL8Dialect does not need to be specified explicitly using 'hibernate.dialect' (remove the property setting and it will be selected by default)
2025-08-11 18:39:26 WARN  org.hibernate.orm.deprecation - HHH90000026: MySQL8Dialect has been deprecated; use org.hibernate.dialect.MySQLDialect instead
2025-08-11 18:39:26 INFO  o.hibernate.orm.connections.pooling - HHH10001005: Database info:
	Database JDBC URL [Connecting through datasource 'HikariDataSource (HikariPool-1)']
	Database driver: undefined/unknown
	Database version: 8.0
	Autocommit mode: undefined/unknown
	Isolation level: undefined/unknown
	Minimum pool size: undefined/unknown
	Maximum pool size: undefined/unknown
2025-08-11 18:39:28 INFO  o.h.e.t.j.p.i.JtaPlatformInitiator - HHH000489: No JTA platform available (set 'hibernate.transaction.jta.platform' to enable JTA platform integration)
2025-08-11 18:39:28 INFO  o.s.o.j.LocalContainerEntityManagerFactoryBean - Initialized JPA EntityManagerFactory for persistence unit 'default'
2025-08-11 18:39:28 INFO  o.s.d.j.r.query.QueryEnhancerFactory - Hibernate is in classpath; If applicable, HQL parser will be used.
2025-08-11 18:39:29 WARN  o.s.b.a.o.j.JpaBaseConfiguration$JpaWebConfiguration - spring.jpa.open-in-view is enabled by default. Therefore, database queries may be performed during view rendering. Explicitly configure spring.jpa.open-in-view to disable this warning
2025-08-11 18:39:30 INFO  c.e.e.EmployeeApplicationTests - Started EmployeeApplicationTests in 9.084 seconds (process running for 10.441)
2025-08-11 18:39:32 INFO  o.s.o.j.LocalContainerEntityManagerFactoryBean - Closing JPA EntityManagerFactory for persistence unit 'default'
2025-08-11 18:39:32 INFO  com.zaxxer.hikari.HikariDataSource - HikariPool-1 - Shutdown initiated...
2025-08-11 18:39:32 INFO  com.zaxxer.hikari.HikariDataSource - HikariPool-1 - Shutdown completed.
2025-08-11 18:40:20 INFO  o.h.validator.internal.util.Version - HV000001: Hibernate Validator 8.0.2.Final
2025-08-11 18:40:20 WARN  o.s.b.t.j.DuplicateJsonObjectContextCustomizerFactory$DuplicateJsonObjectContextCustomizer - 

Found multiple occurrences of org.json.JSONObject on the class path:

	jar:file:/C:/Users/ho%20800g2/.m2/repository/org/json/json/20240303/json-20240303.jar!/org/json/JSONObject.class
	jar:file:/C:/Users/ho%20800g2/.m2/repository/com/vaadin/external/google/android-json/0.0.20131108.vaadin1/android-json-0.0.20131108.vaadin1.jar!/org/json/JSONObject.class

You may wish to exclude one of them to ensure predictable runtime behavior

2025-08-11 18:40:20 INFO  c.e.e.EmployeeApplicationTests - Starting EmployeeApplicationTests using Java 21.0.6 with PID 17944 (started by ho 800g2 in C:\Users\ho 800g2\OneDrive\Desktop\Jani\nology\sessions\Spring\EmployeeCreator\Backend\employee)
2025-08-11 18:40:20 DEBUG c.e.e.EmployeeApplicationTests - Running with Spring Boot v3.5.3, Spring v6.2.8
2025-08-11 18:40:20 INFO  c.e.e.EmployeeApplicationTests - No active profile set, falling back to 1 default profile: "default"
2025-08-11 18:40:21 INFO  o.s.d.r.c.RepositoryConfigurationDelegate - Bootstrapping Spring Data JPA repositories in DEFAULT mode.
2025-08-11 18:40:21 INFO  o.s.d.r.c.RepositoryConfigurationDelegate - Finished Spring Data repository scanning in 98 ms. Found 4 JPA repository interfaces.
2025-08-11 18:40:22 INFO  o.h.jpa.internal.util.LogHelper - HHH000204: Processing PersistenceUnitInfo [name: default]
2025-08-11 18:40:22 INFO  org.hibernate.Version - HHH000412: Hibernate ORM core version 6.6.18.Final
2025-08-11 18:40:22 INFO  o.h.c.i.RegionFactoryInitiator - HHH000026: Second-level cache disabled
2025-08-11 18:40:22 INFO  o.s.o.j.p.SpringPersistenceUnitInfo - No LoadTimeWeaver setup: ignoring JPA class transformer
2025-08-11 18:40:22 INFO  com.zaxxer.hikari.HikariDataSource - HikariPool-1 - Starting...
2025-08-11 18:40:23 INFO  com.zaxxer.hikari.pool.HikariPool - HikariPool-1 - Added connection com.mysql.cj.jdbc.ConnectionImpl@2833c093
2025-08-11 18:40:23 INFO  com.zaxxer.hikari.HikariDataSource - HikariPool-1 - Start completed.
2025-08-11 18:40:23 WARN  org.hibernate.orm.deprecation - HHH90000025: MySQL8Dialect does not need to be specified explicitly using 'hibernate.dialect' (remove the property setting and it will be selected by default)
2025-08-11 18:40:23 WARN  org.hibernate.orm.deprecation - HHH90000026: MySQL8Dialect has been deprecated; use org.hibernate.dialect.MySQLDialect instead
2025-08-11 18:40:23 INFO  o.hibernate.orm.connections.pooling - HHH10001005: Database info:
	Database JDBC URL [Connecting through datasource 'HikariDataSource (HikariPool-1)']
	Database driver: undefined/unknown
	Database version: 8.0
	Autocommit mode: undefined/unknown
	Isolation level: undefined/unknown
	Minimum pool size: undefined/unknown
	Maximum pool size: undefined/unknown
2025-08-11 18:40:24 INFO  o.h.e.t.j.p.i.JtaPlatformInitiator - HHH000489: No JTA platform available (set 'hibernate.transaction.jta.platform' to enable JTA platform integration)
2025-08-11 18:40:24 INFO  o.s.o.j.LocalContainerEntityManagerFactoryBean - Initialized JPA EntityManagerFactory for persistence unit 'default'
2025-08-11 18:40:25 INFO  o.s.d.j.r.query.QueryEnhancerFactory - Hibernate is in classpath; If applicable, HQL parser will be used.
2025-08-11 18:40:26 WARN  o.s.b.a.o.j.JpaBaseConfiguration$JpaWebConfiguration - spring.jpa.open-in-view is enabled by default. Therefore, database queries may be performed during view rendering. Explicitly configure spring.jpa.open-in-view to disable this warning
2025-08-11 18:40:26 INFO  c.e.e.EmployeeApplicationTests - Started EmployeeApplicationTests in 7.14 seconds (process running for 8.471)
2025-08-11 18:40:28 INFO  o.s.o.j.LocalContainerEntityManagerFactoryBean - Closing JPA EntityManagerFactory for persistence unit 'default'
2025-08-11 18:40:28 INFO  com.zaxxer.hikari.HikariDataSource - HikariPool-1 - Shutdown initiated...
2025-08-11 18:40:28 INFO  com.zaxxer.hikari.HikariDataSource - HikariPool-1 - Shutdown completed.
2025-08-11 18:42:04 INFO  o.h.validator.internal.util.Version - HV000001: Hibernate Validator 8.0.2.Final
2025-08-11 18:42:04 WARN  o.s.b.t.j.DuplicateJsonObjectContextCustomizerFactory$DuplicateJsonObjectContextCustomizer - 

Found multiple occurrences of org.json.JSONObject on the class path:

	jar:file:/C:/Users/ho%20800g2/.m2/repository/org/json/json/20240303/json-20240303.jar!/org/json/JSONObject.class
	jar:file:/C:/Users/ho%20800g2/.m2/repository/com/vaadin/external/google/android-json/0.0.20131108.vaadin1/android-json-0.0.20131108.vaadin1.jar!/org/json/JSONObject.class

You may wish to exclude one of them to ensure predictable runtime behavior

2025-08-11 18:42:05 INFO  c.e.e.EmployeeApplicationTests - Starting EmployeeApplicationTests using Java 21.0.6 with PID 6864 (started by ho 800g2 in C:\Users\ho 800g2\OneDrive\Desktop\Jani\nology\sessions\Spring\EmployeeCreator\Backend\employee)
2025-08-11 18:42:05 DEBUG c.e.e.EmployeeApplicationTests - Running with Spring Boot v3.5.3, Spring v6.2.8
2025-08-11 18:42:05 INFO  c.e.e.EmployeeApplicationTests - No active profile set, falling back to 1 default profile: "default"
2025-08-11 18:42:06 INFO  o.s.d.r.c.RepositoryConfigurationDelegate - Bootstrapping Spring Data JPA repositories in DEFAULT mode.
2025-08-11 18:42:06 INFO  o.s.d.r.c.RepositoryConfigurationDelegate - Finished Spring Data repository scanning in 85 ms. Found 4 JPA repository interfaces.
2025-08-11 18:42:06 INFO  o.h.jpa.internal.util.LogHelper - HHH000204: Processing PersistenceUnitInfo [name: default]
2025-08-11 18:42:07 INFO  org.hibernate.Version - HHH000412: Hibernate ORM core version 6.6.18.Final
2025-08-11 18:42:07 INFO  o.h.c.i.RegionFactoryInitiator - HHH000026: Second-level cache disabled
2025-08-11 18:42:07 INFO  o.s.o.j.p.SpringPersistenceUnitInfo - No LoadTimeWeaver setup: ignoring JPA class transformer
2025-08-11 18:42:07 INFO  com.zaxxer.hikari.HikariDataSource - HikariPool-1 - Starting...
2025-08-11 18:42:08 INFO  com.zaxxer.hikari.pool.HikariPool - HikariPool-1 - Added connection com.mysql.cj.jdbc.ConnectionImpl@2a2798a2
2025-08-11 18:42:08 INFO  com.zaxxer.hikari.HikariDataSource - HikariPool-1 - Start completed.
2025-08-11 18:42:08 WARN  org.hibernate.orm.deprecation - HHH90000025: MySQL8Dialect does not need to be specified explicitly using 'hibernate.dialect' (remove the property setting and it will be selected by default)
2025-08-11 18:42:08 WARN  org.hibernate.orm.deprecation - HHH90000026: MySQL8Dialect has been deprecated; use org.hibernate.dialect.MySQLDialect instead
2025-08-11 18:42:08 INFO  o.hibernate.orm.connections.pooling - HHH10001005: Database info:
	Database JDBC URL [Connecting through datasource 'HikariDataSource (HikariPool-1)']
	Database driver: undefined/unknown
	Database version: 8.0
	Autocommit mode: undefined/unknown
	Isolation level: undefined/unknown
	Minimum pool size: undefined/unknown
	Maximum pool size: undefined/unknown
2025-08-11 18:42:09 INFO  o.h.e.t.j.p.i.JtaPlatformInitiator - HHH000489: No JTA platform available (set 'hibernate.transaction.jta.platform' to enable JTA platform integration)
2025-08-11 18:42:10 INFO  o.s.o.j.LocalContainerEntityManagerFactoryBean - Initialized JPA EntityManagerFactory for persistence unit 'default'
2025-08-11 18:42:11 INFO  o.s.d.j.r.query.QueryEnhancerFactory - Hibernate is in classpath; If applicable, HQL parser will be used.
2025-08-11 18:42:12 WARN  o.s.b.a.o.j.JpaBaseConfiguration$JpaWebConfiguration - spring.jpa.open-in-view is enabled by default. Therefore, database queries may be performed during view rendering. Explicitly configure spring.jpa.open-in-view to disable this warning
2025-08-11 18:42:13 INFO  c.e.e.EmployeeApplicationTests - Started EmployeeApplicationTests in 8.653 seconds (process running for 9.889)
2025-08-11 18:42:14 INFO  o.s.o.j.LocalContainerEntityManagerFactoryBean - Closing JPA EntityManagerFactory for persistence unit 'default'
2025-08-11 18:42:14 INFO  com.zaxxer.hikari.HikariDataSource - HikariPool-1 - Shutdown initiated...
2025-08-11 18:42:14 INFO  com.zaxxer.hikari.HikariDataSource - HikariPool-1 - Shutdown completed.
2025-08-11 18:42:46 INFO  o.h.validator.internal.util.Version - HV000001: Hibernate Validator 8.0.2.Final
2025-08-11 18:42:46 WARN  o.s.b.t.j.DuplicateJsonObjectContextCustomizerFactory$DuplicateJsonObjectContextCustomizer - 

Found multiple occurrences of org.json.JSONObject on the class path:

	jar:file:/C:/Users/ho%20800g2/.m2/repository/org/json/json/20240303/json-20240303.jar!/org/json/JSONObject.class
	jar:file:/C:/Users/ho%20800g2/.m2/repository/com/vaadin/external/google/android-json/0.0.20131108.vaadin1/android-json-0.0.20131108.vaadin1.jar!/org/json/JSONObject.class

You may wish to exclude one of them to ensure predictable runtime behavior

2025-08-11 18:42:46 INFO  c.e.e.EmployeeApplicationTests - Starting EmployeeApplicationTests using Java 21.0.6 with PID 17144 (started by ho 800g2 in C:\Users\ho 800g2\OneDrive\Desktop\Jani\nology\sessions\Spring\EmployeeCreator\Backend\employee)
2025-08-11 18:42:46 DEBUG c.e.e.EmployeeApplicationTests - Running with Spring Boot v3.5.3, Spring v6.2.8
2025-08-11 18:42:46 INFO  c.e.e.EmployeeApplicationTests - No active profile set, falling back to 1 default profile: "default"
2025-08-11 18:42:47 INFO  o.s.d.r.c.RepositoryConfigurationDelegate - Bootstrapping Spring Data JPA repositories in DEFAULT mode.
2025-08-11 18:42:47 INFO  o.s.d.r.c.RepositoryConfigurationDelegate - Finished Spring Data repository scanning in 91 ms. Found 4 JPA repository interfaces.
2025-08-11 18:42:48 INFO  o.h.jpa.internal.util.LogHelper - HHH000204: Processing PersistenceUnitInfo [name: default]
2025-08-11 18:42:48 INFO  org.hibernate.Version - HHH000412: Hibernate ORM core version 6.6.18.Final
2025-08-11 18:42:48 INFO  o.h.c.i.RegionFactoryInitiator - HHH000026: Second-level cache disabled
2025-08-11 18:42:48 INFO  o.s.o.j.p.SpringPersistenceUnitInfo - No LoadTimeWeaver setup: ignoring JPA class transformer
2025-08-11 18:42:48 INFO  com.zaxxer.hikari.HikariDataSource - HikariPool-1 - Starting...
2025-08-11 18:42:49 INFO  com.zaxxer.hikari.pool.HikariPool - HikariPool-1 - Added connection com.mysql.cj.jdbc.ConnectionImpl@2833c093
2025-08-11 18:42:49 INFO  com.zaxxer.hikari.HikariDataSource - HikariPool-1 - Start completed.
2025-08-11 18:42:49 WARN  org.hibernate.orm.deprecation - HHH90000025: MySQL8Dialect does not need to be specified explicitly using 'hibernate.dialect' (remove the property setting and it will be selected by default)
2025-08-11 18:42:49 WARN  org.hibernate.orm.deprecation - HHH90000026: MySQL8Dialect has been deprecated; use org.hibernate.dialect.MySQLDialect instead
2025-08-11 18:42:49 INFO  o.hibernate.orm.connections.pooling - HHH10001005: Database info:
	Database JDBC URL [Connecting through datasource 'HikariDataSource (HikariPool-1)']
	Database driver: undefined/unknown
	Database version: 8.0
	Autocommit mode: undefined/unknown
	Isolation level: undefined/unknown
	Minimum pool size: undefined/unknown
	Maximum pool size: undefined/unknown
2025-08-11 18:42:50 INFO  o.h.e.t.j.p.i.JtaPlatformInitiator - HHH000489: No JTA platform available (set 'hibernate.transaction.jta.platform' to enable JTA platform integration)
2025-08-11 18:42:50 INFO  o.s.o.j.LocalContainerEntityManagerFactoryBean - Initialized JPA EntityManagerFactory for persistence unit 'default'
2025-08-11 18:42:51 INFO  o.s.d.j.r.query.QueryEnhancerFactory - Hibernate is in classpath; If applicable, HQL parser will be used.
2025-08-11 18:42:52 WARN  o.s.b.a.o.j.JpaBaseConfiguration$JpaWebConfiguration - spring.jpa.open-in-view is enabled by default. Therefore, database queries may be performed during view rendering. Explicitly configure spring.jpa.open-in-view to disable this warning
2025-08-11 18:42:52 INFO  c.e.e.EmployeeApplicationTests - Started EmployeeApplicationTests in 7.066 seconds (process running for 8.334)
2025-08-11 18:42:54 INFO  o.s.o.j.LocalContainerEntityManagerFactoryBean - Closing JPA EntityManagerFactory for persistence unit 'default'
2025-08-11 18:42:54 INFO  com.zaxxer.hikari.HikariDataSource - HikariPool-1 - Shutdown initiated...
2025-08-11 18:42:54 INFO  com.zaxxer.hikari.HikariDataSource - HikariPool-1 - Shutdown completed.
