2025-08-18 00:35:02 WARN  com.zaxxer.hikari.pool.HikariPool - HikariPool-1 - Thread starvation or clock leap detected (housekeeper delta=2h55m28s358ms709µs900ns).
2025-08-18 09:46:38 WARN  com.zaxxer.hikari.pool.HikariPool - HikariPool-1 - Thread starvation or clock leap detected (housekeeper delta=8h39m40s691ms821µs400ns).
2025-08-18 10:07:08 INFO  o.s.b.w.e.tomcat.GracefulShutdown - Commencing graceful shutdown. Waiting for active requests to complete
2025-08-18 10:07:08 INFO  o.s.b.w.e.tomcat.GracefulShutdown - Graceful shutdown complete
2025-08-18 10:07:08 INFO  o.s.o.j.LocalContainerEntityManagerFactoryBean - Closing JPA EntityManagerFactory for persistence unit 'default'
2025-08-18 10:07:08 INFO  com.zaxxer.hikari.HikariDataSource - HikariPool-1 - Shutdown initiated...
2025-08-18 10:07:08 INFO  com.zaxxer.hikari.HikariDataSource - HikariPool-1 - Shutdown completed.
2025-08-18 10:07:55 INFO  o.h.validator.internal.util.Version - HV000001: Hibernate Validator 8.0.2.Final
2025-08-18 10:07:55 INFO  c.e.employee.EmployeeApplication - Starting EmployeeApplication using Java 21.0.6 with PID 25292 (C:\Users\ho 800g2\OneDrive\Desktop\Jani\nology\sessions\Spring\EmployeeCreator\Backend\employee\target\classes started by ho 800g2 in C:\Users\ho 800g2\OneDrive\Desktop\Jani\nology\sessions\Spring\EmployeeCreator\Backend\employee)
2025-08-18 10:07:55 DEBUG c.e.employee.EmployeeApplication - Running with Spring Boot v3.5.3, Spring v6.2.8
2025-08-18 10:07:55 INFO  c.e.employee.EmployeeApplication - No active profile set, falling back to 1 default profile: "default"
2025-08-18 10:07:55 INFO  o.s.b.d.e.DevToolsPropertyDefaultsPostProcessor - Devtools property defaults active! Set 'spring.devtools.add-properties' to 'false' to disable
2025-08-18 10:07:55 INFO  o.s.b.d.e.DevToolsPropertyDefaultsPostProcessor - For additional web related logging consider setting the 'logging.level.web' property to 'DEBUG'
2025-08-18 10:07:56 INFO  o.s.d.r.c.RepositoryConfigurationDelegate - Bootstrapping Spring Data JPA repositories in DEFAULT mode.
2025-08-18 10:07:56 INFO  o.s.d.r.c.RepositoryConfigurationDelegate - Finished Spring Data repository scanning in 81 ms. Found 4 JPA repository interfaces.
2025-08-18 10:07:57 INFO  o.s.b.w.e.tomcat.TomcatWebServer - Tomcat initialized with port 8080 (http)
2025-08-18 10:07:57 INFO  o.a.coyote.http11.Http11NioProtocol - Initializing ProtocolHandler ["http-nio-8080"]
2025-08-18 10:07:57 INFO  o.a.catalina.core.StandardService - Starting service [Tomcat]
2025-08-18 10:07:57 INFO  o.a.catalina.core.StandardEngine - Starting Servlet engine: [Apache Tomcat/10.1.42]
2025-08-18 10:07:57 INFO  o.a.c.c.C.[Tomcat].[localhost].[/] - Initializing Spring embedded WebApplicationContext
2025-08-18 10:07:57 INFO  o.s.b.w.s.c.ServletWebServerApplicationContext - Root WebApplicationContext: initialization completed in 1695 ms
2025-08-18 10:07:57 INFO  o.h.jpa.internal.util.LogHelper - HHH000204: Processing PersistenceUnitInfo [name: default]
2025-08-18 10:07:57 INFO  org.hibernate.Version - HHH000412: Hibernate ORM core version 6.6.18.Final
2025-08-18 10:07:57 INFO  o.h.c.i.RegionFactoryInitiator - HHH000026: Second-level cache disabled
2025-08-18 10:07:57 INFO  o.s.o.j.p.SpringPersistenceUnitInfo - No LoadTimeWeaver setup: ignoring JPA class transformer
2025-08-18 10:07:57 INFO  com.zaxxer.hikari.HikariDataSource - HikariPool-1 - Starting...
2025-08-18 10:07:58 INFO  com.zaxxer.hikari.pool.HikariPool - HikariPool-1 - Added connection com.mysql.cj.jdbc.ConnectionImpl@b08b078
2025-08-18 10:07:58 INFO  com.zaxxer.hikari.HikariDataSource - HikariPool-1 - Start completed.
2025-08-18 10:07:58 WARN  org.hibernate.orm.deprecation - HHH90000025: MySQL8Dialect does not need to be specified explicitly using 'hibernate.dialect' (remove the property setting and it will be selected by default)
2025-08-18 10:07:58 WARN  org.hibernate.orm.deprecation - HHH90000026: MySQL8Dialect has been deprecated; use org.hibernate.dialect.MySQLDialect instead
2025-08-18 10:07:58 INFO  o.hibernate.orm.connections.pooling - HHH10001005: Database info:
	Database JDBC URL [Connecting through datasource 'HikariDataSource (HikariPool-1)']
	Database driver: undefined/unknown
	Database version: 8.0
	Autocommit mode: undefined/unknown
	Isolation level: undefined/unknown
	Minimum pool size: undefined/unknown
	Maximum pool size: undefined/unknown
2025-08-18 10:07:59 INFO  o.h.e.t.j.p.i.JtaPlatformInitiator - HHH000489: No JTA platform available (set 'hibernate.transaction.jta.platform' to enable JTA platform integration)
2025-08-18 10:07:59 INFO  o.s.o.j.LocalContainerEntityManagerFactoryBean - Initialized JPA EntityManagerFactory for persistence unit 'default'
2025-08-18 10:08:00 INFO  o.s.d.j.r.query.QueryEnhancerFactory - Hibernate is in classpath; If applicable, HQL parser will be used.
2025-08-18 10:08:01 WARN  o.s.b.a.o.j.JpaBaseConfiguration$JpaWebConfiguration - spring.jpa.open-in-view is enabled by default. Therefore, database queries may be performed during view rendering. Explicitly configure spring.jpa.open-in-view to disable this warning
2025-08-18 10:08:01 INFO  o.s.b.d.a.OptionalLiveReloadServer - LiveReload server is running on port 35729
2025-08-18 10:08:01 INFO  o.a.coyote.http11.Http11NioProtocol - Starting ProtocolHandler ["http-nio-8080"]
2025-08-18 10:08:01 INFO  o.s.b.w.e.tomcat.TomcatWebServer - Tomcat started on port 8080 (http) with context path '/'
2025-08-18 10:08:01 INFO  c.e.employee.EmployeeApplication - Started EmployeeApplication in 6.842 seconds (process running for 7.43)
2025-08-18 10:08:10 INFO  o.a.c.c.C.[Tomcat].[localhost].[/] - Initializing Spring DispatcherServlet 'dispatcherServlet'
2025-08-18 10:08:10 INFO  o.s.web.servlet.DispatcherServlet - Initializing Servlet 'dispatcherServlet'
2025-08-18 10:08:10 INFO  o.s.web.servlet.DispatcherServlet - Completed initialization in 2 ms
2025-08-18 10:08:10 DEBUG c.e.e.e.EmployeeController - Fetching all employees
2025-08-18 10:08:10 DEBUG c.e.e.e.EmployeeService - Fetching all employees
2025-08-18 10:08:10 DEBUG c.e.e.e.EmployeeController - Fetched 10 employees
2025-08-18 10:08:10 DEBUG c.e.e.e.EmployeeController - Fetching all employees
2025-08-18 10:08:10 DEBUG c.e.e.e.EmployeeService - Fetching all employees
2025-08-18 10:08:10 DEBUG c.e.e.e.EmployeeController - Fetched 10 employees
2025-08-18 10:08:41 DEBUG c.e.e.contract.ContractService - Creating contract for employee ID: 117, DTO: com.example.employee.contract.dto.ContractCreateDTO@3194aa46
2025-08-18 10:08:41 DEBUG c.e.e.contract.ContractService - Created contract ID: 223 for employee ID: 117
2025-08-18 10:08:41 DEBUG c.e.e.e.EmployeeController - Fetching all employees
2025-08-18 10:08:41 DEBUG c.e.e.e.EmployeeService - Fetching all employees
2025-08-18 10:08:41 DEBUG c.e.e.e.EmployeeController - Fetched 10 employees
2025-08-18 10:08:41 DEBUG c.e.e.e.EmployeeController - Fetching all employees
2025-08-18 10:08:41 DEBUG c.e.e.e.EmployeeService - Fetching all employees
2025-08-18 10:08:41 DEBUG c.e.e.e.EmployeeController - Fetched 10 employees
2025-08-18 10:08:41 DEBUG c.e.e.e.EmployeeController - Fetching all employees
2025-08-18 10:08:41 DEBUG c.e.e.e.EmployeeService - Fetching all employees
2025-08-18 10:08:41 DEBUG c.e.e.e.EmployeeController - Fetched 10 employees
2025-08-18 10:09:29 DEBUG c.e.e.contract.ContractService - Creating contract for employee ID: 118, DTO: com.example.employee.contract.dto.ContractCreateDTO@4bf5d99c
2025-08-18 10:09:29 DEBUG c.e.e.contract.ContractService - Created contract ID: 224 for employee ID: 118
2025-08-18 10:09:29 DEBUG c.e.e.e.EmployeeController - Fetching all employees
2025-08-18 10:09:29 DEBUG c.e.e.e.EmployeeService - Fetching all employees
2025-08-18 10:09:29 DEBUG c.e.e.e.EmployeeController - Fetched 10 employees
2025-08-18 10:09:29 DEBUG c.e.e.e.EmployeeController - Fetching all employees
2025-08-18 10:09:29 DEBUG c.e.e.e.EmployeeService - Fetching all employees
2025-08-18 10:09:29 DEBUG c.e.e.e.EmployeeController - Fetched 10 employees
2025-08-18 10:09:29 DEBUG c.e.e.e.EmployeeController - Fetching all employees
2025-08-18 10:09:29 DEBUG c.e.e.e.EmployeeService - Fetching all employees
2025-08-18 10:09:29 DEBUG c.e.e.e.EmployeeController - Fetched 10 employees
2025-08-18 10:18:33 DEBUG c.e.e.contract.ContractService - Creating contract for employee ID: 118, DTO: com.example.employee.contract.dto.ContractCreateDTO@1224fe19
2025-08-18 10:18:33 DEBUG c.e.e.contract.ContractService - Created contract ID: 225 for employee ID: 118
2025-08-18 10:18:35 DEBUG c.e.e.e.EmployeeController - Fetching all employees
2025-08-18 10:18:35 DEBUG c.e.e.e.EmployeeService - Fetching all employees
2025-08-18 10:18:35 DEBUG c.e.e.e.EmployeeController - Fetched 10 employees
2025-08-18 10:18:37 DEBUG c.e.e.e.EmployeeController - Fetching all employees
2025-08-18 10:18:37 DEBUG c.e.e.e.EmployeeService - Fetching all employees
2025-08-18 10:18:37 DEBUG c.e.e.e.EmployeeController - Fetched 10 employees
2025-08-18 10:18:39 DEBUG c.e.e.e.EmployeeController - Fetching all employees
2025-08-18 10:18:39 DEBUG c.e.e.e.EmployeeService - Fetching all employees
2025-08-18 10:18:40 DEBUG c.e.e.e.EmployeeController - Fetched 10 employees
2025-08-18 10:49:51 DEBUG c.e.e.e.EmployeeController - Fetching all employees
2025-08-18 10:49:51 DEBUG c.e.e.e.EmployeeService - Fetching all employees
2025-08-18 10:49:51 DEBUG c.e.e.e.EmployeeController - Fetched 10 employees
2025-08-18 10:49:51 DEBUG c.e.e.e.EmployeeController - Fetching all employees
2025-08-18 10:49:51 DEBUG c.e.e.e.EmployeeService - Fetching all employees
2025-08-18 10:49:51 DEBUG c.e.e.e.EmployeeController - Fetched 10 employees
2025-08-18 10:51:30 DEBUG c.e.e.e.EmployeeController - Fetching all employees
2025-08-18 10:51:30 DEBUG c.e.e.e.EmployeeService - Fetching all employees
2025-08-18 10:51:30 DEBUG c.e.e.e.EmployeeController - Fetched 10 employees
2025-08-18 10:51:30 DEBUG c.e.e.e.EmployeeController - Fetching all employees
2025-08-18 10:51:30 DEBUG c.e.e.e.EmployeeService - Fetching all employees
2025-08-18 10:51:30 DEBUG c.e.e.e.EmployeeController - Fetched 10 employees
2025-08-18 10:53:50 DEBUG c.e.e.e.EmployeeController - Fetching all employees
2025-08-18 10:53:50 DEBUG c.e.e.e.EmployeeService - Fetching all employees
2025-08-18 10:53:50 DEBUG c.e.e.e.EmployeeController - Fetched 10 employees
2025-08-18 10:53:50 DEBUG c.e.e.e.EmployeeController - Fetching all employees
2025-08-18 10:53:50 DEBUG c.e.e.e.EmployeeService - Fetching all employees
2025-08-18 10:53:50 DEBUG c.e.e.e.EmployeeController - Fetched 10 employees
2025-08-18 10:53:57 DEBUG c.e.e.e.EmployeeController - Fetching all employees
2025-08-18 10:53:57 DEBUG c.e.e.e.EmployeeService - Fetching all employees
2025-08-18 10:53:57 DEBUG c.e.e.e.EmployeeController - Fetched 10 employees
2025-08-18 10:53:57 DEBUG c.e.e.e.EmployeeController - Fetching all employees
2025-08-18 10:53:57 DEBUG c.e.e.e.EmployeeService - Fetching all employees
2025-08-18 10:53:57 DEBUG c.e.e.e.EmployeeController - Fetched 10 employees
2025-08-18 10:55:16 DEBUG c.e.e.e.EmployeeController - Fetching all employees
2025-08-18 10:55:16 DEBUG c.e.e.e.EmployeeService - Fetching all employees
2025-08-18 10:55:16 DEBUG c.e.e.e.EmployeeController - Fetched 10 employees
2025-08-18 10:55:18 DEBUG c.e.e.e.EmployeeController - Fetching all employees
2025-08-18 10:55:18 DEBUG c.e.e.e.EmployeeService - Fetching all employees
2025-08-18 10:55:18 DEBUG c.e.e.e.EmployeeController - Fetched 10 employees
2025-08-18 10:56:48 DEBUG c.e.e.e.EmployeeController - Replacing employee with ID: 126
2025-08-18 10:56:48 INFO  c.e.e.e.EmployeeService - Updating employee with id: 126
2025-08-18 10:56:48 DEBUG c.e.e.e.EmployeeService - Fetching employee with ID: 126
2025-08-18 10:56:48 INFO  c.e.e.e.EmployeeService - Updated details for employee with id: 126
2025-08-18 10:56:48 INFO  c.e.e.e.EmployeeController - Replaced employee with ID: 126
2025-08-18 10:56:50 DEBUG c.e.e.e.EmployeeController - Fetching all employees
2025-08-18 10:56:50 DEBUG c.e.e.e.EmployeeService - Fetching all employees
2025-08-18 10:56:50 DEBUG c.e.e.e.EmployeeController - Fetched 10 employees
2025-08-18 10:57:33 DEBUG c.e.e.e.EmployeeController - Received request to create new Employee
2025-08-18 10:57:33 DEBUG c.e.e.e.EmployeeService - Creating a new employee with data: com.example.employee.employeedetails.dto.CreateEmployeeDTO@47460aaf
2025-08-18 10:57:34 INFO  c.e.e.e.EmployeeService - Employee created with ID: 127
2025-08-18 10:57:34 DEBUG c.e.e.e.EmployeeController - Created new Employee: 127
2025-08-18 10:57:36 DEBUG c.e.e.e.EmployeeController - Fetching all employees
2025-08-18 10:57:36 DEBUG c.e.e.e.EmployeeService - Fetching all employees
2025-08-18 10:57:36 DEBUG c.e.e.e.EmployeeController - Fetched 11 employees
2025-08-18 10:57:50 DEBUG c.e.e.contract.ContractService - Creating contract for employee ID: 127, DTO: com.example.employee.contract.dto.ContractCreateDTO@219c2778
2025-08-18 10:57:50 DEBUG c.e.e.contract.ContractService - Created contract ID: 226 for employee ID: 127
2025-08-18 10:57:52 DEBUG c.e.e.e.EmployeeController - Fetching all employees
2025-08-18 10:57:52 DEBUG c.e.e.e.EmployeeService - Fetching all employees
2025-08-18 10:57:52 DEBUG c.e.e.e.EmployeeController - Fetched 11 employees
2025-08-18 10:57:54 DEBUG c.e.e.e.EmployeeController - Fetching all employees
2025-08-18 10:57:54 DEBUG c.e.e.e.EmployeeService - Fetching all employees
2025-08-18 10:57:54 DEBUG c.e.e.e.EmployeeController - Fetched 11 employees
2025-08-18 10:57:56 DEBUG c.e.e.e.EmployeeController - Fetching all employees
2025-08-18 10:57:56 DEBUG c.e.e.e.EmployeeService - Fetching all employees
2025-08-18 10:57:56 DEBUG c.e.e.e.EmployeeController - Fetched 11 employees
2025-08-18 10:58:06 WARN  o.s.w.s.m.s.DefaultHandlerExceptionResolver - Resolved [org.springframework.web.bind.MethodArgumentNotValidException: Validation failed for argument [1] in public org.springframework.http.ResponseEntity<com.example.employee.employeedetails.Employee> com.example.employee.employeedetails.EmployeeController.replaceEmployee(int,com.example.employee.employeedetails.dto.UpdateEmployeeDTO) throws com.example.employee.common.exceptions.NotFoundException: [Field error in object 'updateEmployeeDTO' on field 'mobileNumber': rejected value [6141234569]; codes [Pattern.updateEmployeeDTO.mobileNumber,Pattern.mobileNumber,Pattern.java.lang.String,Pattern]; arguments [org.springframework.context.support.DefaultMessageSourceResolvable: codes [updateEmployeeDTO.mobileNumber,mobileNumber]; arguments []; default message [mobileNumber],[Ljakarta.validation.constraints.Pattern$Flag;@5013a322,^((\+61|0)[2-478](\s?\d){8})$]; default message [Mobile number must be a valid Australian number, starting with +61 or 0]] ]
2025-08-18 10:58:32 DEBUG c.e.e.contract.ContractService - Creating contract for employee ID: 127, DTO: com.example.employee.contract.dto.ContractCreateDTO@39e3f6d3
2025-08-18 10:58:32 DEBUG c.e.e.contract.ContractService - Created contract ID: 227 for employee ID: 127
2025-08-18 10:58:34 DEBUG c.e.e.e.EmployeeController - Fetching all employees
2025-08-18 10:58:34 DEBUG c.e.e.e.EmployeeService - Fetching all employees
2025-08-18 10:58:34 DEBUG c.e.e.e.EmployeeController - Fetched 11 employees
2025-08-18 10:58:36 DEBUG c.e.e.e.EmployeeController - Fetching all employees
2025-08-18 10:58:36 DEBUG c.e.e.e.EmployeeService - Fetching all employees
2025-08-18 10:58:36 DEBUG c.e.e.e.EmployeeController - Fetched 11 employees
2025-08-18 10:58:39 DEBUG c.e.e.e.EmployeeController - Fetching all employees
2025-08-18 10:58:39 DEBUG c.e.e.e.EmployeeService - Fetching all employees
2025-08-18 10:58:39 DEBUG c.e.e.e.EmployeeController - Fetched 11 employees
2025-08-18 10:58:42 WARN  o.s.w.s.m.s.DefaultHandlerExceptionResolver - Resolved [org.springframework.web.bind.MethodArgumentNotValidException: Validation failed for argument [1] in public org.springframework.http.ResponseEntity<com.example.employee.employeedetails.Employee> com.example.employee.employeedetails.EmployeeController.replaceEmployee(int,com.example.employee.employeedetails.dto.UpdateEmployeeDTO) throws com.example.employee.common.exceptions.NotFoundException: [Field error in object 'updateEmployeeDTO' on field 'mobileNumber': rejected value [6141234569]; codes [Pattern.updateEmployeeDTO.mobileNumber,Pattern.mobileNumber,Pattern.java.lang.String,Pattern]; arguments [org.springframework.context.support.DefaultMessageSourceResolvable: codes [updateEmployeeDTO.mobileNumber,mobileNumber]; arguments []; default message [mobileNumber],[Ljakarta.validation.constraints.Pattern$Flag;@5013a322,^((\+61|0)[2-478](\s?\d){8})$]; default message [Mobile number must be a valid Australian number, starting with +61 or 0]] ]
2025-08-18 11:00:05 WARN  o.s.w.s.m.s.DefaultHandlerExceptionResolver - Resolved [org.springframework.web.bind.MethodArgumentNotValidException: Validation failed for argument [1] in public org.springframework.http.ResponseEntity<com.example.employee.employeedetails.Employee> com.example.employee.employeedetails.EmployeeController.replaceEmployee(int,com.example.employee.employeedetails.dto.UpdateEmployeeDTO) throws com.example.employee.common.exceptions.NotFoundException: [Field error in object 'updateEmployeeDTO' on field 'mobileNumber': rejected value [6141234569]; codes [Pattern.updateEmployeeDTO.mobileNumber,Pattern.mobileNumber,Pattern.java.lang.String,Pattern]; arguments [org.springframework.context.support.DefaultMessageSourceResolvable: codes [updateEmployeeDTO.mobileNumber,mobileNumber]; arguments []; default message [mobileNumber],[Ljakarta.validation.constraints.Pattern$Flag;@5013a322,^((\+61|0)[2-478](\s?\d){8})$]; default message [Mobile number must be a valid Australian number, starting with +61 or 0]] ]
2025-08-18 11:00:23 WARN  o.s.w.s.m.s.DefaultHandlerExceptionResolver - Resolved [org.springframework.web.bind.MethodArgumentNotValidException: Validation failed for argument [1] in public org.springframework.http.ResponseEntity<com.example.employee.employeedetails.Employee> com.example.employee.employeedetails.EmployeeController.replaceEmployee(int,com.example.employee.employeedetails.dto.UpdateEmployeeDTO) throws com.example.employee.common.exceptions.NotFoundException: [Field error in object 'updateEmployeeDTO' on field 'mobileNumber': rejected value [6141234569]; codes [Pattern.updateEmployeeDTO.mobileNumber,Pattern.mobileNumber,Pattern.java.lang.String,Pattern]; arguments [org.springframework.context.support.DefaultMessageSourceResolvable: codes [updateEmployeeDTO.mobileNumber,mobileNumber]; arguments []; default message [mobileNumber],[Ljakarta.validation.constraints.Pattern$Flag;@5013a322,^((\+61|0)[2-478](\s?\d){8})$]; default message [Mobile number must be a valid Australian number, starting with +61 or 0]] ]
2025-08-18 11:00:24 WARN  o.s.w.s.m.s.DefaultHandlerExceptionResolver - Resolved [org.springframework.web.bind.MethodArgumentNotValidException: Validation failed for argument [1] in public org.springframework.http.ResponseEntity<com.example.employee.employeedetails.Employee> com.example.employee.employeedetails.EmployeeController.replaceEmployee(int,com.example.employee.employeedetails.dto.UpdateEmployeeDTO) throws com.example.employee.common.exceptions.NotFoundException: [Field error in object 'updateEmployeeDTO' on field 'mobileNumber': rejected value [6141234569]; codes [Pattern.updateEmployeeDTO.mobileNumber,Pattern.mobileNumber,Pattern.java.lang.String,Pattern]; arguments [org.springframework.context.support.DefaultMessageSourceResolvable: codes [updateEmployeeDTO.mobileNumber,mobileNumber]; arguments []; default message [mobileNumber],[Ljakarta.validation.constraints.Pattern$Flag;@5013a322,^((\+61|0)[2-478](\s?\d){8})$]; default message [Mobile number must be a valid Australian number, starting with +61 or 0]] ]
2025-08-18 11:01:18 WARN  o.s.w.s.m.s.DefaultHandlerExceptionResolver - Resolved [org.springframework.web.bind.MethodArgumentNotValidException: Validation failed for argument [1] in public org.springframework.http.ResponseEntity<com.example.employee.employeedetails.Employee> com.example.employee.employeedetails.EmployeeController.replaceEmployee(int,com.example.employee.employeedetails.dto.UpdateEmployeeDTO) throws com.example.employee.common.exceptions.NotFoundException: [Field error in object 'updateEmployeeDTO' on field 'mobileNumber': rejected value [6141234566]; codes [Pattern.updateEmployeeDTO.mobileNumber,Pattern.mobileNumber,Pattern.java.lang.String,Pattern]; arguments [org.springframework.context.support.DefaultMessageSourceResolvable: codes [updateEmployeeDTO.mobileNumber,mobileNumber]; arguments []; default message [mobileNumber],[Ljakarta.validation.constraints.Pattern$Flag;@5013a322,^((\+61|0)[2-478](\s?\d){8})$]; default message [Mobile number must be a valid Australian number, starting with +61 or 0]] ]
2025-08-18 11:06:13 DEBUG c.e.e.e.EmployeeController - Replacing employee with ID: 119
2025-08-18 11:06:13 INFO  c.e.e.e.EmployeeService - Updating employee with id: 119
2025-08-18 11:06:13 DEBUG c.e.e.e.EmployeeService - Fetching employee with ID: 119
2025-08-18 11:06:13 INFO  c.e.e.e.EmployeeService - Updated details for employee with id: 119
2025-08-18 11:06:13 INFO  c.e.e.e.EmployeeController - Replaced employee with ID: 119
2025-08-18 11:06:15 DEBUG c.e.e.e.EmployeeController - Fetching all employees
2025-08-18 11:06:15 DEBUG c.e.e.e.EmployeeService - Fetching all employees
2025-08-18 11:06:15 DEBUG c.e.e.e.EmployeeController - Fetched 11 employees
2025-08-18 11:06:27 WARN  o.s.w.s.m.s.DefaultHandlerExceptionResolver - Resolved [org.springframework.web.bind.MethodArgumentNotValidException: Validation failed for argument [1] in public org.springframework.http.ResponseEntity<com.example.employee.employeedetails.Employee> com.example.employee.employeedetails.EmployeeController.replaceEmployee(int,com.example.employee.employeedetails.dto.UpdateEmployeeDTO) throws com.example.employee.common.exceptions.NotFoundException: [Field error in object 'updateEmployeeDTO' on field 'mobileNumber': rejected value [6141234569]; codes [Pattern.updateEmployeeDTO.mobileNumber,Pattern.mobileNumber,Pattern.java.lang.String,Pattern]; arguments [org.springframework.context.support.DefaultMessageSourceResolvable: codes [updateEmployeeDTO.mobileNumber,mobileNumber]; arguments []; default message [mobileNumber],[Ljakarta.validation.constraints.Pattern$Flag;@5013a322,^((\+61|0)[2-478](\s?\d){8})$]; default message [Mobile number must be a valid Australian number, starting with +61 or 0]] ]
2025-08-18 11:06:42 DEBUG c.e.e.contract.ContractService - Creating contract for employee ID: 127, DTO: com.example.employee.contract.dto.ContractCreateDTO@3d0c600d
2025-08-18 11:06:42 DEBUG c.e.e.contract.ContractService - Created contract ID: 228 for employee ID: 127
2025-08-18 11:06:44 DEBUG c.e.e.e.EmployeeController - Fetching all employees
2025-08-18 11:06:44 DEBUG c.e.e.e.EmployeeService - Fetching all employees
2025-08-18 11:06:44 DEBUG c.e.e.e.EmployeeController - Fetched 11 employees
2025-08-18 11:06:46 DEBUG c.e.e.e.EmployeeController - Fetching all employees
2025-08-18 11:06:46 DEBUG c.e.e.e.EmployeeService - Fetching all employees
2025-08-18 11:06:46 DEBUG c.e.e.e.EmployeeController - Fetched 11 employees
2025-08-18 11:06:49 DEBUG c.e.e.e.EmployeeController - Fetching all employees
2025-08-18 11:06:49 DEBUG c.e.e.e.EmployeeService - Fetching all employees
2025-08-18 11:06:49 DEBUG c.e.e.e.EmployeeController - Fetched 11 employees
2025-08-18 11:06:52 WARN  o.s.w.s.m.s.DefaultHandlerExceptionResolver - Resolved [org.springframework.web.bind.MethodArgumentNotValidException: Validation failed for argument [1] in public org.springframework.http.ResponseEntity<com.example.employee.employeedetails.Employee> com.example.employee.employeedetails.EmployeeController.replaceEmployee(int,com.example.employee.employeedetails.dto.UpdateEmployeeDTO) throws com.example.employee.common.exceptions.NotFoundException: [Field error in object 'updateEmployeeDTO' on field 'mobileNumber': rejected value [6141234569]; codes [Pattern.updateEmployeeDTO.mobileNumber,Pattern.mobileNumber,Pattern.java.lang.String,Pattern]; arguments [org.springframework.context.support.DefaultMessageSourceResolvable: codes [updateEmployeeDTO.mobileNumber,mobileNumber]; arguments []; default message [mobileNumber],[Ljakarta.validation.constraints.Pattern$Flag;@5013a322,^((\+61|0)[2-478](\s?\d){8})$]; default message [Mobile number must be a valid Australian number, starting with +61 or 0]] ]
2025-08-18 11:10:33 WARN  o.s.w.s.m.s.DefaultHandlerExceptionResolver - Resolved [org.springframework.web.bind.MethodArgumentNotValidException: Validation failed for argument [1] in public org.springframework.http.ResponseEntity<com.example.employee.employeedetails.Employee> com.example.employee.employeedetails.EmployeeController.replaceEmployee(int,com.example.employee.employeedetails.dto.UpdateEmployeeDTO) throws com.example.employee.common.exceptions.NotFoundException: [Field error in object 'updateEmployeeDTO' on field 'mobileNumber': rejected value [6141234569]; codes [Pattern.updateEmployeeDTO.mobileNumber,Pattern.mobileNumber,Pattern.java.lang.String,Pattern]; arguments [org.springframework.context.support.DefaultMessageSourceResolvable: codes [updateEmployeeDTO.mobileNumber,mobileNumber]; arguments []; default message [mobileNumber],[Ljakarta.validation.constraints.Pattern$Flag;@5013a322,^((\+61|0)[2-478](\s?\d){8})$]; default message [Mobile number must be a valid Australian number, starting with +61 or 0]] ]
2025-08-18 11:14:29 DEBUG c.e.e.e.EmployeeController - Fetching all employees
2025-08-18 11:14:29 DEBUG c.e.e.e.EmployeeService - Fetching all employees
2025-08-18 11:14:29 DEBUG c.e.e.e.EmployeeController - Fetched 11 employees
2025-08-18 11:14:29 DEBUG c.e.e.e.EmployeeController - Fetching all employees
2025-08-18 11:14:29 DEBUG c.e.e.e.EmployeeService - Fetching all employees
2025-08-18 11:14:29 DEBUG c.e.e.e.EmployeeController - Fetched 11 employees
2025-08-18 11:14:34 DEBUG c.e.e.e.EmployeeController - Replacing employee with ID: 117
2025-08-18 11:14:34 INFO  c.e.e.e.EmployeeService - Updating employee with id: 117
2025-08-18 11:14:34 DEBUG c.e.e.e.EmployeeService - Fetching employee with ID: 117
2025-08-18 11:14:34 INFO  c.e.e.e.EmployeeService - Updated details for employee with id: 117
2025-08-18 11:14:34 INFO  c.e.e.e.EmployeeController - Replaced employee with ID: 117
2025-08-18 11:14:34 DEBUG c.e.e.e.EmployeeController - Fetching all employees
2025-08-18 11:14:34 DEBUG c.e.e.e.EmployeeService - Fetching all employees
2025-08-18 11:14:34 DEBUG c.e.e.e.EmployeeController - Fetched 11 employees
2025-08-18 11:14:39 DEBUG c.e.e.e.EmployeeController - Replacing employee with ID: 118
2025-08-18 11:14:39 INFO  c.e.e.e.EmployeeService - Updating employee with id: 118
2025-08-18 11:14:39 DEBUG c.e.e.e.EmployeeService - Fetching employee with ID: 118
2025-08-18 11:14:39 INFO  c.e.e.e.EmployeeService - Updated details for employee with id: 118
2025-08-18 11:14:39 INFO  c.e.e.e.EmployeeController - Replaced employee with ID: 118
2025-08-18 11:14:39 DEBUG c.e.e.e.EmployeeController - Fetching all employees
2025-08-18 11:14:39 DEBUG c.e.e.e.EmployeeService - Fetching all employees
2025-08-18 11:14:39 DEBUG c.e.e.e.EmployeeController - Fetched 11 employees
2025-08-18 11:15:11 WARN  o.s.w.s.m.s.DefaultHandlerExceptionResolver - Resolved [org.springframework.web.bind.MethodArgumentNotValidException: Validation failed for argument [1] in public org.springframework.http.ResponseEntity<com.example.employee.employeedetails.Employee> com.example.employee.employeedetails.EmployeeController.replaceEmployee(int,com.example.employee.employeedetails.dto.UpdateEmployeeDTO) throws com.example.employee.common.exceptions.NotFoundException: [Field error in object 'updateEmployeeDTO' on field 'mobileNumber': rejected value [(0)440-970-689]; codes [Pattern.updateEmployeeDTO.mobileNumber,Pattern.mobileNumber,Pattern.java.lang.String,Pattern]; arguments [org.springframework.context.support.DefaultMessageSourceResolvable: codes [updateEmployeeDTO.mobileNumber,mobileNumber]; arguments []; default message [mobileNumber],[Ljakarta.validation.constraints.Pattern$Flag;@5013a322,^((\+61|0)[2-478](\s?\d){8})$]; default message [Mobile number must be a valid Australian number, starting with +61 or 0]] ]
2025-08-18 11:25:07 INFO  o.s.b.w.e.tomcat.GracefulShutdown - Commencing graceful shutdown. Waiting for active requests to complete
2025-08-18 11:25:07 INFO  o.s.b.w.e.tomcat.GracefulShutdown - Graceful shutdown complete
2025-08-18 11:25:07 INFO  o.s.o.j.LocalContainerEntityManagerFactoryBean - Closing JPA EntityManagerFactory for persistence unit 'default'
2025-08-18 11:25:07 INFO  com.zaxxer.hikari.HikariDataSource - HikariPool-1 - Shutdown initiated...
2025-08-18 11:25:07 INFO  com.zaxxer.hikari.HikariDataSource - HikariPool-1 - Shutdown completed.
2025-08-18 11:35:16 INFO  o.h.validator.internal.util.Version - HV000001: Hibernate Validator 8.0.2.Final
2025-08-18 11:35:16 WARN  o.s.b.t.j.DuplicateJsonObjectContextCustomizerFactory$DuplicateJsonObjectContextCustomizer - 

Found multiple occurrences of org.json.JSONObject on the class path:

	jar:file:/C:/Users/ho%20800g2/.m2/repository/org/json/json/20240303/json-20240303.jar!/org/json/JSONObject.class
	jar:file:/C:/Users/ho%20800g2/.m2/repository/com/vaadin/external/google/android-json/0.0.20131108.vaadin1/android-json-0.0.20131108.vaadin1.jar!/org/json/JSONObject.class

You may wish to exclude one of them to ensure predictable runtime behavior

2025-08-18 11:35:16 INFO  c.e.e.EmployeeApplicationTests - Starting EmployeeApplicationTests using Java 21.0.6 with PID 25988 (started by ho 800g2 in C:\Users\ho 800g2\OneDrive\Desktop\Jani\nology\sessions\Spring\EmployeeCreator\Backend\employee)
2025-08-18 11:35:16 DEBUG c.e.e.EmployeeApplicationTests - Running with Spring Boot v3.5.3, Spring v6.2.8
2025-08-18 11:35:16 INFO  c.e.e.EmployeeApplicationTests - No active profile set, falling back to 1 default profile: "default"
2025-08-18 11:35:18 INFO  o.s.d.r.c.RepositoryConfigurationDelegate - Bootstrapping Spring Data JPA repositories in DEFAULT mode.
2025-08-18 11:35:18 INFO  o.s.d.r.c.RepositoryConfigurationDelegate - Finished Spring Data repository scanning in 100 ms. Found 4 JPA repository interfaces.
2025-08-18 11:35:19 INFO  o.h.jpa.internal.util.LogHelper - HHH000204: Processing PersistenceUnitInfo [name: default]
2025-08-18 11:35:19 INFO  org.hibernate.Version - HHH000412: Hibernate ORM core version 6.6.18.Final
2025-08-18 11:35:19 INFO  o.h.c.i.RegionFactoryInitiator - HHH000026: Second-level cache disabled
2025-08-18 11:35:19 INFO  o.s.o.j.p.SpringPersistenceUnitInfo - No LoadTimeWeaver setup: ignoring JPA class transformer
2025-08-18 11:35:19 INFO  com.zaxxer.hikari.HikariDataSource - HikariPool-1 - Starting...
2025-08-18 11:35:19 INFO  com.zaxxer.hikari.pool.HikariPool - HikariPool-1 - Added connection com.mysql.cj.jdbc.ConnectionImpl@ed1d2cf
2025-08-18 11:35:19 INFO  com.zaxxer.hikari.HikariDataSource - HikariPool-1 - Start completed.
2025-08-18 11:35:19 WARN  org.hibernate.orm.deprecation - HHH90000025: MySQL8Dialect does not need to be specified explicitly using 'hibernate.dialect' (remove the property setting and it will be selected by default)
2025-08-18 11:35:19 WARN  org.hibernate.orm.deprecation - HHH90000026: MySQL8Dialect has been deprecated; use org.hibernate.dialect.MySQLDialect instead
2025-08-18 11:35:20 INFO  o.hibernate.orm.connections.pooling - HHH10001005: Database info:
	Database JDBC URL [Connecting through datasource 'HikariDataSource (HikariPool-1)']
	Database driver: undefined/unknown
	Database version: 8.0
	Autocommit mode: undefined/unknown
	Isolation level: undefined/unknown
	Minimum pool size: undefined/unknown
	Maximum pool size: undefined/unknown
2025-08-18 11:35:21 INFO  o.h.e.t.j.p.i.JtaPlatformInitiator - HHH000489: No JTA platform available (set 'hibernate.transaction.jta.platform' to enable JTA platform integration)
2025-08-18 11:35:21 INFO  o.s.o.j.LocalContainerEntityManagerFactoryBean - Initialized JPA EntityManagerFactory for persistence unit 'default'
2025-08-18 11:35:22 INFO  o.s.d.j.r.query.QueryEnhancerFactory - Hibernate is in classpath; If applicable, HQL parser will be used.
2025-08-18 11:35:23 WARN  o.s.b.a.o.j.JpaBaseConfiguration$JpaWebConfiguration - spring.jpa.open-in-view is enabled by default. Therefore, database queries may be performed during view rendering. Explicitly configure spring.jpa.open-in-view to disable this warning
2025-08-18 11:35:23 INFO  c.e.e.EmployeeApplicationTests - Started EmployeeApplicationTests in 7.5 seconds (process running for 10.742)
2025-08-18 11:35:25 INFO  c.e.e.e.EmployeeService - Deleting employee with id: 1
2025-08-18 11:35:25 DEBUG c.e.e.e.EmployeeService - Fetching employee with ID: 1
2025-08-18 11:35:25 WARN  c.e.e.e.EmployeeService - Employee with id: 1 not found
2025-08-18 11:35:25 DEBUG c.e.e.e.EmployeeService - Fetching employee with ID: 1
2025-08-18 11:35:25 DEBUG c.e.e.e.EmployeeService - Creating a new employee with data: com.example.employee.employeedetails.dto.CreateEmployeeDTO@214a81a4
2025-08-18 11:35:25 INFO  c.e.e.e.EmployeeService - Employee created with ID: 1
2025-08-18 11:35:25 INFO  c.e.e.e.EmployeeService - Updating employee with id: 1
2025-08-18 11:35:25 DEBUG c.e.e.e.EmployeeService - Fetching employee with ID: 1
2025-08-18 11:35:25 WARN  c.e.e.e.EmployeeService - Employee with id: 1 not found
2025-08-18 11:35:25 DEBUG c.e.e.e.EmployeeService - Fetching employee with ID: 1
2025-08-18 11:35:25 INFO  c.e.e.e.EmployeeService - Updating employee with id: 1
2025-08-18 11:35:25 DEBUG c.e.e.e.EmployeeService - Fetching employee with ID: 1
2025-08-18 11:35:25 INFO  c.e.e.e.EmployeeService - Updated details for employee with id: null
2025-08-18 11:35:25 DEBUG c.e.e.e.EmployeeService - Fetching all employees
2025-08-18 11:35:25 INFO  c.e.e.e.EmployeeService - Replace details for employee with id: 1
2025-08-18 11:35:25 DEBUG c.e.e.e.EmployeeService - Fetching employee with ID: 1
2025-08-18 11:35:25 INFO  c.e.e.e.EmployeeService - Found record for employee with id: 1
2025-08-18 11:35:25 DEBUG c.e.e.e.EmployeeService - Saved updated details for employee with ID: 1
2025-08-18 11:35:25 DEBUG c.e.e.e.EmployeeService - Creating a new employee with data: com.example.employee.employeedetails.dto.CreateEmployeeDTO@21ffedc7
2025-08-18 11:35:25 INFO  c.e.e.e.EmployeeService - Employee created with ID: 1
2025-08-18 11:35:25 DEBUG c.e.e.e.EmployeeService - Getting details for all employees with contracts
2025-08-18 11:35:25 DEBUG c.e.e.e.EmployeeService - Found employees with contracts
2025-08-18 11:35:25 INFO  c.e.e.e.EmployeeService - Deleting employee with id: 1
2025-08-18 11:35:25 DEBUG c.e.e.e.EmployeeService - Fetching employee with ID: 1
2025-08-18 11:35:25 INFO  c.e.e.e.EmployeeService - Deleted employee with id: 1
2025-08-18 11:35:25 INFO  c.e.e.e.EmployeeService - Archiving employee with id: 1
2025-08-18 11:35:25 DEBUG c.e.e.e.EmployeeService - Archived employee with id: 0
2025-08-18 11:35:25 DEBUG c.e.e.e.EmployeeService - Archived 1 contracts for Employee id 1
2025-08-18 11:35:25 DEBUG c.e.e.e.EmployeeService - Deleted employee with id: 1
2025-08-18 11:35:25 INFO  c.e.e.e.EmployeeService - Archiving employee with id: 1
2025-08-18 11:35:25 WARN  c.e.e.e.EmployeeService - Employee with ID 1 not found for archiving
2025-08-18 11:35:25 INFO  c.e.e.e.EmployeeService - Replace details for employee with id: 1
2025-08-18 11:35:25 DEBUG c.e.e.e.EmployeeService - Fetching employee with ID: 1
2025-08-18 11:35:25 WARN  c.e.e.e.EmployeeService - During update, employee with id: 1, not found
2025-08-18 11:35:25 DEBUG c.e.e.e.EmployeeService - Getting details for all employees with contracts
2025-08-18 11:35:25 WARN  c.e.e.e.EmployeeService - Not found any employee with contracts
2025-08-18 11:35:25 INFO  o.s.o.j.LocalContainerEntityManagerFactoryBean - Closing JPA EntityManagerFactory for persistence unit 'default'
2025-08-18 11:35:25 INFO  com.zaxxer.hikari.HikariDataSource - HikariPool-1 - Shutdown initiated...
2025-08-18 11:35:25 INFO  com.zaxxer.hikari.HikariDataSource - HikariPool-1 - Shutdown completed.
2025-08-18 11:35:47 INFO  o.h.validator.internal.util.Version - HV000001: Hibernate Validator 8.0.2.Final
2025-08-18 11:35:47 INFO  c.e.employee.EmployeeApplication - Starting EmployeeApplication using Java 21.0.6 with PID 18884 (C:\Users\ho 800g2\OneDrive\Desktop\Jani\nology\sessions\Spring\EmployeeCreator\Backend\employee\target\classes started by ho 800g2 in C:\Users\ho 800g2\OneDrive\Desktop\Jani\nology\sessions\Spring\EmployeeCreator\Backend\employee)
2025-08-18 11:35:47 DEBUG c.e.employee.EmployeeApplication - Running with Spring Boot v3.5.3, Spring v6.2.8
2025-08-18 11:35:47 INFO  c.e.employee.EmployeeApplication - No active profile set, falling back to 1 default profile: "default"
2025-08-18 11:35:47 INFO  o.s.b.d.e.DevToolsPropertyDefaultsPostProcessor - Devtools property defaults active! Set 'spring.devtools.add-properties' to 'false' to disable
2025-08-18 11:35:47 INFO  o.s.b.d.e.DevToolsPropertyDefaultsPostProcessor - For additional web related logging consider setting the 'logging.level.web' property to 'DEBUG'
2025-08-18 11:35:48 INFO  o.s.d.r.c.RepositoryConfigurationDelegate - Bootstrapping Spring Data JPA repositories in DEFAULT mode.
2025-08-18 11:35:48 INFO  o.s.d.r.c.RepositoryConfigurationDelegate - Finished Spring Data repository scanning in 78 ms. Found 4 JPA repository interfaces.
2025-08-18 11:35:48 INFO  o.s.b.w.e.tomcat.TomcatWebServer - Tomcat initialized with port 8080 (http)
2025-08-18 11:35:48 INFO  o.a.coyote.http11.Http11NioProtocol - Initializing ProtocolHandler ["http-nio-8080"]
2025-08-18 11:35:48 INFO  o.a.catalina.core.StandardService - Starting service [Tomcat]
2025-08-18 11:35:48 INFO  o.a.catalina.core.StandardEngine - Starting Servlet engine: [Apache Tomcat/10.1.42]
2025-08-18 11:35:48 INFO  o.a.c.c.C.[Tomcat].[localhost].[/] - Initializing Spring embedded WebApplicationContext
2025-08-18 11:35:48 INFO  o.s.b.w.s.c.ServletWebServerApplicationContext - Root WebApplicationContext: initialization completed in 1488 ms
2025-08-18 11:35:48 INFO  o.h.jpa.internal.util.LogHelper - HHH000204: Processing PersistenceUnitInfo [name: default]
2025-08-18 11:35:49 INFO  org.hibernate.Version - HHH000412: Hibernate ORM core version 6.6.18.Final
2025-08-18 11:35:49 INFO  o.h.c.i.RegionFactoryInitiator - HHH000026: Second-level cache disabled
2025-08-18 11:35:49 INFO  o.s.o.j.p.SpringPersistenceUnitInfo - No LoadTimeWeaver setup: ignoring JPA class transformer
2025-08-18 11:35:49 INFO  com.zaxxer.hikari.HikariDataSource - HikariPool-1 - Starting...
2025-08-18 11:35:49 INFO  com.zaxxer.hikari.pool.HikariPool - HikariPool-1 - Added connection com.mysql.cj.jdbc.ConnectionImpl@c093604
2025-08-18 11:35:49 INFO  com.zaxxer.hikari.HikariDataSource - HikariPool-1 - Start completed.
2025-08-18 11:35:49 WARN  org.hibernate.orm.deprecation - HHH90000025: MySQL8Dialect does not need to be specified explicitly using 'hibernate.dialect' (remove the property setting and it will be selected by default)
2025-08-18 11:35:49 WARN  org.hibernate.orm.deprecation - HHH90000026: MySQL8Dialect has been deprecated; use org.hibernate.dialect.MySQLDialect instead
2025-08-18 11:35:49 INFO  o.hibernate.orm.connections.pooling - HHH10001005: Database info:
	Database JDBC URL [Connecting through datasource 'HikariDataSource (HikariPool-1)']
	Database driver: undefined/unknown
	Database version: 8.0
	Autocommit mode: undefined/unknown
	Isolation level: undefined/unknown
	Minimum pool size: undefined/unknown
	Maximum pool size: undefined/unknown
2025-08-18 11:35:51 INFO  o.h.e.t.j.p.i.JtaPlatformInitiator - HHH000489: No JTA platform available (set 'hibernate.transaction.jta.platform' to enable JTA platform integration)
2025-08-18 11:35:51 INFO  o.s.o.j.LocalContainerEntityManagerFactoryBean - Initialized JPA EntityManagerFactory for persistence unit 'default'
2025-08-18 11:35:51 INFO  o.s.d.j.r.query.QueryEnhancerFactory - Hibernate is in classpath; If applicable, HQL parser will be used.
2025-08-18 11:35:52 WARN  o.s.b.a.o.j.JpaBaseConfiguration$JpaWebConfiguration - spring.jpa.open-in-view is enabled by default. Therefore, database queries may be performed during view rendering. Explicitly configure spring.jpa.open-in-view to disable this warning
2025-08-18 11:35:52 INFO  o.s.b.d.a.OptionalLiveReloadServer - LiveReload server is running on port 35729
2025-08-18 11:35:52 INFO  o.a.coyote.http11.Http11NioProtocol - Starting ProtocolHandler ["http-nio-8080"]
2025-08-18 11:35:52 INFO  o.s.b.w.e.tomcat.TomcatWebServer - Tomcat started on port 8080 (http) with context path '/'
2025-08-18 11:35:52 INFO  c.e.employee.EmployeeApplication - Started EmployeeApplication in 6.182 seconds (process running for 6.807)
2025-08-18 11:36:00 INFO  o.a.c.c.C.[Tomcat].[localhost].[/] - Initializing Spring DispatcherServlet 'dispatcherServlet'
2025-08-18 11:36:00 INFO  o.s.web.servlet.DispatcherServlet - Initializing Servlet 'dispatcherServlet'
2025-08-18 11:36:00 INFO  o.s.web.servlet.DispatcherServlet - Completed initialization in 1 ms
2025-08-18 11:36:00 DEBUG c.e.e.e.EmployeeController - Fetching all employees
2025-08-18 11:36:00 DEBUG c.e.e.e.EmployeeService - Fetching all employees
2025-08-18 11:36:00 DEBUG c.e.e.e.EmployeeController - Fetched 10 employees
2025-08-18 11:36:00 DEBUG c.e.e.e.EmployeeController - Fetching all employees
2025-08-18 11:36:00 DEBUG c.e.e.e.EmployeeService - Fetching all employees
2025-08-18 11:36:00 DEBUG c.e.e.e.EmployeeController - Fetched 10 employees
2025-08-18 11:36:06 DEBUG c.e.e.e.EmployeeController - Replacing employee with ID: 138
2025-08-18 11:36:06 INFO  c.e.e.e.EmployeeService - Updating employee with id: 138
2025-08-18 11:36:06 DEBUG c.e.e.e.EmployeeService - Fetching employee with ID: 138
2025-08-18 11:36:06 INFO  c.e.e.e.EmployeeService - Updated details for employee with id: 138
2025-08-18 11:36:06 INFO  c.e.e.e.EmployeeController - Replaced employee with ID: 138
2025-08-18 11:36:06 DEBUG c.e.e.e.EmployeeController - Fetching all employees
2025-08-18 11:36:06 DEBUG c.e.e.e.EmployeeService - Fetching all employees
2025-08-18 11:36:06 DEBUG c.e.e.e.EmployeeController - Fetched 10 employees
2025-08-18 11:36:22 WARN  o.s.w.s.m.s.DefaultHandlerExceptionResolver - Resolved [org.springframework.web.bind.MethodArgumentNotValidException: Validation failed for argument [1] in public org.springframework.http.ResponseEntity<com.example.employee.employeedetails.Employee> com.example.employee.employeedetails.EmployeeController.replaceEmployee(int,com.example.employee.employeedetails.dto.UpdateEmployeeDTO) throws com.example.employee.common.exceptions.NotFoundException: [Field error in object 'updateEmployeeDTO' on field 'mobileNumber': rejected value [+61 457 307 775]; codes [Pattern.updateEmployeeDTO.mobileNumber,Pattern.mobileNumber,Pattern.java.lang.String,Pattern]; arguments [org.springframework.context.support.DefaultMessageSourceResolvable: codes [updateEmployeeDTO.mobileNumber,mobileNumber]; arguments []; default message [mobileNumber],[Ljakarta.validation.constraints.Pattern$Flag;@5717206d,^\+61[2-478]\d{8}$]; default message [Mobile number must be a valid Australian number starting with +61]] ]
2025-08-18 11:40:40 DEBUG c.e.e.e.EmployeeController - Fetching all employees
2025-08-18 11:40:40 DEBUG c.e.e.e.EmployeeService - Fetching all employees
2025-08-18 11:40:40 DEBUG c.e.e.e.EmployeeController - Fetched 10 employees
2025-08-18 11:40:40 DEBUG c.e.e.e.EmployeeController - Fetching all employees
2025-08-18 11:40:40 DEBUG c.e.e.e.EmployeeService - Fetching all employees
2025-08-18 11:40:40 DEBUG c.e.e.e.EmployeeController - Fetched 10 employees
2025-08-18 11:40:51 WARN  o.s.w.s.m.s.DefaultHandlerExceptionResolver - Resolved [org.springframework.web.bind.MethodArgumentNotValidException: Validation failed for argument [1] in public org.springframework.http.ResponseEntity<com.example.employee.employeedetails.Employee> com.example.employee.employeedetails.EmployeeController.replaceEmployee(int,com.example.employee.employeedetails.dto.UpdateEmployeeDTO) throws com.example.employee.common.exceptions.NotFoundException: [Field error in object 'updateEmployeeDTO' on field 'mobileNumber': rejected value [+61 468 503 746]; codes [Pattern.updateEmployeeDTO.mobileNumber,Pattern.mobileNumber,Pattern.java.lang.String,Pattern]; arguments [org.springframework.context.support.DefaultMessageSourceResolvable: codes [updateEmployeeDTO.mobileNumber,mobileNumber]; arguments []; default message [mobileNumber],[Ljakarta.validation.constraints.Pattern$Flag;@5717206d,^\+61[2-478]\d{8}$]; default message [Mobile number must be a valid Australian number starting with +61]] ]
2025-08-18 11:42:21 DEBUG c.e.e.e.EmployeeController - Replacing employee with ID: 139
2025-08-18 11:42:21 INFO  c.e.e.e.EmployeeService - Updating employee with id: 139
2025-08-18 11:42:21 DEBUG c.e.e.e.EmployeeService - Fetching employee with ID: 139
2025-08-18 11:42:21 INFO  c.e.e.e.EmployeeService - Updated details for employee with id: 139
2025-08-18 11:42:21 INFO  c.e.e.e.EmployeeController - Replaced employee with ID: 139
2025-08-18 11:42:23 DEBUG c.e.e.e.EmployeeController - Fetching all employees
2025-08-18 11:42:23 DEBUG c.e.e.e.EmployeeService - Fetching all employees
2025-08-18 11:42:23 DEBUG c.e.e.e.EmployeeController - Fetched 10 employees
2025-08-18 11:43:52 WARN  o.s.w.s.m.s.DefaultHandlerExceptionResolver - Resolved [org.springframework.web.bind.MethodArgumentNotValidException: Validation failed for argument [1] in public org.springframework.http.ResponseEntity<com.example.employee.employeedetails.Employee> com.example.employee.employeedetails.EmployeeController.replaceEmployee(int,com.example.employee.employeedetails.dto.UpdateEmployeeDTO) throws com.example.employee.common.exceptions.NotFoundException: [Field error in object 'updateEmployeeDTO' on field 'mobileNumber': rejected value [+61 468 503 746]; codes [Pattern.updateEmployeeDTO.mobileNumber,Pattern.mobileNumber,Pattern.java.lang.String,Pattern]; arguments [org.springframework.context.support.DefaultMessageSourceResolvable: codes [updateEmployeeDTO.mobileNumber,mobileNumber]; arguments []; default message [mobileNumber],[Ljakarta.validation.constraints.Pattern$Flag;@5717206d,^\+61[2-478]\d{8}$]; default message [Mobile number must be a valid Australian number starting with +61]] ]
2025-08-18 11:48:43 WARN  o.s.w.s.m.s.DefaultHandlerExceptionResolver - Resolved [org.springframework.web.bind.MethodArgumentNotValidException: Validation failed for argument [1] in public org.springframework.http.ResponseEntity<com.example.employee.employeedetails.Employee> com.example.employee.employeedetails.EmployeeController.replaceEmployee(int,com.example.employee.employeedetails.dto.UpdateEmployeeDTO) throws com.example.employee.common.exceptions.NotFoundException: [Field error in object 'updateEmployeeDTO' on field 'mobileNumber': rejected value [+61 457 307 775]; codes [Pattern.updateEmployeeDTO.mobileNumber,Pattern.mobileNumber,Pattern.java.lang.String,Pattern]; arguments [org.springframework.context.support.DefaultMessageSourceResolvable: codes [updateEmployeeDTO.mobileNumber,mobileNumber]; arguments []; default message [mobileNumber],[Ljakarta.validation.constraints.Pattern$Flag;@5717206d,^\+61[2-478]\d{8}$]; default message [Mobile number must be a valid Australian number starting with +61]] ]
2025-08-18 11:50:02 WARN  o.s.w.s.m.s.DefaultHandlerExceptionResolver - Resolved [org.springframework.web.bind.MethodArgumentNotValidException: Validation failed for argument [1] in public org.springframework.http.ResponseEntity<com.example.employee.employeedetails.Employee> com.example.employee.employeedetails.EmployeeController.replaceEmployee(int,com.example.employee.employeedetails.dto.UpdateEmployeeDTO) throws com.example.employee.common.exceptions.NotFoundException: [Field error in object 'updateEmployeeDTO' on field 'mobileNumber': rejected value [+61 468 503 746]; codes [Pattern.updateEmployeeDTO.mobileNumber,Pattern.mobileNumber,Pattern.java.lang.String,Pattern]; arguments [org.springframework.context.support.DefaultMessageSourceResolvable: codes [updateEmployeeDTO.mobileNumber,mobileNumber]; arguments []; default message [mobileNumber],[Ljakarta.validation.constraints.Pattern$Flag;@5717206d,^\+61[2-478]\d{8}$]; default message [Mobile number must be a valid Australian number starting with +61]] ]
2025-08-18 11:50:17 DEBUG c.e.e.e.EmployeeController - Fetching all employees
2025-08-18 11:50:17 DEBUG c.e.e.e.EmployeeService - Fetching all employees
2025-08-18 11:50:17 DEBUG c.e.e.e.EmployeeController - Fetched 10 employees
2025-08-18 11:50:17 DEBUG c.e.e.e.EmployeeController - Fetching all employees
2025-08-18 11:50:17 DEBUG c.e.e.e.EmployeeService - Fetching all employees
2025-08-18 11:50:17 DEBUG c.e.e.e.EmployeeController - Fetched 10 employees
2025-08-18 11:50:17 DEBUG c.e.e.e.EmployeeController - Fetching all employees
2025-08-18 11:50:17 DEBUG c.e.e.e.EmployeeService - Fetching all employees
2025-08-18 11:50:17 DEBUG c.e.e.e.EmployeeController - Fetched 10 employees
2025-08-18 11:50:17 DEBUG c.e.e.e.EmployeeController - Fetching all employees
2025-08-18 11:50:17 DEBUG c.e.e.e.EmployeeService - Fetching all employees
2025-08-18 11:50:17 DEBUG c.e.e.e.EmployeeController - Fetched 10 employees
2025-08-18 11:50:28 WARN  o.s.w.s.m.s.DefaultHandlerExceptionResolver - Resolved [org.springframework.web.bind.MethodArgumentNotValidException: Validation failed for argument [1] in public org.springframework.http.ResponseEntity<com.example.employee.employeedetails.Employee> com.example.employee.employeedetails.EmployeeController.replaceEmployee(int,com.example.employee.employeedetails.dto.UpdateEmployeeDTO) throws com.example.employee.common.exceptions.NotFoundException: [Field error in object 'updateEmployeeDTO' on field 'mobileNumber': rejected value [+61 457 307 775]; codes [Pattern.updateEmployeeDTO.mobileNumber,Pattern.mobileNumber,Pattern.java.lang.String,Pattern]; arguments [org.springframework.context.support.DefaultMessageSourceResolvable: codes [updateEmployeeDTO.mobileNumber,mobileNumber]; arguments []; default message [mobileNumber],[Ljakarta.validation.constraints.Pattern$Flag;@5717206d,^\+61[2-478]\d{8}$]; default message [Mobile number must be a valid Australian number starting with +61]] ]
2025-08-18 11:53:26 WARN  o.s.w.s.m.s.DefaultHandlerExceptionResolver - Resolved [org.springframework.web.bind.MethodArgumentNotValidException: Validation failed for argument [1] in public org.springframework.http.ResponseEntity<com.example.employee.employeedetails.Employee> com.example.employee.employeedetails.EmployeeController.replaceEmployee(int,com.example.employee.employeedetails.dto.UpdateEmployeeDTO) throws com.example.employee.common.exceptions.NotFoundException: [Field error in object 'updateEmployeeDTO' on field 'mobileNumber': rejected value [+61 457 307 775]; codes [Pattern.updateEmployeeDTO.mobileNumber,Pattern.mobileNumber,Pattern.java.lang.String,Pattern]; arguments [org.springframework.context.support.DefaultMessageSourceResolvable: codes [updateEmployeeDTO.mobileNumber,mobileNumber]; arguments []; default message [mobileNumber],[Ljakarta.validation.constraints.Pattern$Flag;@5717206d,^\+61[2-478]\d{8}$]; default message [Mobile number must be a valid Australian number starting with +61]] ]
2025-08-18 11:53:28 WARN  o.s.w.s.m.s.DefaultHandlerExceptionResolver - Resolved [org.springframework.web.bind.MethodArgumentNotValidException: Validation failed for argument [1] in public org.springframework.http.ResponseEntity<com.example.employee.employeedetails.Employee> com.example.employee.employeedetails.EmployeeController.replaceEmployee(int,com.example.employee.employeedetails.dto.UpdateEmployeeDTO) throws com.example.employee.common.exceptions.NotFoundException: [Field error in object 'updateEmployeeDTO' on field 'mobileNumber': rejected value [+61 457 307 775]; codes [Pattern.updateEmployeeDTO.mobileNumber,Pattern.mobileNumber,Pattern.java.lang.String,Pattern]; arguments [org.springframework.context.support.DefaultMessageSourceResolvable: codes [updateEmployeeDTO.mobileNumber,mobileNumber]; arguments []; default message [mobileNumber],[Ljakarta.validation.constraints.Pattern$Flag;@5717206d,^\+61[2-478]\d{8}$]; default message [Mobile number must be a valid Australian number starting with +61]] ]
2025-08-18 11:53:43 WARN  o.s.w.s.m.s.DefaultHandlerExceptionResolver - Resolved [org.springframework.web.bind.MethodArgumentNotValidException: Validation failed for argument [1] in public org.springframework.http.ResponseEntity<com.example.employee.employeedetails.Employee> com.example.employee.employeedetails.EmployeeController.replaceEmployee(int,com.example.employee.employeedetails.dto.UpdateEmployeeDTO) throws com.example.employee.common.exceptions.NotFoundException: [Field error in object 'updateEmployeeDTO' on field 'mobileNumber': rejected value [+61 457307775]; codes [Pattern.updateEmployeeDTO.mobileNumber,Pattern.mobileNumber,Pattern.java.lang.String,Pattern]; arguments [org.springframework.context.support.DefaultMessageSourceResolvable: codes [updateEmployeeDTO.mobileNumber,mobileNumber]; arguments []; default message [mobileNumber],[Ljakarta.validation.constraints.Pattern$Flag;@5717206d,^\+61[2-478]\d{8}$]; default message [Mobile number must be a valid Australian number starting with +61]] ]
2025-08-18 11:56:00 WARN  o.s.w.s.m.s.DefaultHandlerExceptionResolver - Resolved [org.springframework.web.bind.MethodArgumentNotValidException: Validation failed for argument [1] in public org.springframework.http.ResponseEntity<com.example.employee.employeedetails.Employee> com.example.employee.employeedetails.EmployeeController.replaceEmployee(int,com.example.employee.employeedetails.dto.UpdateEmployeeDTO) throws com.example.employee.common.exceptions.NotFoundException: [Field error in object 'updateEmployeeDTO' on field 'mobileNumber': rejected value [+614 57307775]; codes [Pattern.updateEmployeeDTO.mobileNumber,Pattern.mobileNumber,Pattern.java.lang.String,Pattern]; arguments [org.springframework.context.support.DefaultMessageSourceResolvable: codes [updateEmployeeDTO.mobileNumber,mobileNumber]; arguments []; default message [mobileNumber],[Ljakarta.validation.constraints.Pattern$Flag;@5717206d,^\+61[2-478]\d{8}$]; default message [Mobile number must be a valid Australian number starting with +61]] ]
2025-08-18 11:59:39 DEBUG c.e.e.e.EmployeeController - Replacing employee with ID: 138
2025-08-18 11:59:39 INFO  c.e.e.e.EmployeeService - Updating employee with id: 138
2025-08-18 11:59:39 DEBUG c.e.e.e.EmployeeService - Fetching employee with ID: 138
2025-08-18 11:59:39 INFO  c.e.e.e.EmployeeService - Updated details for employee with id: 138
2025-08-18 11:59:39 ERROR o.a.c.c.C.[.[.[.[dispatcherServlet] - Servlet.service() for servlet [dispatcherServlet] in context with path [] threw exception [Request processing failed: org.springframework.orm.jpa.JpaSystemException: A collection with orphan deletion was no longer referenced by the owning entity instance: com.example.employee.employeedetails.Employee.contracts] with root cause
org.hibernate.HibernateException: A collection with orphan deletion was no longer referenced by the owning entity instance: com.example.employee.employeedetails.Employee.contracts
	at org.hibernate.engine.internal.Collections.processDereferencedCollection(Collections.java:98)
	at org.hibernate.engine.internal.Collections.processUnreachableCollection(Collections.java:49)
	at org.hibernate.event.internal.AbstractFlushingEventListener.flushCollections(AbstractFlushingEventListener.java:318)
	at org.hibernate.event.internal.AbstractFlushingEventListener.flushEverythingToExecutions(AbstractFlushingEventListener.java:91)
	at org.hibernate.event.internal.AbstractFlushingEventListener.flushEverythingToExecutions(AbstractFlushingEventListener.java:84)
	at org.hibernate.event.internal.DefaultFlushEventListener.onFlush(DefaultFlushEventListener.java:40)
	at org.hibernate.event.service.internal.EventListenerGroupImpl.fireEventOnEachListener(EventListenerGroupImpl.java:127)
	at org.hibernate.internal.SessionImpl.doFlush(SessionImpl.java:1429)
	at org.hibernate.internal.SessionImpl.managedFlush(SessionImpl.java:491)
	at org.hibernate.internal.SessionImpl.flushBeforeTransactionCompletion(SessionImpl.java:2354)
	at org.hibernate.internal.SessionImpl.beforeTransactionCompletion(SessionImpl.java:1978)
	at org.hibernate.engine.jdbc.internal.JdbcCoordinatorImpl.beforeTransactionCompletion(JdbcCoordinatorImpl.java:439)
	at org.hibernate.resource.transaction.backend.jdbc.internal.JdbcResourceLocalTransactionCoordinatorImpl.beforeCompletionCallback(JdbcResourceLocalTransactionCoordinatorImpl.java:169)
	at org.hibernate.resource.transaction.backend.jdbc.internal.JdbcResourceLocalTransactionCoordinatorImpl$TransactionDriverControlImpl.commit(JdbcResourceLocalTransactionCoordinatorImpl.java:267)
	at org.hibernate.engine.transaction.internal.TransactionImpl.commit(TransactionImpl.java:101)
	at org.springframework.orm.jpa.JpaTransactionManager.doCommit(JpaTransactionManager.java:562)
	at org.springframework.transaction.support.AbstractPlatformTransactionManager.processCommit(AbstractPlatformTransactionManager.java:795)
	at org.springframework.transaction.support.AbstractPlatformTransactionManager.commit(AbstractPlatformTransactionManager.java:758)
	at org.springframework.transaction.interceptor.TransactionAspectSupport.commitTransactionAfterReturning(TransactionAspectSupport.java:698)
	at org.springframework.transaction.interceptor.TransactionAspectSupport.invokeWithinTransaction(TransactionAspectSupport.java:416)
	at org.springframework.transaction.interceptor.TransactionInterceptor.invoke(TransactionInterceptor.java:119)
	at org.springframework.aop.framework.ReflectiveMethodInvocation.proceed(ReflectiveMethodInvocation.java:184)
	at org.springframework.aop.framework.CglibAopProxy$DynamicAdvisedInterceptor.intercept(CglibAopProxy.java:728)
	at com.example.employee.employeedetails.EmployeeService$$SpringCGLIB$$0.updateById(<generated>)
	at com.example.employee.employeedetails.EmployeeController.replaceEmployee(EmployeeController.java:91)
	at java.base/jdk.internal.reflect.DirectMethodHandleAccessor.invoke(DirectMethodHandleAccessor.java:103)
	at java.base/java.lang.reflect.Method.invoke(Method.java:580)
	at org.springframework.web.method.support.InvocableHandlerMethod.doInvoke(InvocableHandlerMethod.java:258)
	at org.springframework.web.method.support.InvocableHandlerMethod.invokeForRequest(InvocableHandlerMethod.java:191)
	at org.springframework.web.servlet.mvc.method.annotation.ServletInvocableHandlerMethod.invokeAndHandle(ServletInvocableHandlerMethod.java:118)
	at org.springframework.web.servlet.mvc.method.annotation.RequestMappingHandlerAdapter.invokeHandlerMethod(RequestMappingHandlerAdapter.java:986)
	at org.springframework.web.servlet.mvc.method.annotation.RequestMappingHandlerAdapter.handleInternal(RequestMappingHandlerAdapter.java:891)
	at org.springframework.web.servlet.mvc.method.AbstractHandlerMethodAdapter.handle(AbstractHandlerMethodAdapter.java:87)
	at org.springframework.web.servlet.DispatcherServlet.doDispatch(DispatcherServlet.java:1089)
	at org.springframework.web.servlet.DispatcherServlet.doService(DispatcherServlet.java:979)
	at org.springframework.web.servlet.FrameworkServlet.processRequest(FrameworkServlet.java:1014)
	at org.springframework.web.servlet.FrameworkServlet.doPut(FrameworkServlet.java:925)
	at jakarta.servlet.http.HttpServlet.service(HttpServlet.java:593)
	at org.springframework.web.servlet.FrameworkServlet.service(FrameworkServlet.java:885)
	at jakarta.servlet.http.HttpServlet.service(HttpServlet.java:658)
	at org.apache.catalina.core.ApplicationFilterChain.internalDoFilter(ApplicationFilterChain.java:195)
	at org.apache.catalina.core.ApplicationFilterChain.doFilter(ApplicationFilterChain.java:140)
	at org.apache.tomcat.websocket.server.WsFilter.doFilter(WsFilter.java:51)
	at org.apache.catalina.core.ApplicationFilterChain.internalDoFilter(ApplicationFilterChain.java:164)
	at org.apache.catalina.core.ApplicationFilterChain.doFilter(ApplicationFilterChain.java:140)
	at org.springframework.web.filter.RequestContextFilter.doFilterInternal(RequestContextFilter.java:100)
	at org.springframework.web.filter.OncePerRequestFilter.doFilter(OncePerRequestFilter.java:116)
	at org.apache.catalina.core.ApplicationFilterChain.internalDoFilter(ApplicationFilterChain.java:164)
	at org.apache.catalina.core.ApplicationFilterChain.doFilter(ApplicationFilterChain.java:140)
	at org.springframework.web.filter.FormContentFilter.doFilterInternal(FormContentFilter.java:93)
	at org.springframework.web.filter.OncePerRequestFilter.doFilter(OncePerRequestFilter.java:116)
	at org.apache.catalina.core.ApplicationFilterChain.internalDoFilter(ApplicationFilterChain.java:164)
	at org.apache.catalina.core.ApplicationFilterChain.doFilter(ApplicationFilterChain.java:140)
	at org.springframework.web.filter.CharacterEncodingFilter.doFilterInternal(CharacterEncodingFilter.java:201)
	at org.springframework.web.filter.OncePerRequestFilter.doFilter(OncePerRequestFilter.java:116)
	at org.apache.catalina.core.ApplicationFilterChain.internalDoFilter(ApplicationFilterChain.java:164)
	at org.apache.catalina.core.ApplicationFilterChain.doFilter(ApplicationFilterChain.java:140)
	at org.apache.catalina.core.StandardWrapperValve.invoke(StandardWrapperValve.java:167)
	at org.apache.catalina.core.StandardContextValve.invoke(StandardContextValve.java:90)
	at org.apache.catalina.authenticator.AuthenticatorBase.invoke(AuthenticatorBase.java:483)
	at org.apache.catalina.core.StandardHostValve.invoke(StandardHostValve.java:116)
	at org.apache.catalina.valves.ErrorReportValve.invoke(ErrorReportValve.java:93)
	at org.apache.catalina.core.StandardEngineValve.invoke(StandardEngineValve.java:74)
	at org.apache.catalina.connector.CoyoteAdapter.service(CoyoteAdapter.java:344)
	at org.apache.coyote.http11.Http11Processor.service(Http11Processor.java:398)
	at org.apache.coyote.AbstractProcessorLight.process(AbstractProcessorLight.java:63)
	at org.apache.coyote.AbstractProtocol$ConnectionHandler.process(AbstractProtocol.java:903)
	at org.apache.tomcat.util.net.NioEndpoint$SocketProcessor.doRun(NioEndpoint.java:1769)
	at org.apache.tomcat.util.net.SocketProcessorBase.run(SocketProcessorBase.java:52)
	at org.apache.tomcat.util.threads.ThreadPoolExecutor.runWorker(ThreadPoolExecutor.java:1189)
	at org.apache.tomcat.util.threads.ThreadPoolExecutor$Worker.run(ThreadPoolExecutor.java:658)
	at org.apache.tomcat.util.threads.TaskThread$WrappingRunnable.run(TaskThread.java:63)
	at java.base/java.lang.Thread.run(Thread.java:1583)
2025-08-18 12:02:46 DEBUG c.e.e.e.EmployeeController - Replacing employee with ID: 138
2025-08-18 12:02:46 INFO  c.e.e.e.EmployeeService - Updating employee with id: 138
2025-08-18 12:02:46 DEBUG c.e.e.e.EmployeeService - Fetching employee with ID: 138
2025-08-18 12:02:46 INFO  c.e.e.e.EmployeeService - Updated details for employee with id: 138
2025-08-18 12:02:46 ERROR o.a.c.c.C.[.[.[.[dispatcherServlet] - Servlet.service() for servlet [dispatcherServlet] in context with path [] threw exception [Request processing failed: org.springframework.orm.jpa.JpaSystemException: A collection with orphan deletion was no longer referenced by the owning entity instance: com.example.employee.employeedetails.Employee.contracts] with root cause
org.hibernate.HibernateException: A collection with orphan deletion was no longer referenced by the owning entity instance: com.example.employee.employeedetails.Employee.contracts
	at org.hibernate.engine.internal.Collections.processDereferencedCollection(Collections.java:98)
	at org.hibernate.engine.internal.Collections.processUnreachableCollection(Collections.java:49)
	at org.hibernate.event.internal.AbstractFlushingEventListener.flushCollections(AbstractFlushingEventListener.java:318)
	at org.hibernate.event.internal.AbstractFlushingEventListener.flushEverythingToExecutions(AbstractFlushingEventListener.java:91)
	at org.hibernate.event.internal.AbstractFlushingEventListener.flushEverythingToExecutions(AbstractFlushingEventListener.java:84)
	at org.hibernate.event.internal.DefaultFlushEventListener.onFlush(DefaultFlushEventListener.java:40)
	at org.hibernate.event.service.internal.EventListenerGroupImpl.fireEventOnEachListener(EventListenerGroupImpl.java:127)
	at org.hibernate.internal.SessionImpl.doFlush(SessionImpl.java:1429)
	at org.hibernate.internal.SessionImpl.managedFlush(SessionImpl.java:491)
	at org.hibernate.internal.SessionImpl.flushBeforeTransactionCompletion(SessionImpl.java:2354)
	at org.hibernate.internal.SessionImpl.beforeTransactionCompletion(SessionImpl.java:1978)
	at org.hibernate.engine.jdbc.internal.JdbcCoordinatorImpl.beforeTransactionCompletion(JdbcCoordinatorImpl.java:439)
	at org.hibernate.resource.transaction.backend.jdbc.internal.JdbcResourceLocalTransactionCoordinatorImpl.beforeCompletionCallback(JdbcResourceLocalTransactionCoordinatorImpl.java:169)
	at org.hibernate.resource.transaction.backend.jdbc.internal.JdbcResourceLocalTransactionCoordinatorImpl$TransactionDriverControlImpl.commit(JdbcResourceLocalTransactionCoordinatorImpl.java:267)
	at org.hibernate.engine.transaction.internal.TransactionImpl.commit(TransactionImpl.java:101)
	at org.springframework.orm.jpa.JpaTransactionManager.doCommit(JpaTransactionManager.java:562)
	at org.springframework.transaction.support.AbstractPlatformTransactionManager.processCommit(AbstractPlatformTransactionManager.java:795)
	at org.springframework.transaction.support.AbstractPlatformTransactionManager.commit(AbstractPlatformTransactionManager.java:758)
	at org.springframework.transaction.interceptor.TransactionAspectSupport.commitTransactionAfterReturning(TransactionAspectSupport.java:698)
	at org.springframework.transaction.interceptor.TransactionAspectSupport.invokeWithinTransaction(TransactionAspectSupport.java:416)
	at org.springframework.transaction.interceptor.TransactionInterceptor.invoke(TransactionInterceptor.java:119)
	at org.springframework.aop.framework.ReflectiveMethodInvocation.proceed(ReflectiveMethodInvocation.java:184)
	at org.springframework.aop.framework.CglibAopProxy$DynamicAdvisedInterceptor.intercept(CglibAopProxy.java:728)
	at com.example.employee.employeedetails.EmployeeService$$SpringCGLIB$$0.updateById(<generated>)
	at com.example.employee.employeedetails.EmployeeController.replaceEmployee(EmployeeController.java:91)
	at java.base/jdk.internal.reflect.DirectMethodHandleAccessor.invoke(DirectMethodHandleAccessor.java:103)
	at java.base/java.lang.reflect.Method.invoke(Method.java:580)
	at org.springframework.web.method.support.InvocableHandlerMethod.doInvoke(InvocableHandlerMethod.java:258)
	at org.springframework.web.method.support.InvocableHandlerMethod.invokeForRequest(InvocableHandlerMethod.java:191)
	at org.springframework.web.servlet.mvc.method.annotation.ServletInvocableHandlerMethod.invokeAndHandle(ServletInvocableHandlerMethod.java:118)
	at org.springframework.web.servlet.mvc.method.annotation.RequestMappingHandlerAdapter.invokeHandlerMethod(RequestMappingHandlerAdapter.java:986)
	at org.springframework.web.servlet.mvc.method.annotation.RequestMappingHandlerAdapter.handleInternal(RequestMappingHandlerAdapter.java:891)
	at org.springframework.web.servlet.mvc.method.AbstractHandlerMethodAdapter.handle(AbstractHandlerMethodAdapter.java:87)
	at org.springframework.web.servlet.DispatcherServlet.doDispatch(DispatcherServlet.java:1089)
	at org.springframework.web.servlet.DispatcherServlet.doService(DispatcherServlet.java:979)
	at org.springframework.web.servlet.FrameworkServlet.processRequest(FrameworkServlet.java:1014)
	at org.springframework.web.servlet.FrameworkServlet.doPut(FrameworkServlet.java:925)
	at jakarta.servlet.http.HttpServlet.service(HttpServlet.java:593)
	at org.springframework.web.servlet.FrameworkServlet.service(FrameworkServlet.java:885)
	at jakarta.servlet.http.HttpServlet.service(HttpServlet.java:658)
	at org.apache.catalina.core.ApplicationFilterChain.internalDoFilter(ApplicationFilterChain.java:195)
	at org.apache.catalina.core.ApplicationFilterChain.doFilter(ApplicationFilterChain.java:140)
	at org.apache.tomcat.websocket.server.WsFilter.doFilter(WsFilter.java:51)
	at org.apache.catalina.core.ApplicationFilterChain.internalDoFilter(ApplicationFilterChain.java:164)
	at org.apache.catalina.core.ApplicationFilterChain.doFilter(ApplicationFilterChain.java:140)
	at org.springframework.web.filter.RequestContextFilter.doFilterInternal(RequestContextFilter.java:100)
	at org.springframework.web.filter.OncePerRequestFilter.doFilter(OncePerRequestFilter.java:116)
	at org.apache.catalina.core.ApplicationFilterChain.internalDoFilter(ApplicationFilterChain.java:164)
	at org.apache.catalina.core.ApplicationFilterChain.doFilter(ApplicationFilterChain.java:140)
	at org.springframework.web.filter.FormContentFilter.doFilterInternal(FormContentFilter.java:93)
	at org.springframework.web.filter.OncePerRequestFilter.doFilter(OncePerRequestFilter.java:116)
	at org.apache.catalina.core.ApplicationFilterChain.internalDoFilter(ApplicationFilterChain.java:164)
	at org.apache.catalina.core.ApplicationFilterChain.doFilter(ApplicationFilterChain.java:140)
	at org.springframework.web.filter.CharacterEncodingFilter.doFilterInternal(CharacterEncodingFilter.java:201)
	at org.springframework.web.filter.OncePerRequestFilter.doFilter(OncePerRequestFilter.java:116)
	at org.apache.catalina.core.ApplicationFilterChain.internalDoFilter(ApplicationFilterChain.java:164)
	at org.apache.catalina.core.ApplicationFilterChain.doFilter(ApplicationFilterChain.java:140)
	at org.apache.catalina.core.StandardWrapperValve.invoke(StandardWrapperValve.java:167)
	at org.apache.catalina.core.StandardContextValve.invoke(StandardContextValve.java:90)
	at org.apache.catalina.authenticator.AuthenticatorBase.invoke(AuthenticatorBase.java:483)
	at org.apache.catalina.core.StandardHostValve.invoke(StandardHostValve.java:116)
	at org.apache.catalina.valves.ErrorReportValve.invoke(ErrorReportValve.java:93)
	at org.apache.catalina.core.StandardEngineValve.invoke(StandardEngineValve.java:74)
	at org.apache.catalina.connector.CoyoteAdapter.service(CoyoteAdapter.java:344)
	at org.apache.coyote.http11.Http11Processor.service(Http11Processor.java:398)
	at org.apache.coyote.AbstractProcessorLight.process(AbstractProcessorLight.java:63)
	at org.apache.coyote.AbstractProtocol$ConnectionHandler.process(AbstractProtocol.java:903)
	at org.apache.tomcat.util.net.NioEndpoint$SocketProcessor.doRun(NioEndpoint.java:1769)
	at org.apache.tomcat.util.net.SocketProcessorBase.run(SocketProcessorBase.java:52)
	at org.apache.tomcat.util.threads.ThreadPoolExecutor.runWorker(ThreadPoolExecutor.java:1189)
	at org.apache.tomcat.util.threads.ThreadPoolExecutor$Worker.run(ThreadPoolExecutor.java:658)
	at org.apache.tomcat.util.threads.TaskThread$WrappingRunnable.run(TaskThread.java:63)
	at java.base/java.lang.Thread.run(Thread.java:1583)
2025-08-18 12:05:12 DEBUG c.e.e.e.EmployeeController - Fetching all employees
2025-08-18 12:05:12 DEBUG c.e.e.e.EmployeeService - Fetching all employees
2025-08-18 12:05:12 DEBUG c.e.e.e.EmployeeController - Fetched 10 employees
2025-08-18 12:05:12 DEBUG c.e.e.e.EmployeeController - Fetching all employees
2025-08-18 12:05:12 DEBUG c.e.e.e.EmployeeService - Fetching all employees
2025-08-18 12:05:12 DEBUG c.e.e.e.EmployeeController - Fetched 10 employees
2025-08-18 12:05:25 DEBUG c.e.e.e.EmployeeController - Replacing employee with ID: 138
2025-08-18 12:05:25 INFO  c.e.e.e.EmployeeService - Updating employee with id: 138
2025-08-18 12:05:25 DEBUG c.e.e.e.EmployeeService - Fetching employee with ID: 138
2025-08-18 12:05:25 INFO  c.e.e.e.EmployeeService - Updated details for employee with id: 138
2025-08-18 12:05:25 INFO  c.e.e.e.EmployeeController - Replaced employee with ID: 138
2025-08-18 12:05:25 DEBUG c.e.e.e.EmployeeController - Fetching all employees
2025-08-18 12:05:25 DEBUG c.e.e.e.EmployeeService - Fetching all employees
2025-08-18 12:05:25 DEBUG c.e.e.e.EmployeeController - Fetched 10 employees
2025-08-18 12:06:48 DEBUG c.e.e.e.EmployeeController - Replacing employee with ID: 139
2025-08-18 12:06:48 INFO  c.e.e.e.EmployeeService - Updating employee with id: 139
2025-08-18 12:06:48 DEBUG c.e.e.e.EmployeeService - Fetching employee with ID: 139
2025-08-18 12:06:48 INFO  c.e.e.e.EmployeeService - Updated details for employee with id: 139
2025-08-18 12:06:48 INFO  c.e.e.e.EmployeeController - Replaced employee with ID: 139
2025-08-18 12:06:50 DEBUG c.e.e.e.EmployeeController - Fetching all employees
2025-08-18 12:06:50 DEBUG c.e.e.e.EmployeeService - Fetching all employees
2025-08-18 12:06:50 DEBUG c.e.e.e.EmployeeController - Fetched 10 employees
2025-08-18 12:07:07 DEBUG c.e.e.e.EmployeeController - Replacing employee with ID: 139
2025-08-18 12:07:07 INFO  c.e.e.e.EmployeeService - Updating employee with id: 139
2025-08-18 12:07:07 DEBUG c.e.e.e.EmployeeService - Fetching employee with ID: 139
2025-08-18 12:07:07 INFO  c.e.e.e.EmployeeService - Updated details for employee with id: 139
2025-08-18 12:07:07 INFO  c.e.e.e.EmployeeController - Replaced employee with ID: 139
2025-08-18 12:07:09 DEBUG c.e.e.e.EmployeeController - Fetching all employees
2025-08-18 12:07:09 DEBUG c.e.e.e.EmployeeService - Fetching all employees
2025-08-18 12:07:09 DEBUG c.e.e.e.EmployeeController - Fetched 10 employees
2025-08-18 12:10:27 DEBUG c.e.e.e.EmployeeController - Replacing employee with ID: 147
2025-08-18 12:10:27 INFO  c.e.e.e.EmployeeService - Updating employee with id: 147
2025-08-18 12:10:27 DEBUG c.e.e.e.EmployeeService - Fetching employee with ID: 147
2025-08-18 12:10:27 INFO  c.e.e.e.EmployeeService - Updated details for employee with id: 147
2025-08-18 12:10:27 INFO  c.e.e.e.EmployeeController - Replaced employee with ID: 147
2025-08-18 12:10:29 DEBUG c.e.e.e.EmployeeController - Fetching all employees
2025-08-18 12:10:29 DEBUG c.e.e.e.EmployeeService - Fetching all employees
2025-08-18 12:10:29 DEBUG c.e.e.e.EmployeeController - Fetched 10 employees
2025-08-18 12:11:19 DEBUG c.e.e.e.EmployeeController - Replacing employee with ID: 146
2025-08-18 12:11:19 INFO  c.e.e.e.EmployeeService - Updating employee with id: 146
2025-08-18 12:11:19 DEBUG c.e.e.e.EmployeeService - Fetching employee with ID: 146
2025-08-18 12:11:19 INFO  c.e.e.e.EmployeeService - Updated details for employee with id: 146
2025-08-18 12:11:19 INFO  c.e.e.e.EmployeeController - Replaced employee with ID: 146
2025-08-18 12:11:21 DEBUG c.e.e.e.EmployeeController - Fetching all employees
2025-08-18 12:11:21 DEBUG c.e.e.e.EmployeeService - Fetching all employees
2025-08-18 12:11:21 DEBUG c.e.e.e.EmployeeController - Fetched 10 employees
2025-08-18 12:11:31 DEBUG c.e.e.contract.ContractService - Creating contract for employee ID: 146, DTO: com.example.employee.contract.dto.ContractCreateDTO@38df4c6f
2025-08-18 12:11:31 DEBUG c.e.e.contract.ContractService - Created contract ID: 269 for employee ID: 146
2025-08-18 12:11:33 DEBUG c.e.e.e.EmployeeController - Fetching all employees
2025-08-18 12:11:33 DEBUG c.e.e.e.EmployeeService - Fetching all employees
2025-08-18 12:11:33 DEBUG c.e.e.e.EmployeeController - Fetched 10 employees
2025-08-18 12:11:35 DEBUG c.e.e.e.EmployeeController - Fetching all employees
2025-08-18 12:11:35 DEBUG c.e.e.e.EmployeeService - Fetching all employees
2025-08-18 12:11:35 DEBUG c.e.e.e.EmployeeController - Fetched 10 employees
2025-08-18 12:11:37 DEBUG c.e.e.e.EmployeeController - Fetching all employees
2025-08-18 12:11:37 DEBUG c.e.e.e.EmployeeService - Fetching all employees
2025-08-18 12:11:37 DEBUG c.e.e.e.EmployeeController - Fetched 10 employees
2025-08-18 12:11:52 DEBUG c.e.e.e.EmployeeController - Replacing employee with ID: 146
2025-08-18 12:11:52 INFO  c.e.e.e.EmployeeService - Updating employee with id: 146
2025-08-18 12:11:52 DEBUG c.e.e.e.EmployeeService - Fetching employee with ID: 146
2025-08-18 12:11:52 INFO  c.e.e.e.EmployeeService - Updated details for employee with id: 146
2025-08-18 12:11:52 INFO  c.e.e.e.EmployeeController - Replaced employee with ID: 146
2025-08-18 12:11:54 DEBUG c.e.e.e.EmployeeController - Fetching all employees
2025-08-18 12:11:54 DEBUG c.e.e.e.EmployeeService - Fetching all employees
2025-08-18 12:11:54 DEBUG c.e.e.e.EmployeeController - Fetched 10 employees
