2025-08-26 10:57:21 WARN  com.zaxxer.hikari.pool.HikariPool - HikariPool-1 - Thread starvation or clock leap detected (housekeeper delta=16h32m23s598ms514µs).
2025-08-26 12:40:49 INFO  o.s.b.w.e.tomcat.GracefulShutdown - Commencing graceful shutdown. Waiting for active requests to complete
2025-08-26 12:40:49 INFO  o.s.b.w.e.tomcat.GracefulShutdown - Graceful shutdown complete
2025-08-26 12:40:49 INFO  o.s.o.j.LocalContainerEntityManagerFactoryBean - Closing JPA EntityManagerFactory for persistence unit 'default'
2025-08-26 12:40:49 INFO  com.zaxxer.hikari.HikariDataSource - HikariPool-1 - Shutdown initiated...
2025-08-26 12:40:50 INFO  com.zaxxer.hikari.HikariDataSource - HikariPool-1 - Shutdown completed.
2025-08-26 13:37:16 INFO  o.h.validator.internal.util.Version - HV000001: Hibernate Validator 8.0.2.Final
2025-08-26 13:37:16 INFO  c.e.employee.EmployeeApplication - Starting EmployeeApplication using Java 21.0.6 with PID 2744 (C:\Users\ho 800g2\OneDrive\Desktop\Jani\nology\sessions\Spring\EmployeeCreator\Backend\employee\target\classes started by ho 800g2 in C:\Users\ho 800g2\OneDrive\Desktop\Jani\nology\sessions\Spring\EmployeeCreator\Backend\employee)
2025-08-26 13:37:16 DEBUG c.e.employee.EmployeeApplication - Running with Spring Boot v3.5.3, Spring v6.2.8
2025-08-26 13:37:16 INFO  c.e.employee.EmployeeApplication - No active profile set, falling back to 1 default profile: "default"
2025-08-26 13:37:16 INFO  o.s.b.d.e.DevToolsPropertyDefaultsPostProcessor - Devtools property defaults active! Set 'spring.devtools.add-properties' to 'false' to disable
2025-08-26 13:37:16 INFO  o.s.b.d.e.DevToolsPropertyDefaultsPostProcessor - For additional web related logging consider setting the 'logging.level.web' property to 'DEBUG'
2025-08-26 13:37:17 INFO  o.s.d.r.c.RepositoryConfigurationDelegate - Bootstrapping Spring Data JPA repositories in DEFAULT mode.
2025-08-26 13:37:17 INFO  o.s.d.r.c.RepositoryConfigurationDelegate - Finished Spring Data repository scanning in 75 ms. Found 4 JPA repository interfaces.
2025-08-26 13:37:18 INFO  o.s.b.w.e.tomcat.TomcatWebServer - Tomcat initialized with port 8080 (http)
2025-08-26 13:37:18 INFO  o.a.coyote.http11.Http11NioProtocol - Initializing ProtocolHandler ["http-nio-8080"]
2025-08-26 13:37:18 INFO  o.a.catalina.core.StandardService - Starting service [Tomcat]
2025-08-26 13:37:18 INFO  o.a.catalina.core.StandardEngine - Starting Servlet engine: [Apache Tomcat/10.1.42]
2025-08-26 13:37:18 INFO  o.a.c.c.C.[Tomcat].[localhost].[/] - Initializing Spring embedded WebApplicationContext
2025-08-26 13:37:18 INFO  o.s.b.w.s.c.ServletWebServerApplicationContext - Root WebApplicationContext: initialization completed in 1627 ms
2025-08-26 13:37:18 INFO  o.h.jpa.internal.util.LogHelper - HHH000204: Processing PersistenceUnitInfo [name: default]
2025-08-26 13:37:18 INFO  org.hibernate.Version - HHH000412: Hibernate ORM core version 6.6.18.Final
2025-08-26 13:37:18 INFO  o.h.c.i.RegionFactoryInitiator - HHH000026: Second-level cache disabled
2025-08-26 13:37:18 INFO  o.s.o.j.p.SpringPersistenceUnitInfo - No LoadTimeWeaver setup: ignoring JPA class transformer
2025-08-26 13:37:18 INFO  com.zaxxer.hikari.HikariDataSource - HikariPool-1 - Starting...
2025-08-26 13:37:19 INFO  com.zaxxer.hikari.pool.HikariPool - HikariPool-1 - Added connection com.mysql.cj.jdbc.ConnectionImpl@3e822c9b
2025-08-26 13:37:19 INFO  com.zaxxer.hikari.HikariDataSource - HikariPool-1 - Start completed.
2025-08-26 13:37:19 WARN  org.hibernate.orm.deprecation - HHH90000025: MySQL8Dialect does not need to be specified explicitly using 'hibernate.dialect' (remove the property setting and it will be selected by default)
2025-08-26 13:37:19 WARN  org.hibernate.orm.deprecation - HHH90000026: MySQL8Dialect has been deprecated; use org.hibernate.dialect.MySQLDialect instead
2025-08-26 13:37:19 INFO  o.hibernate.orm.connections.pooling - HHH10001005: Database info:
	Database JDBC URL [Connecting through datasource 'HikariDataSource (HikariPool-1)']
	Database driver: undefined/unknown
	Database version: 8.0
	Autocommit mode: undefined/unknown
	Isolation level: undefined/unknown
	Minimum pool size: undefined/unknown
	Maximum pool size: undefined/unknown
2025-08-26 13:37:20 INFO  o.h.e.t.j.p.i.JtaPlatformInitiator - HHH000489: No JTA platform available (set 'hibernate.transaction.jta.platform' to enable JTA platform integration)
2025-08-26 13:37:21 INFO  o.s.o.j.LocalContainerEntityManagerFactoryBean - Initialized JPA EntityManagerFactory for persistence unit 'default'
2025-08-26 13:37:21 INFO  o.s.d.j.r.query.QueryEnhancerFactory - Hibernate is in classpath; If applicable, HQL parser will be used.
2025-08-26 13:37:22 WARN  o.s.b.a.o.j.JpaBaseConfiguration$JpaWebConfiguration - spring.jpa.open-in-view is enabled by default. Therefore, database queries may be performed during view rendering. Explicitly configure spring.jpa.open-in-view to disable this warning
2025-08-26 13:37:22 INFO  o.s.b.d.a.OptionalLiveReloadServer - LiveReload server is running on port 35729
2025-08-26 13:37:22 INFO  o.a.coyote.http11.Http11NioProtocol - Starting ProtocolHandler ["http-nio-8080"]
2025-08-26 13:37:22 INFO  o.s.b.w.e.tomcat.TomcatWebServer - Tomcat started on port 8080 (http) with context path '/'
2025-08-26 13:37:22 INFO  c.e.employee.EmployeeApplication - Started EmployeeApplication in 6.86 seconds (process running for 7.515)
2025-08-26 13:37:36 INFO  o.a.c.c.C.[Tomcat].[localhost].[/] - Initializing Spring DispatcherServlet 'dispatcherServlet'
2025-08-26 13:37:36 INFO  o.s.web.servlet.DispatcherServlet - Initializing Servlet 'dispatcherServlet'
2025-08-26 13:37:36 INFO  o.s.web.servlet.DispatcherServlet - Completed initialization in 1 ms
2025-08-26 13:37:36 DEBUG c.e.e.e.EmployeeController - Fetching all employees
2025-08-26 13:37:36 DEBUG c.e.e.e.EmployeeService - Fetching all employees
2025-08-26 13:37:36 DEBUG c.e.e.e.EmployeeController - Fetched 10 employees
2025-08-26 13:37:36 DEBUG c.e.e.e.EmployeeController - Fetching all employees
2025-08-26 13:37:36 DEBUG c.e.e.e.EmployeeService - Fetching all employees
2025-08-26 13:37:36 DEBUG c.e.e.e.EmployeeController - Fetched 10 employees
2025-08-26 13:38:01 DEBUG c.e.e.contract.ContractService - Creating contract for employee ID: 188, DTO: com.example.employee.contract.dto.ContractCreateDTO@cac1ae6
2025-08-26 13:38:01 DEBUG c.e.e.contract.ContractService - Created contract ID: 391 for employee ID: 188
2025-08-26 13:38:01 DEBUG c.e.e.e.EmployeeController - Fetching all employees
2025-08-26 13:38:01 DEBUG c.e.e.e.EmployeeService - Fetching all employees
2025-08-26 13:38:01 DEBUG c.e.e.e.EmployeeController - Fetched 10 employees
2025-08-26 13:38:07 DEBUG c.e.e.e.EmployeeController - Replacing employee with ID: 188
2025-08-26 13:38:07 INFO  c.e.e.e.EmployeeService - Updating employee with id: 188
2025-08-26 13:38:07 DEBUG c.e.e.e.EmployeeService - Fetching employee with ID: 188
2025-08-26 13:38:07 INFO  c.e.e.e.EmployeeService - Updated details for employee with id: 188
2025-08-26 13:38:07 INFO  c.e.e.e.EmployeeController - Replaced employee with ID: 188
2025-08-26 13:38:07 DEBUG c.e.e.e.EmployeeController - Fetching all employees
2025-08-26 13:38:07 DEBUG c.e.e.e.EmployeeService - Fetching all employees
2025-08-26 13:38:07 DEBUG c.e.e.e.EmployeeController - Fetched 10 employees
2025-08-26 13:39:53 DEBUG c.e.e.e.EmployeeController - Fetching all employees
2025-08-26 13:39:53 DEBUG c.e.e.e.EmployeeService - Fetching all employees
2025-08-26 13:39:53 DEBUG c.e.e.e.EmployeeController - Fetched 10 employees
2025-08-26 13:39:53 DEBUG c.e.e.e.EmployeeController - Fetching all employees
2025-08-26 13:39:53 DEBUG c.e.e.e.EmployeeService - Fetching all employees
2025-08-26 13:39:53 DEBUG c.e.e.e.EmployeeController - Fetched 10 employees
2025-08-26 13:45:04 DEBUG c.e.e.e.EmployeeController - Replacing employee with ID: 188
2025-08-26 13:45:04 INFO  c.e.e.e.EmployeeService - Updating employee with id: 188
2025-08-26 13:45:04 DEBUG c.e.e.e.EmployeeService - Fetching employee with ID: 188
2025-08-26 13:45:04 INFO  c.e.e.e.EmployeeService - Updated details for employee with id: 188
2025-08-26 13:45:04 INFO  c.e.e.e.EmployeeController - Replaced employee with ID: 188
2025-08-26 13:45:04 DEBUG c.e.e.e.EmployeeController - Fetching all employees
2025-08-26 13:45:04 DEBUG c.e.e.e.EmployeeService - Fetching all employees
2025-08-26 13:45:04 DEBUG c.e.e.e.EmployeeController - Fetched 10 employees
2025-08-26 13:53:32 DEBUG c.e.e.e.EmployeeController - Replacing employee with ID: 188
2025-08-26 13:53:32 INFO  c.e.e.e.EmployeeService - Updating employee with id: 188
2025-08-26 13:53:32 DEBUG c.e.e.e.EmployeeService - Fetching employee with ID: 188
2025-08-26 13:53:32 INFO  c.e.e.e.EmployeeService - Updated details for employee with id: 188
2025-08-26 13:53:32 INFO  c.e.e.e.EmployeeController - Replaced employee with ID: 188
2025-08-26 13:53:32 DEBUG c.e.e.e.EmployeeController - Fetching all employees
2025-08-26 13:53:32 DEBUG c.e.e.e.EmployeeService - Fetching all employees
2025-08-26 13:53:32 DEBUG c.e.e.e.EmployeeController - Fetched 10 employees
2025-08-26 14:49:33 WARN  com.zaxxer.hikari.pool.HikariPool - HikariPool-1 - Thread starvation or clock leap detected (housekeeper delta=10m43s581ms360µs300ns).
2025-08-26 15:04:01 DEBUG c.e.e.e.EmployeeController - Fetching all employees
2025-08-26 15:04:01 DEBUG c.e.e.e.EmployeeService - Fetching all employees
2025-08-26 15:04:01 DEBUG c.e.e.e.EmployeeController - Fetched 10 employees
2025-08-26 15:04:01 DEBUG c.e.e.e.EmployeeController - Fetching all employees
2025-08-26 15:04:01 DEBUG c.e.e.e.EmployeeService - Fetching all employees
2025-08-26 15:04:01 DEBUG c.e.e.e.EmployeeController - Fetched 10 employees
2025-08-26 15:16:54 DEBUG c.e.e.e.EmployeeController - Replacing employee with ID: 189
2025-08-26 15:16:54 INFO  c.e.e.e.EmployeeService - Updating employee with id: 189
2025-08-26 15:16:54 DEBUG c.e.e.e.EmployeeService - Fetching employee with ID: 189
2025-08-26 15:16:54 INFO  c.e.e.e.EmployeeService - Updated details for employee with id: 189
2025-08-26 15:16:55 INFO  c.e.e.e.EmployeeController - Replaced employee with ID: 189
2025-08-26 15:16:55 DEBUG c.e.e.e.EmployeeController - Fetching all employees
2025-08-26 15:16:55 DEBUG c.e.e.e.EmployeeService - Fetching all employees
2025-08-26 15:16:55 DEBUG c.e.e.e.EmployeeController - Fetched 10 employees
2025-08-26 15:18:44 DEBUG c.e.e.contract.ContractService - Creating contract for employee ID: 189, DTO: com.example.employee.contract.dto.ContractCreateDTO@386c695e
2025-08-26 15:18:44 DEBUG c.e.e.contract.ContractService - Created contract ID: 392 for employee ID: 189
2025-08-26 15:18:44 DEBUG c.e.e.e.EmployeeController - Fetching all employees
2025-08-26 15:18:44 DEBUG c.e.e.e.EmployeeService - Fetching all employees
2025-08-26 15:18:44 DEBUG c.e.e.e.EmployeeController - Fetched 10 employees
2025-08-26 15:57:29 WARN  com.zaxxer.hikari.pool.HikariPool - HikariPool-1 - Thread starvation or clock leap detected (housekeeper delta=3m24s998ms274µs800ns).
2025-08-26 15:57:32 DEBUG c.e.e.e.EmployeeController - Fetching all employees
2025-08-26 15:57:32 DEBUG c.e.e.e.EmployeeService - Fetching all employees
2025-08-26 15:57:32 DEBUG c.e.e.e.EmployeeController - Fetched 10 employees
2025-08-26 15:57:32 DEBUG c.e.e.e.EmployeeController - Fetching all employees
2025-08-26 15:57:32 DEBUG c.e.e.e.EmployeeService - Fetching all employees
2025-08-26 15:57:32 DEBUG c.e.e.e.EmployeeController - Fetched 10 employees
2025-08-26 16:05:18 DEBUG c.e.e.e.EmployeeController - Fetching all employees
2025-08-26 16:05:18 DEBUG c.e.e.e.EmployeeService - Fetching all employees
2025-08-26 16:05:18 DEBUG c.e.e.e.EmployeeController - Fetched 10 employees
2025-08-26 16:05:18 DEBUG c.e.e.e.EmployeeController - Fetching all employees
2025-08-26 16:05:18 DEBUG c.e.e.e.EmployeeService - Fetching all employees
2025-08-26 16:05:18 DEBUG c.e.e.e.EmployeeController - Fetched 10 employees
2025-08-26 16:05:45 DEBUG c.e.e.contract.ContractService - Creating contract for employee ID: 197, DTO: com.example.employee.contract.dto.ContractCreateDTO@5026e927
2025-08-26 16:05:45 DEBUG c.e.e.contract.ContractService - Created contract ID: 393 for employee ID: 197
2025-08-26 16:05:45 DEBUG c.e.e.e.EmployeeController - Fetching all employees
2025-08-26 16:05:45 DEBUG c.e.e.e.EmployeeService - Fetching all employees
2025-08-26 16:05:45 DEBUG c.e.e.e.EmployeeController - Fetched 10 employees
2025-08-26 16:05:49 DEBUG c.e.e.contract.ContractService - Creating contract for employee ID: 197, DTO: com.example.employee.contract.dto.ContractCreateDTO@1aadbcca
2025-08-26 16:05:49 DEBUG c.e.e.contract.ContractService - Created contract ID: 394 for employee ID: 197
2025-08-26 16:05:49 DEBUG c.e.e.e.EmployeeController - Fetching all employees
2025-08-26 16:05:49 DEBUG c.e.e.e.EmployeeService - Fetching all employees
2025-08-26 16:05:49 DEBUG c.e.e.e.EmployeeController - Fetched 10 employees
2025-08-26 16:06:46 DEBUG c.e.e.e.EmployeeController - Fetching all employees
2025-08-26 16:06:46 DEBUG c.e.e.e.EmployeeService - Fetching all employees
2025-08-26 16:06:46 DEBUG c.e.e.e.EmployeeController - Fetched 10 employees
2025-08-26 16:06:46 DEBUG c.e.e.e.EmployeeController - Fetching all employees
2025-08-26 16:06:46 DEBUG c.e.e.e.EmployeeService - Fetching all employees
2025-08-26 16:06:46 DEBUG c.e.e.e.EmployeeController - Fetched 10 employees
2025-08-26 16:07:40 DEBUG c.e.e.contract.ContractService - Creating contract for employee ID: 197, DTO: com.example.employee.contract.dto.ContractCreateDTO@138e0f8f
2025-08-26 16:07:40 DEBUG c.e.e.contract.ContractService - Created contract ID: 395 for employee ID: 197
2025-08-26 16:07:40 DEBUG c.e.e.e.EmployeeController - Fetching all employees
2025-08-26 16:07:40 DEBUG c.e.e.e.EmployeeService - Fetching all employees
2025-08-26 16:07:40 DEBUG c.e.e.e.EmployeeController - Fetched 10 employees
2025-08-26 16:07:40 DEBUG c.e.e.e.EmployeeController - Fetching all employees
2025-08-26 16:07:40 DEBUG c.e.e.e.EmployeeService - Fetching all employees
2025-08-26 16:07:40 DEBUG c.e.e.e.EmployeeController - Fetched 10 employees
2025-08-26 16:07:47 DEBUG c.e.e.e.EmployeeController - Replacing employee with ID: 197
2025-08-26 16:07:47 INFO  c.e.e.e.EmployeeService - Updating employee with id: 197
2025-08-26 16:07:47 DEBUG c.e.e.e.EmployeeService - Fetching employee with ID: 197
2025-08-26 16:07:47 INFO  c.e.e.e.EmployeeService - Updated details for employee with id: 197
2025-08-26 16:07:47 INFO  c.e.e.e.EmployeeController - Replaced employee with ID: 197
2025-08-26 16:07:47 DEBUG c.e.e.e.EmployeeController - Fetching all employees
2025-08-26 16:07:47 DEBUG c.e.e.e.EmployeeService - Fetching all employees
2025-08-26 16:07:47 DEBUG c.e.e.e.EmployeeController - Fetched 10 employees
2025-08-26 16:10:58 DEBUG c.e.e.e.EmployeeController - Fetching all employees
2025-08-26 16:10:58 DEBUG c.e.e.e.EmployeeService - Fetching all employees
2025-08-26 16:10:58 DEBUG c.e.e.e.EmployeeController - Fetched 10 employees
2025-08-26 16:11:03 DEBUG c.e.e.e.EmployeeController - Fetching all employees
2025-08-26 16:11:03 DEBUG c.e.e.e.EmployeeService - Fetching all employees
2025-08-26 16:11:03 DEBUG c.e.e.e.EmployeeController - Fetched 10 employees
2025-08-26 16:11:05 DEBUG c.e.e.e.EmployeeController - Replacing employee with ID: 197
2025-08-26 16:11:05 INFO  c.e.e.e.EmployeeService - Updating employee with id: 197
2025-08-26 16:11:05 DEBUG c.e.e.e.EmployeeService - Fetching employee with ID: 197
2025-08-26 16:11:05 INFO  c.e.e.e.EmployeeService - Updated details for employee with id: 197
2025-08-26 16:11:05 INFO  c.e.e.e.EmployeeController - Replaced employee with ID: 197
2025-08-26 16:11:05 DEBUG c.e.e.e.EmployeeController - Fetching all employees
2025-08-26 16:11:05 DEBUG c.e.e.e.EmployeeService - Fetching all employees
2025-08-26 16:11:05 DEBUG c.e.e.e.EmployeeController - Fetched 10 employees
2025-08-26 16:11:28 DEBUG c.e.e.e.EmployeeController - Replacing employee with ID: 197
2025-08-26 16:11:28 INFO  c.e.e.e.EmployeeService - Updating employee with id: 197
2025-08-26 16:11:28 DEBUG c.e.e.e.EmployeeService - Fetching employee with ID: 197
2025-08-26 16:11:28 INFO  c.e.e.e.EmployeeService - Updated details for employee with id: 197
2025-08-26 16:11:28 INFO  c.e.e.e.EmployeeController - Replaced employee with ID: 197
2025-08-26 16:11:28 DEBUG c.e.e.e.EmployeeController - Fetching all employees
2025-08-26 16:11:28 DEBUG c.e.e.e.EmployeeService - Fetching all employees
2025-08-26 16:11:28 DEBUG c.e.e.e.EmployeeController - Fetched 10 employees
2025-08-26 16:13:15 DEBUG c.e.e.e.EmployeeController - Replacing employee with ID: 197
2025-08-26 16:13:15 INFO  c.e.e.e.EmployeeService - Updating employee with id: 197
2025-08-26 16:13:15 DEBUG c.e.e.e.EmployeeService - Fetching employee with ID: 197
2025-08-26 16:13:15 INFO  c.e.e.e.EmployeeService - Updated details for employee with id: 197
2025-08-26 16:13:15 INFO  c.e.e.e.EmployeeController - Replaced employee with ID: 197
2025-08-26 16:13:15 DEBUG c.e.e.e.EmployeeController - Fetching all employees
2025-08-26 16:13:15 DEBUG c.e.e.e.EmployeeService - Fetching all employees
2025-08-26 16:13:15 DEBUG c.e.e.e.EmployeeController - Fetched 10 employees
2025-08-26 16:21:41 DEBUG c.e.e.e.EmployeeController - Replacing employee with ID: 197
2025-08-26 16:21:41 INFO  c.e.e.e.EmployeeService - Updating employee with id: 197
2025-08-26 16:21:41 DEBUG c.e.e.e.EmployeeService - Fetching employee with ID: 197
2025-08-26 16:21:41 INFO  c.e.e.e.EmployeeService - Updated details for employee with id: 197
2025-08-26 16:21:41 INFO  c.e.e.e.EmployeeController - Replaced employee with ID: 197
2025-08-26 16:21:41 DEBUG c.e.e.e.EmployeeController - Fetching all employees
2025-08-26 16:21:41 DEBUG c.e.e.e.EmployeeService - Fetching all employees
2025-08-26 16:21:41 DEBUG c.e.e.e.EmployeeController - Fetched 10 employees
2025-08-26 16:28:26 DEBUG c.e.e.e.EmployeeController - Fetching all employees
2025-08-26 16:28:26 DEBUG c.e.e.e.EmployeeService - Fetching all employees
2025-08-26 16:28:26 DEBUG c.e.e.e.EmployeeController - Fetched 10 employees
2025-08-26 16:28:26 DEBUG c.e.e.e.EmployeeController - Fetching all employees
2025-08-26 16:28:26 DEBUG c.e.e.e.EmployeeService - Fetching all employees
2025-08-26 16:28:26 DEBUG c.e.e.e.EmployeeController - Fetched 10 employees
2025-08-26 16:29:55 DEBUG c.e.e.e.EmployeeController - Replacing employee with ID: 189
2025-08-26 16:29:55 INFO  c.e.e.e.EmployeeService - Updating employee with id: 189
2025-08-26 16:29:55 DEBUG c.e.e.e.EmployeeService - Fetching employee with ID: 189
2025-08-26 16:29:55 INFO  c.e.e.e.EmployeeService - Updated details for employee with id: 189
2025-08-26 16:29:55 INFO  c.e.e.e.EmployeeController - Replaced employee with ID: 189
2025-08-26 16:29:55 DEBUG c.e.e.e.EmployeeController - Fetching all employees
2025-08-26 16:29:55 DEBUG c.e.e.e.EmployeeService - Fetching all employees
2025-08-26 16:29:55 DEBUG c.e.e.e.EmployeeController - Fetched 10 employees
2025-08-26 16:30:04 DEBUG c.e.e.e.EmployeeController - Replacing employee with ID: 189
2025-08-26 16:30:04 INFO  c.e.e.e.EmployeeService - Updating employee with id: 189
2025-08-26 16:30:04 DEBUG c.e.e.e.EmployeeService - Fetching employee with ID: 189
2025-08-26 16:30:04 INFO  c.e.e.e.EmployeeService - Updated details for employee with id: 189
2025-08-26 16:30:04 INFO  c.e.e.e.EmployeeController - Replaced employee with ID: 189
2025-08-26 16:30:04 DEBUG c.e.e.e.EmployeeController - Fetching all employees
2025-08-26 16:30:04 DEBUG c.e.e.e.EmployeeService - Fetching all employees
2025-08-26 16:30:04 DEBUG c.e.e.e.EmployeeController - Fetched 10 employees
2025-08-26 16:33:56 DEBUG c.e.e.e.EmployeeController - Replacing employee with ID: 196
2025-08-26 16:33:56 INFO  c.e.e.e.EmployeeService - Updating employee with id: 196
2025-08-26 16:33:56 DEBUG c.e.e.e.EmployeeService - Fetching employee with ID: 196
2025-08-26 16:33:56 INFO  c.e.e.e.EmployeeService - Updated details for employee with id: 196
2025-08-26 16:33:56 INFO  c.e.e.e.EmployeeController - Replaced employee with ID: 196
2025-08-26 16:33:56 DEBUG c.e.e.e.EmployeeController - Fetching all employees
2025-08-26 16:33:56 DEBUG c.e.e.e.EmployeeService - Fetching all employees
2025-08-26 16:33:56 DEBUG c.e.e.e.EmployeeController - Fetched 10 employees
2025-08-26 16:34:38 DEBUG c.e.e.contract.ContractService - Creating contract for employee ID: 196, DTO: com.example.employee.contract.dto.ContractCreateDTO@1dbcdd17
2025-08-26 16:34:38 DEBUG c.e.e.contract.ContractService - Created contract ID: 396 for employee ID: 196
2025-08-26 16:34:38 DEBUG c.e.e.e.EmployeeController - Fetching all employees
2025-08-26 16:34:38 DEBUG c.e.e.e.EmployeeService - Fetching all employees
2025-08-26 16:34:38 DEBUG c.e.e.e.EmployeeController - Fetched 10 employees
2025-08-26 16:34:38 DEBUG c.e.e.e.EmployeeController - Fetching all employees
2025-08-26 16:34:38 DEBUG c.e.e.e.EmployeeService - Fetching all employees
2025-08-26 16:34:38 DEBUG c.e.e.e.EmployeeController - Fetched 10 employees
2025-08-26 16:34:56 DEBUG c.e.e.e.EmployeeController - Replacing employee with ID: 196
2025-08-26 16:34:56 INFO  c.e.e.e.EmployeeService - Updating employee with id: 196
2025-08-26 16:34:56 DEBUG c.e.e.e.EmployeeService - Fetching employee with ID: 196
2025-08-26 16:34:56 INFO  c.e.e.e.EmployeeService - Updated details for employee with id: 196
2025-08-26 16:34:56 INFO  c.e.e.e.EmployeeController - Replaced employee with ID: 196
2025-08-26 16:34:56 DEBUG c.e.e.e.EmployeeController - Fetching all employees
2025-08-26 16:34:56 DEBUG c.e.e.e.EmployeeService - Fetching all employees
2025-08-26 16:34:56 DEBUG c.e.e.e.EmployeeController - Fetched 10 employees
2025-08-26 16:44:15 DEBUG c.e.e.e.EmployeeController - Fetching all employees
2025-08-26 16:44:15 DEBUG c.e.e.e.EmployeeService - Fetching all employees
2025-08-26 16:44:15 DEBUG c.e.e.e.EmployeeController - Fetched 10 employees
2025-08-26 16:44:16 DEBUG c.e.e.e.EmployeeController - Replacing employee with ID: 196
2025-08-26 16:44:16 INFO  c.e.e.e.EmployeeService - Updating employee with id: 196
2025-08-26 16:44:16 DEBUG c.e.e.e.EmployeeService - Fetching employee with ID: 196
2025-08-26 16:44:16 INFO  c.e.e.e.EmployeeService - Updated details for employee with id: 196
2025-08-26 16:44:16 INFO  c.e.e.e.EmployeeController - Replaced employee with ID: 196
2025-08-26 16:44:16 DEBUG c.e.e.e.EmployeeController - Fetching all employees
2025-08-26 16:44:16 DEBUG c.e.e.e.EmployeeService - Fetching all employees
2025-08-26 16:44:16 DEBUG c.e.e.e.EmployeeController - Fetched 10 employees
2025-08-26 16:44:19 DEBUG c.e.e.e.EmployeeController - Fetching all employees
2025-08-26 16:44:19 DEBUG c.e.e.e.EmployeeService - Fetching all employees
2025-08-26 16:44:19 DEBUG c.e.e.e.EmployeeController - Fetched 10 employees
2025-08-26 16:44:21 DEBUG c.e.e.e.EmployeeController - Replacing employee with ID: 196
2025-08-26 16:44:21 INFO  c.e.e.e.EmployeeService - Updating employee with id: 196
2025-08-26 16:44:21 DEBUG c.e.e.e.EmployeeService - Fetching employee with ID: 196
2025-08-26 16:44:21 INFO  c.e.e.e.EmployeeService - Updated details for employee with id: 196
2025-08-26 16:44:21 INFO  c.e.e.e.EmployeeController - Replaced employee with ID: 196
2025-08-26 16:44:21 DEBUG c.e.e.e.EmployeeController - Fetching all employees
2025-08-26 16:44:21 DEBUG c.e.e.e.EmployeeService - Fetching all employees
2025-08-26 16:44:21 DEBUG c.e.e.e.EmployeeController - Fetched 10 employees
2025-08-26 16:44:25 DEBUG c.e.e.e.EmployeeController - Fetching all employees
2025-08-26 16:44:25 DEBUG c.e.e.e.EmployeeService - Fetching all employees
2025-08-26 16:44:25 DEBUG c.e.e.e.EmployeeController - Fetched 10 employees
2025-08-26 16:44:26 DEBUG c.e.e.e.EmployeeController - Replacing employee with ID: 196
2025-08-26 16:44:26 INFO  c.e.e.e.EmployeeService - Updating employee with id: 196
2025-08-26 16:44:26 DEBUG c.e.e.e.EmployeeService - Fetching employee with ID: 196
2025-08-26 16:44:26 INFO  c.e.e.e.EmployeeService - Updated details for employee with id: 196
2025-08-26 16:44:26 INFO  c.e.e.e.EmployeeController - Replaced employee with ID: 196
2025-08-26 16:44:26 DEBUG c.e.e.e.EmployeeController - Fetching all employees
2025-08-26 16:44:26 DEBUG c.e.e.e.EmployeeService - Fetching all employees
2025-08-26 16:44:26 DEBUG c.e.e.e.EmployeeController - Fetched 10 employees
2025-08-26 16:44:36 DEBUG c.e.e.contract.ContractService - Creating contract for employee ID: 196, DTO: com.example.employee.contract.dto.ContractCreateDTO@17849a04
2025-08-26 16:44:36 DEBUG c.e.e.contract.ContractService - Created contract ID: 397 for employee ID: 196
2025-08-26 16:44:36 DEBUG c.e.e.e.EmployeeController - Fetching all employees
2025-08-26 16:44:36 DEBUG c.e.e.e.EmployeeService - Fetching all employees
2025-08-26 16:44:36 DEBUG c.e.e.e.EmployeeController - Fetched 10 employees
2025-08-26 16:44:36 DEBUG c.e.e.e.EmployeeController - Fetching all employees
2025-08-26 16:44:36 DEBUG c.e.e.e.EmployeeService - Fetching all employees
2025-08-26 16:44:36 DEBUG c.e.e.e.EmployeeController - Fetched 10 employees
2025-08-26 16:45:13 DEBUG c.e.e.e.EmployeeController - Replacing employee with ID: 196
2025-08-26 16:45:13 INFO  c.e.e.e.EmployeeService - Updating employee with id: 196
2025-08-26 16:45:13 DEBUG c.e.e.e.EmployeeService - Fetching employee with ID: 196
2025-08-26 16:45:13 INFO  c.e.e.e.EmployeeService - Updated details for employee with id: 196
2025-08-26 16:45:13 INFO  c.e.e.e.EmployeeController - Replaced employee with ID: 196
2025-08-26 16:45:13 DEBUG c.e.e.e.EmployeeController - Fetching all employees
2025-08-26 16:45:13 DEBUG c.e.e.e.EmployeeService - Fetching all employees
2025-08-26 16:45:13 DEBUG c.e.e.e.EmployeeController - Fetched 10 employees
2025-08-26 16:46:04 DEBUG c.e.e.e.EmployeeController - Replacing employee with ID: 196
2025-08-26 16:46:04 INFO  c.e.e.e.EmployeeService - Updating employee with id: 196
2025-08-26 16:46:04 DEBUG c.e.e.e.EmployeeService - Fetching employee with ID: 196
2025-08-26 16:46:04 INFO  c.e.e.e.EmployeeService - Updated details for employee with id: 196
2025-08-26 16:46:04 INFO  c.e.e.e.EmployeeController - Replaced employee with ID: 196
2025-08-26 16:46:04 DEBUG c.e.e.e.EmployeeController - Fetching all employees
2025-08-26 16:46:04 DEBUG c.e.e.e.EmployeeService - Fetching all employees
2025-08-26 16:46:04 DEBUG c.e.e.e.EmployeeController - Fetched 10 employees
2025-08-26 16:46:31 DEBUG c.e.e.e.EmployeeController - Replacing employee with ID: 196
2025-08-26 16:46:31 INFO  c.e.e.e.EmployeeService - Updating employee with id: 196
2025-08-26 16:46:31 DEBUG c.e.e.e.EmployeeService - Fetching employee with ID: 196
2025-08-26 16:46:31 INFO  c.e.e.e.EmployeeService - Updated details for employee with id: 196
2025-08-26 16:46:31 INFO  c.e.e.e.EmployeeController - Replaced employee with ID: 196
2025-08-26 16:46:31 DEBUG c.e.e.e.EmployeeController - Fetching all employees
2025-08-26 16:46:31 DEBUG c.e.e.e.EmployeeService - Fetching all employees
2025-08-26 16:46:31 DEBUG c.e.e.e.EmployeeController - Fetched 10 employees
2025-08-26 16:53:55 DEBUG c.e.e.e.EmployeeController - Replacing employee with ID: 196
2025-08-26 16:53:55 INFO  c.e.e.e.EmployeeService - Updating employee with id: 196
2025-08-26 16:53:55 DEBUG c.e.e.e.EmployeeService - Fetching employee with ID: 196
2025-08-26 16:53:55 INFO  c.e.e.e.EmployeeService - Updated details for employee with id: 196
2025-08-26 16:53:55 INFO  c.e.e.e.EmployeeController - Replaced employee with ID: 196
2025-08-26 16:53:55 DEBUG c.e.e.e.EmployeeController - Fetching all employees
2025-08-26 16:53:55 DEBUG c.e.e.e.EmployeeService - Fetching all employees
2025-08-26 16:53:55 DEBUG c.e.e.e.EmployeeController - Fetched 10 employees
2025-08-26 16:54:22 DEBUG c.e.e.e.EmployeeController - Replacing employee with ID: 196
2025-08-26 16:54:22 INFO  c.e.e.e.EmployeeService - Updating employee with id: 196
2025-08-26 16:54:22 DEBUG c.e.e.e.EmployeeService - Fetching employee with ID: 196
2025-08-26 16:54:22 INFO  c.e.e.e.EmployeeService - Updated details for employee with id: 196
2025-08-26 16:54:22 INFO  c.e.e.e.EmployeeController - Replaced employee with ID: 196
2025-08-26 16:54:22 DEBUG c.e.e.e.EmployeeController - Fetching all employees
2025-08-26 16:54:22 DEBUG c.e.e.e.EmployeeService - Fetching all employees
2025-08-26 16:54:22 DEBUG c.e.e.e.EmployeeController - Fetched 10 employees
2025-08-26 16:54:41 DEBUG c.e.e.e.EmployeeController - Replacing employee with ID: 196
2025-08-26 16:54:41 INFO  c.e.e.e.EmployeeService - Updating employee with id: 196
2025-08-26 16:54:41 DEBUG c.e.e.e.EmployeeService - Fetching employee with ID: 196
2025-08-26 16:54:41 INFO  c.e.e.e.EmployeeService - Updated details for employee with id: 196
2025-08-26 16:54:41 INFO  c.e.e.e.EmployeeController - Replaced employee with ID: 196
2025-08-26 16:54:41 DEBUG c.e.e.e.EmployeeController - Fetching all employees
2025-08-26 16:54:41 DEBUG c.e.e.e.EmployeeService - Fetching all employees
2025-08-26 16:54:41 DEBUG c.e.e.e.EmployeeController - Fetched 10 employees
2025-08-26 17:00:51 DEBUG c.e.e.e.EmployeeController - Fetching all employees
2025-08-26 17:00:51 DEBUG c.e.e.e.EmployeeService - Fetching all employees
2025-08-26 17:00:51 DEBUG c.e.e.e.EmployeeController - Fetched 10 employees
2025-08-26 17:00:51 DEBUG c.e.e.e.EmployeeController - Fetching all employees
2025-08-26 17:00:51 DEBUG c.e.e.e.EmployeeService - Fetching all employees
2025-08-26 17:00:51 DEBUG c.e.e.e.EmployeeController - Fetched 10 employees
2025-08-26 17:01:30 DEBUG c.e.e.e.EmployeeController - Fetching all employees
2025-08-26 17:01:30 DEBUG c.e.e.e.EmployeeService - Fetching all employees
2025-08-26 17:01:30 DEBUG c.e.e.e.EmployeeController - Fetched 10 employees
2025-08-26 17:01:50 DEBUG c.e.e.contract.ContractService - Creating contract for employee ID: 188, DTO: com.example.employee.contract.dto.ContractCreateDTO@447d018d
2025-08-26 17:01:50 DEBUG c.e.e.contract.ContractService - Created contract ID: 398 for employee ID: 188
2025-08-26 17:05:56 DEBUG c.e.e.e.EmployeeController - Replacing employee with ID: 188
2025-08-26 17:05:56 INFO  c.e.e.e.EmployeeService - Updating employee with id: 188
2025-08-26 17:05:56 DEBUG c.e.e.e.EmployeeService - Fetching employee with ID: 188
2025-08-26 17:05:56 INFO  c.e.e.e.EmployeeService - Updated details for employee with id: 188
2025-08-26 17:05:56 INFO  c.e.e.e.EmployeeController - Replaced employee with ID: 188
2025-08-26 17:05:56 DEBUG c.e.e.e.EmployeeController - Fetching all employees
2025-08-26 17:05:56 DEBUG c.e.e.e.EmployeeService - Fetching all employees
2025-08-26 17:05:56 DEBUG c.e.e.e.EmployeeController - Fetched 10 employees
2025-08-26 17:06:08 DEBUG c.e.e.e.EmployeeController - Replacing employee with ID: 189
2025-08-26 17:06:08 INFO  c.e.e.e.EmployeeService - Updating employee with id: 189
2025-08-26 17:06:08 DEBUG c.e.e.e.EmployeeService - Fetching employee with ID: 189
2025-08-26 17:06:08 INFO  c.e.e.e.EmployeeService - Updated details for employee with id: 189
2025-08-26 17:06:08 INFO  c.e.e.e.EmployeeController - Replaced employee with ID: 189
2025-08-26 17:06:08 DEBUG c.e.e.e.EmployeeController - Fetching all employees
2025-08-26 17:06:08 DEBUG c.e.e.e.EmployeeService - Fetching all employees
2025-08-26 17:06:08 DEBUG c.e.e.e.EmployeeController - Fetched 10 employees
2025-08-26 17:06:24 DEBUG c.e.e.contract.ContractService - Creating contract for employee ID: 188, DTO: com.example.employee.contract.dto.ContractCreateDTO@26ba9252
2025-08-26 17:06:24 DEBUG c.e.e.contract.ContractService - Created contract ID: 399 for employee ID: 188
2025-08-26 17:06:24 DEBUG c.e.e.e.EmployeeController - Fetching all employees
2025-08-26 17:06:24 DEBUG c.e.e.e.EmployeeService - Fetching all employees
2025-08-26 17:06:24 DEBUG c.e.e.e.EmployeeController - Fetched 10 employees
2025-08-26 17:06:24 DEBUG c.e.e.e.EmployeeController - Fetching all employees
2025-08-26 17:06:24 DEBUG c.e.e.e.EmployeeService - Fetching all employees
2025-08-26 17:06:24 DEBUG c.e.e.e.EmployeeController - Fetched 10 employees
2025-08-26 17:06:31 DEBUG c.e.e.e.EmployeeController - Replacing employee with ID: 188
2025-08-26 17:06:31 INFO  c.e.e.e.EmployeeService - Updating employee with id: 188
2025-08-26 17:06:31 DEBUG c.e.e.e.EmployeeService - Fetching employee with ID: 188
2025-08-26 17:06:31 INFO  c.e.e.e.EmployeeService - Updated details for employee with id: 188
2025-08-26 17:06:31 INFO  c.e.e.e.EmployeeController - Replaced employee with ID: 188
2025-08-26 17:06:31 DEBUG c.e.e.e.EmployeeController - Fetching all employees
2025-08-26 17:06:31 DEBUG c.e.e.e.EmployeeService - Fetching all employees
2025-08-26 17:06:31 DEBUG c.e.e.e.EmployeeController - Fetched 10 employees
2025-08-26 17:06:34 DEBUG c.e.e.e.EmployeeController - Fetching all employees
2025-08-26 17:06:34 DEBUG c.e.e.e.EmployeeService - Fetching all employees
2025-08-26 17:06:34 DEBUG c.e.e.e.EmployeeController - Fetched 10 employees
2025-08-26 17:06:37 DEBUG c.e.e.e.EmployeeController - Fetching all employees
2025-08-26 17:06:37 DEBUG c.e.e.e.EmployeeService - Fetching all employees
2025-08-26 17:06:37 DEBUG c.e.e.e.EmployeeController - Fetched 10 employees
2025-08-26 17:06:41 DEBUG c.e.e.e.EmployeeController - Fetching all employees
2025-08-26 17:06:41 DEBUG c.e.e.e.EmployeeService - Fetching all employees
2025-08-26 17:06:41 DEBUG c.e.e.e.EmployeeController - Fetched 10 employees
2025-08-26 17:06:43 DEBUG c.e.e.e.EmployeeController - Replacing employee with ID: 188
2025-08-26 17:06:43 INFO  c.e.e.e.EmployeeService - Updating employee with id: 188
2025-08-26 17:06:43 DEBUG c.e.e.e.EmployeeService - Fetching employee with ID: 188
2025-08-26 17:06:43 INFO  c.e.e.e.EmployeeService - Updated details for employee with id: 188
2025-08-26 17:06:43 INFO  c.e.e.e.EmployeeController - Replaced employee with ID: 188
2025-08-26 17:06:43 DEBUG c.e.e.e.EmployeeController - Fetching all employees
2025-08-26 17:06:43 DEBUG c.e.e.e.EmployeeService - Fetching all employees
2025-08-26 17:06:43 DEBUG c.e.e.e.EmployeeController - Fetched 10 employees
2025-08-26 17:06:45 DEBUG c.e.e.e.EmployeeController - Fetching all employees
2025-08-26 17:06:45 DEBUG c.e.e.e.EmployeeService - Fetching all employees
2025-08-26 17:06:45 DEBUG c.e.e.e.EmployeeController - Fetched 10 employees
2025-08-26 17:06:49 DEBUG c.e.e.contract.ContractService - Creating contract for employee ID: 188, DTO: com.example.employee.contract.dto.ContractCreateDTO@4c5f2e95
2025-08-26 17:06:49 DEBUG c.e.e.contract.ContractService - Created contract ID: 400 for employee ID: 188
2025-08-26 17:06:49 DEBUG c.e.e.e.EmployeeController - Fetching all employees
2025-08-26 17:06:49 DEBUG c.e.e.e.EmployeeService - Fetching all employees
2025-08-26 17:06:49 DEBUG c.e.e.e.EmployeeController - Fetched 10 employees
2025-08-26 17:06:49 DEBUG c.e.e.e.EmployeeController - Fetching all employees
2025-08-26 17:06:49 DEBUG c.e.e.e.EmployeeService - Fetching all employees
2025-08-26 17:06:49 DEBUG c.e.e.e.EmployeeController - Fetched 10 employees
2025-08-26 17:07:33 DEBUG c.e.e.e.EmployeeController - Fetching all employees
2025-08-26 17:07:33 DEBUG c.e.e.e.EmployeeService - Fetching all employees
2025-08-26 17:07:33 DEBUG c.e.e.e.EmployeeController - Fetched 10 employees
2025-08-26 17:07:36 DEBUG c.e.e.e.EmployeeController - Fetching all employees
2025-08-26 17:07:36 DEBUG c.e.e.e.EmployeeService - Fetching all employees
2025-08-26 17:07:36 DEBUG c.e.e.e.EmployeeController - Fetched 10 employees
2025-08-26 17:07:38 DEBUG c.e.e.e.EmployeeController - Replacing employee with ID: 190
2025-08-26 17:07:38 INFO  c.e.e.e.EmployeeService - Updating employee with id: 190
2025-08-26 17:07:38 DEBUG c.e.e.e.EmployeeService - Fetching employee with ID: 190
2025-08-26 17:07:38 INFO  c.e.e.e.EmployeeService - Updated details for employee with id: 190
2025-08-26 17:07:38 INFO  c.e.e.e.EmployeeController - Replaced employee with ID: 190
2025-08-26 17:07:38 DEBUG c.e.e.e.EmployeeController - Fetching all employees
2025-08-26 17:07:38 DEBUG c.e.e.e.EmployeeService - Fetching all employees
2025-08-26 17:07:38 DEBUG c.e.e.e.EmployeeController - Fetched 10 employees
2025-08-26 17:07:56 DEBUG c.e.e.e.EmployeeController - Replacing employee with ID: 195
2025-08-26 17:07:56 INFO  c.e.e.e.EmployeeService - Updating employee with id: 195
2025-08-26 17:07:56 DEBUG c.e.e.e.EmployeeService - Fetching employee with ID: 195
2025-08-26 17:07:56 INFO  c.e.e.e.EmployeeService - Updated details for employee with id: 195
2025-08-26 17:07:56 INFO  c.e.e.e.EmployeeController - Replaced employee with ID: 195
2025-08-26 17:07:56 DEBUG c.e.e.e.EmployeeController - Fetching all employees
2025-08-26 17:07:56 DEBUG c.e.e.e.EmployeeService - Fetching all employees
2025-08-26 17:07:56 DEBUG c.e.e.e.EmployeeController - Fetched 10 employees
2025-08-26 17:08:10 DEBUG c.e.e.contract.ContractService - Creating contract for employee ID: 195, DTO: com.example.employee.contract.dto.ContractCreateDTO@60d0a44b
2025-08-26 17:08:10 DEBUG c.e.e.contract.ContractService - Created contract ID: 401 for employee ID: 195
2025-08-26 17:08:10 DEBUG c.e.e.e.EmployeeController - Fetching all employees
2025-08-26 17:08:10 DEBUG c.e.e.e.EmployeeService - Fetching all employees
2025-08-26 17:08:10 DEBUG c.e.e.e.EmployeeController - Fetched 10 employees
2025-08-26 17:08:10 DEBUG c.e.e.e.EmployeeController - Fetching all employees
2025-08-26 17:08:10 DEBUG c.e.e.e.EmployeeService - Fetching all employees
2025-08-26 17:08:10 DEBUG c.e.e.e.EmployeeController - Fetched 10 employees
2025-08-26 17:08:34 DEBUG c.e.e.e.EmployeeController - Fetching all employees
2025-08-26 17:08:34 DEBUG c.e.e.e.EmployeeService - Fetching all employees
2025-08-26 17:08:34 DEBUG c.e.e.e.EmployeeController - Fetched 10 employees
2025-08-26 17:08:37 DEBUG c.e.e.e.EmployeeController - Fetching all employees
2025-08-26 17:08:37 DEBUG c.e.e.e.EmployeeService - Fetching all employees
2025-08-26 17:08:37 DEBUG c.e.e.e.EmployeeController - Fetched 10 employees
2025-08-26 17:08:44 DEBUG c.e.e.e.EmployeeController - Replacing employee with ID: 195
2025-08-26 17:08:44 INFO  c.e.e.e.EmployeeService - Updating employee with id: 195
2025-08-26 17:08:44 DEBUG c.e.e.e.EmployeeService - Fetching employee with ID: 195
2025-08-26 17:08:44 INFO  c.e.e.e.EmployeeService - Updated details for employee with id: 195
2025-08-26 17:08:44 INFO  c.e.e.e.EmployeeController - Replaced employee with ID: 195
2025-08-26 17:08:44 DEBUG c.e.e.e.EmployeeController - Fetching all employees
2025-08-26 17:08:44 DEBUG c.e.e.e.EmployeeService - Fetching all employees
2025-08-26 17:08:44 DEBUG c.e.e.e.EmployeeController - Fetched 10 employees
2025-08-26 17:08:47 DEBUG c.e.e.e.EmployeeController - Fetching all employees
2025-08-26 17:08:47 DEBUG c.e.e.e.EmployeeService - Fetching all employees
2025-08-26 17:08:47 DEBUG c.e.e.e.EmployeeController - Fetched 10 employees
2025-08-26 17:08:53 DEBUG c.e.e.contract.ContractService - Creating contract for employee ID: 195, DTO: com.example.employee.contract.dto.ContractCreateDTO@8fe1414
2025-08-26 17:08:53 DEBUG c.e.e.contract.ContractService - Created contract ID: 402 for employee ID: 195
2025-08-26 17:08:53 DEBUG c.e.e.e.EmployeeController - Fetching all employees
2025-08-26 17:08:53 DEBUG c.e.e.e.EmployeeService - Fetching all employees
2025-08-26 17:08:53 DEBUG c.e.e.e.EmployeeController - Fetched 10 employees
2025-08-26 17:08:53 DEBUG c.e.e.e.EmployeeController - Fetching all employees
2025-08-26 17:08:53 DEBUG c.e.e.e.EmployeeService - Fetching all employees
2025-08-26 17:08:53 DEBUG c.e.e.e.EmployeeController - Fetched 10 employees
2025-08-26 17:08:56 DEBUG c.e.e.e.EmployeeController - Replacing employee with ID: 195
2025-08-26 17:08:56 INFO  c.e.e.e.EmployeeService - Updating employee with id: 195
2025-08-26 17:08:56 DEBUG c.e.e.e.EmployeeService - Fetching employee with ID: 195
2025-08-26 17:08:56 INFO  c.e.e.e.EmployeeService - Updated details for employee with id: 195
2025-08-26 17:08:56 INFO  c.e.e.e.EmployeeController - Replaced employee with ID: 195
2025-08-26 17:08:56 DEBUG c.e.e.e.EmployeeController - Fetching all employees
2025-08-26 17:08:56 DEBUG c.e.e.e.EmployeeService - Fetching all employees
2025-08-26 17:08:56 DEBUG c.e.e.e.EmployeeController - Fetched 10 employees
2025-08-26 17:09:17 DEBUG c.e.e.contract.ContractService - Creating contract for employee ID: 194, DTO: com.example.employee.contract.dto.ContractCreateDTO@7dc9f73c
2025-08-26 17:09:17 DEBUG c.e.e.contract.ContractService - Created contract ID: 403 for employee ID: 194
2025-08-26 17:09:17 DEBUG c.e.e.e.EmployeeController - Fetching all employees
2025-08-26 17:09:17 DEBUG c.e.e.e.EmployeeService - Fetching all employees
2025-08-26 17:09:17 DEBUG c.e.e.e.EmployeeController - Fetched 10 employees
2025-08-26 17:09:17 DEBUG c.e.e.e.EmployeeController - Fetching all employees
2025-08-26 17:09:17 DEBUG c.e.e.e.EmployeeService - Fetching all employees
2025-08-26 17:09:17 DEBUG c.e.e.e.EmployeeController - Fetched 10 employees
2025-08-26 17:09:23 DEBUG c.e.e.e.EmployeeController - Fetching all employees
2025-08-26 17:09:23 DEBUG c.e.e.e.EmployeeService - Fetching all employees
2025-08-26 17:09:23 DEBUG c.e.e.e.EmployeeController - Fetched 10 employees
2025-08-26 17:09:24 DEBUG c.e.e.e.EmployeeController - Replacing employee with ID: 194
2025-08-26 17:09:24 INFO  c.e.e.e.EmployeeService - Updating employee with id: 194
2025-08-26 17:09:24 DEBUG c.e.e.e.EmployeeService - Fetching employee with ID: 194
2025-08-26 17:09:24 INFO  c.e.e.e.EmployeeService - Updated details for employee with id: 194
2025-08-26 17:09:24 INFO  c.e.e.e.EmployeeController - Replaced employee with ID: 194
2025-08-26 17:09:24 DEBUG c.e.e.e.EmployeeController - Fetching all employees
2025-08-26 17:09:24 DEBUG c.e.e.e.EmployeeService - Fetching all employees
2025-08-26 17:09:24 DEBUG c.e.e.e.EmployeeController - Fetched 10 employees
2025-08-26 17:09:26 DEBUG c.e.e.e.EmployeeController - Fetching all employees
2025-08-26 17:09:26 DEBUG c.e.e.e.EmployeeService - Fetching all employees
2025-08-26 17:09:26 DEBUG c.e.e.e.EmployeeController - Fetched 10 employees
2025-08-26 17:09:27 DEBUG c.e.e.e.EmployeeController - Replacing employee with ID: 194
2025-08-26 17:09:27 INFO  c.e.e.e.EmployeeService - Updating employee with id: 194
2025-08-26 17:09:27 DEBUG c.e.e.e.EmployeeService - Fetching employee with ID: 194
2025-08-26 17:09:27 INFO  c.e.e.e.EmployeeService - Updated details for employee with id: 194
2025-08-26 17:09:27 INFO  c.e.e.e.EmployeeController - Replaced employee with ID: 194
2025-08-26 17:09:27 DEBUG c.e.e.e.EmployeeController - Fetching all employees
2025-08-26 17:09:27 DEBUG c.e.e.e.EmployeeService - Fetching all employees
2025-08-26 17:09:27 DEBUG c.e.e.e.EmployeeController - Fetched 10 employees
2025-08-26 17:09:32 DEBUG c.e.e.e.EmployeeController - Fetching all employees
2025-08-26 17:09:32 DEBUG c.e.e.e.EmployeeService - Fetching all employees
2025-08-26 17:09:32 DEBUG c.e.e.e.EmployeeController - Fetched 10 employees
2025-08-26 17:09:37 DEBUG c.e.e.e.EmployeeController - Replacing employee with ID: 194
2025-08-26 17:09:37 INFO  c.e.e.e.EmployeeService - Updating employee with id: 194
2025-08-26 17:09:37 DEBUG c.e.e.e.EmployeeService - Fetching employee with ID: 194
2025-08-26 17:09:37 INFO  c.e.e.e.EmployeeService - Updated details for employee with id: 194
2025-08-26 17:09:37 INFO  c.e.e.e.EmployeeController - Replaced employee with ID: 194
2025-08-26 17:09:37 DEBUG c.e.e.e.EmployeeController - Fetching all employees
2025-08-26 17:09:37 DEBUG c.e.e.e.EmployeeService - Fetching all employees
2025-08-26 17:09:37 DEBUG c.e.e.e.EmployeeController - Fetched 10 employees
2025-08-26 17:09:47 DEBUG c.e.e.contract.ContractService - Creating contract for employee ID: 194, DTO: com.example.employee.contract.dto.ContractCreateDTO@a7f4578
2025-08-26 17:09:47 DEBUG c.e.e.contract.ContractService - Created contract ID: 404 for employee ID: 194
2025-08-26 17:09:47 DEBUG c.e.e.e.EmployeeController - Fetching all employees
2025-08-26 17:09:47 DEBUG c.e.e.e.EmployeeService - Fetching all employees
2025-08-26 17:09:47 DEBUG c.e.e.e.EmployeeController - Fetched 10 employees
2025-08-26 17:09:47 DEBUG c.e.e.e.EmployeeController - Fetching all employees
2025-08-26 17:09:47 DEBUG c.e.e.e.EmployeeService - Fetching all employees
2025-08-26 17:09:47 DEBUG c.e.e.e.EmployeeController - Fetched 10 employees
2025-08-26 17:09:52 DEBUG c.e.e.e.EmployeeController - Replacing employee with ID: 194
2025-08-26 17:09:52 INFO  c.e.e.e.EmployeeService - Updating employee with id: 194
2025-08-26 17:09:52 DEBUG c.e.e.e.EmployeeService - Fetching employee with ID: 194
2025-08-26 17:09:52 INFO  c.e.e.e.EmployeeService - Updated details for employee with id: 194
2025-08-26 17:09:52 INFO  c.e.e.e.EmployeeController - Replaced employee with ID: 194
2025-08-26 17:09:52 DEBUG c.e.e.e.EmployeeController - Fetching all employees
2025-08-26 17:09:52 DEBUG c.e.e.e.EmployeeService - Fetching all employees
2025-08-26 17:09:52 DEBUG c.e.e.e.EmployeeController - Fetched 10 employees
2025-08-26 17:10:20 DEBUG c.e.e.contract.ContractService - Creating contract for employee ID: 191, DTO: com.example.employee.contract.dto.ContractCreateDTO@15c7698f
2025-08-26 17:10:20 DEBUG c.e.e.contract.ContractService - Created contract ID: 405 for employee ID: 191
2025-08-26 17:10:20 DEBUG c.e.e.e.EmployeeController - Fetching all employees
2025-08-26 17:10:20 DEBUG c.e.e.e.EmployeeService - Fetching all employees
2025-08-26 17:10:20 DEBUG c.e.e.e.EmployeeController - Fetched 10 employees
2025-08-26 17:10:20 DEBUG c.e.e.e.EmployeeController - Fetching all employees
2025-08-26 17:10:20 DEBUG c.e.e.e.EmployeeService - Fetching all employees
2025-08-26 17:10:20 DEBUG c.e.e.e.EmployeeController - Fetched 10 employees
2025-08-26 17:11:06 DEBUG c.e.e.e.EmployeeController - Replacing employee with ID: 191
2025-08-26 17:11:06 INFO  c.e.e.e.EmployeeService - Updating employee with id: 191
2025-08-26 17:11:06 DEBUG c.e.e.e.EmployeeService - Fetching employee with ID: 191
2025-08-26 17:11:06 INFO  c.e.e.e.EmployeeService - Updated details for employee with id: 191
2025-08-26 17:11:06 INFO  c.e.e.e.EmployeeController - Replaced employee with ID: 191
2025-08-26 17:11:06 DEBUG c.e.e.e.EmployeeController - Fetching all employees
2025-08-26 17:11:06 DEBUG c.e.e.e.EmployeeService - Fetching all employees
2025-08-26 17:11:06 DEBUG c.e.e.e.EmployeeController - Fetched 10 employees
2025-08-26 17:11:12 DEBUG c.e.e.e.EmployeeController - Fetching all employees
2025-08-26 17:11:12 DEBUG c.e.e.e.EmployeeService - Fetching all employees
2025-08-26 17:11:12 DEBUG c.e.e.e.EmployeeController - Fetched 10 employees
2025-08-26 17:11:14 DEBUG c.e.e.e.EmployeeController - Replacing employee with ID: 191
2025-08-26 17:11:14 INFO  c.e.e.e.EmployeeService - Updating employee with id: 191
2025-08-26 17:11:14 DEBUG c.e.e.e.EmployeeService - Fetching employee with ID: 191
2025-08-26 17:11:14 INFO  c.e.e.e.EmployeeService - Updated details for employee with id: 191
2025-08-26 17:11:14 INFO  c.e.e.e.EmployeeController - Replaced employee with ID: 191
2025-08-26 17:11:14 DEBUG c.e.e.e.EmployeeController - Fetching all employees
2025-08-26 17:11:14 DEBUG c.e.e.e.EmployeeService - Fetching all employees
2025-08-26 17:11:14 DEBUG c.e.e.e.EmployeeController - Fetched 10 employees
2025-08-26 17:11:16 DEBUG c.e.e.e.EmployeeController - Fetching all employees
2025-08-26 17:11:16 DEBUG c.e.e.e.EmployeeService - Fetching all employees
2025-08-26 17:11:16 DEBUG c.e.e.e.EmployeeController - Fetched 10 employees
2025-08-26 17:11:18 DEBUG c.e.e.e.EmployeeController - Replacing employee with ID: 191
2025-08-26 17:11:18 INFO  c.e.e.e.EmployeeService - Updating employee with id: 191
2025-08-26 17:11:18 DEBUG c.e.e.e.EmployeeService - Fetching employee with ID: 191
2025-08-26 17:11:18 INFO  c.e.e.e.EmployeeService - Updated details for employee with id: 191
2025-08-26 17:11:18 INFO  c.e.e.e.EmployeeController - Replaced employee with ID: 191
2025-08-26 17:11:18 DEBUG c.e.e.e.EmployeeController - Fetching all employees
2025-08-26 17:11:18 DEBUG c.e.e.e.EmployeeService - Fetching all employees
2025-08-26 17:11:18 DEBUG c.e.e.e.EmployeeController - Fetched 10 employees
2025-08-26 17:11:21 DEBUG c.e.e.e.EmployeeController - Fetching all employees
2025-08-26 17:11:21 DEBUG c.e.e.e.EmployeeService - Fetching all employees
2025-08-26 17:11:21 DEBUG c.e.e.e.EmployeeController - Fetched 10 employees
2025-08-26 17:11:23 DEBUG c.e.e.e.EmployeeController - Replacing employee with ID: 191
2025-08-26 17:11:23 INFO  c.e.e.e.EmployeeService - Updating employee with id: 191
2025-08-26 17:11:23 DEBUG c.e.e.e.EmployeeService - Fetching employee with ID: 191
2025-08-26 17:11:23 INFO  c.e.e.e.EmployeeService - Updated details for employee with id: 191
2025-08-26 17:11:23 INFO  c.e.e.e.EmployeeController - Replaced employee with ID: 191
2025-08-26 17:11:23 DEBUG c.e.e.e.EmployeeController - Fetching all employees
2025-08-26 17:11:23 DEBUG c.e.e.e.EmployeeService - Fetching all employees
2025-08-26 17:11:23 DEBUG c.e.e.e.EmployeeController - Fetched 10 employees
2025-08-26 17:11:25 DEBUG c.e.e.contract.ContractService - Creating contract for employee ID: 191, DTO: com.example.employee.contract.dto.ContractCreateDTO@497d7470
2025-08-26 17:11:25 DEBUG c.e.e.contract.ContractService - Created contract ID: 406 for employee ID: 191
2025-08-26 17:11:25 DEBUG c.e.e.e.EmployeeController - Fetching all employees
2025-08-26 17:11:25 DEBUG c.e.e.e.EmployeeService - Fetching all employees
2025-08-26 17:11:25 DEBUG c.e.e.e.EmployeeController - Fetched 10 employees
2025-08-26 17:11:25 DEBUG c.e.e.e.EmployeeController - Fetching all employees
2025-08-26 17:11:25 DEBUG c.e.e.e.EmployeeService - Fetching all employees
2025-08-26 17:11:25 DEBUG c.e.e.e.EmployeeController - Fetched 10 employees
2025-08-26 17:11:28 DEBUG c.e.e.e.EmployeeController - Replacing employee with ID: 191
2025-08-26 17:11:28 INFO  c.e.e.e.EmployeeService - Updating employee with id: 191
2025-08-26 17:11:28 DEBUG c.e.e.e.EmployeeService - Fetching employee with ID: 191
2025-08-26 17:11:28 INFO  c.e.e.e.EmployeeService - Updated details for employee with id: 191
2025-08-26 17:11:28 INFO  c.e.e.e.EmployeeController - Replaced employee with ID: 191
2025-08-26 17:11:28 DEBUG c.e.e.e.EmployeeController - Fetching all employees
2025-08-26 17:11:28 DEBUG c.e.e.e.EmployeeService - Fetching all employees
2025-08-26 17:11:28 DEBUG c.e.e.e.EmployeeController - Fetched 10 employees
2025-08-26 17:12:10 DEBUG c.e.e.e.EmployeeController - Replacing employee with ID: 197
2025-08-26 17:12:10 INFO  c.e.e.e.EmployeeService - Updating employee with id: 197
2025-08-26 17:12:10 DEBUG c.e.e.e.EmployeeService - Fetching employee with ID: 197
2025-08-26 17:12:10 INFO  c.e.e.e.EmployeeService - Updated details for employee with id: 197
2025-08-26 17:12:10 INFO  c.e.e.e.EmployeeController - Replaced employee with ID: 197
2025-08-26 17:12:10 DEBUG c.e.e.e.EmployeeController - Fetching all employees
2025-08-26 17:12:10 DEBUG c.e.e.e.EmployeeService - Fetching all employees
2025-08-26 17:12:10 DEBUG c.e.e.e.EmployeeController - Fetched 10 employees
2025-08-26 17:12:40 DEBUG c.e.e.e.EmployeeController - Replacing employee with ID: 197
2025-08-26 17:12:40 INFO  c.e.e.e.EmployeeService - Updating employee with id: 197
2025-08-26 17:12:40 DEBUG c.e.e.e.EmployeeService - Fetching employee with ID: 197
2025-08-26 17:12:40 INFO  c.e.e.e.EmployeeService - Updated details for employee with id: 197
2025-08-26 17:12:40 INFO  c.e.e.e.EmployeeController - Replaced employee with ID: 197
2025-08-26 17:12:40 DEBUG c.e.e.e.EmployeeController - Fetching all employees
2025-08-26 17:12:40 DEBUG c.e.e.e.EmployeeService - Fetching all employees
2025-08-26 17:12:40 DEBUG c.e.e.e.EmployeeController - Fetched 10 employees
2025-08-26 17:13:51 DEBUG c.e.e.e.EmployeeController - Fetching all employees
2025-08-26 17:13:51 DEBUG c.e.e.e.EmployeeService - Fetching all employees
2025-08-26 17:13:51 DEBUG c.e.e.e.EmployeeController - Fetched 10 employees
2025-08-26 17:13:51 DEBUG c.e.e.e.EmployeeController - Fetching all employees
2025-08-26 17:13:51 DEBUG c.e.e.e.EmployeeService - Fetching all employees
2025-08-26 17:13:51 DEBUG c.e.e.e.EmployeeController - Fetched 10 employees
2025-08-26 17:14:12 DEBUG c.e.e.e.EmployeeController - Replacing employee with ID: 197
2025-08-26 17:14:12 INFO  c.e.e.e.EmployeeService - Updating employee with id: 197
2025-08-26 17:14:12 DEBUG c.e.e.e.EmployeeService - Fetching employee with ID: 197
2025-08-26 17:14:12 INFO  c.e.e.e.EmployeeService - Updated details for employee with id: 197
2025-08-26 17:14:12 INFO  c.e.e.e.EmployeeController - Replaced employee with ID: 197
2025-08-26 17:14:12 DEBUG c.e.e.e.EmployeeController - Fetching all employees
2025-08-26 17:14:12 DEBUG c.e.e.e.EmployeeService - Fetching all employees
2025-08-26 17:14:12 DEBUG c.e.e.e.EmployeeController - Fetched 10 employees
2025-08-26 17:14:38 DEBUG c.e.e.e.EmployeeController - Fetching all employees
2025-08-26 17:14:38 DEBUG c.e.e.e.EmployeeService - Fetching all employees
2025-08-26 17:14:38 DEBUG c.e.e.e.EmployeeController - Fetched 10 employees
2025-08-26 17:14:39 DEBUG c.e.e.e.EmployeeController - Fetching all employees
2025-08-26 17:14:39 DEBUG c.e.e.e.EmployeeService - Fetching all employees
2025-08-26 17:14:39 DEBUG c.e.e.e.EmployeeController - Fetched 10 employees
2025-08-26 17:14:55 DEBUG c.e.e.contract.ContractService - Creating contract for employee ID: 197, DTO: com.example.employee.contract.dto.ContractCreateDTO@30431d89
2025-08-26 17:14:55 DEBUG c.e.e.contract.ContractService - Created contract ID: 407 for employee ID: 197
2025-08-26 17:14:55 DEBUG c.e.e.e.EmployeeController - Fetching all employees
2025-08-26 17:14:55 DEBUG c.e.e.e.EmployeeService - Fetching all employees
2025-08-26 17:14:55 DEBUG c.e.e.e.EmployeeController - Fetched 10 employees
2025-08-26 17:14:55 DEBUG c.e.e.e.EmployeeController - Fetching all employees
2025-08-26 17:14:55 DEBUG c.e.e.e.EmployeeService - Fetching all employees
2025-08-26 17:14:55 DEBUG c.e.e.e.EmployeeController - Fetched 10 employees
2025-08-26 17:14:57 DEBUG c.e.e.e.EmployeeController - Replacing employee with ID: 197
2025-08-26 17:14:57 INFO  c.e.e.e.EmployeeService - Updating employee with id: 197
2025-08-26 17:14:57 DEBUG c.e.e.e.EmployeeService - Fetching employee with ID: 197
2025-08-26 17:14:57 INFO  c.e.e.e.EmployeeService - Updated details for employee with id: 197
2025-08-26 17:14:58 INFO  c.e.e.e.EmployeeController - Replaced employee with ID: 197
2025-08-26 17:14:58 DEBUG c.e.e.e.EmployeeController - Fetching all employees
2025-08-26 17:14:58 DEBUG c.e.e.e.EmployeeService - Fetching all employees
2025-08-26 17:14:58 DEBUG c.e.e.e.EmployeeController - Fetched 10 employees
2025-08-26 17:15:56 DEBUG c.e.e.e.EmployeeController - Replacing employee with ID: 191
2025-08-26 17:15:56 INFO  c.e.e.e.EmployeeService - Updating employee with id: 191
2025-08-26 17:15:56 DEBUG c.e.e.e.EmployeeService - Fetching employee with ID: 191
2025-08-26 17:15:56 INFO  c.e.e.e.EmployeeService - Updated details for employee with id: 191
2025-08-26 17:15:56 INFO  c.e.e.e.EmployeeController - Replaced employee with ID: 191
2025-08-26 17:15:56 DEBUG c.e.e.e.EmployeeController - Fetching all employees
2025-08-26 17:15:56 DEBUG c.e.e.e.EmployeeService - Fetching all employees
2025-08-26 17:15:56 DEBUG c.e.e.e.EmployeeController - Fetched 10 employees
2025-08-26 17:16:16 DEBUG c.e.e.e.EmployeeController - Replacing employee with ID: 191
2025-08-26 17:16:16 INFO  c.e.e.e.EmployeeService - Updating employee with id: 191
2025-08-26 17:16:16 DEBUG c.e.e.e.EmployeeService - Fetching employee with ID: 191
2025-08-26 17:16:16 INFO  c.e.e.e.EmployeeService - Updated details for employee with id: 191
2025-08-26 17:16:16 INFO  c.e.e.e.EmployeeController - Replaced employee with ID: 191
2025-08-26 17:16:16 DEBUG c.e.e.e.EmployeeController - Fetching all employees
2025-08-26 17:16:16 DEBUG c.e.e.e.EmployeeService - Fetching all employees
2025-08-26 17:16:16 DEBUG c.e.e.e.EmployeeController - Fetched 10 employees
2025-08-26 17:17:10 DEBUG c.e.e.e.EmployeeController - Replacing employee with ID: 191
2025-08-26 17:17:10 INFO  c.e.e.e.EmployeeService - Updating employee with id: 191
2025-08-26 17:17:10 DEBUG c.e.e.e.EmployeeService - Fetching employee with ID: 191
2025-08-26 17:17:10 INFO  c.e.e.e.EmployeeService - Updated details for employee with id: 191
2025-08-26 17:17:10 INFO  c.e.e.e.EmployeeController - Replaced employee with ID: 191
2025-08-26 17:17:11 DEBUG c.e.e.e.EmployeeController - Fetching all employees
2025-08-26 17:17:11 DEBUG c.e.e.e.EmployeeService - Fetching all employees
2025-08-26 17:17:11 DEBUG c.e.e.e.EmployeeController - Fetched 10 employees
2025-08-26 17:17:38 DEBUG c.e.e.contract.ContractService - Creating contract for employee ID: 190, DTO: com.example.employee.contract.dto.ContractCreateDTO@4f185e89
2025-08-26 17:17:38 DEBUG c.e.e.contract.ContractService - Created contract ID: 408 for employee ID: 190
2025-08-26 17:17:38 DEBUG c.e.e.e.EmployeeController - Fetching all employees
2025-08-26 17:17:38 DEBUG c.e.e.e.EmployeeService - Fetching all employees
2025-08-26 17:17:38 DEBUG c.e.e.e.EmployeeController - Fetched 10 employees
2025-08-26 17:17:38 DEBUG c.e.e.e.EmployeeController - Fetching all employees
2025-08-26 17:17:38 DEBUG c.e.e.e.EmployeeService - Fetching all employees
2025-08-26 17:17:38 DEBUG c.e.e.e.EmployeeController - Fetched 10 employees
2025-08-26 17:17:41 DEBUG c.e.e.e.EmployeeController - Replacing employee with ID: 190
2025-08-26 17:17:41 INFO  c.e.e.e.EmployeeService - Updating employee with id: 190
2025-08-26 17:17:41 DEBUG c.e.e.e.EmployeeService - Fetching employee with ID: 190
2025-08-26 17:17:41 INFO  c.e.e.e.EmployeeService - Updated details for employee with id: 190
2025-08-26 17:17:41 INFO  c.e.e.e.EmployeeController - Replaced employee with ID: 190
2025-08-26 17:17:41 DEBUG c.e.e.e.EmployeeController - Fetching all employees
2025-08-26 17:17:41 DEBUG c.e.e.e.EmployeeService - Fetching all employees
2025-08-26 17:17:41 DEBUG c.e.e.e.EmployeeController - Fetched 10 employees
2025-08-26 17:17:47 DEBUG c.e.e.e.EmployeeController - Replacing employee with ID: 190
2025-08-26 17:17:47 INFO  c.e.e.e.EmployeeService - Updating employee with id: 190
2025-08-26 17:17:47 DEBUG c.e.e.e.EmployeeService - Fetching employee with ID: 190
2025-08-26 17:17:47 INFO  c.e.e.e.EmployeeService - Updated details for employee with id: 190
2025-08-26 17:17:47 INFO  c.e.e.e.EmployeeController - Replaced employee with ID: 190
2025-08-26 17:17:47 DEBUG c.e.e.e.EmployeeController - Fetching all employees
2025-08-26 17:17:47 DEBUG c.e.e.e.EmployeeService - Fetching all employees
2025-08-26 17:17:47 DEBUG c.e.e.e.EmployeeController - Fetched 10 employees
2025-08-26 17:17:59 DEBUG c.e.e.e.EmployeeController - Replacing employee with ID: 190
2025-08-26 17:17:59 INFO  c.e.e.e.EmployeeService - Updating employee with id: 190
2025-08-26 17:17:59 DEBUG c.e.e.e.EmployeeService - Fetching employee with ID: 190
2025-08-26 17:17:59 INFO  c.e.e.e.EmployeeService - Updated details for employee with id: 190
2025-08-26 17:17:59 INFO  c.e.e.e.EmployeeController - Replaced employee with ID: 190
2025-08-26 17:17:59 DEBUG c.e.e.e.EmployeeController - Fetching all employees
2025-08-26 17:17:59 DEBUG c.e.e.e.EmployeeService - Fetching all employees
2025-08-26 17:17:59 DEBUG c.e.e.e.EmployeeController - Fetched 10 employees
2025-08-26 17:27:51 DEBUG c.e.e.e.EmployeeController - Replacing employee with ID: 190
2025-08-26 17:27:51 INFO  c.e.e.e.EmployeeService - Updating employee with id: 190
2025-08-26 17:27:51 DEBUG c.e.e.e.EmployeeService - Fetching employee with ID: 190
2025-08-26 17:27:51 INFO  c.e.e.e.EmployeeService - Updated details for employee with id: 190
2025-08-26 17:27:51 INFO  c.e.e.e.EmployeeController - Replaced employee with ID: 190
2025-08-26 17:27:51 DEBUG c.e.e.e.EmployeeController - Fetching all employees
2025-08-26 17:27:51 DEBUG c.e.e.e.EmployeeService - Fetching all employees
2025-08-26 17:27:51 DEBUG c.e.e.e.EmployeeController - Fetched 10 employees
2025-08-26 17:41:22 DEBUG c.e.e.e.EmployeeController - Fetching all employees
2025-08-26 17:41:22 DEBUG c.e.e.e.EmployeeService - Fetching all employees
2025-08-26 17:41:22 DEBUG c.e.e.e.EmployeeController - Fetched 10 employees
2025-08-26 17:41:22 DEBUG c.e.e.e.EmployeeController - Fetching all employees
2025-08-26 17:41:22 DEBUG c.e.e.e.EmployeeService - Fetching all employees
2025-08-26 17:41:22 DEBUG c.e.e.e.EmployeeController - Fetched 10 employees
2025-08-26 17:42:51 DEBUG c.e.e.e.EmployeeController - Fetching all employees
2025-08-26 17:42:51 DEBUG c.e.e.e.EmployeeService - Fetching all employees
2025-08-26 17:42:51 DEBUG c.e.e.e.EmployeeController - Fetched 10 employees
2025-08-26 17:42:51 DEBUG c.e.e.e.EmployeeController - Fetching all employees
2025-08-26 17:42:51 DEBUG c.e.e.e.EmployeeService - Fetching all employees
2025-08-26 17:42:51 DEBUG c.e.e.e.EmployeeController - Fetched 10 employees
2025-08-26 17:42:55 DEBUG c.e.e.e.EmployeeController - Fetching all employees
2025-08-26 17:42:55 DEBUG c.e.e.e.EmployeeService - Fetching all employees
2025-08-26 17:42:55 DEBUG c.e.e.e.EmployeeController - Fetched 10 employees
2025-08-26 17:42:55 DEBUG c.e.e.e.EmployeeController - Fetching all employees
2025-08-26 17:42:55 DEBUG c.e.e.e.EmployeeService - Fetching all employees
2025-08-26 17:42:55 DEBUG c.e.e.e.EmployeeController - Fetched 10 employees
2025-08-26 17:42:56 DEBUG c.e.e.e.EmployeeController - Fetching all employees
2025-08-26 17:42:56 DEBUG c.e.e.e.EmployeeService - Fetching all employees
2025-08-26 17:42:56 DEBUG c.e.e.e.EmployeeController - Fetched 10 employees
2025-08-26 17:42:56 DEBUG c.e.e.e.EmployeeController - Fetching all employees
2025-08-26 17:42:56 DEBUG c.e.e.e.EmployeeService - Fetching all employees
2025-08-26 17:42:56 DEBUG c.e.e.e.EmployeeController - Fetched 10 employees
2025-08-26 17:43:05 DEBUG c.e.e.e.EmployeeController - Fetching all employees
2025-08-26 17:43:05 DEBUG c.e.e.e.EmployeeService - Fetching all employees
2025-08-26 17:43:05 DEBUG c.e.e.e.EmployeeController - Fetched 10 employees
2025-08-26 17:43:05 DEBUG c.e.e.e.EmployeeController - Fetching all employees
2025-08-26 17:43:05 DEBUG c.e.e.e.EmployeeService - Fetching all employees
2025-08-26 17:43:05 DEBUG c.e.e.e.EmployeeController - Fetched 10 employees
2025-08-26 17:43:11 DEBUG c.e.e.e.EmployeeController - Fetching all employees
2025-08-26 17:43:11 DEBUG c.e.e.e.EmployeeService - Fetching all employees
2025-08-26 17:43:11 DEBUG c.e.e.e.EmployeeController - Fetched 10 employees
2025-08-26 17:43:11 DEBUG c.e.e.e.EmployeeController - Fetching all employees
2025-08-26 17:43:11 DEBUG c.e.e.e.EmployeeService - Fetching all employees
2025-08-26 17:43:11 DEBUG c.e.e.e.EmployeeController - Fetched 10 employees
2025-08-26 17:43:21 DEBUG c.e.e.e.EmployeeController - Fetching all employees
2025-08-26 17:43:21 DEBUG c.e.e.e.EmployeeService - Fetching all employees
2025-08-26 17:43:21 DEBUG c.e.e.e.EmployeeController - Fetched 10 employees
2025-08-26 17:43:21 DEBUG c.e.e.e.EmployeeController - Fetching all employees
2025-08-26 17:43:21 DEBUG c.e.e.e.EmployeeService - Fetching all employees
2025-08-26 17:43:21 DEBUG c.e.e.e.EmployeeController - Fetched 10 employees
2025-08-26 17:43:30 DEBUG c.e.e.e.EmployeeController - Fetching all employees
2025-08-26 17:43:30 DEBUG c.e.e.e.EmployeeService - Fetching all employees
2025-08-26 17:43:30 DEBUG c.e.e.e.EmployeeController - Fetched 10 employees
2025-08-26 17:43:30 DEBUG c.e.e.e.EmployeeController - Fetching all employees
2025-08-26 17:43:30 DEBUG c.e.e.e.EmployeeService - Fetching all employees
2025-08-26 17:43:30 DEBUG c.e.e.e.EmployeeController - Fetched 10 employees
2025-08-26 17:43:31 DEBUG c.e.e.e.EmployeeController - Fetching all employees
2025-08-26 17:43:31 DEBUG c.e.e.e.EmployeeService - Fetching all employees
2025-08-26 17:43:31 DEBUG c.e.e.e.EmployeeController - Fetched 10 employees
2025-08-26 17:43:31 DEBUG c.e.e.e.EmployeeController - Fetching all employees
2025-08-26 17:43:31 DEBUG c.e.e.e.EmployeeService - Fetching all employees
2025-08-26 17:43:31 DEBUG c.e.e.e.EmployeeController - Fetched 10 employees
2025-08-26 17:43:57 DEBUG c.e.e.e.EmployeeController - Fetching all employees
2025-08-26 17:43:57 DEBUG c.e.e.e.EmployeeService - Fetching all employees
2025-08-26 17:43:57 DEBUG c.e.e.e.EmployeeController - Fetched 10 employees
2025-08-26 17:43:57 DEBUG c.e.e.e.EmployeeController - Fetching all employees
2025-08-26 17:43:57 DEBUG c.e.e.e.EmployeeService - Fetching all employees
2025-08-26 17:43:57 DEBUG c.e.e.e.EmployeeController - Fetched 10 employees
2025-08-26 17:44:10 DEBUG c.e.e.e.EmployeeController - Fetching all employees
2025-08-26 17:44:10 DEBUG c.e.e.e.EmployeeService - Fetching all employees
2025-08-26 17:44:10 DEBUG c.e.e.e.EmployeeController - Fetched 10 employees
2025-08-26 17:44:10 DEBUG c.e.e.e.EmployeeController - Fetching all employees
2025-08-26 17:44:10 DEBUG c.e.e.e.EmployeeService - Fetching all employees
2025-08-26 17:44:10 DEBUG c.e.e.e.EmployeeController - Fetched 10 employees
2025-08-26 17:44:26 DEBUG c.e.e.e.EmployeeController - Fetching all employees
2025-08-26 17:44:26 DEBUG c.e.e.e.EmployeeService - Fetching all employees
2025-08-26 17:44:26 DEBUG c.e.e.e.EmployeeController - Fetched 10 employees
2025-08-26 17:44:26 DEBUG c.e.e.e.EmployeeController - Fetching all employees
2025-08-26 17:44:26 DEBUG c.e.e.e.EmployeeService - Fetching all employees
2025-08-26 17:44:26 DEBUG c.e.e.e.EmployeeController - Fetched 10 employees
2025-08-26 17:44:28 DEBUG c.e.e.e.EmployeeController - Fetching all employees
2025-08-26 17:44:28 DEBUG c.e.e.e.EmployeeService - Fetching all employees
2025-08-26 17:44:28 DEBUG c.e.e.e.EmployeeController - Fetched 10 employees
2025-08-26 17:44:28 DEBUG c.e.e.e.EmployeeController - Fetching all employees
2025-08-26 17:44:28 DEBUG c.e.e.e.EmployeeService - Fetching all employees
2025-08-26 17:44:28 DEBUG c.e.e.e.EmployeeController - Fetched 10 employees
2025-08-26 17:44:31 DEBUG c.e.e.e.EmployeeController - Fetching all employees
2025-08-26 17:44:31 DEBUG c.e.e.e.EmployeeService - Fetching all employees
2025-08-26 17:44:31 DEBUG c.e.e.e.EmployeeController - Fetched 10 employees
2025-08-26 17:44:31 DEBUG c.e.e.e.EmployeeController - Fetching all employees
2025-08-26 17:44:31 DEBUG c.e.e.e.EmployeeService - Fetching all employees
2025-08-26 17:44:31 DEBUG c.e.e.e.EmployeeController - Fetched 10 employees
2025-08-26 17:44:33 DEBUG c.e.e.e.EmployeeController - Fetching all employees
2025-08-26 17:44:33 DEBUG c.e.e.e.EmployeeService - Fetching all employees
2025-08-26 17:44:33 DEBUG c.e.e.e.EmployeeController - Fetched 10 employees
2025-08-26 17:44:33 DEBUG c.e.e.e.EmployeeController - Fetching all employees
2025-08-26 17:44:33 DEBUG c.e.e.e.EmployeeService - Fetching all employees
2025-08-26 17:44:33 DEBUG c.e.e.e.EmployeeController - Fetched 10 employees
2025-08-26 17:44:36 DEBUG c.e.e.e.EmployeeController - Fetching all employees
2025-08-26 17:44:36 DEBUG c.e.e.e.EmployeeService - Fetching all employees
2025-08-26 17:44:36 DEBUG c.e.e.e.EmployeeController - Fetched 10 employees
2025-08-26 17:44:36 DEBUG c.e.e.e.EmployeeController - Fetching all employees
2025-08-26 17:44:36 DEBUG c.e.e.e.EmployeeService - Fetching all employees
2025-08-26 17:44:36 DEBUG c.e.e.e.EmployeeController - Fetched 10 employees
2025-08-26 17:45:25 DEBUG c.e.e.e.EmployeeController - Fetching all employees
2025-08-26 17:45:25 DEBUG c.e.e.e.EmployeeService - Fetching all employees
2025-08-26 17:45:25 DEBUG c.e.e.e.EmployeeController - Fetched 10 employees
2025-08-26 17:45:25 DEBUG c.e.e.e.EmployeeController - Fetching all employees
2025-08-26 17:45:25 DEBUG c.e.e.e.EmployeeService - Fetching all employees
2025-08-26 17:45:25 DEBUG c.e.e.e.EmployeeController - Fetched 10 employees
2025-08-26 17:45:27 DEBUG c.e.e.e.EmployeeController - Fetching all employees
2025-08-26 17:45:27 DEBUG c.e.e.e.EmployeeService - Fetching all employees
2025-08-26 17:45:27 DEBUG c.e.e.e.EmployeeController - Fetched 10 employees
2025-08-26 17:45:27 DEBUG c.e.e.e.EmployeeController - Fetching all employees
2025-08-26 17:45:27 DEBUG c.e.e.e.EmployeeService - Fetching all employees
2025-08-26 17:45:27 DEBUG c.e.e.e.EmployeeController - Fetched 10 employees
2025-08-26 17:45:36 DEBUG c.e.e.e.EmployeeController - Fetching all employees
2025-08-26 17:45:36 DEBUG c.e.e.e.EmployeeService - Fetching all employees
2025-08-26 17:45:36 DEBUG c.e.e.e.EmployeeController - Fetched 10 employees
2025-08-26 17:45:36 DEBUG c.e.e.e.EmployeeController - Fetching all employees
2025-08-26 17:45:36 DEBUG c.e.e.e.EmployeeService - Fetching all employees
2025-08-26 17:45:36 DEBUG c.e.e.e.EmployeeController - Fetched 10 employees
2025-08-26 17:45:47 DEBUG c.e.e.e.EmployeeController - Fetching all employees
2025-08-26 17:45:47 DEBUG c.e.e.e.EmployeeService - Fetching all employees
2025-08-26 17:45:47 DEBUG c.e.e.e.EmployeeController - Fetched 10 employees
2025-08-26 17:45:47 DEBUG c.e.e.e.EmployeeController - Fetching all employees
2025-08-26 17:45:47 DEBUG c.e.e.e.EmployeeService - Fetching all employees
2025-08-26 17:45:47 DEBUG c.e.e.e.EmployeeController - Fetched 10 employees
2025-08-26 17:45:49 DEBUG c.e.e.e.EmployeeController - Fetching all employees
2025-08-26 17:45:49 DEBUG c.e.e.e.EmployeeService - Fetching all employees
2025-08-26 17:45:49 DEBUG c.e.e.e.EmployeeController - Fetched 10 employees
2025-08-26 17:45:49 DEBUG c.e.e.e.EmployeeController - Fetching all employees
2025-08-26 17:45:49 DEBUG c.e.e.e.EmployeeService - Fetching all employees
2025-08-26 17:45:49 DEBUG c.e.e.e.EmployeeController - Fetched 10 employees
2025-08-26 17:45:55 DEBUG c.e.e.e.EmployeeController - Fetching all employees
2025-08-26 17:45:55 DEBUG c.e.e.e.EmployeeService - Fetching all employees
2025-08-26 17:45:55 DEBUG c.e.e.e.EmployeeController - Fetched 10 employees
2025-08-26 17:45:55 DEBUG c.e.e.e.EmployeeController - Fetching all employees
2025-08-26 17:45:55 DEBUG c.e.e.e.EmployeeService - Fetching all employees
2025-08-26 17:45:55 DEBUG c.e.e.e.EmployeeController - Fetched 10 employees
2025-08-26 17:45:57 DEBUG c.e.e.e.EmployeeController - Fetching all employees
2025-08-26 17:45:57 DEBUG c.e.e.e.EmployeeService - Fetching all employees
2025-08-26 17:45:57 DEBUG c.e.e.e.EmployeeController - Fetched 10 employees
2025-08-26 17:45:57 DEBUG c.e.e.e.EmployeeController - Fetching all employees
2025-08-26 17:45:57 DEBUG c.e.e.e.EmployeeService - Fetching all employees
2025-08-26 17:45:57 DEBUG c.e.e.e.EmployeeController - Fetched 10 employees
2025-08-26 17:46:06 DEBUG c.e.e.e.EmployeeController - Fetching all employees
2025-08-26 17:46:06 DEBUG c.e.e.e.EmployeeService - Fetching all employees
2025-08-26 17:46:06 DEBUG c.e.e.e.EmployeeController - Fetched 10 employees
2025-08-26 17:46:06 DEBUG c.e.e.e.EmployeeController - Fetching all employees
2025-08-26 17:46:06 DEBUG c.e.e.e.EmployeeService - Fetching all employees
2025-08-26 17:46:06 DEBUG c.e.e.e.EmployeeController - Fetched 10 employees
2025-08-26 17:46:10 DEBUG c.e.e.e.EmployeeController - Fetching all employees
2025-08-26 17:46:10 DEBUG c.e.e.e.EmployeeService - Fetching all employees
2025-08-26 17:46:10 DEBUG c.e.e.e.EmployeeController - Fetched 10 employees
2025-08-26 17:46:10 DEBUG c.e.e.e.EmployeeController - Fetching all employees
2025-08-26 17:46:10 DEBUG c.e.e.e.EmployeeService - Fetching all employees
2025-08-26 17:46:10 DEBUG c.e.e.e.EmployeeController - Fetched 10 employees
2025-08-26 17:46:17 DEBUG c.e.e.e.EmployeeController - Fetching all employees
2025-08-26 17:46:17 DEBUG c.e.e.e.EmployeeService - Fetching all employees
2025-08-26 17:46:17 DEBUG c.e.e.e.EmployeeController - Fetched 10 employees
2025-08-26 17:46:17 DEBUG c.e.e.e.EmployeeController - Fetching all employees
2025-08-26 17:46:17 DEBUG c.e.e.e.EmployeeService - Fetching all employees
2025-08-26 17:46:17 DEBUG c.e.e.e.EmployeeController - Fetched 10 employees
2025-08-26 17:48:01 DEBUG c.e.e.e.EmployeeController - Fetching all employees
2025-08-26 17:48:01 DEBUG c.e.e.e.EmployeeService - Fetching all employees
2025-08-26 17:48:01 DEBUG c.e.e.e.EmployeeController - Fetched 10 employees
2025-08-26 17:48:01 DEBUG c.e.e.e.EmployeeController - Fetching all employees
2025-08-26 17:48:01 DEBUG c.e.e.e.EmployeeService - Fetching all employees
2025-08-26 17:48:01 DEBUG c.e.e.e.EmployeeController - Fetched 10 employees
2025-08-26 17:48:04 DEBUG c.e.e.e.EmployeeController - Fetching all employees
2025-08-26 17:48:04 DEBUG c.e.e.e.EmployeeService - Fetching all employees
2025-08-26 17:48:04 DEBUG c.e.e.e.EmployeeController - Fetched 10 employees
2025-08-26 17:48:04 DEBUG c.e.e.e.EmployeeController - Fetching all employees
2025-08-26 17:48:04 DEBUG c.e.e.e.EmployeeService - Fetching all employees
2025-08-26 17:48:04 DEBUG c.e.e.e.EmployeeController - Fetched 10 employees
2025-08-26 17:48:06 DEBUG c.e.e.e.EmployeeController - Fetching all employees
2025-08-26 17:48:06 DEBUG c.e.e.e.EmployeeService - Fetching all employees
2025-08-26 17:48:06 DEBUG c.e.e.e.EmployeeController - Fetched 10 employees
2025-08-26 17:48:06 DEBUG c.e.e.e.EmployeeController - Fetching all employees
2025-08-26 17:48:06 DEBUG c.e.e.e.EmployeeService - Fetching all employees
2025-08-26 17:48:06 DEBUG c.e.e.e.EmployeeController - Fetched 10 employees
2025-08-26 17:48:13 DEBUG c.e.e.e.EmployeeController - Fetching all employees
2025-08-26 17:48:13 DEBUG c.e.e.e.EmployeeService - Fetching all employees
2025-08-26 17:48:13 DEBUG c.e.e.e.EmployeeController - Fetched 10 employees
2025-08-26 17:48:13 DEBUG c.e.e.e.EmployeeController - Fetching all employees
2025-08-26 17:48:13 DEBUG c.e.e.e.EmployeeService - Fetching all employees
2025-08-26 17:48:13 DEBUG c.e.e.e.EmployeeController - Fetched 10 employees
2025-08-26 17:48:15 DEBUG c.e.e.e.EmployeeController - Fetching all employees
2025-08-26 17:48:15 DEBUG c.e.e.e.EmployeeService - Fetching all employees
2025-08-26 17:48:15 DEBUG c.e.e.e.EmployeeController - Fetched 10 employees
2025-08-26 17:48:15 DEBUG c.e.e.e.EmployeeController - Fetching all employees
2025-08-26 17:48:15 DEBUG c.e.e.e.EmployeeService - Fetching all employees
2025-08-26 17:48:15 DEBUG c.e.e.e.EmployeeController - Fetched 10 employees
2025-08-26 17:48:46 DEBUG c.e.e.e.EmployeeController - Fetching all employees
2025-08-26 17:48:46 DEBUG c.e.e.e.EmployeeService - Fetching all employees
2025-08-26 17:48:46 DEBUG c.e.e.e.EmployeeController - Fetched 10 employees
2025-08-26 17:48:46 DEBUG c.e.e.e.EmployeeController - Fetching all employees
2025-08-26 17:48:46 DEBUG c.e.e.e.EmployeeService - Fetching all employees
2025-08-26 17:48:46 DEBUG c.e.e.e.EmployeeController - Fetched 10 employees
2025-08-26 17:48:53 DEBUG c.e.e.e.EmployeeController - Fetching all employees
2025-08-26 17:48:53 DEBUG c.e.e.e.EmployeeService - Fetching all employees
2025-08-26 17:48:53 DEBUG c.e.e.e.EmployeeController - Fetched 10 employees
2025-08-26 17:48:53 DEBUG c.e.e.e.EmployeeController - Fetching all employees
2025-08-26 17:48:53 DEBUG c.e.e.e.EmployeeService - Fetching all employees
2025-08-26 17:48:53 DEBUG c.e.e.e.EmployeeController - Fetched 10 employees
2025-08-26 17:48:56 DEBUG c.e.e.e.EmployeeController - Fetching all employees
2025-08-26 17:48:56 DEBUG c.e.e.e.EmployeeService - Fetching all employees
2025-08-26 17:48:56 DEBUG c.e.e.e.EmployeeController - Fetched 10 employees
2025-08-26 17:48:56 DEBUG c.e.e.e.EmployeeController - Fetching all employees
2025-08-26 17:48:56 DEBUG c.e.e.e.EmployeeService - Fetching all employees
2025-08-26 17:48:56 DEBUG c.e.e.e.EmployeeController - Fetched 10 employees
2025-08-26 17:48:57 DEBUG c.e.e.e.EmployeeController - Fetching all employees
2025-08-26 17:48:57 DEBUG c.e.e.e.EmployeeService - Fetching all employees
2025-08-26 17:48:57 DEBUG c.e.e.e.EmployeeController - Fetched 10 employees
2025-08-26 17:48:57 DEBUG c.e.e.e.EmployeeController - Fetching all employees
2025-08-26 17:48:57 DEBUG c.e.e.e.EmployeeService - Fetching all employees
2025-08-26 17:48:57 DEBUG c.e.e.e.EmployeeController - Fetched 10 employees
2025-08-26 17:49:02 DEBUG c.e.e.e.EmployeeController - Fetching all employees
2025-08-26 17:49:02 DEBUG c.e.e.e.EmployeeService - Fetching all employees
2025-08-26 17:49:02 DEBUG c.e.e.e.EmployeeController - Fetched 10 employees
2025-08-26 17:49:02 DEBUG c.e.e.e.EmployeeController - Fetching all employees
2025-08-26 17:49:02 DEBUG c.e.e.e.EmployeeService - Fetching all employees
2025-08-26 17:49:02 DEBUG c.e.e.e.EmployeeController - Fetched 10 employees
2025-08-26 17:49:30 DEBUG c.e.e.e.EmployeeController - Fetching all employees
2025-08-26 17:49:30 DEBUG c.e.e.e.EmployeeService - Fetching all employees
2025-08-26 17:49:30 DEBUG c.e.e.e.EmployeeController - Fetched 10 employees
2025-08-26 17:49:30 DEBUG c.e.e.e.EmployeeController - Fetching all employees
2025-08-26 17:49:30 DEBUG c.e.e.e.EmployeeService - Fetching all employees
2025-08-26 17:49:30 DEBUG c.e.e.e.EmployeeController - Fetched 10 employees
2025-08-26 17:49:55 DEBUG c.e.e.e.EmployeeController - Fetching all employees
2025-08-26 17:49:55 DEBUG c.e.e.e.EmployeeService - Fetching all employees
2025-08-26 17:49:55 DEBUG c.e.e.e.EmployeeController - Fetched 10 employees
2025-08-26 17:49:55 DEBUG c.e.e.e.EmployeeController - Fetching all employees
2025-08-26 17:49:55 DEBUG c.e.e.e.EmployeeService - Fetching all employees
2025-08-26 17:49:55 DEBUG c.e.e.e.EmployeeController - Fetched 10 employees
2025-08-26 17:50:01 DEBUG c.e.e.e.EmployeeController - Fetching all employees
2025-08-26 17:50:01 DEBUG c.e.e.e.EmployeeService - Fetching all employees
2025-08-26 17:50:01 DEBUG c.e.e.e.EmployeeController - Fetched 10 employees
2025-08-26 17:50:01 DEBUG c.e.e.e.EmployeeController - Fetching all employees
2025-08-26 17:50:01 DEBUG c.e.e.e.EmployeeService - Fetching all employees
2025-08-26 17:50:01 DEBUG c.e.e.e.EmployeeController - Fetched 10 employees
2025-08-26 17:50:04 DEBUG c.e.e.e.EmployeeController - Fetching all employees
2025-08-26 17:50:04 DEBUG c.e.e.e.EmployeeService - Fetching all employees
2025-08-26 17:50:04 DEBUG c.e.e.e.EmployeeController - Fetched 10 employees
2025-08-26 17:50:04 DEBUG c.e.e.e.EmployeeController - Fetching all employees
2025-08-26 17:50:04 DEBUG c.e.e.e.EmployeeService - Fetching all employees
2025-08-26 17:50:04 DEBUG c.e.e.e.EmployeeController - Fetched 10 employees
2025-08-26 17:50:14 DEBUG c.e.e.e.EmployeeController - Fetching all employees
2025-08-26 17:50:14 DEBUG c.e.e.e.EmployeeService - Fetching all employees
2025-08-26 17:50:14 DEBUG c.e.e.e.EmployeeController - Fetched 10 employees
2025-08-26 17:50:14 DEBUG c.e.e.e.EmployeeController - Fetching all employees
2025-08-26 17:50:14 DEBUG c.e.e.e.EmployeeService - Fetching all employees
2025-08-26 17:50:14 DEBUG c.e.e.e.EmployeeController - Fetched 10 employees
2025-08-26 17:50:18 DEBUG c.e.e.e.EmployeeController - Fetching all employees
2025-08-26 17:50:18 DEBUG c.e.e.e.EmployeeService - Fetching all employees
2025-08-26 17:50:18 DEBUG c.e.e.e.EmployeeController - Fetched 10 employees
2025-08-26 17:50:18 DEBUG c.e.e.e.EmployeeController - Fetching all employees
2025-08-26 17:50:18 DEBUG c.e.e.e.EmployeeService - Fetching all employees
2025-08-26 17:50:18 DEBUG c.e.e.e.EmployeeController - Fetched 10 employees
2025-08-26 17:51:31 DEBUG c.e.e.e.EmployeeController - Fetching all employees
2025-08-26 17:51:31 DEBUG c.e.e.e.EmployeeService - Fetching all employees
2025-08-26 17:51:31 DEBUG c.e.e.e.EmployeeController - Fetched 10 employees
2025-08-26 17:51:33 DEBUG c.e.e.e.EmployeeController - Replacing employee with ID: 188
2025-08-26 17:51:33 INFO  c.e.e.e.EmployeeService - Updating employee with id: 188
2025-08-26 17:51:33 DEBUG c.e.e.e.EmployeeService - Fetching employee with ID: 188
2025-08-26 17:51:33 INFO  c.e.e.e.EmployeeService - Updated details for employee with id: 188
2025-08-26 17:51:33 INFO  c.e.e.e.EmployeeController - Replaced employee with ID: 188
2025-08-26 17:51:33 DEBUG c.e.e.e.EmployeeController - Fetching all employees
2025-08-26 17:51:33 DEBUG c.e.e.e.EmployeeService - Fetching all employees
2025-08-26 17:51:33 DEBUG c.e.e.e.EmployeeController - Fetched 10 employees
2025-08-26 18:00:44 DEBUG c.e.e.e.EmployeeController - Replacing employee with ID: 188
2025-08-26 18:00:44 INFO  c.e.e.e.EmployeeService - Updating employee with id: 188
2025-08-26 18:00:44 DEBUG c.e.e.e.EmployeeService - Fetching employee with ID: 188
2025-08-26 18:00:44 INFO  c.e.e.e.EmployeeService - Updated details for employee with id: 188
2025-08-26 18:00:44 INFO  c.e.e.e.EmployeeController - Replaced employee with ID: 188
2025-08-26 18:00:44 DEBUG c.e.e.e.EmployeeController - Fetching all employees
2025-08-26 18:00:44 DEBUG c.e.e.e.EmployeeService - Fetching all employees
2025-08-26 18:00:44 DEBUG c.e.e.e.EmployeeController - Fetched 10 employees
2025-08-26 18:02:42 DEBUG c.e.e.e.EmployeeController - Replacing employee with ID: 188
2025-08-26 18:02:42 INFO  c.e.e.e.EmployeeService - Updating employee with id: 188
2025-08-26 18:02:42 DEBUG c.e.e.e.EmployeeService - Fetching employee with ID: 188
2025-08-26 18:02:42 INFO  c.e.e.e.EmployeeService - Updated details for employee with id: 188
2025-08-26 18:02:42 INFO  c.e.e.e.EmployeeController - Replaced employee with ID: 188
2025-08-26 18:02:42 DEBUG c.e.e.e.EmployeeController - Fetching all employees
2025-08-26 18:02:42 DEBUG c.e.e.e.EmployeeService - Fetching all employees
2025-08-26 18:02:42 DEBUG c.e.e.e.EmployeeController - Fetched 10 employees
2025-08-26 18:02:44 DEBUG c.e.e.e.EmployeeController - Replacing employee with ID: 188
2025-08-26 18:02:44 INFO  c.e.e.e.EmployeeService - Updating employee with id: 188
2025-08-26 18:02:44 DEBUG c.e.e.e.EmployeeService - Fetching employee with ID: 188
2025-08-26 18:02:44 INFO  c.e.e.e.EmployeeService - Updated details for employee with id: 188
2025-08-26 18:02:44 INFO  c.e.e.e.EmployeeController - Replaced employee with ID: 188
2025-08-26 18:02:44 DEBUG c.e.e.e.EmployeeController - Fetching all employees
2025-08-26 18:02:44 DEBUG c.e.e.e.EmployeeService - Fetching all employees
2025-08-26 18:02:44 DEBUG c.e.e.e.EmployeeController - Fetched 10 employees
2025-08-26 18:08:00 DEBUG c.e.e.e.EmployeeController - Fetching all employees
2025-08-26 18:08:00 DEBUG c.e.e.e.EmployeeService - Fetching all employees
2025-08-26 18:08:00 DEBUG c.e.e.e.EmployeeController - Fetched 10 employees
2025-08-26 18:08:00 DEBUG c.e.e.e.EmployeeController - Fetching all employees
2025-08-26 18:08:00 DEBUG c.e.e.e.EmployeeService - Fetching all employees
2025-08-26 18:08:00 DEBUG c.e.e.e.EmployeeController - Fetched 10 employees
2025-08-26 18:08:02 DEBUG c.e.e.e.EmployeeController - Fetching all employees
2025-08-26 18:08:02 DEBUG c.e.e.e.EmployeeService - Fetching all employees
2025-08-26 18:08:02 DEBUG c.e.e.e.EmployeeController - Fetched 10 employees
2025-08-26 18:08:02 DEBUG c.e.e.e.EmployeeController - Fetching all employees
2025-08-26 18:08:02 DEBUG c.e.e.e.EmployeeService - Fetching all employees
2025-08-26 18:08:02 DEBUG c.e.e.e.EmployeeController - Fetched 10 employees
2025-08-26 18:08:16 DEBUG c.e.e.e.EmployeeController - Replacing employee with ID: 188
2025-08-26 18:08:16 INFO  c.e.e.e.EmployeeService - Updating employee with id: 188
2025-08-26 18:08:16 DEBUG c.e.e.e.EmployeeService - Fetching employee with ID: 188
2025-08-26 18:08:16 INFO  c.e.e.e.EmployeeService - Updated details for employee with id: 188
2025-08-26 18:08:16 INFO  c.e.e.e.EmployeeController - Replaced employee with ID: 188
2025-08-26 18:08:16 DEBUG c.e.e.e.EmployeeController - Fetching all employees
2025-08-26 18:08:16 DEBUG c.e.e.e.EmployeeService - Fetching all employees
2025-08-26 18:08:16 DEBUG c.e.e.e.EmployeeController - Fetched 10 employees
2025-08-26 18:14:00 DEBUG c.e.e.e.EmployeeController - Replacing employee with ID: 188
2025-08-26 18:14:00 INFO  c.e.e.e.EmployeeService - Updating employee with id: 188
2025-08-26 18:14:00 DEBUG c.e.e.e.EmployeeService - Fetching employee with ID: 188
2025-08-26 18:14:00 INFO  c.e.e.e.EmployeeService - Updated details for employee with id: 188
2025-08-26 18:14:00 INFO  c.e.e.e.EmployeeController - Replaced employee with ID: 188
2025-08-26 18:14:00 DEBUG c.e.e.e.EmployeeController - Fetching all employees
2025-08-26 18:14:00 DEBUG c.e.e.e.EmployeeService - Fetching all employees
2025-08-26 18:14:00 DEBUG c.e.e.e.EmployeeController - Fetched 10 employees
2025-08-26 18:15:37 DEBUG c.e.e.e.EmployeeController - Replacing employee with ID: 188
2025-08-26 18:15:37 INFO  c.e.e.e.EmployeeService - Updating employee with id: 188
2025-08-26 18:15:37 DEBUG c.e.e.e.EmployeeService - Fetching employee with ID: 188
2025-08-26 18:15:37 INFO  c.e.e.e.EmployeeService - Updated details for employee with id: 188
2025-08-26 18:15:37 INFO  c.e.e.e.EmployeeController - Replaced employee with ID: 188
2025-08-26 18:15:37 DEBUG c.e.e.e.EmployeeController - Fetching all employees
2025-08-26 18:15:37 DEBUG c.e.e.e.EmployeeService - Fetching all employees
2025-08-26 18:15:37 DEBUG c.e.e.e.EmployeeController - Fetched 10 employees
2025-08-26 18:15:54 DEBUG c.e.e.e.EmployeeController - Fetching all employees
2025-08-26 18:15:54 DEBUG c.e.e.e.EmployeeService - Fetching all employees
2025-08-26 18:15:54 DEBUG c.e.e.e.EmployeeController - Fetched 10 employees
2025-08-26 18:15:54 DEBUG c.e.e.e.EmployeeController - Fetching all employees
2025-08-26 18:15:54 DEBUG c.e.e.e.EmployeeService - Fetching all employees
2025-08-26 18:15:54 DEBUG c.e.e.e.EmployeeController - Fetched 10 employees
2025-08-26 18:16:01 DEBUG c.e.e.e.EmployeeController - Replacing employee with ID: 189
2025-08-26 18:16:01 INFO  c.e.e.e.EmployeeService - Updating employee with id: 189
2025-08-26 18:16:01 DEBUG c.e.e.e.EmployeeService - Fetching employee with ID: 189
2025-08-26 18:16:01 INFO  c.e.e.e.EmployeeService - Updated details for employee with id: 189
2025-08-26 18:16:01 INFO  c.e.e.e.EmployeeController - Replaced employee with ID: 189
2025-08-26 18:16:01 DEBUG c.e.e.e.EmployeeController - Fetching all employees
2025-08-26 18:16:01 DEBUG c.e.e.e.EmployeeService - Fetching all employees
2025-08-26 18:16:01 DEBUG c.e.e.e.EmployeeController - Fetched 10 employees
2025-08-26 18:20:30 DEBUG c.e.e.e.EmployeeController - Replacing employee with ID: 188
2025-08-26 18:20:30 INFO  c.e.e.e.EmployeeService - Updating employee with id: 188
2025-08-26 18:20:30 DEBUG c.e.e.e.EmployeeService - Fetching employee with ID: 188
2025-08-26 18:20:30 INFO  c.e.e.e.EmployeeService - Updated details for employee with id: 188
2025-08-26 18:20:30 INFO  c.e.e.e.EmployeeController - Replaced employee with ID: 188
2025-08-26 18:20:30 DEBUG c.e.e.e.EmployeeController - Fetching all employees
2025-08-26 18:20:30 DEBUG c.e.e.e.EmployeeService - Fetching all employees
2025-08-26 18:20:30 DEBUG c.e.e.e.EmployeeController - Fetched 10 employees
2025-08-26 20:38:04 WARN  com.zaxxer.hikari.pool.HikariPool - HikariPool-1 - Thread starvation or clock leap detected (housekeeper delta=1h42m2s715ms602µs800ns).
2025-08-26 20:44:34 DEBUG c.e.e.e.EmployeeController - Fetching all employees
2025-08-26 20:44:34 DEBUG c.e.e.e.EmployeeService - Fetching all employees
2025-08-26 20:44:34 DEBUG c.e.e.e.EmployeeController - Fetched 10 employees
2025-08-26 20:44:34 DEBUG c.e.e.e.EmployeeController - Fetching all employees
2025-08-26 20:44:34 DEBUG c.e.e.e.EmployeeService - Fetching all employees
2025-08-26 20:44:34 DEBUG c.e.e.e.EmployeeController - Fetched 10 employees
