2025-08-27 12:41:49 INFO  o.h.validator.internal.util.Version - HV000001: Hibernate Validator 8.0.2.Final
2025-08-27 12:41:49 INFO  c.e.employee.EmployeeApplication - Starting EmployeeApplication using Java 21.0.6 with PID 13564 (C:\Users\ho 800g2\OneDrive\Desktop\Jani\nology\sessions\Spring\EmployeeCreator\Backend\employee\target\classes started by ho 800g2 in C:\Users\ho 800g2\OneDrive\Desktop\Jani\nology\sessions\Spring\EmployeeCreator\Backend\employee)
2025-08-27 12:41:49 DEBUG c.e.employee.EmployeeApplication - Running with Spring Boot v3.5.3, Spring v6.2.8
2025-08-27 12:41:49 INFO  c.e.employee.EmployeeApplication - No active profile set, falling back to 1 default profile: "default"
2025-08-27 12:41:49 INFO  o.s.b.d.e.DevToolsPropertyDefaultsPostProcessor - Devtools property defaults active! Set 'spring.devtools.add-properties' to 'false' to disable
2025-08-27 12:41:49 INFO  o.s.b.d.e.DevToolsPropertyDefaultsPostProcessor - For additional web related logging consider setting the 'logging.level.web' property to 'DEBUG'
2025-08-27 12:41:50 INFO  o.s.d.r.c.RepositoryConfigurationDelegate - Bootstrapping Spring Data JPA repositories in DEFAULT mode.
2025-08-27 12:41:50 INFO  o.s.d.r.c.RepositoryConfigurationDelegate - Finished Spring Data repository scanning in 78 ms. Found 4 JPA repository interfaces.
2025-08-27 12:41:51 INFO  o.s.b.w.e.tomcat.TomcatWebServer - Tomcat initialized with port 8080 (http)
2025-08-27 12:41:51 INFO  o.a.coyote.http11.Http11NioProtocol - Initializing ProtocolHandler ["http-nio-8080"]
2025-08-27 12:41:51 INFO  o.a.catalina.core.StandardService - Starting service [Tomcat]
2025-08-27 12:41:51 INFO  o.a.catalina.core.StandardEngine - Starting Servlet engine: [Apache Tomcat/10.1.42]
2025-08-27 12:41:51 INFO  o.a.c.c.C.[Tomcat].[localhost].[/] - Initializing Spring embedded WebApplicationContext
2025-08-27 12:41:51 INFO  o.s.b.w.s.c.ServletWebServerApplicationContext - Root WebApplicationContext: initialization completed in 1645 ms
2025-08-27 12:41:51 INFO  o.h.jpa.internal.util.LogHelper - HHH000204: Processing PersistenceUnitInfo [name: default]
2025-08-27 12:41:51 INFO  org.hibernate.Version - HHH000412: Hibernate ORM core version 6.6.18.Final
2025-08-27 12:41:51 INFO  o.h.c.i.RegionFactoryInitiator - HHH000026: Second-level cache disabled
2025-08-27 12:41:51 INFO  o.s.o.j.p.SpringPersistenceUnitInfo - No LoadTimeWeaver setup: ignoring JPA class transformer
2025-08-27 12:41:52 INFO  com.zaxxer.hikari.HikariDataSource - HikariPool-1 - Starting...
2025-08-27 12:41:52 INFO  com.zaxxer.hikari.pool.HikariPool - HikariPool-1 - Added connection com.mysql.cj.jdbc.ConnectionImpl@b08b078
2025-08-27 12:41:52 INFO  com.zaxxer.hikari.HikariDataSource - HikariPool-1 - Start completed.
2025-08-27 12:41:52 WARN  org.hibernate.orm.deprecation - HHH90000025: MySQL8Dialect does not need to be specified explicitly using 'hibernate.dialect' (remove the property setting and it will be selected by default)
2025-08-27 12:41:52 WARN  org.hibernate.orm.deprecation - HHH90000026: MySQL8Dialect has been deprecated; use org.hibernate.dialect.MySQLDialect instead
2025-08-27 12:41:52 INFO  o.hibernate.orm.connections.pooling - HHH10001005: Database info:
	Database JDBC URL [Connecting through datasource 'HikariDataSource (HikariPool-1)']
	Database driver: undefined/unknown
	Database version: 8.0
	Autocommit mode: undefined/unknown
	Isolation level: undefined/unknown
	Minimum pool size: undefined/unknown
	Maximum pool size: undefined/unknown
2025-08-27 12:41:53 INFO  o.h.e.t.j.p.i.JtaPlatformInitiator - HHH000489: No JTA platform available (set 'hibernate.transaction.jta.platform' to enable JTA platform integration)
2025-08-27 12:41:53 INFO  o.s.o.j.LocalContainerEntityManagerFactoryBean - Initialized JPA EntityManagerFactory for persistence unit 'default'
2025-08-27 12:41:54 INFO  o.s.d.j.r.query.QueryEnhancerFactory - Hibernate is in classpath; If applicable, HQL parser will be used.
2025-08-27 12:41:55 WARN  o.s.b.a.o.j.JpaBaseConfiguration$JpaWebConfiguration - spring.jpa.open-in-view is enabled by default. Therefore, database queries may be performed during view rendering. Explicitly configure spring.jpa.open-in-view to disable this warning
2025-08-27 12:41:55 INFO  o.s.b.d.a.OptionalLiveReloadServer - LiveReload server is running on port 35729
2025-08-27 12:41:55 INFO  o.a.coyote.http11.Http11NioProtocol - Starting ProtocolHandler ["http-nio-8080"]
2025-08-27 12:41:55 INFO  o.s.b.w.e.tomcat.TomcatWebServer - Tomcat started on port 8080 (http) with context path '/'
2025-08-27 12:41:55 INFO  c.e.employee.EmployeeApplication - Started EmployeeApplication in 6.511 seconds (process running for 7.12)
2025-08-27 12:42:13 INFO  o.a.c.c.C.[Tomcat].[localhost].[/] - Initializing Spring DispatcherServlet 'dispatcherServlet'
2025-08-27 12:42:13 INFO  o.s.web.servlet.DispatcherServlet - Initializing Servlet 'dispatcherServlet'
2025-08-27 12:42:13 INFO  o.s.web.servlet.DispatcherServlet - Completed initialization in 2 ms
2025-08-27 12:42:13 DEBUG c.e.e.e.EmployeeController - Fetching all employees
2025-08-27 12:42:13 DEBUG c.e.e.e.EmployeeService - Fetching all employees
2025-08-27 12:42:13 DEBUG c.e.e.e.EmployeeController - Fetched 10 employees
2025-08-27 12:42:13 DEBUG c.e.e.e.EmployeeController - Fetching all employees
2025-08-27 12:42:13 DEBUG c.e.e.e.EmployeeService - Fetching all employees
2025-08-27 12:42:13 DEBUG c.e.e.e.EmployeeController - Fetched 10 employees
2025-08-27 12:42:56 DEBUG c.e.e.e.EmployeeController - Replacing employee with ID: 207
2025-08-27 12:42:56 INFO  c.e.e.e.EmployeeService - Updating employee with id: 207
2025-08-27 12:42:56 DEBUG c.e.e.e.EmployeeService - Fetching employee with ID: 207
2025-08-27 12:42:56 INFO  c.e.e.e.EmployeeService - Updated details for employee with id: 207
2025-08-27 12:42:56 INFO  c.e.e.e.EmployeeController - Replaced employee with ID: 207
2025-08-27 12:42:56 DEBUG c.e.e.e.EmployeeController - Fetching all employees
2025-08-27 12:42:56 DEBUG c.e.e.e.EmployeeService - Fetching all employees
2025-08-27 12:42:56 DEBUG c.e.e.e.EmployeeController - Fetched 10 employees
2025-08-27 12:43:40 DEBUG c.e.e.e.EmployeeController - Replacing employee with ID: 206
2025-08-27 12:43:40 INFO  c.e.e.e.EmployeeService - Updating employee with id: 206
2025-08-27 12:43:40 DEBUG c.e.e.e.EmployeeService - Fetching employee with ID: 206
2025-08-27 12:43:40 INFO  c.e.e.e.EmployeeService - Updated details for employee with id: 206
2025-08-27 12:43:40 INFO  c.e.e.e.EmployeeController - Replaced employee with ID: 206
2025-08-27 12:43:40 DEBUG c.e.e.e.EmployeeController - Fetching all employees
2025-08-27 12:43:40 DEBUG c.e.e.e.EmployeeService - Fetching all employees
2025-08-27 12:43:40 DEBUG c.e.e.e.EmployeeController - Fetched 10 employees
2025-08-27 12:44:47 DEBUG c.e.e.e.EmployeeController - Fetching all employees
2025-08-27 12:44:47 DEBUG c.e.e.e.EmployeeService - Fetching all employees
2025-08-27 12:44:47 DEBUG c.e.e.e.EmployeeController - Fetched 10 employees
2025-08-27 12:44:48 DEBUG c.e.e.e.EmployeeController - Replacing employee with ID: 206
2025-08-27 12:44:48 INFO  c.e.e.e.EmployeeService - Updating employee with id: 206
2025-08-27 12:44:48 DEBUG c.e.e.e.EmployeeService - Fetching employee with ID: 206
2025-08-27 12:44:48 INFO  c.e.e.e.EmployeeService - Updated details for employee with id: 206
2025-08-27 12:44:48 INFO  c.e.e.e.EmployeeController - Replaced employee with ID: 206
2025-08-27 12:44:48 DEBUG c.e.e.e.EmployeeController - Fetching all employees
2025-08-27 12:44:48 DEBUG c.e.e.e.EmployeeService - Fetching all employees
2025-08-27 12:44:48 DEBUG c.e.e.e.EmployeeController - Fetched 10 employees
2025-08-27 12:44:50 DEBUG c.e.e.e.EmployeeController - Fetching all employees
2025-08-27 12:44:50 DEBUG c.e.e.e.EmployeeService - Fetching all employees
2025-08-27 12:44:50 DEBUG c.e.e.e.EmployeeController - Fetched 10 employees
2025-08-27 12:44:53 DEBUG c.e.e.e.EmployeeController - Replacing employee with ID: 206
2025-08-27 12:44:53 INFO  c.e.e.e.EmployeeService - Updating employee with id: 206
2025-08-27 12:44:53 DEBUG c.e.e.e.EmployeeService - Fetching employee with ID: 206
2025-08-27 12:44:53 INFO  c.e.e.e.EmployeeService - Updated details for employee with id: 206
2025-08-27 12:44:53 INFO  c.e.e.e.EmployeeController - Replaced employee with ID: 206
2025-08-27 12:44:53 DEBUG c.e.e.e.EmployeeController - Fetching all employees
2025-08-27 12:44:53 DEBUG c.e.e.e.EmployeeService - Fetching all employees
2025-08-27 12:44:53 DEBUG c.e.e.e.EmployeeController - Fetched 10 employees
2025-08-27 12:44:55 DEBUG c.e.e.contract.ContractService - Creating contract for employee ID: 206, DTO: com.example.employee.contract.dto.ContractCreateDTO@6e2788c
2025-08-27 12:44:55 DEBUG c.e.e.contract.ContractService - Created contract ID: 429 for employee ID: 206
2025-08-27 12:44:55 DEBUG c.e.e.e.EmployeeController - Fetching all employees
2025-08-27 12:44:55 DEBUG c.e.e.e.EmployeeService - Fetching all employees
2025-08-27 12:44:55 DEBUG c.e.e.e.EmployeeController - Fetched 10 employees
2025-08-27 12:44:55 DEBUG c.e.e.e.EmployeeController - Fetching all employees
2025-08-27 12:44:55 DEBUG c.e.e.e.EmployeeService - Fetching all employees
2025-08-27 12:44:55 DEBUG c.e.e.e.EmployeeController - Fetched 10 employees
2025-08-27 12:44:55 DEBUG c.e.e.e.EmployeeController - Fetching all employees
2025-08-27 12:44:55 DEBUG c.e.e.e.EmployeeService - Fetching all employees
2025-08-27 12:44:55 DEBUG c.e.e.e.EmployeeController - Fetched 10 employees
2025-08-27 12:45:17 DEBUG c.e.e.contract.ContractService - Creating contract for employee ID: 206, DTO: com.example.employee.contract.dto.ContractCreateDTO@1112fe09
2025-08-27 12:45:17 DEBUG c.e.e.contract.ContractService - Created contract ID: 430 for employee ID: 206
2025-08-27 12:45:17 DEBUG c.e.e.e.EmployeeController - Fetching all employees
2025-08-27 12:45:17 DEBUG c.e.e.e.EmployeeService - Fetching all employees
2025-08-27 12:45:17 DEBUG c.e.e.e.EmployeeController - Fetched 10 employees
2025-08-27 12:45:17 DEBUG c.e.e.e.EmployeeController - Fetching all employees
2025-08-27 12:45:17 DEBUG c.e.e.e.EmployeeService - Fetching all employees
2025-08-27 12:45:17 DEBUG c.e.e.e.EmployeeController - Fetched 10 employees
2025-08-27 12:45:17 DEBUG c.e.e.e.EmployeeController - Fetching all employees
2025-08-27 12:45:17 DEBUG c.e.e.e.EmployeeService - Fetching all employees
2025-08-27 12:45:17 DEBUG c.e.e.e.EmployeeController - Fetched 10 employees
2025-08-27 12:45:54 DEBUG c.e.e.e.EmployeeController - Replacing employee with ID: 206
2025-08-27 12:45:54 INFO  c.e.e.e.EmployeeService - Updating employee with id: 206
2025-08-27 12:45:54 DEBUG c.e.e.e.EmployeeService - Fetching employee with ID: 206
2025-08-27 12:45:54 INFO  c.e.e.e.EmployeeService - Updated details for employee with id: 206
2025-08-27 12:45:54 INFO  c.e.e.e.EmployeeController - Replaced employee with ID: 206
2025-08-27 12:45:54 DEBUG c.e.e.e.EmployeeController - Fetching all employees
2025-08-27 12:45:54 DEBUG c.e.e.e.EmployeeService - Fetching all employees
2025-08-27 12:45:54 DEBUG c.e.e.e.EmployeeController - Fetched 10 employees
2025-08-27 12:46:22 DEBUG c.e.e.e.EmployeeController - Replacing employee with ID: 206
2025-08-27 12:46:22 INFO  c.e.e.e.EmployeeService - Updating employee with id: 206
2025-08-27 12:46:22 DEBUG c.e.e.e.EmployeeService - Fetching employee with ID: 206
2025-08-27 12:46:22 INFO  c.e.e.e.EmployeeService - Updated details for employee with id: 206
2025-08-27 12:46:22 INFO  c.e.e.e.EmployeeController - Replaced employee with ID: 206
2025-08-27 12:46:22 DEBUG c.e.e.e.EmployeeController - Fetching all employees
2025-08-27 12:46:22 DEBUG c.e.e.e.EmployeeService - Fetching all employees
2025-08-27 12:46:22 DEBUG c.e.e.e.EmployeeController - Fetched 10 employees
2025-08-27 12:46:27 DEBUG c.e.e.e.EmployeeController - Replacing employee with ID: 206
2025-08-27 12:46:27 INFO  c.e.e.e.EmployeeService - Updating employee with id: 206
2025-08-27 12:46:27 DEBUG c.e.e.e.EmployeeService - Fetching employee with ID: 206
2025-08-27 12:46:27 INFO  c.e.e.e.EmployeeService - Updated details for employee with id: 206
2025-08-27 12:46:27 INFO  c.e.e.e.EmployeeController - Replaced employee with ID: 206
2025-08-27 12:46:28 DEBUG c.e.e.e.EmployeeController - Fetching all employees
2025-08-27 12:46:28 DEBUG c.e.e.e.EmployeeService - Fetching all employees
2025-08-27 12:46:28 DEBUG c.e.e.e.EmployeeController - Fetched 10 employees
2025-08-27 12:46:28 DEBUG c.e.e.e.EmployeeController - Replacing employee with ID: 206
2025-08-27 12:46:28 INFO  c.e.e.e.EmployeeService - Updating employee with id: 206
2025-08-27 12:46:28 DEBUG c.e.e.e.EmployeeService - Fetching employee with ID: 206
2025-08-27 12:46:28 INFO  c.e.e.e.EmployeeService - Updated details for employee with id: 206
2025-08-27 12:46:28 INFO  c.e.e.e.EmployeeController - Replaced employee with ID: 206
2025-08-27 12:46:28 DEBUG c.e.e.e.EmployeeController - Fetching all employees
2025-08-27 12:46:28 DEBUG c.e.e.e.EmployeeService - Fetching all employees
2025-08-27 12:46:28 DEBUG c.e.e.e.EmployeeController - Fetched 10 employees
2025-08-27 12:46:28 DEBUG c.e.e.e.EmployeeController - Replacing employee with ID: 206
2025-08-27 12:46:28 INFO  c.e.e.e.EmployeeService - Updating employee with id: 206
2025-08-27 12:46:28 DEBUG c.e.e.e.EmployeeService - Fetching employee with ID: 206
2025-08-27 12:46:28 INFO  c.e.e.e.EmployeeService - Updated details for employee with id: 206
2025-08-27 12:46:28 INFO  c.e.e.e.EmployeeController - Replaced employee with ID: 206
2025-08-27 12:46:28 DEBUG c.e.e.e.EmployeeController - Replacing employee with ID: 206
2025-08-27 12:46:28 INFO  c.e.e.e.EmployeeService - Updating employee with id: 206
2025-08-27 12:46:28 DEBUG c.e.e.e.EmployeeService - Fetching employee with ID: 206
2025-08-27 12:46:28 INFO  c.e.e.e.EmployeeService - Updated details for employee with id: 206
2025-08-27 12:46:28 INFO  c.e.e.e.EmployeeController - Replaced employee with ID: 206
2025-08-27 12:46:28 DEBUG c.e.e.e.EmployeeController - Fetching all employees
2025-08-27 12:46:28 DEBUG c.e.e.e.EmployeeService - Fetching all employees
2025-08-27 12:46:28 DEBUG c.e.e.e.EmployeeController - Fetched 10 employees
2025-08-27 12:46:28 DEBUG c.e.e.e.EmployeeController - Fetching all employees
2025-08-27 12:46:28 DEBUG c.e.e.e.EmployeeService - Fetching all employees
2025-08-27 12:46:28 DEBUG c.e.e.e.EmployeeController - Fetched 10 employees
2025-08-27 12:46:42 DEBUG c.e.e.e.EmployeeController - Fetching all employees
2025-08-27 12:46:42 DEBUG c.e.e.e.EmployeeService - Fetching all employees
2025-08-27 12:46:42 DEBUG c.e.e.e.EmployeeController - Fetched 10 employees
2025-08-27 12:46:44 DEBUG c.e.e.e.EmployeeController - Replacing employee with ID: 206
2025-08-27 12:46:44 INFO  c.e.e.e.EmployeeService - Updating employee with id: 206
2025-08-27 12:46:44 DEBUG c.e.e.e.EmployeeService - Fetching employee with ID: 206
2025-08-27 12:46:44 INFO  c.e.e.e.EmployeeService - Updated details for employee with id: 206
2025-08-27 12:46:44 INFO  c.e.e.e.EmployeeController - Replaced employee with ID: 206
2025-08-27 12:46:44 DEBUG c.e.e.e.EmployeeController - Fetching all employees
2025-08-27 12:46:44 DEBUG c.e.e.e.EmployeeService - Fetching all employees
2025-08-27 12:46:44 DEBUG c.e.e.e.EmployeeController - Fetched 10 employees
2025-08-27 12:46:48 DEBUG c.e.e.e.EmployeeController - Replacing employee with ID: 206
2025-08-27 12:46:48 INFO  c.e.e.e.EmployeeService - Updating employee with id: 206
2025-08-27 12:46:48 DEBUG c.e.e.e.EmployeeService - Fetching employee with ID: 206
2025-08-27 12:46:48 INFO  c.e.e.e.EmployeeService - Updated details for employee with id: 206
2025-08-27 12:46:48 INFO  c.e.e.e.EmployeeController - Replaced employee with ID: 206
2025-08-27 12:46:48 DEBUG c.e.e.e.EmployeeController - Fetching all employees
2025-08-27 12:46:48 DEBUG c.e.e.e.EmployeeService - Fetching all employees
2025-08-27 12:46:48 DEBUG c.e.e.e.EmployeeController - Fetched 10 employees
2025-08-27 12:47:03 DEBUG c.e.e.e.EmployeeController - Replacing employee with ID: 206
2025-08-27 12:47:03 INFO  c.e.e.e.EmployeeService - Updating employee with id: 206
2025-08-27 12:47:03 DEBUG c.e.e.e.EmployeeService - Fetching employee with ID: 206
2025-08-27 12:47:03 INFO  c.e.e.e.EmployeeService - Updated details for employee with id: 206
2025-08-27 12:47:03 INFO  c.e.e.e.EmployeeController - Replaced employee with ID: 206
2025-08-27 12:47:03 DEBUG c.e.e.e.EmployeeController - Fetching all employees
2025-08-27 12:47:03 DEBUG c.e.e.e.EmployeeService - Fetching all employees
2025-08-27 12:47:03 DEBUG c.e.e.e.EmployeeController - Fetched 10 employees
2025-08-27 12:47:17 DEBUG c.e.e.e.EmployeeController - Replacing employee with ID: 206
2025-08-27 12:47:17 INFO  c.e.e.e.EmployeeService - Updating employee with id: 206
2025-08-27 12:47:17 DEBUG c.e.e.e.EmployeeService - Fetching employee with ID: 206
2025-08-27 12:47:17 INFO  c.e.e.e.EmployeeService - Updated details for employee with id: 206
2025-08-27 12:47:17 INFO  c.e.e.e.EmployeeController - Replaced employee with ID: 206
2025-08-27 12:47:17 DEBUG c.e.e.e.EmployeeController - Fetching all employees
2025-08-27 12:47:17 DEBUG c.e.e.e.EmployeeService - Fetching all employees
2025-08-27 12:47:17 DEBUG c.e.e.e.EmployeeController - Fetched 10 employees
2025-08-27 12:47:30 DEBUG c.e.e.e.EmployeeController - Replacing employee with ID: 206
2025-08-27 12:47:30 INFO  c.e.e.e.EmployeeService - Updating employee with id: 206
2025-08-27 12:47:30 DEBUG c.e.e.e.EmployeeService - Fetching employee with ID: 206
2025-08-27 12:47:30 INFO  c.e.e.e.EmployeeService - Updated details for employee with id: 206
2025-08-27 12:47:30 INFO  c.e.e.e.EmployeeController - Replaced employee with ID: 206
2025-08-27 12:47:30 DEBUG c.e.e.e.EmployeeController - Fetching all employees
2025-08-27 12:47:30 DEBUG c.e.e.e.EmployeeService - Fetching all employees
2025-08-27 12:47:30 DEBUG c.e.e.e.EmployeeController - Fetched 10 employees
2025-08-27 12:49:53 DEBUG c.e.e.contract.ContractService - Getting contracts for employee id: 158
2025-08-27 12:49:53 DEBUG c.e.e.contract.ContractService - Found 0 contracts for employee id: 158
2025-08-27 12:49:58 DEBUG c.e.e.e.EmployeeController - Fetching all employees
2025-08-27 12:49:58 DEBUG c.e.e.e.EmployeeService - Fetching all employees
2025-08-27 12:49:58 DEBUG c.e.e.e.EmployeeController - Fetched 10 employees
2025-08-27 12:50:40 DEBUG c.e.e.contract.ContractService - Getting contracts for employee id: 198
2025-08-27 12:50:40 DEBUG c.e.e.contract.ContractService - Found 2 contracts for employee id: 198
2025-08-27 12:51:02 DEBUG c.e.e.e.EmployeeController - Replacing employee with ID: 206
2025-08-27 12:51:02 INFO  c.e.e.e.EmployeeService - Updating employee with id: 206
2025-08-27 12:51:02 DEBUG c.e.e.e.EmployeeService - Fetching employee with ID: 206
2025-08-27 12:51:02 INFO  c.e.e.e.EmployeeService - Updated details for employee with id: 206
2025-08-27 12:51:02 INFO  c.e.e.e.EmployeeController - Replaced employee with ID: 206
2025-08-27 12:51:02 DEBUG c.e.e.e.EmployeeController - Fetching all employees
2025-08-27 12:51:02 DEBUG c.e.e.e.EmployeeService - Fetching all employees
2025-08-27 12:51:02 DEBUG c.e.e.e.EmployeeController - Fetched 10 employees
2025-08-27 12:51:28 DEBUG c.e.e.e.EmployeeController - Replacing employee with ID: 207
2025-08-27 12:51:28 INFO  c.e.e.e.EmployeeService - Updating employee with id: 207
2025-08-27 12:51:28 DEBUG c.e.e.e.EmployeeService - Fetching employee with ID: 207
2025-08-27 12:51:28 INFO  c.e.e.e.EmployeeService - Updated details for employee with id: 207
2025-08-27 12:51:28 INFO  c.e.e.e.EmployeeController - Replaced employee with ID: 207
2025-08-27 12:51:28 DEBUG c.e.e.e.EmployeeController - Fetching all employees
2025-08-27 12:51:28 DEBUG c.e.e.e.EmployeeService - Fetching all employees
2025-08-27 12:51:28 DEBUG c.e.e.e.EmployeeController - Fetched 10 employees
2025-08-27 12:52:00 DEBUG c.e.e.e.EmployeeController - Replacing employee with ID: 207
2025-08-27 12:52:00 INFO  c.e.e.e.EmployeeService - Updating employee with id: 207
2025-08-27 12:52:00 DEBUG c.e.e.e.EmployeeService - Fetching employee with ID: 207
2025-08-27 12:52:00 INFO  c.e.e.e.EmployeeService - Updated details for employee with id: 207
2025-08-27 12:52:00 INFO  c.e.e.e.EmployeeController - Replaced employee with ID: 207
2025-08-27 12:52:00 DEBUG c.e.e.e.EmployeeController - Fetching all employees
2025-08-27 12:52:00 DEBUG c.e.e.e.EmployeeService - Fetching all employees
2025-08-27 12:52:00 DEBUG c.e.e.e.EmployeeController - Fetched 10 employees
2025-08-27 12:52:27 DEBUG c.e.e.e.EmployeeController - Replacing employee with ID: 206
2025-08-27 12:52:27 INFO  c.e.e.e.EmployeeService - Updating employee with id: 206
2025-08-27 12:52:27 DEBUG c.e.e.e.EmployeeService - Fetching employee with ID: 206
2025-08-27 12:52:27 INFO  c.e.e.e.EmployeeService - Updated details for employee with id: 206
2025-08-27 12:52:27 INFO  c.e.e.e.EmployeeController - Replaced employee with ID: 206
2025-08-27 12:52:27 DEBUG c.e.e.e.EmployeeController - Fetching all employees
2025-08-27 12:52:27 DEBUG c.e.e.e.EmployeeService - Fetching all employees
2025-08-27 12:52:27 DEBUG c.e.e.e.EmployeeController - Fetched 10 employees
2025-08-27 12:56:45 DEBUG c.e.e.e.EmployeeController - Replacing employee with ID: 206
2025-08-27 12:56:45 INFO  c.e.e.e.EmployeeService - Updating employee with id: 206
2025-08-27 12:56:45 DEBUG c.e.e.e.EmployeeService - Fetching employee with ID: 206
2025-08-27 12:56:45 INFO  c.e.e.e.EmployeeService - Updated details for employee with id: 206
2025-08-27 12:56:45 INFO  c.e.e.e.EmployeeController - Replaced employee with ID: 206
2025-08-27 12:56:45 DEBUG c.e.e.e.EmployeeController - Fetching all employees
2025-08-27 12:56:45 DEBUG c.e.e.e.EmployeeService - Fetching all employees
2025-08-27 12:56:45 DEBUG c.e.e.e.EmployeeController - Fetched 10 employees
2025-08-27 12:56:54 DEBUG c.e.e.e.EmployeeController - Replacing employee with ID: 206
2025-08-27 12:56:54 INFO  c.e.e.e.EmployeeService - Updating employee with id: 206
2025-08-27 12:56:54 DEBUG c.e.e.e.EmployeeService - Fetching employee with ID: 206
2025-08-27 12:56:54 INFO  c.e.e.e.EmployeeService - Updated details for employee with id: 206
2025-08-27 12:56:54 INFO  c.e.e.e.EmployeeController - Replaced employee with ID: 206
2025-08-27 12:56:54 DEBUG c.e.e.e.EmployeeController - Fetching all employees
2025-08-27 12:56:54 DEBUG c.e.e.e.EmployeeService - Fetching all employees
2025-08-27 12:56:54 DEBUG c.e.e.e.EmployeeController - Fetched 10 employees
2025-08-27 13:02:58 DEBUG c.e.e.e.EmployeeController - Replacing employee with ID: 206
2025-08-27 13:02:58 INFO  c.e.e.e.EmployeeService - Updating employee with id: 206
2025-08-27 13:02:58 DEBUG c.e.e.e.EmployeeService - Fetching employee with ID: 206
2025-08-27 13:02:58 INFO  c.e.e.e.EmployeeService - Updated details for employee with id: 206
2025-08-27 13:02:58 INFO  c.e.e.e.EmployeeController - Replaced employee with ID: 206
2025-08-27 13:02:58 DEBUG c.e.e.e.EmployeeController - Fetching all employees
2025-08-27 13:02:58 DEBUG c.e.e.e.EmployeeService - Fetching all employees
2025-08-27 13:02:58 DEBUG c.e.e.e.EmployeeController - Fetched 10 employees
2025-08-27 13:02:59 DEBUG c.e.e.e.EmployeeController - Replacing employee with ID: 206
2025-08-27 13:02:59 INFO  c.e.e.e.EmployeeService - Updating employee with id: 206
2025-08-27 13:02:59 DEBUG c.e.e.e.EmployeeService - Fetching employee with ID: 206
2025-08-27 13:02:59 INFO  c.e.e.e.EmployeeService - Updated details for employee with id: 206
2025-08-27 13:02:59 INFO  c.e.e.e.EmployeeController - Replaced employee with ID: 206
2025-08-27 13:02:59 DEBUG c.e.e.e.EmployeeController - Fetching all employees
2025-08-27 13:02:59 DEBUG c.e.e.e.EmployeeService - Fetching all employees
2025-08-27 13:02:59 DEBUG c.e.e.e.EmployeeController - Fetched 10 employees
2025-08-27 13:04:03 DEBUG c.e.e.e.EmployeeController - Replacing employee with ID: 206
2025-08-27 13:04:03 INFO  c.e.e.e.EmployeeService - Updating employee with id: 206
2025-08-27 13:04:03 DEBUG c.e.e.e.EmployeeService - Fetching employee with ID: 206
2025-08-27 13:04:03 INFO  c.e.e.e.EmployeeService - Updated details for employee with id: 206
2025-08-27 13:04:03 INFO  c.e.e.e.EmployeeController - Replaced employee with ID: 206
2025-08-27 13:04:03 DEBUG c.e.e.e.EmployeeController - Fetching all employees
2025-08-27 13:04:03 DEBUG c.e.e.e.EmployeeService - Fetching all employees
2025-08-27 13:04:03 DEBUG c.e.e.e.EmployeeController - Fetched 10 employees
2025-08-27 13:05:46 DEBUG c.e.e.e.EmployeeController - Replacing employee with ID: 206
2025-08-27 13:05:46 INFO  c.e.e.e.EmployeeService - Updating employee with id: 206
2025-08-27 13:05:46 DEBUG c.e.e.e.EmployeeService - Fetching employee with ID: 206
2025-08-27 13:05:46 INFO  c.e.e.e.EmployeeService - Updated details for employee with id: 206
2025-08-27 13:05:46 INFO  c.e.e.e.EmployeeController - Replaced employee with ID: 206
2025-08-27 13:05:46 DEBUG c.e.e.e.EmployeeController - Fetching all employees
2025-08-27 13:05:46 DEBUG c.e.e.e.EmployeeService - Fetching all employees
2025-08-27 13:05:46 DEBUG c.e.e.e.EmployeeController - Fetched 10 employees
2025-08-27 13:05:57 DEBUG c.e.e.contract.ContractService - Creating contract for employee ID: 206, DTO: com.example.employee.contract.dto.ContractCreateDTO@600bc54c
2025-08-27 13:05:57 DEBUG c.e.e.contract.ContractService - Created contract ID: 431 for employee ID: 206
2025-08-27 13:05:57 DEBUG c.e.e.e.EmployeeController - Fetching all employees
2025-08-27 13:05:57 DEBUG c.e.e.e.EmployeeService - Fetching all employees
2025-08-27 13:05:57 DEBUG c.e.e.e.EmployeeController - Fetched 10 employees
2025-08-27 13:05:57 DEBUG c.e.e.e.EmployeeController - Fetching all employees
2025-08-27 13:05:57 DEBUG c.e.e.e.EmployeeService - Fetching all employees
2025-08-27 13:05:57 DEBUG c.e.e.e.EmployeeController - Fetched 10 employees
2025-08-27 13:05:58 DEBUG c.e.e.e.EmployeeController - Fetching all employees
2025-08-27 13:05:58 DEBUG c.e.e.e.EmployeeService - Fetching all employees
2025-08-27 13:05:58 DEBUG c.e.e.e.EmployeeController - Fetched 10 employees
2025-08-27 13:06:04 DEBUG c.e.e.e.EmployeeController - Fetching all employees
2025-08-27 13:06:04 DEBUG c.e.e.e.EmployeeService - Fetching all employees
2025-08-27 13:06:04 DEBUG c.e.e.e.EmployeeController - Fetched 10 employees
2025-08-27 13:06:06 DEBUG c.e.e.e.EmployeeController - Replacing employee with ID: 206
2025-08-27 13:06:06 INFO  c.e.e.e.EmployeeService - Updating employee with id: 206
2025-08-27 13:06:06 DEBUG c.e.e.e.EmployeeService - Fetching employee with ID: 206
2025-08-27 13:06:06 INFO  c.e.e.e.EmployeeService - Updated details for employee with id: 206
2025-08-27 13:06:06 INFO  c.e.e.e.EmployeeController - Replaced employee with ID: 206
2025-08-27 13:06:06 DEBUG c.e.e.e.EmployeeController - Fetching all employees
2025-08-27 13:06:06 DEBUG c.e.e.e.EmployeeService - Fetching all employees
2025-08-27 13:06:06 DEBUG c.e.e.e.EmployeeController - Fetched 10 employees
2025-08-27 13:06:17 DEBUG c.e.e.contract.ContractService - Creating contract for employee ID: 206, DTO: com.example.employee.contract.dto.ContractCreateDTO@449f21af
2025-08-27 13:06:17 DEBUG c.e.e.contract.ContractService - Created contract ID: 432 for employee ID: 206
2025-08-27 13:06:17 DEBUG c.e.e.e.EmployeeController - Fetching all employees
2025-08-27 13:06:17 DEBUG c.e.e.e.EmployeeService - Fetching all employees
2025-08-27 13:06:17 DEBUG c.e.e.e.EmployeeController - Fetched 10 employees
2025-08-27 13:06:17 DEBUG c.e.e.e.EmployeeController - Fetching all employees
2025-08-27 13:06:17 DEBUG c.e.e.e.EmployeeService - Fetching all employees
2025-08-27 13:06:17 DEBUG c.e.e.e.EmployeeController - Fetched 10 employees
2025-08-27 13:06:17 DEBUG c.e.e.e.EmployeeController - Fetching all employees
2025-08-27 13:06:17 DEBUG c.e.e.e.EmployeeService - Fetching all employees
2025-08-27 13:06:17 DEBUG c.e.e.e.EmployeeController - Fetched 10 employees
2025-08-27 13:06:32 DEBUG c.e.e.e.EmployeeController - Replacing employee with ID: 206
2025-08-27 13:06:32 INFO  c.e.e.e.EmployeeService - Updating employee with id: 206
2025-08-27 13:06:32 DEBUG c.e.e.e.EmployeeService - Fetching employee with ID: 206
2025-08-27 13:06:32 INFO  c.e.e.e.EmployeeService - Updated details for employee with id: 206
2025-08-27 13:06:32 INFO  c.e.e.e.EmployeeController - Replaced employee with ID: 206
2025-08-27 13:06:32 DEBUG c.e.e.e.EmployeeController - Fetching all employees
2025-08-27 13:06:32 DEBUG c.e.e.e.EmployeeService - Fetching all employees
2025-08-27 13:06:32 DEBUG c.e.e.e.EmployeeController - Fetched 10 employees
2025-08-27 13:06:42 DEBUG c.e.e.contract.ContractService - Creating contract for employee ID: 206, DTO: com.example.employee.contract.dto.ContractCreateDTO@4c727f37
2025-08-27 13:06:42 DEBUG c.e.e.contract.ContractService - Created contract ID: 433 for employee ID: 206
2025-08-27 13:06:42 DEBUG c.e.e.e.EmployeeController - Fetching all employees
2025-08-27 13:06:42 DEBUG c.e.e.e.EmployeeService - Fetching all employees
2025-08-27 13:06:42 DEBUG c.e.e.e.EmployeeController - Fetched 10 employees
2025-08-27 13:06:42 DEBUG c.e.e.e.EmployeeController - Fetching all employees
2025-08-27 13:06:42 DEBUG c.e.e.e.EmployeeService - Fetching all employees
2025-08-27 13:06:42 DEBUG c.e.e.e.EmployeeController - Fetched 10 employees
2025-08-27 13:06:42 DEBUG c.e.e.e.EmployeeController - Fetching all employees
2025-08-27 13:06:42 DEBUG c.e.e.e.EmployeeService - Fetching all employees
2025-08-27 13:06:42 DEBUG c.e.e.e.EmployeeController - Fetched 10 employees
2025-08-27 13:06:47 DEBUG c.e.e.e.EmployeeController - Fetching all employees
2025-08-27 13:06:47 DEBUG c.e.e.e.EmployeeService - Fetching all employees
2025-08-27 13:06:47 DEBUG c.e.e.e.EmployeeController - Fetched 10 employees
2025-08-27 13:06:49 DEBUG c.e.e.e.EmployeeController - Replacing employee with ID: 206
2025-08-27 13:06:49 INFO  c.e.e.e.EmployeeService - Updating employee with id: 206
2025-08-27 13:06:49 DEBUG c.e.e.e.EmployeeService - Fetching employee with ID: 206
2025-08-27 13:06:49 INFO  c.e.e.e.EmployeeService - Updated details for employee with id: 206
2025-08-27 13:06:49 INFO  c.e.e.e.EmployeeController - Replaced employee with ID: 206
2025-08-27 13:06:49 DEBUG c.e.e.e.EmployeeController - Fetching all employees
2025-08-27 13:06:49 DEBUG c.e.e.e.EmployeeService - Fetching all employees
2025-08-27 13:06:49 DEBUG c.e.e.e.EmployeeController - Fetched 10 employees
2025-08-27 13:06:51 DEBUG c.e.e.e.EmployeeController - Replacing employee with ID: 206
2025-08-27 13:06:51 INFO  c.e.e.e.EmployeeService - Updating employee with id: 206
2025-08-27 13:06:51 DEBUG c.e.e.e.EmployeeService - Fetching employee with ID: 206
2025-08-27 13:06:51 INFO  c.e.e.e.EmployeeService - Updated details for employee with id: 206
2025-08-27 13:06:51 INFO  c.e.e.e.EmployeeController - Replaced employee with ID: 206
2025-08-27 13:06:51 DEBUG c.e.e.e.EmployeeController - Fetching all employees
2025-08-27 13:06:51 DEBUG c.e.e.e.EmployeeService - Fetching all employees
2025-08-27 13:06:51 DEBUG c.e.e.e.EmployeeController - Fetched 10 employees
2025-08-27 13:07:01 DEBUG c.e.e.contract.ContractService - Creating contract for employee ID: 206, DTO: com.example.employee.contract.dto.ContractCreateDTO@44e03c08
2025-08-27 13:07:01 DEBUG c.e.e.contract.ContractService - Created contract ID: 434 for employee ID: 206
2025-08-27 13:07:01 DEBUG c.e.e.e.EmployeeController - Fetching all employees
2025-08-27 13:07:01 DEBUG c.e.e.e.EmployeeService - Fetching all employees
2025-08-27 13:07:01 DEBUG c.e.e.e.EmployeeController - Fetched 10 employees
2025-08-27 13:07:01 DEBUG c.e.e.e.EmployeeController - Fetching all employees
2025-08-27 13:07:01 DEBUG c.e.e.e.EmployeeService - Fetching all employees
2025-08-27 13:07:01 DEBUG c.e.e.e.EmployeeController - Fetched 10 employees
2025-08-27 13:07:02 DEBUG c.e.e.e.EmployeeController - Fetching all employees
2025-08-27 13:07:02 DEBUG c.e.e.e.EmployeeService - Fetching all employees
2025-08-27 13:07:02 DEBUG c.e.e.e.EmployeeController - Fetched 10 employees
2025-08-27 13:08:57 DEBUG c.e.e.e.EmployeeController - Replacing employee with ID: 206
2025-08-27 13:08:57 INFO  c.e.e.e.EmployeeService - Updating employee with id: 206
2025-08-27 13:08:57 DEBUG c.e.e.e.EmployeeService - Fetching employee with ID: 206
2025-08-27 13:08:57 INFO  c.e.e.e.EmployeeService - Updated details for employee with id: 206
2025-08-27 13:08:57 INFO  c.e.e.e.EmployeeController - Replaced employee with ID: 206
2025-08-27 13:08:57 DEBUG c.e.e.e.EmployeeController - Fetching all employees
2025-08-27 13:08:57 DEBUG c.e.e.e.EmployeeService - Fetching all employees
2025-08-27 13:08:57 DEBUG c.e.e.e.EmployeeController - Fetched 10 employees
2025-08-27 13:09:11 DEBUG c.e.e.contract.ContractService - Creating contract for employee ID: 206, DTO: com.example.employee.contract.dto.ContractCreateDTO@57d64ad6
2025-08-27 13:09:11 DEBUG c.e.e.contract.ContractService - Created contract ID: 435 for employee ID: 206
2025-08-27 13:09:11 DEBUG c.e.e.e.EmployeeController - Fetching all employees
2025-08-27 13:09:11 DEBUG c.e.e.e.EmployeeService - Fetching all employees
2025-08-27 13:09:11 DEBUG c.e.e.e.EmployeeController - Fetched 10 employees
2025-08-27 13:09:11 DEBUG c.e.e.e.EmployeeController - Fetching all employees
2025-08-27 13:09:11 DEBUG c.e.e.e.EmployeeService - Fetching all employees
2025-08-27 13:09:11 DEBUG c.e.e.e.EmployeeController - Fetched 10 employees
2025-08-27 13:09:12 DEBUG c.e.e.e.EmployeeController - Fetching all employees
2025-08-27 13:09:12 DEBUG c.e.e.e.EmployeeService - Fetching all employees
2025-08-27 13:09:12 DEBUG c.e.e.e.EmployeeController - Fetched 10 employees
2025-08-27 13:09:21 DEBUG c.e.e.e.EmployeeController - Fetching all employees
2025-08-27 13:09:21 DEBUG c.e.e.e.EmployeeService - Fetching all employees
2025-08-27 13:09:21 DEBUG c.e.e.e.EmployeeController - Fetched 10 employees
2025-08-27 13:09:23 DEBUG c.e.e.e.EmployeeController - Replacing employee with ID: 206
2025-08-27 13:09:23 INFO  c.e.e.e.EmployeeService - Updating employee with id: 206
2025-08-27 13:09:23 DEBUG c.e.e.e.EmployeeService - Fetching employee with ID: 206
2025-08-27 13:09:23 INFO  c.e.e.e.EmployeeService - Updated details for employee with id: 206
2025-08-27 13:09:23 INFO  c.e.e.e.EmployeeController - Replaced employee with ID: 206
2025-08-27 13:09:23 DEBUG c.e.e.e.EmployeeController - Fetching all employees
2025-08-27 13:09:23 DEBUG c.e.e.e.EmployeeService - Fetching all employees
2025-08-27 13:09:23 DEBUG c.e.e.e.EmployeeController - Fetched 10 employees
2025-08-27 13:10:06 DEBUG c.e.e.e.EmployeeController - Fetching all employees
2025-08-27 13:10:06 DEBUG c.e.e.e.EmployeeService - Fetching all employees
2025-08-27 13:10:06 DEBUG c.e.e.e.EmployeeController - Fetched 10 employees
2025-08-27 13:10:07 DEBUG c.e.e.e.EmployeeController - Replacing employee with ID: 207
2025-08-27 13:10:07 INFO  c.e.e.e.EmployeeService - Updating employee with id: 207
2025-08-27 13:10:07 DEBUG c.e.e.e.EmployeeService - Fetching employee with ID: 207
2025-08-27 13:10:07 INFO  c.e.e.e.EmployeeService - Updated details for employee with id: 207
2025-08-27 13:10:07 INFO  c.e.e.e.EmployeeController - Replaced employee with ID: 207
2025-08-27 13:10:07 DEBUG c.e.e.e.EmployeeController - Fetching all employees
2025-08-27 13:10:07 DEBUG c.e.e.e.EmployeeService - Fetching all employees
2025-08-27 13:10:07 DEBUG c.e.e.e.EmployeeController - Fetched 10 employees
2025-08-27 13:10:11 DEBUG c.e.e.e.EmployeeController - Fetching all employees
2025-08-27 13:10:11 DEBUG c.e.e.e.EmployeeService - Fetching all employees
2025-08-27 13:10:11 DEBUG c.e.e.e.EmployeeController - Fetched 10 employees
2025-08-27 13:10:12 DEBUG c.e.e.e.EmployeeController - Replacing employee with ID: 207
2025-08-27 13:10:12 INFO  c.e.e.e.EmployeeService - Updating employee with id: 207
2025-08-27 13:10:12 DEBUG c.e.e.e.EmployeeService - Fetching employee with ID: 207
2025-08-27 13:10:12 INFO  c.e.e.e.EmployeeService - Updated details for employee with id: 207
2025-08-27 13:10:12 INFO  c.e.e.e.EmployeeController - Replaced employee with ID: 207
2025-08-27 13:10:12 DEBUG c.e.e.e.EmployeeController - Fetching all employees
2025-08-27 13:10:12 DEBUG c.e.e.e.EmployeeService - Fetching all employees
2025-08-27 13:10:12 DEBUG c.e.e.e.EmployeeController - Fetched 10 employees
2025-08-27 13:10:15 DEBUG c.e.e.contract.ContractService - Creating contract for employee ID: 207, DTO: com.example.employee.contract.dto.ContractCreateDTO@c6d45c8
2025-08-27 13:10:15 DEBUG c.e.e.contract.ContractService - Created contract ID: 436 for employee ID: 207
2025-08-27 13:10:15 DEBUG c.e.e.e.EmployeeController - Fetching all employees
2025-08-27 13:10:15 DEBUG c.e.e.e.EmployeeService - Fetching all employees
2025-08-27 13:10:15 DEBUG c.e.e.e.EmployeeController - Fetched 10 employees
2025-08-27 13:10:15 DEBUG c.e.e.e.EmployeeController - Fetching all employees
2025-08-27 13:10:15 DEBUG c.e.e.e.EmployeeService - Fetching all employees
2025-08-27 13:10:15 DEBUG c.e.e.e.EmployeeController - Fetched 10 employees
2025-08-27 13:10:15 DEBUG c.e.e.e.EmployeeController - Fetching all employees
2025-08-27 13:10:15 DEBUG c.e.e.e.EmployeeService - Fetching all employees
2025-08-27 13:10:15 DEBUG c.e.e.e.EmployeeController - Fetched 10 employees
2025-08-27 13:10:21 DEBUG c.e.e.e.EmployeeController - Fetching all employees
2025-08-27 13:10:21 DEBUG c.e.e.e.EmployeeService - Fetching all employees
2025-08-27 13:10:21 DEBUG c.e.e.e.EmployeeController - Fetched 10 employees
2025-08-27 13:10:24 DEBUG c.e.e.e.EmployeeController - Replacing employee with ID: 207
2025-08-27 13:10:24 INFO  c.e.e.e.EmployeeService - Updating employee with id: 207
2025-08-27 13:10:24 DEBUG c.e.e.e.EmployeeService - Fetching employee with ID: 207
2025-08-27 13:10:24 INFO  c.e.e.e.EmployeeService - Updated details for employee with id: 207
2025-08-27 13:10:24 INFO  c.e.e.e.EmployeeController - Replaced employee with ID: 207
2025-08-27 13:10:24 DEBUG c.e.e.e.EmployeeController - Fetching all employees
2025-08-27 13:10:24 DEBUG c.e.e.e.EmployeeService - Fetching all employees
2025-08-27 13:10:24 DEBUG c.e.e.e.EmployeeController - Fetched 10 employees
2025-08-27 13:10:26 DEBUG c.e.e.e.EmployeeController - Fetching all employees
2025-08-27 13:10:26 DEBUG c.e.e.e.EmployeeService - Fetching all employees
2025-08-27 13:10:26 DEBUG c.e.e.e.EmployeeController - Fetched 10 employees
2025-08-27 13:10:27 DEBUG c.e.e.e.EmployeeController - Replacing employee with ID: 207
2025-08-27 13:10:27 INFO  c.e.e.e.EmployeeService - Updating employee with id: 207
2025-08-27 13:10:27 DEBUG c.e.e.e.EmployeeService - Fetching employee with ID: 207
2025-08-27 13:10:27 INFO  c.e.e.e.EmployeeService - Updated details for employee with id: 207
2025-08-27 13:10:27 INFO  c.e.e.e.EmployeeController - Replaced employee with ID: 207
2025-08-27 13:10:27 DEBUG c.e.e.e.EmployeeController - Fetching all employees
2025-08-27 13:10:27 DEBUG c.e.e.e.EmployeeService - Fetching all employees
2025-08-27 13:10:27 DEBUG c.e.e.e.EmployeeController - Fetched 10 employees
2025-08-27 13:10:38 DEBUG c.e.e.contract.ContractService - Creating contract for employee ID: 207, DTO: com.example.employee.contract.dto.ContractCreateDTO@645bbde9
2025-08-27 13:10:38 DEBUG c.e.e.contract.ContractService - Created contract ID: 438 for employee ID: 207
2025-08-27 13:10:38 DEBUG c.e.e.e.EmployeeController - Fetching all employees
2025-08-27 13:10:38 DEBUG c.e.e.e.EmployeeService - Fetching all employees
2025-08-27 13:10:38 DEBUG c.e.e.e.EmployeeController - Fetched 10 employees
2025-08-27 13:10:38 DEBUG c.e.e.e.EmployeeController - Fetching all employees
2025-08-27 13:10:38 DEBUG c.e.e.e.EmployeeService - Fetching all employees
2025-08-27 13:10:38 DEBUG c.e.e.e.EmployeeController - Fetched 10 employees
2025-08-27 13:10:38 DEBUG c.e.e.e.EmployeeController - Fetching all employees
2025-08-27 13:10:38 DEBUG c.e.e.e.EmployeeService - Fetching all employees
2025-08-27 13:10:38 DEBUG c.e.e.e.EmployeeController - Fetched 10 employees
2025-08-27 13:16:33 DEBUG c.e.e.e.EmployeeController - Replacing employee with ID: 207
2025-08-27 13:16:33 INFO  c.e.e.e.EmployeeService - Updating employee with id: 207
2025-08-27 13:16:33 DEBUG c.e.e.e.EmployeeService - Fetching employee with ID: 207
2025-08-27 13:16:33 INFO  c.e.e.e.EmployeeService - Updated details for employee with id: 207
2025-08-27 13:16:33 INFO  c.e.e.e.EmployeeController - Replaced employee with ID: 207
2025-08-27 13:16:33 DEBUG c.e.e.e.EmployeeController - Fetching all employees
2025-08-27 13:16:33 DEBUG c.e.e.e.EmployeeService - Fetching all employees
2025-08-27 13:16:33 DEBUG c.e.e.e.EmployeeController - Fetched 10 employees
2025-08-27 13:16:49 DEBUG c.e.e.contract.ContractService - Creating contract for employee ID: 207, DTO: com.example.employee.contract.dto.ContractCreateDTO@784efc2f
2025-08-27 13:16:49 DEBUG c.e.e.contract.ContractService - Created contract ID: 439 for employee ID: 207
2025-08-27 13:16:49 DEBUG c.e.e.e.EmployeeController - Fetching all employees
2025-08-27 13:16:49 DEBUG c.e.e.e.EmployeeService - Fetching all employees
2025-08-27 13:16:49 DEBUG c.e.e.e.EmployeeController - Fetched 10 employees
2025-08-27 13:16:49 DEBUG c.e.e.e.EmployeeController - Fetching all employees
2025-08-27 13:16:49 DEBUG c.e.e.e.EmployeeService - Fetching all employees
2025-08-27 13:16:49 DEBUG c.e.e.e.EmployeeController - Fetched 10 employees
2025-08-27 13:16:49 DEBUG c.e.e.e.EmployeeController - Fetching all employees
2025-08-27 13:16:49 DEBUG c.e.e.e.EmployeeService - Fetching all employees
2025-08-27 13:16:49 DEBUG c.e.e.e.EmployeeController - Fetched 10 employees
2025-08-27 13:17:10 INFO  o.s.b.w.e.tomcat.GracefulShutdown - Commencing graceful shutdown. Waiting for active requests to complete
2025-08-27 13:17:10 INFO  o.s.b.w.e.tomcat.GracefulShutdown - Graceful shutdown complete
2025-08-27 13:17:10 INFO  o.s.o.j.LocalContainerEntityManagerFactoryBean - Closing JPA EntityManagerFactory for persistence unit 'default'
2025-08-27 13:17:10 INFO  com.zaxxer.hikari.HikariDataSource - HikariPool-1 - Shutdown initiated...
2025-08-27 13:17:10 INFO  com.zaxxer.hikari.HikariDataSource - HikariPool-1 - Shutdown completed.
2025-08-27 13:32:58 INFO  o.h.validator.internal.util.Version - HV000001: Hibernate Validator 8.0.2.Final
2025-08-27 13:32:58 INFO  c.e.employee.EmployeeApplication - Starting EmployeeApplication using Java 21.0.6 with PID 19680 (C:\Users\ho 800g2\OneDrive\Desktop\Jani\nology\sessions\Spring\EmployeeCreator\Backend\employee\target\classes started by ho 800g2 in C:\Users\ho 800g2\OneDrive\Desktop\Jani\nology\sessions\Spring\EmployeeCreator\Backend\employee)
2025-08-27 13:32:58 DEBUG c.e.employee.EmployeeApplication - Running with Spring Boot v3.5.3, Spring v6.2.8
2025-08-27 13:32:58 INFO  c.e.employee.EmployeeApplication - No active profile set, falling back to 1 default profile: "default"
2025-08-27 13:32:58 INFO  o.s.b.d.e.DevToolsPropertyDefaultsPostProcessor - Devtools property defaults active! Set 'spring.devtools.add-properties' to 'false' to disable
2025-08-27 13:32:58 INFO  o.s.b.d.e.DevToolsPropertyDefaultsPostProcessor - For additional web related logging consider setting the 'logging.level.web' property to 'DEBUG'
2025-08-27 13:32:59 INFO  o.s.d.r.c.RepositoryConfigurationDelegate - Bootstrapping Spring Data JPA repositories in DEFAULT mode.
2025-08-27 13:32:59 INFO  o.s.d.r.c.RepositoryConfigurationDelegate - Finished Spring Data repository scanning in 72 ms. Found 4 JPA repository interfaces.
2025-08-27 13:33:00 INFO  o.s.b.w.e.tomcat.TomcatWebServer - Tomcat initialized with port 8080 (http)
2025-08-27 13:33:00 INFO  o.a.coyote.http11.Http11NioProtocol - Initializing ProtocolHandler ["http-nio-8080"]
2025-08-27 13:33:00 INFO  o.a.catalina.core.StandardService - Starting service [Tomcat]
2025-08-27 13:33:00 INFO  o.a.catalina.core.StandardEngine - Starting Servlet engine: [Apache Tomcat/10.1.42]
2025-08-27 13:33:00 INFO  o.a.c.c.C.[Tomcat].[localhost].[/] - Initializing Spring embedded WebApplicationContext
2025-08-27 13:33:00 INFO  o.s.b.w.s.c.ServletWebServerApplicationContext - Root WebApplicationContext: initialization completed in 1496 ms
2025-08-27 13:33:00 INFO  o.h.jpa.internal.util.LogHelper - HHH000204: Processing PersistenceUnitInfo [name: default]
2025-08-27 13:33:00 INFO  org.hibernate.Version - HHH000412: Hibernate ORM core version 6.6.18.Final
2025-08-27 13:33:00 INFO  o.h.c.i.RegionFactoryInitiator - HHH000026: Second-level cache disabled
2025-08-27 13:33:00 INFO  o.s.o.j.p.SpringPersistenceUnitInfo - No LoadTimeWeaver setup: ignoring JPA class transformer
2025-08-27 13:33:00 INFO  com.zaxxer.hikari.HikariDataSource - HikariPool-1 - Starting...
2025-08-27 13:33:01 INFO  com.zaxxer.hikari.pool.HikariPool - HikariPool-1 - Added connection com.mysql.cj.jdbc.ConnectionImpl@71963f63
2025-08-27 13:33:01 INFO  com.zaxxer.hikari.HikariDataSource - HikariPool-1 - Start completed.
2025-08-27 13:33:01 WARN  org.hibernate.orm.deprecation - HHH90000025: MySQL8Dialect does not need to be specified explicitly using 'hibernate.dialect' (remove the property setting and it will be selected by default)
2025-08-27 13:33:01 WARN  org.hibernate.orm.deprecation - HHH90000026: MySQL8Dialect has been deprecated; use org.hibernate.dialect.MySQLDialect instead
2025-08-27 13:33:01 INFO  o.hibernate.orm.connections.pooling - HHH10001005: Database info:
	Database JDBC URL [Connecting through datasource 'HikariDataSource (HikariPool-1)']
	Database driver: undefined/unknown
	Database version: 8.0
	Autocommit mode: undefined/unknown
	Isolation level: undefined/unknown
	Minimum pool size: undefined/unknown
	Maximum pool size: undefined/unknown
2025-08-27 13:33:02 INFO  o.h.e.t.j.p.i.JtaPlatformInitiator - HHH000489: No JTA platform available (set 'hibernate.transaction.jta.platform' to enable JTA platform integration)
2025-08-27 13:33:02 INFO  o.s.o.j.LocalContainerEntityManagerFactoryBean - Initialized JPA EntityManagerFactory for persistence unit 'default'
2025-08-27 13:33:02 INFO  o.s.d.j.r.query.QueryEnhancerFactory - Hibernate is in classpath; If applicable, HQL parser will be used.
2025-08-27 13:33:03 WARN  o.s.b.a.o.j.JpaBaseConfiguration$JpaWebConfiguration - spring.jpa.open-in-view is enabled by default. Therefore, database queries may be performed during view rendering. Explicitly configure spring.jpa.open-in-view to disable this warning
2025-08-27 13:33:03 INFO  o.s.b.d.a.OptionalLiveReloadServer - LiveReload server is running on port 35729
2025-08-27 13:33:03 INFO  o.a.coyote.http11.Http11NioProtocol - Starting ProtocolHandler ["http-nio-8080"]
2025-08-27 13:33:03 INFO  o.s.b.w.e.tomcat.TomcatWebServer - Tomcat started on port 8080 (http) with context path '/'
2025-08-27 13:33:03 INFO  c.e.employee.EmployeeApplication - Started EmployeeApplication in 5.938 seconds (process running for 6.422)
2025-08-27 13:33:13 INFO  o.a.c.c.C.[Tomcat].[localhost].[/] - Initializing Spring DispatcherServlet 'dispatcherServlet'
2025-08-27 13:33:13 INFO  o.s.web.servlet.DispatcherServlet - Initializing Servlet 'dispatcherServlet'
2025-08-27 13:33:13 INFO  o.s.web.servlet.DispatcherServlet - Completed initialization in 1 ms
2025-08-27 13:33:13 DEBUG c.e.e.e.EmployeeController - Fetching all employees
2025-08-27 13:33:13 DEBUG c.e.e.e.EmployeeService - Fetching all employees
2025-08-27 13:33:13 DEBUG c.e.e.e.EmployeeController - Fetched 10 employees
2025-08-27 13:33:14 DEBUG c.e.e.e.EmployeeController - Fetching all employees
2025-08-27 13:33:14 DEBUG c.e.e.e.EmployeeService - Fetching all employees
2025-08-27 13:33:14 DEBUG c.e.e.e.EmployeeController - Fetched 10 employees
2025-08-27 13:33:31 DEBUG c.e.e.e.EmployeeController - Replacing employee with ID: 209
2025-08-27 13:33:31 INFO  c.e.e.e.EmployeeService - Updating employee with id: 209
2025-08-27 13:33:31 DEBUG c.e.e.e.EmployeeService - Fetching employee with ID: 209
2025-08-27 13:33:31 INFO  c.e.e.e.EmployeeService - Updated details for employee with id: 209
2025-08-27 13:33:31 INFO  c.e.e.e.EmployeeController - Replaced employee with ID: 209
2025-08-27 13:33:31 DEBUG c.e.e.e.EmployeeController - Fetching all employees
2025-08-27 13:33:31 DEBUG c.e.e.e.EmployeeService - Fetching all employees
2025-08-27 13:33:31 DEBUG c.e.e.e.EmployeeController - Fetched 10 employees
2025-08-27 13:33:43 DEBUG c.e.e.contract.ContractService - Creating contract for employee ID: 209, DTO: com.example.employee.contract.dto.ContractCreateDTO@42ebc009
2025-08-27 13:33:43 DEBUG c.e.e.contract.ContractService - Created contract ID: 460 for employee ID: 209
2025-08-27 13:33:43 DEBUG c.e.e.e.EmployeeController - Fetching all employees
2025-08-27 13:33:43 DEBUG c.e.e.e.EmployeeService - Fetching all employees
2025-08-27 13:33:43 DEBUG c.e.e.e.EmployeeController - Fetched 10 employees
2025-08-27 13:33:43 DEBUG c.e.e.e.EmployeeController - Fetching all employees
2025-08-27 13:33:43 DEBUG c.e.e.e.EmployeeService - Fetching all employees
2025-08-27 13:33:43 DEBUG c.e.e.e.EmployeeController - Fetched 10 employees
2025-08-27 13:33:43 DEBUG c.e.e.e.EmployeeController - Fetching all employees
2025-08-27 13:33:43 DEBUG c.e.e.e.EmployeeService - Fetching all employees
2025-08-27 13:33:43 DEBUG c.e.e.e.EmployeeController - Fetched 10 employees
2025-08-27 13:33:47 DEBUG c.e.e.e.EmployeeController - Fetching all employees
2025-08-27 13:33:47 DEBUG c.e.e.e.EmployeeService - Fetching all employees
2025-08-27 13:33:47 DEBUG c.e.e.e.EmployeeController - Fetched 10 employees
2025-08-27 13:33:48 DEBUG c.e.e.e.EmployeeController - Replacing employee with ID: 209
2025-08-27 13:33:48 INFO  c.e.e.e.EmployeeService - Updating employee with id: 209
2025-08-27 13:33:48 DEBUG c.e.e.e.EmployeeService - Fetching employee with ID: 209
2025-08-27 13:33:48 INFO  c.e.e.e.EmployeeService - Updated details for employee with id: 209
2025-08-27 13:33:48 INFO  c.e.e.e.EmployeeController - Replaced employee with ID: 209
2025-08-27 13:33:48 DEBUG c.e.e.e.EmployeeController - Fetching all employees
2025-08-27 13:33:48 DEBUG c.e.e.e.EmployeeService - Fetching all employees
2025-08-27 13:33:48 DEBUG c.e.e.e.EmployeeController - Fetched 10 employees
2025-08-27 13:33:51 DEBUG c.e.e.e.EmployeeController - Fetching all employees
2025-08-27 13:33:51 DEBUG c.e.e.e.EmployeeService - Fetching all employees
2025-08-27 13:33:51 DEBUG c.e.e.e.EmployeeController - Fetched 10 employees
2025-08-27 13:33:52 DEBUG c.e.e.e.EmployeeController - Replacing employee with ID: 209
2025-08-27 13:33:52 INFO  c.e.e.e.EmployeeService - Updating employee with id: 209
2025-08-27 13:33:52 DEBUG c.e.e.e.EmployeeService - Fetching employee with ID: 209
2025-08-27 13:33:52 INFO  c.e.e.e.EmployeeService - Updated details for employee with id: 209
2025-08-27 13:33:52 INFO  c.e.e.e.EmployeeController - Replaced employee with ID: 209
2025-08-27 13:33:52 DEBUG c.e.e.e.EmployeeController - Fetching all employees
2025-08-27 13:33:52 DEBUG c.e.e.e.EmployeeService - Fetching all employees
2025-08-27 13:33:52 DEBUG c.e.e.e.EmployeeController - Fetched 10 employees
2025-08-27 13:34:01 DEBUG c.e.e.contract.ContractService - Creating contract for employee ID: 209, DTO: com.example.employee.contract.dto.ContractCreateDTO@12854eca
2025-08-27 13:34:01 DEBUG c.e.e.contract.ContractService - Created contract ID: 461 for employee ID: 209
2025-08-27 13:34:01 DEBUG c.e.e.e.EmployeeController - Fetching all employees
2025-08-27 13:34:01 DEBUG c.e.e.e.EmployeeService - Fetching all employees
2025-08-27 13:34:01 DEBUG c.e.e.e.EmployeeController - Fetched 10 employees
2025-08-27 13:34:02 DEBUG c.e.e.e.EmployeeController - Fetching all employees
2025-08-27 13:34:02 DEBUG c.e.e.e.EmployeeService - Fetching all employees
2025-08-27 13:34:02 DEBUG c.e.e.e.EmployeeController - Fetched 10 employees
2025-08-27 13:34:02 DEBUG c.e.e.e.EmployeeController - Fetching all employees
2025-08-27 13:34:02 DEBUG c.e.e.e.EmployeeService - Fetching all employees
2025-08-27 13:34:02 DEBUG c.e.e.e.EmployeeController - Fetched 10 employees
2025-08-27 19:17:04 DEBUG c.e.e.e.EmployeeController - Fetching all employees
2025-08-27 19:17:04 DEBUG c.e.e.e.EmployeeService - Fetching all employees
2025-08-27 19:17:04 DEBUG c.e.e.e.EmployeeController - Fetched 10 employees
2025-08-27 19:17:04 DEBUG c.e.e.e.EmployeeController - Fetching all employees
2025-08-27 19:17:04 DEBUG c.e.e.e.EmployeeService - Fetching all employees
2025-08-27 19:17:04 DEBUG c.e.e.e.EmployeeController - Fetched 10 employees
2025-08-27 19:17:16 WARN  com.zaxxer.hikari.pool.HikariPool - HikariPool-1 - Thread starvation or clock leap detected (housekeeper delta=5h7m14s715ms79s800ns).
2025-08-27 20:27:55 INFO  o.h.validator.internal.util.Version - HV000001: Hibernate Validator 8.0.2.Final
2025-08-27 20:27:55 INFO  c.e.employee.EmployeeApplication - Starting EmployeeApplication using Java 21.0.6 with PID 19664 (C:\Users\ho 800g2\OneDrive\Desktop\Jani\nology\sessions\Spring\EmployeeCreator\Backend\employee\target\classes started by ho 800g2 in C:\Users\ho 800g2\OneDrive\Desktop\Jani\nology\sessions\Spring\EmployeeCreator\Backend\employee)
2025-08-27 20:27:55 DEBUG c.e.employee.EmployeeApplication - Running with Spring Boot v3.5.3, Spring v6.2.8
2025-08-27 20:27:55 INFO  c.e.employee.EmployeeApplication - No active profile set, falling back to 1 default profile: "default"
2025-08-27 20:27:55 INFO  o.s.b.d.e.DevToolsPropertyDefaultsPostProcessor - Devtools property defaults active! Set 'spring.devtools.add-properties' to 'false' to disable
2025-08-27 20:27:55 INFO  o.s.b.d.e.DevToolsPropertyDefaultsPostProcessor - For additional web related logging consider setting the 'logging.level.web' property to 'DEBUG'
2025-08-27 20:27:56 INFO  o.s.d.r.c.RepositoryConfigurationDelegate - Bootstrapping Spring Data JPA repositories in DEFAULT mode.
2025-08-27 20:27:56 INFO  o.s.d.r.c.RepositoryConfigurationDelegate - Finished Spring Data repository scanning in 99 ms. Found 4 JPA repository interfaces.
2025-08-27 20:27:57 INFO  o.s.b.w.e.tomcat.TomcatWebServer - Tomcat initialized with port 8080 (http)
2025-08-27 20:27:57 INFO  o.a.coyote.http11.Http11NioProtocol - Initializing ProtocolHandler ["http-nio-8080"]
2025-08-27 20:27:57 INFO  o.a.catalina.core.StandardService - Starting service [Tomcat]
2025-08-27 20:27:57 INFO  o.a.catalina.core.StandardEngine - Starting Servlet engine: [Apache Tomcat/10.1.42]
2025-08-27 20:27:57 INFO  o.a.c.c.C.[Tomcat].[localhost].[/] - Initializing Spring embedded WebApplicationContext
2025-08-27 20:27:57 INFO  o.s.b.w.s.c.ServletWebServerApplicationContext - Root WebApplicationContext: initialization completed in 1747 ms
2025-08-27 20:27:57 INFO  o.h.jpa.internal.util.LogHelper - HHH000204: Processing PersistenceUnitInfo [name: default]
2025-08-27 20:27:57 INFO  org.hibernate.Version - HHH000412: Hibernate ORM core version 6.6.18.Final
2025-08-27 20:27:57 INFO  o.h.c.i.RegionFactoryInitiator - HHH000026: Second-level cache disabled
2025-08-27 20:27:58 INFO  o.s.o.j.p.SpringPersistenceUnitInfo - No LoadTimeWeaver setup: ignoring JPA class transformer
2025-08-27 20:27:58 INFO  com.zaxxer.hikari.HikariDataSource - HikariPool-1 - Starting...
2025-08-27 20:27:58 INFO  com.zaxxer.hikari.pool.HikariPool - HikariPool-1 - Added connection com.mysql.cj.jdbc.ConnectionImpl@3744742e
2025-08-27 20:27:58 INFO  com.zaxxer.hikari.HikariDataSource - HikariPool-1 - Start completed.
2025-08-27 20:27:58 WARN  org.hibernate.orm.deprecation - HHH90000025: MySQL8Dialect does not need to be specified explicitly using 'hibernate.dialect' (remove the property setting and it will be selected by default)
2025-08-27 20:27:58 WARN  org.hibernate.orm.deprecation - HHH90000026: MySQL8Dialect has been deprecated; use org.hibernate.dialect.MySQLDialect instead
2025-08-27 20:27:58 INFO  o.hibernate.orm.connections.pooling - HHH10001005: Database info:
	Database JDBC URL [Connecting through datasource 'HikariDataSource (HikariPool-1)']
	Database driver: undefined/unknown
	Database version: 8.0
	Autocommit mode: undefined/unknown
	Isolation level: undefined/unknown
	Minimum pool size: undefined/unknown
	Maximum pool size: undefined/unknown
2025-08-27 20:27:59 INFO  o.h.e.t.j.p.i.JtaPlatformInitiator - HHH000489: No JTA platform available (set 'hibernate.transaction.jta.platform' to enable JTA platform integration)
2025-08-27 20:28:00 INFO  o.s.o.j.LocalContainerEntityManagerFactoryBean - Initialized JPA EntityManagerFactory for persistence unit 'default'
2025-08-27 20:28:00 INFO  o.s.d.j.r.query.QueryEnhancerFactory - Hibernate is in classpath; If applicable, HQL parser will be used.
2025-08-27 20:28:01 WARN  o.s.b.a.o.j.JpaBaseConfiguration$JpaWebConfiguration - spring.jpa.open-in-view is enabled by default. Therefore, database queries may be performed during view rendering. Explicitly configure spring.jpa.open-in-view to disable this warning
2025-08-27 20:28:01 INFO  o.s.b.d.a.OptionalLiveReloadServer - LiveReload server is running on port 35729
2025-08-27 20:28:01 INFO  o.a.coyote.http11.Http11NioProtocol - Starting ProtocolHandler ["http-nio-8080"]
2025-08-27 20:28:01 INFO  o.s.b.w.e.tomcat.TomcatWebServer - Tomcat started on port 8080 (http) with context path '/'
2025-08-27 20:28:01 INFO  c.e.employee.EmployeeApplication - Started EmployeeApplication in 6.86 seconds (process running for 7.581)
2025-08-27 20:28:07 INFO  o.a.c.c.C.[Tomcat].[localhost].[/] - Initializing Spring DispatcherServlet 'dispatcherServlet'
2025-08-27 20:28:07 INFO  o.s.web.servlet.DispatcherServlet - Initializing Servlet 'dispatcherServlet'
2025-08-27 20:28:07 INFO  o.s.web.servlet.DispatcherServlet - Completed initialization in 0 ms
2025-08-27 20:28:07 DEBUG c.e.e.e.EmployeeController - Fetching all employees
2025-08-27 20:28:07 DEBUG c.e.e.e.EmployeeService - Fetching all employees
2025-08-27 20:28:07 DEBUG c.e.e.e.EmployeeController - Fetched 10 employees
2025-08-27 20:28:07 DEBUG c.e.e.e.EmployeeController - Fetching all employees
2025-08-27 20:28:07 DEBUG c.e.e.e.EmployeeService - Fetching all employees
2025-08-27 20:28:07 DEBUG c.e.e.e.EmployeeController - Fetched 10 employees
2025-08-27 20:28:25 DEBUG c.e.e.e.EmployeeController - Replacing employee with ID: 218
2025-08-27 20:28:25 INFO  c.e.e.e.EmployeeService - Updating employee with id: 218
2025-08-27 20:28:25 DEBUG c.e.e.e.EmployeeService - Fetching employee with ID: 218
2025-08-27 20:28:25 INFO  c.e.e.e.EmployeeService - Updated details for employee with id: 218
2025-08-27 20:28:25 INFO  c.e.e.e.EmployeeController - Replaced employee with ID: 218
2025-08-27 20:28:25 DEBUG c.e.e.e.EmployeeController - Fetching all employees
2025-08-27 20:28:25 DEBUG c.e.e.e.EmployeeService - Fetching all employees
2025-08-27 20:28:25 DEBUG c.e.e.e.EmployeeController - Fetched 10 employees
2025-08-27 20:28:41 DEBUG c.e.e.contract.ContractService - Creating contract for employee ID: 218, DTO: com.example.employee.contract.dto.ContractCreateDTO@2840528c
2025-08-27 20:28:41 DEBUG c.e.e.contract.ContractService - Created contract ID: 482 for employee ID: 218
2025-08-27 20:28:41 DEBUG c.e.e.e.EmployeeController - Fetching all employees
2025-08-27 20:28:41 DEBUG c.e.e.e.EmployeeService - Fetching all employees
2025-08-27 20:28:41 DEBUG c.e.e.e.EmployeeController - Fetched 10 employees
2025-08-27 20:28:41 DEBUG c.e.e.e.EmployeeController - Fetching all employees
2025-08-27 20:28:41 DEBUG c.e.e.e.EmployeeService - Fetching all employees
2025-08-27 20:28:41 DEBUG c.e.e.e.EmployeeController - Fetched 10 employees
2025-08-27 20:28:41 DEBUG c.e.e.e.EmployeeController - Fetching all employees
2025-08-27 20:28:41 DEBUG c.e.e.e.EmployeeService - Fetching all employees
2025-08-27 20:28:41 DEBUG c.e.e.e.EmployeeController - Fetched 10 employees
2025-08-27 20:29:05 DEBUG c.e.e.e.EmployeeController - Fetching all employees
2025-08-27 20:29:05 DEBUG c.e.e.e.EmployeeService - Fetching all employees
2025-08-27 20:29:05 DEBUG c.e.e.e.EmployeeController - Fetched 10 employees
2025-08-27 20:29:07 DEBUG c.e.e.e.EmployeeController - Replacing employee with ID: 218
2025-08-27 20:29:07 INFO  c.e.e.e.EmployeeService - Updating employee with id: 218
2025-08-27 20:29:07 DEBUG c.e.e.e.EmployeeService - Fetching employee with ID: 218
2025-08-27 20:29:07 INFO  c.e.e.e.EmployeeService - Updated details for employee with id: 218
2025-08-27 20:29:07 INFO  c.e.e.e.EmployeeController - Replaced employee with ID: 218
2025-08-27 20:29:07 DEBUG c.e.e.e.EmployeeController - Fetching all employees
2025-08-27 20:29:07 DEBUG c.e.e.e.EmployeeService - Fetching all employees
2025-08-27 20:29:07 DEBUG c.e.e.e.EmployeeController - Fetched 10 employees
2025-08-27 20:29:09 DEBUG c.e.e.e.EmployeeController - Fetching all employees
2025-08-27 20:29:09 DEBUG c.e.e.e.EmployeeService - Fetching all employees
2025-08-27 20:29:09 DEBUG c.e.e.e.EmployeeController - Fetched 10 employees
2025-08-27 20:29:10 DEBUG c.e.e.e.EmployeeController - Replacing employee with ID: 218
2025-08-27 20:29:10 INFO  c.e.e.e.EmployeeService - Updating employee with id: 218
2025-08-27 20:29:10 DEBUG c.e.e.e.EmployeeService - Fetching employee with ID: 218
2025-08-27 20:29:10 INFO  c.e.e.e.EmployeeService - Updated details for employee with id: 218
2025-08-27 20:29:10 INFO  c.e.e.e.EmployeeController - Replaced employee with ID: 218
2025-08-27 20:29:10 DEBUG c.e.e.e.EmployeeController - Fetching all employees
2025-08-27 20:29:10 DEBUG c.e.e.e.EmployeeService - Fetching all employees
2025-08-27 20:29:10 DEBUG c.e.e.e.EmployeeController - Fetched 10 employees
2025-08-27 20:29:14 DEBUG c.e.e.e.EmployeeController - Fetching all employees
2025-08-27 20:29:14 DEBUG c.e.e.e.EmployeeService - Fetching all employees
2025-08-27 20:29:14 DEBUG c.e.e.e.EmployeeController - Fetched 10 employees
2025-08-27 20:29:15 DEBUG c.e.e.e.EmployeeController - Replacing employee with ID: 218
2025-08-27 20:29:15 INFO  c.e.e.e.EmployeeService - Updating employee with id: 218
2025-08-27 20:29:15 DEBUG c.e.e.e.EmployeeService - Fetching employee with ID: 218
2025-08-27 20:29:15 INFO  c.e.e.e.EmployeeService - Updated details for employee with id: 218
2025-08-27 20:29:15 INFO  c.e.e.e.EmployeeController - Replaced employee with ID: 218
2025-08-27 20:29:15 DEBUG c.e.e.e.EmployeeController - Fetching all employees
2025-08-27 20:29:15 DEBUG c.e.e.e.EmployeeService - Fetching all employees
2025-08-27 20:29:15 DEBUG c.e.e.e.EmployeeController - Fetched 10 employees
2025-08-27 20:29:30 DEBUG c.e.e.contract.ContractService - Creating contract for employee ID: 218, DTO: com.example.employee.contract.dto.ContractCreateDTO@5aba3b67
2025-08-27 20:29:30 DEBUG c.e.e.contract.ContractService - Created contract ID: 483 for employee ID: 218
2025-08-27 20:29:30 DEBUG c.e.e.e.EmployeeController - Fetching all employees
2025-08-27 20:29:30 DEBUG c.e.e.e.EmployeeService - Fetching all employees
2025-08-27 20:29:30 DEBUG c.e.e.e.EmployeeController - Fetched 10 employees
2025-08-27 20:29:30 DEBUG c.e.e.e.EmployeeController - Fetching all employees
2025-08-27 20:29:30 DEBUG c.e.e.e.EmployeeService - Fetching all employees
2025-08-27 20:29:30 DEBUG c.e.e.e.EmployeeController - Fetched 10 employees
2025-08-27 20:29:30 DEBUG c.e.e.e.EmployeeController - Fetching all employees
2025-08-27 20:29:30 DEBUG c.e.e.e.EmployeeService - Fetching all employees
2025-08-27 20:29:30 DEBUG c.e.e.e.EmployeeController - Fetched 10 employees
2025-08-27 20:30:18 INFO  o.s.b.w.e.tomcat.GracefulShutdown - Commencing graceful shutdown. Waiting for active requests to complete
2025-08-27 20:30:18 INFO  o.s.b.w.e.tomcat.GracefulShutdown - Graceful shutdown complete
2025-08-27 20:30:18 INFO  o.s.o.j.LocalContainerEntityManagerFactoryBean - Closing JPA EntityManagerFactory for persistence unit 'default'
2025-08-27 20:30:18 INFO  com.zaxxer.hikari.HikariDataSource - HikariPool-1 - Shutdown initiated...
2025-08-27 20:30:18 INFO  com.zaxxer.hikari.HikariDataSource - HikariPool-1 - Shutdown completed.
